2026-05-02 10:57:13,390 INFO [backend.app.api.routes.cloud] get_filament_info called with 3 IDs: ['GFC00', 'GFS06', 'GFN06']
2026-05-02 10:57:54,179 WARNING [backend.app.services.bambu_mqtt] [[SERIAL]] Connection stale - no message for 64.9s, forcing reconnect
2026-05-02 10:57:54,478 INFO [backend.app.services.bambu_mqtt] [[SERIAL]] Disconnect callback after stale reconnect (expected), rc=Unspecified error
2026-05-02 10:58:03,725 INFO [backend.app.services.bambu_ftp] Successfully downloaded /ImageToStl.com_На+печать.stl.gcode.3mf to /app/data/archive/temp/cover_2_ImageToStl.com_На+печать.stl.gcode.3mf (53644561 bytes)
2026-05-02 10:58:03,744 INFO [backend.app.api.routes.printers] Downloaded file size: 53644561 bytes
2026-05-02 10:59:51,104 INFO [backend.app.main] Recorded 1 AMS sensor history entries
2026-05-02 11:02:21,681 INFO [backend.app.api.routes.cloud] get_filament_info called with 2 IDs: ['GFS05', 'GFG02']
2026-05-02 11:02:22,714 INFO [backend.app.api.routes.cloud] get_filament_info called with 3 IDs: ['GFC00', 'GFS06', 'GFN06']
2026-05-02 11:04:51,132 INFO [backend.app.main] Recorded 1 AMS sensor history entries
2026-05-02 11:09:51,174 INFO [backend.app.main] Recorded 1 AMS sensor history entries
2026-05-02 11:11:25,122 INFO [backend.app.api.routes.cloud] get_filament_info called with 2 IDs: ['GFS05', 'GFG02']
2026-05-02 11:11:25,322 INFO [backend.app.api.routes.cloud] get_filament_info called with 3 IDs: ['GFC00', 'GFS06', 'GFN06']
2026-05-02 11:12:19,698 INFO [backend.app.api.routes.websocket] WebSocket client disconnected normally
2026-05-02 11:12:22,423 INFO [backend.app.api.routes.websocket] WebSocket client connecting...
2026-05-02 11:12:22,427 INFO [backend.app.api.routes.websocket] WebSocket client connected
2026-05-02 11:12:22,440 INFO [backend.app.api.routes.websocket] Sent initial status for 2 printers
2026-05-02 11:12:23,281 INFO [backend.app.api.routes.cloud] get_filament_info called with 2 IDs: ['GFS05', 'GFG02']
2026-05-02 11:12:23,532 INFO [backend.app.api.routes.cloud] get_filament_info called with 3 IDs: ['GFC00', 'GFS06', 'GFN06']
2026-05-02 11:14:02,678 INFO [backend.app.services.homeassistant] Turned OFF HA entity 'A1 Smart Plug' (switch.a1_smart_plug)
2026-05-02 11:14:02,678 INFO [backend.app.services.printer_manager] Marking printer 2 as offline (smart plug power off)
2026-05-02 11:14:15,708 INFO [backend.app.api.routes.support] Log level changed to DEBUG
2026-05-02 11:14:15,709 INFO [backend.app.api.routes.bug_report] Bug report: enabled debug logging
2026-05-02 11:14:15,709 WARNING [backend.app.services.bambu_mqtt] [[SERIAL]] request_status_update: not connected
2026-05-02 11:14:15,710 WARNING [backend.app.services.bambu_mqtt] [[SERIAL]] request_status_update: not connected
2026-05-02 11:14:22,174 INFO [backend.app.api.routes.support] Log level changed to INFO
2026-05-02 11:14:22,175 INFO [backend.app.api.routes.bug_report] Bug report: restored normal logging
2026-05-02 11:14:26,572 WARNING [backend.app.services.bambu_mqtt] [[SERIAL]] MQTT disconnected: rc=Unspecified error, flags=DisconnectFlags(is_disconnect_packet_from_server=False)
2026-05-02 11:16:13,255 INFO [backend.app.api.routes.support] Log level changed to DEBUG
2026-05-02 11:16:13,257 INFO [backend.app.api.routes.bug_report] Bug report: enabled debug logging
2026-05-02 11:16:13,258 WARNING [backend.app.services.bambu_mqtt] [[SERIAL]] request_status_update: not connected
2026-05-02 11:16:13,259 WARNING [backend.app.services.bambu_mqtt] [[SERIAL]] request_status_update: not connected
2026-05-02 11:16:13,863 DEBUG [backend.app.services.print_scheduler] Auto-drying: printer 1 skipped — not connected
2026-05-02 11:16:13,864 DEBUG [backend.app.services.print_scheduler] Auto-drying: printer 2 skipped — not connected
2026-05-02 11:16:18,245 INFO [backend.app.services.homeassistant] Turned ON HA entity 'A1 Smart Plug' (switch.a1_smart_plug)
2026-05-02 11:16:21,180 DEBUG [backend.app.api.routes.printers] API returning ams_mapping: [], ams_extruder_map: {'0': 0}
2026-05-02 11:16:21,180 DEBUG [backend.app.api.routes.printers] Using tray_now directly as global ID: 1
2026-05-02 11:16:21,398 DEBUG [backend.app.api.routes.printers] API returning ams_mapping: [], ams_extruder_map: {'0': 0}
2026-05-02 11:16:21,399 DEBUG [backend.app.api.routes.printers] Using tray_now directly as global ID: 255
2026-05-02 11:16:24,804 DEBUG [backend.app.main] [[PRINTER]] Runtime tracking: not connected
2026-05-02 11:16:24,805 DEBUG [backend.app.main] [A1] Runtime tracking: not connected
2026-05-02 11:16:43,926 DEBUG [backend.app.services.print_scheduler] Auto-drying: printer 1 skipped — not connected
2026-05-02 11:16:43,927 DEBUG [backend.app.services.print_scheduler] Auto-drying: printer 2 skipped — not connected
2026-05-02 11:16:51,286 DEBUG [backend.app.api.routes.printers] API returning ams_mapping: [], ams_extruder_map: {'0': 0}
2026-05-02 11:16:51,287 DEBUG [backend.app.api.routes.printers] Using tray_now directly as global ID: 1
2026-05-02 11:16:51,515 DEBUG [backend.app.api.routes.printers] API returning ams_mapping: [], ams_extruder_map: {'0': 0}
2026-05-02 11:16:51,516 DEBUG [backend.app.api.routes.printers] Using tray_now directly as global ID: 255
2026-05-02 11:16:54,818 DEBUG [backend.app.main] [[PRINTER]] Runtime tracking: not connected
2026-05-02 11:16:54,819 DEBUG [backend.app.main] [A1] Runtime tracking: not connected
2026-05-02 11:17:03,517 DEBUG [backend.app.services.bambu_mqtt] [[SERIAL]] Requesting firmware version info
2026-05-02 11:17:03,519 DEBUG [backend.app.services.bambu_mqtt] [[SERIAL]] Sending K-profile priming request
2026-05-02 11:17:03,593 DEBUG [backend.app.services.bambu_mqtt] [[SERIAL]] Found xcam inside print data: {'buildplate_marker_detector': False}
2026-05-02 11:17:03,594 DEBUG [backend.app.services.bambu_mqtt] [[SERIAL]] Parsing xcam data - all fields: ['buildplate_marker_detector']
2026-05-02 11:17:03,595 DEBUG [backend.app.services.bambu_mqtt] [[SERIAL]] Received gcode_state: IDLE, gcode_file: , subtask_name: 
2026-05-02 11:17:03,595 DEBUG [backend.app.services.bambu_mqtt] [[SERIAL]] AMS dict fields: {'ams_exist_bits': '1', 'tray_exist_bits': '3', 'tray_is_bbl_bits': '3', 'tray_tar': '255', 'tray_now': '1', 'tray_pre': '1', 'tray_read_done_bits': '3', 'tray_reading_bits': '0', 'version': 3, 'insert_flag': True, 'power_on_flag': False}
2026-05-02 11:17:03,596 DEBUG [backend.app.services.bambu_mqtt] [[SERIAL]] tray_now updated: 1
2026-05-02 11:17:03,597 DEBUG [backend.app.services.bambu_mqtt] [[SERIAL]] Merged AMS data: 1 new units, 1 total
2026-05-02 11:17:03,598 DEBUG [backend.app.services.bambu_mqtt] [[SERIAL]] AMS 0 info=0x1001 -> extruder 0
2026-05-02 11:17:03,599 DEBUG [backend.app.services.bambu_mqtt] [[SERIAL]] ams_extruder_map: {'0': 0}
2026-05-02 11:17:03,600 DEBUG [backend.app.services.bambu_mqtt] [[SERIAL]] ams_status: 0 (main=0, sub=0)
2026-05-02 11:17:03,600 DEBUG [backend.app.services.bambu_mqtt] [[SERIAL]] Received command response: push_status
2026-05-02 11:17:03,601 DEBUG [backend.app.services.bambu_mqtt] [[SERIAL]] mc_print_sub_stage changed: 1 -> 0
2026-05-02 11:17:03,603 DEBUG [backend.app.services.bambu_mqtt] [[SERIAL]] stg_cur changed: 255 -> 0 (Printing)
2026-05-02 11:17:03,604 DEBUG [backend.app.services.bambu_mqtt] [[SERIAL]] chamber_temper raw value: 5.0
2026-05-02 11:17:03,605 DEBUG [backend.app.services.bambu_mqtt] [[SERIAL]] chamber_temper direct value: 5.0°C (heater OFF)
2026-05-02 11:17:03,612 DEBUG [backend.app.services.bambu_mqtt] [[SERIAL]] Chamber heating calculated: target=0.0, current=5.0, heating=False, respect_local=False
2026-05-02 11:17:03,614 DEBUG [backend.app.services.bambu_mqtt] [[SERIAL]] Chamber temp updated to: 5.0, target: 0.0, heating: False
2026-05-02 11:17:03,615 DEBUG [backend.app.services.bambu_mqtt] [[SERIAL]] HMS data received: [{'attr': 83887104, 'code': 65604, 'action': 0, 'timestamp': 1775241383}]
2026-05-02 11:17:03,616 DEBUG [backend.app.services.bambu_mqtt] [[SERIAL]] ipcam field: {'ipcam_dev': '1', 'ipcam_record': 'enable', 'timelapse': 'disable', 'resolution': '1080p', 'tutk_server': 'disable', 'mode_bits': 3}
2026-05-02 11:17:03,618 DEBUG [backend.app.services.bambu_mqtt] [[SERIAL]] wifi_signal received: -48dBm
2026-05-02 11:17:03,618 DEBUG [backend.app.services.bambu_mqtt] [[SERIAL]] lights_report: [{'node': 'chamber_light', 'mode': 'on'}]
2026-05-02 11:17:03,621 DEBUG [backend.app.services.bambu_mqtt] [[SERIAL]] gcode_state: FAILED -> IDLE, file: , subtask: 
2026-05-02 11:17:03,638 DEBUG [backend.app.services.bambu_mqtt] [[SERIAL]] AMS 0 firmware: 10.40.00.00
2026-05-02 11:17:03,641 DEBUG [backend.app.services.bambu_mqtt] [[SERIAL]] Received command response: extrusion_cali_get
2026-05-02 11:17:03,645 DEBUG [backend.app.services.bambu_mqtt] [[SERIAL]] AMS 0 firmware: 10.40.00.00
2026-05-02 11:17:03,693 DEBUG [backend.app.services.bambu_mqtt] [[SERIAL]] Received command response: extrusion_cali_get
2026-05-02 11:17:03,739 DEBUG [backend.app.services.bambu_mqtt] [[SERIAL]] AMS 0 firmware: 10.40.00.00
2026-05-02 11:17:03,788 DEBUG [backend.app.services.bambu_mqtt] [[SERIAL]] Received command response: extrusion_cali_get
2026-05-02 11:17:03,791 DEBUG [backend.app.services.bambu_mqtt] [[SERIAL]] Received command response: ams_filament_setting
2026-05-02 11:17:03,794 DEBUG [backend.app.services.bambu_mqtt] [[SERIAL]] ams_filament_setting response: {'command': 'ams_filament_setting', 'ams_id': 255, 'tray_id': 0, 'slot_id': 0, 'tray_info_idx': 'GFG02', 'tray_type': 'PETG', 'tray_sub_brands': '', 'tray_color': '000000FF', 'nozzle_temp_min': '230', 'nozzle_temp_max': '270', 'sequence_id': '5', 'reason': 'success', 'result': 'success'}
2026-05-02 11:17:03,834 DEBUG [backend.app.services.bambu_mqtt] [[SERIAL]] AMS 0 firmware: 10.40.00.00
2026-05-02 11:17:03,836 DEBUG [backend.app.services.bambu_mqtt] [[SERIAL]] Received command response: extrusion_cali_get
2026-05-02 11:17:03,881 DEBUG [backend.app.services.bambu_mqtt] [[SERIAL]] AMS 0 firmware: 10.40.00.00
2026-05-02 11:17:03,916 DEBUG [backend.app.services.bambu_mqtt] [[SERIAL]] Received command response: extrusion_cali_get
2026-05-02 11:17:03,919 DEBUG [backend.app.services.bambu_mqtt] [[SERIAL]] Received command response: project_file
2026-05-02 11:17:03,920 DEBUG [backend.app.services.bambu_mqtt] [[SERIAL]] timelapse field: True
2026-05-02 11:17:03,925 DEBUG [backend.app.services.bambu_mqtt] [[SERIAL]] AMS 0 firmware: 10.40.00.00
2026-05-02 11:17:03,965 DEBUG [backend.app.services.bambu_mqtt] [[SERIAL]] Received command response: extrusion_cali_get
2026-05-02 11:17:04,008 DEBUG [backend.app.services.bambu_mqtt] [[SERIAL]] AMS 0 firmware: 10.40.00.00
2026-05-02 11:17:04,058 DEBUG [backend.app.services.bambu_mqtt] [[SERIAL]] Received command response: extrusion_cali_get
2026-05-02 11:17:04,062 DEBUG [backend.app.services.bambu_mqtt] [[SERIAL]] AMS 0 firmware: 10.40.00.00
2026-05-02 11:17:04,110 DEBUG [backend.app.services.bambu_mqtt] [[SERIAL]] Received command response: extrusion_cali_get
2026-05-02 11:17:04,146 DEBUG [backend.app.services.bambu_mqtt] [[SERIAL]] AMS 0 firmware: 10.40.00.00
2026-05-02 11:17:04,149 DEBUG [backend.app.services.bambu_mqtt] [[SERIAL]] Received command response: extrusion_cali_get
2026-05-02 11:17:04,151 DEBUG [backend.app.services.bambu_mqtt] [[SERIAL]] AMS 0 firmware: 10.40.00.00
2026-05-02 11:17:04,191 DEBUG [backend.app.services.bambu_mqtt] [[SERIAL]] Received command response: extrusion_cali_get
2026-05-02 11:17:04,235 DEBUG [backend.app.services.bambu_mqtt] [[SERIAL]] AMS 0 firmware: 10.40.00.00
2026-05-02 11:17:04,282 DEBUG [backend.app.services.bambu_mqtt] [[SERIAL]] Received command response: extrusion_cali_get
2026-05-02 11:17:04,285 DEBUG [backend.app.services.bambu_mqtt] [[SERIAL]] AMS 0 firmware: 10.40.00.00
2026-05-02 11:17:04,324 DEBUG [backend.app.services.bambu_mqtt] [[SERIAL]] Received command response: extrusion_cali_get
2026-05-02 11:17:04,368 DEBUG [backend.app.services.bambu_mqtt] [[SERIAL]] AMS 0 firmware: 10.40.00.00
2026-05-02 11:17:04,370 DEBUG [backend.app.services.bambu_mqtt] [[SERIAL]] Received command response: extrusion_cali_get
2026-05-02 11:17:04,412 DEBUG [backend.app.services.bambu_mqtt] [[SERIAL]] AMS 0 firmware: 10.40.00.00
2026-05-02 11:17:04,453 DEBUG [backend.app.services.bambu_mqtt] [[SERIAL]] Received command response: extrusion_cali_get
2026-05-02 11:17:04,507 DEBUG [backend.app.services.bambu_mqtt] [[SERIAL]] AMS 0 firmware: 10.40.00.00
2026-05-02 11:17:04,587 DEBUG [backend.app.services.bambu_mqtt] [[SERIAL]] Received command response: extrusion_cali_get
2026-05-02 11:17:04,630 DEBUG [backend.app.services.bambu_mqtt] [[SERIAL]] AMS 0 firmware: 10.40.00.00
2026-05-02 11:17:04,633 DEBUG [backend.app.services.bambu_mqtt] [[SERIAL]] Received command response: extrusion_cali_get
2026-05-02 11:17:04,696 DEBUG [backend.app.services.bambu_mqtt] [[SERIAL]] AMS 0 firmware: 10.40.00.00
2026-05-02 11:17:04,755 DEBUG [backend.app.services.bambu_mqtt] [[SERIAL]] Received command response: extrusion_cali_get
2026-05-02 11:17:04,804 DEBUG [backend.app.services.bambu_mqtt] [[SERIAL]] AMS 0 firmware: 10.40.00.00
2026-05-02 11:17:04,847 DEBUG [backend.app.services.bambu_mqtt] [[SERIAL]] Received command response: extrusion_cali_get
2026-05-02 11:17:04,850 DEBUG [backend.app.services.bambu_mqtt] [[SERIAL]] AMS 0 firmware: 10.40.00.00
2026-05-02 11:17:04,901 DEBUG [backend.app.services.bambu_mqtt] [[SERIAL]] Received command response: extrusion_cali_get
2026-05-02 11:17:04,903 DEBUG [backend.app.services.bambu_mqtt] [[SERIAL]] AMS 0 firmware: 10.40.00.00
2026-05-02 11:17:04,944 DEBUG [backend.app.services.bambu_mqtt] [[SERIAL]] Received command response: extrusion_cali_get
2026-05-02 11:17:04,946 DEBUG [backend.app.services.bambu_mqtt] [[SERIAL]] AMS 0 firmware: 10.40.00.00
2026-05-02 11:17:05,013 DEBUG [backend.app.services.bambu_mqtt] [[SERIAL]] Received command response: extrusion_cali_get
2026-05-02 11:17:05,100 DEBUG [backend.app.services.bambu_mqtt] [[SERIAL]] AMS 0 firmware: 10.40.00.00
2026-05-02 11:17:05,158 DEBUG [backend.app.services.bambu_mqtt] [[SERIAL]] Received command response: extrusion_cali_get
2026-05-02 11:17:05,216 DEBUG [backend.app.services.bambu_mqtt] [[SERIAL]] AMS 0 firmware: 10.40.00.00
2026-05-02 11:17:05,219 DEBUG [backend.app.services.bambu_mqtt] [[SERIAL]] Received command response: extrusion_cali_get
2026-05-02 11:17:05,261 DEBUG [backend.app.services.bambu_mqtt] [[SERIAL]] AMS 0 firmware: 10.40.00.00
2026-05-02 11:17:05,263 DEBUG [backend.app.services.bambu_mqtt] [[SERIAL]] Received command response: extrusion_cali_get
2026-05-02 11:17:05,377 DEBUG [backend.app.services.bambu_mqtt] [[SERIAL]] Received command response: stop
2026-05-02 11:17:05,381 DEBUG [backend.app.services.bambu_mqtt] [[SERIAL]] AMS 0 firmware: 10.40.00.00
2026-05-02 11:17:05,423 DEBUG [backend.app.services.bambu_mqtt] [[SERIAL]] Received command response: extrusion_cali_get
2026-05-02 11:17:05,426 DEBUG [backend.app.services.bambu_mqtt] [[SERIAL]] AMS 0 firmware: 10.40.00.00
2026-05-02 11:17:05,479 DEBUG [backend.app.services.bambu_mqtt] [[SERIAL]] Received command response: extrusion_cali_get
2026-05-02 11:17:05,483 DEBUG [backend.app.services.bambu_mqtt] [[SERIAL]] AMS 0 firmware: 10.40.00.00
2026-05-02 11:17:05,528 DEBUG [backend.app.services.bambu_mqtt] [[SERIAL]] Received command response: extrusion_cali_get
2026-05-02 11:17:05,607 DEBUG [backend.app.services.bambu_mqtt] [[SERIAL]] Found xcam inside print data: {'buildplate_marker_detector': False}
2026-05-02 11:17:05,607 DEBUG [backend.app.services.bambu_mqtt] [[SERIAL]] Parsing xcam data - all fields: ['buildplate_marker_detector']
2026-05-02 11:17:05,608 DEBUG [backend.app.services.bambu_mqtt] [[SERIAL]] Received gcode_state: IDLE, gcode_file: @SolomonHaki_A1v2.3mf, subtask_name: _SolomonHaki_A1v2
2026-05-02 11:17:05,609 DEBUG [backend.app.services.bambu_mqtt] [[SERIAL]] AMS dict fields: {'ams_exist_bits': '1', 'tray_exist_bits': '3', 'tray_is_bbl_bits': '3', 'tray_tar': '255', 'tray_now': '1', 'tray_pre': '1', 'tray_read_done_bits': '3', 'tray_reading_bits': '0', 'version': 3, 'insert_flag': True, 'power_on_flag': False}
2026-05-02 11:17:05,610 DEBUG [backend.app.services.bambu_mqtt] [[SERIAL]] tray_now updated: 1
2026-05-02 11:17:05,611 DEBUG [backend.app.services.bambu_mqtt] [[SERIAL]] Merged AMS data: 1 new units, 1 total
2026-05-02 11:17:05,613 DEBUG [backend.app.services.bambu_mqtt] [[SERIAL]] AMS 0 info=0x1001 -> extruder 0
2026-05-02 11:17:05,614 DEBUG [backend.app.services.bambu_mqtt] [[SERIAL]] ams_extruder_map: {'0': 0}
2026-05-02 11:17:05,614 DEBUG [backend.app.services.bambu_mqtt] [[SERIAL]] ams_status: 0 (main=0, sub=0)
2026-05-02 11:17:05,615 DEBUG [backend.app.services.bambu_mqtt] [[SERIAL]] Received command response: push_status
2026-05-02 11:17:05,616 DEBUG [backend.app.services.bambu_mqtt] [[SERIAL]] chamber_temper raw value: 5.0
2026-05-02 11:17:05,618 DEBUG [backend.app.services.bambu_mqtt] [[SERIAL]] chamber_temper direct value: 5.0°C (heater OFF)
2026-05-02 11:17:05,618 DEBUG [backend.app.services.bambu_mqtt] [[SERIAL]] Chamber heating calculated: target=0.0, current=5.0, heating=False, respect_local=False
2026-05-02 11:17:05,620 DEBUG [backend.app.services.bambu_mqtt] [[SERIAL]] Chamber temp updated to: 5.0, target: 0.0, heating: False
2026-05-02 11:17:05,622 DEBUG [backend.app.services.bambu_mqtt] [[SERIAL]] HMS data received: [{'attr': 83887104, 'code': 65604, 'action': 0, 'timestamp': 1775241383}]
2026-05-02 11:17:05,623 DEBUG [backend.app.services.bambu_mqtt] [[SERIAL]] ipcam field: {'ipcam_dev': '1', 'ipcam_record': 'enable', 'timelapse': 'disable', 'resolution': '1080p', 'tutk_server': 'disable', 'mode_bits': 3}
2026-05-02 11:17:05,624 DEBUG [backend.app.services.bambu_mqtt] [[SERIAL]] timelapse changed (from ipcam): True -> False
2026-05-02 11:17:05,625 DEBUG [backend.app.services.bambu_mqtt] [[SERIAL]] wifi_signal received: -48dBm
2026-05-02 11:17:05,626 DEBUG [backend.app.services.bambu_mqtt] [[SERIAL]] lights_report: [{'node': 'chamber_light', 'mode': 'on'}]
2026-05-02 11:17:05,627 DEBUG [backend.app.services.bambu_mqtt] [[SERIAL]] gcode_state: IDLE -> IDLE, file: @SolomonHaki_A1v2.3mf, subtask: _SolomonHaki_A1v2
2026-05-02 11:17:05,644 DEBUG [backend.app.services.bambu_mqtt] [[SERIAL]] AMS 0 firmware: 10.40.00.00
2026-05-02 11:17:05,646 DEBUG [backend.app.services.bambu_mqtt] [[SERIAL]] Received command response: extrusion_cali_get
2026-05-02 11:17:05,651 DEBUG [backend.app.services.bambu_mqtt] [[SERIAL]] AMS 0 firmware: 10.40.00.00
2026-05-02 11:17:05,695 DEBUG [backend.app.services.bambu_mqtt] [[SERIAL]] Received command response: extrusion_cali_get
2026-05-02 11:17:05,699 DEBUG [backend.app.services.bambu_mqtt] [[SERIAL]] AMS 0 firmware: 10.40.00.00
2026-05-02 11:17:05,739 DEBUG [backend.app.services.bambu_mqtt] [[SERIAL]] Received command response: extrusion_cali_get
2026-05-02 11:17:05,784 DEBUG [backend.app.services.bambu_mqtt] [[SERIAL]] AMS 0 firmware: 10.40.00.00
2026-05-02 11:17:05,828 DEBUG [backend.app.services.bambu_mqtt] [[SERIAL]] Received command response: extrusion_cali_get
2026-05-02 11:17:05,830 DEBUG [backend.app.services.bambu_mqtt] [[SERIAL]] AMS 0 firmware: 10.40.00.00
2026-05-02 11:17:05,872 DEBUG [backend.app.services.bambu_mqtt] [[SERIAL]] Received command response: extrusion_cali_get
2026-05-02 11:17:05,874 DEBUG [backend.app.services.bambu_mqtt] [[SERIAL]] AMS 0 firmware: 10.40.00.00
2026-05-02 11:17:05,939 DEBUG [backend.app.services.bambu_mqtt] [[SERIAL]] Received command response: extrusion_cali_get
2026-05-02 11:17:05,987 DEBUG [backend.app.services.bambu_mqtt] [[SERIAL]] AMS 0 firmware: 10.40.00.00
2026-05-02 11:17:06,029 DEBUG [backend.app.services.bambu_mqtt] [[SERIAL]] Received command response: extrusion_cali_get
2026-05-02 11:17:06,073 DEBUG [backend.app.services.bambu_mqtt] [[SERIAL]] AMS 0 firmware: 10.40.00.00
2026-05-02 11:17:06,130 DEBUG [backend.app.services.bambu_mqtt] [[SERIAL]] Received command response: extrusion_cali_get
2026-05-02 11:17:06,134 DEBUG [backend.app.services.bambu_mqtt] [[SERIAL]] AMS 0 firmware: 10.40.00.00
2026-05-02 11:17:06,179 DEBUG [backend.app.services.bambu_mqtt] [[SERIAL]] Received command response: extrusion_cali_get
2026-05-02 11:17:06,182 DEBUG [backend.app.services.bambu_mqtt] [[SERIAL]] AMS 0 firmware: 10.40.00.00
2026-05-02 11:17:06,235 DEBUG [backend.app.services.bambu_mqtt] [[SERIAL]] Received command response: extrusion_cali_get
2026-05-02 11:17:06,842 DEBUG [backend.app.services.bambu_mqtt] [[SERIAL]] Found xcam inside print data: {'buildplate_marker_detector': False}
2026-05-02 11:17:06,843 DEBUG [backend.app.services.bambu_mqtt] [[SERIAL]] Parsing xcam data - all fields: ['buildplate_marker_detector']
2026-05-02 11:17:06,843 DEBUG [backend.app.services.bambu_mqtt] [[SERIAL]] Received gcode_state: IDLE, gcode_file: @SolomonHaki_A1v2.3mf, subtask_name: _SolomonHaki_A1v2
2026-05-02 11:17:06,843 DEBUG [backend.app.services.bambu_mqtt] [[SERIAL]] AMS dict fields: {'ams_exist_bits': '1', 'tray_exist_bits': '3', 'tray_is_bbl_bits': '3', 'tray_tar': '255', 'tray_now': '1', 'tray_pre': '1', 'tray_read_done_bits': '3', 'tray_reading_bits': '0', 'version': 3, 'insert_flag': True, 'power_on_flag': False}
2026-05-02 11:17:06,844 DEBUG [backend.app.services.bambu_mqtt] [[SERIAL]] tray_now updated: 1
2026-05-02 11:17:06,844 DEBUG [backend.app.services.bambu_mqtt] [[SERIAL]] Merged AMS data: 1 new units, 1 total
2026-05-02 11:17:06,844 DEBUG [backend.app.services.bambu_mqtt] [[SERIAL]] AMS 0 info=0x1001 -> extruder 0
2026-05-02 11:17:06,845 DEBUG [backend.app.services.bambu_mqtt] [[SERIAL]] ams_extruder_map: {'0': 0}
2026-05-02 11:17:06,845 DEBUG [backend.app.services.bambu_mqtt] [[SERIAL]] ams_status: 0 (main=0, sub=0)
2026-05-02 11:17:06,845 DEBUG [backend.app.services.bambu_mqtt] [[SERIAL]] Received command response: push_status
2026-05-02 11:17:06,846 DEBUG [backend.app.services.bambu_mqtt] [[SERIAL]] chamber_temper raw value: 5.0
2026-05-02 11:17:06,846 DEBUG [backend.app.services.bambu_mqtt] [[SERIAL]] chamber_temper direct value: 5.0°C (heater OFF)
2026-05-02 11:17:06,846 DEBUG [backend.app.services.bambu_mqtt] [[SERIAL]] Chamber heating calculated: target=0.0, current=5.0, heating=False, respect_local=False
2026-05-02 11:17:06,847 DEBUG [backend.app.services.bambu_mqtt] [[SERIAL]] Chamber temp updated to: 5.0, target: 0.0, heating: False
2026-05-02 11:17:06,847 DEBUG [backend.app.services.bambu_mqtt] [[SERIAL]] HMS data received: [{'attr': 83887104, 'code': 65604, 'action': 0, 'timestamp': 1775241383}]
2026-05-02 11:17:06,848 DEBUG [backend.app.services.bambu_mqtt] [[SERIAL]] ipcam field: {'ipcam_dev': '1', 'ipcam_record': 'enable', 'timelapse': 'disable', 'resolution': '1080p', 'tutk_server': 'disable', 'mode_bits': 3}
2026-05-02 11:17:06,848 DEBUG [backend.app.services.bambu_mqtt] [[SERIAL]] wifi_signal received: -48dBm
2026-05-02 11:17:06,848 DEBUG [backend.app.services.bambu_mqtt] [[SERIAL]] lights_report: [{'node': 'chamber_light', 'mode': 'on'}]
2026-05-02 11:17:06,848 DEBUG [backend.app.services.bambu_mqtt] [[SERIAL]] gcode_state: IDLE -> IDLE, file: @SolomonHaki_A1v2.3mf, subtask: _SolomonHaki_A1v2
2026-05-02 11:17:08,865 DEBUG [backend.app.services.bambu_mqtt] [[SERIAL]] Received command response: push_status
2026-05-02 11:17:08,867 DEBUG [backend.app.services.bambu_mqtt] [[SERIAL]] print_error: 83935248 (0x0500c010) -> short_code=0500_C010
2026-05-02 11:17:13,986 DEBUG [backend.app.services.print_scheduler] Auto-drying: printer 1 skipped — not connected
2026-05-02 11:17:13,987 DEBUG [backend.app.services.print_scheduler] Auto-drying: printer 2 skipped — model A1 does not support drying
2026-05-02 11:17:16,967 DEBUG [backend.app.services.bambu_mqtt] [[SERIAL]] Received command response: push_status
2026-05-02 11:17:16,970 DEBUG [backend.app.services.bambu_mqtt] [[SERIAL]] wifi_signal received: -47dBm
2026-05-02 11:17:21,616 DEBUG [backend.app.api.routes.printers] API returning ams_mapping: [], ams_extruder_map: {'0': 0}
2026-05-02 11:17:21,616 DEBUG [backend.app.api.routes.printers] Using tray_now directly as global ID: 255
2026-05-02 11:17:24,820 DEBUG [backend.app.main] [[PRINTER]] Runtime tracking: not connected
2026-05-02 11:17:33,746 DEBUG [backend.app.api.routes.printers] API returning ams_mapping: [], ams_extruder_map: {'0': 0}
2026-05-02 11:17:33,747 DEBUG [backend.app.api.routes.printers] Using tray_now directly as global ID: 1