2026-07-14 10:01:10,319 DEBUG [backend.app.services.bambu_mqtt] [-] [[SERIAL]] Parsing xcam data - all fields: ['allow_skip_parts', 'buildplate_marker_detector', 'cfg', 'first_layer_inspector', 'halt_print_sensitivity', 'print_halt', 'printing_monitor', 'spaghetti_detector']
2026-07-14 10:01:10,320 DEBUG [backend.app.services.bambu_mqtt] [-] [[SERIAL]] xcam cfg bitmask: 8089287 (binary: 0b11110110110111011000111)
2026-07-14 10:01:10,320 DEBUG [backend.app.services.bambu_mqtt] [-] [[SERIAL]] Received gcode_state: RUNNING, gcode_file: /data/filament_drying.gcode, subtask_name: filament_drying.gcode
2026-07-14 10:01:10,320 DEBUG [backend.app.services.bambu_mqtt] [-] [[SERIAL]] AMS dict fields: {'ams_exist_bits': '1', 'ams_exist_bits_raw': '1', 'cali_id': 255, 'cali_stat': 0, 'cfs': [2, 3, 4], 'insert_flag': True, 'power_on_flag': False, 'tray_exist_bits': 'f', 'tray_hall_out_bits': '0', 'tray_is_bbl_bits': 'f', 'tray_now': '255', 'tray_pre': '255', 'tray_read_done_bits': 'f', 'tray_reading_bits': '0', 'tray_tar': '255', 'unbind_ams_stat': 0, 'version': 5644}
2026-07-14 10:01:10,321 DEBUG [backend.app.services.bambu_mqtt] [-] [[SERIAL]] tray_now updated: 255
2026-07-14 10:01:10,321 DEBUG [backend.app.services.bambu_mqtt] [-] [[SERIAL]] Merged AMS data: 1 new units, 1 total
2026-07-14 10:01:10,322 DEBUG [backend.app.services.bambu_mqtt] [-] [[SERIAL]] AMS 0 info=0x11942123 -> extruder 1
2026-07-14 10:01:10,322 DEBUG [backend.app.services.bambu_mqtt] [-] [[SERIAL]] ams_extruder_map: {'0': 1}
2026-07-14 10:01:10,323 DEBUG [backend.app.services.bambu_mqtt] [-] [[SERIAL]] ams_status: 0 (main=0, sub=0)
2026-07-14 10:01:10,323 DEBUG [backend.app.services.bambu_mqtt] [-] [[SERIAL]] Received command response: push_status
2026-07-14 10:01:10,324 DEBUG [backend.app.services.bambu_mqtt] [-] [[SERIAL]] device.extruder.state=2 (switch_state bits 12-14: 0)
2026-07-14 10:01:10,324 DEBUG [backend.app.services.bambu_mqtt] [-] [[SERIAL]] info.temp direct: 41°C (heater OFF)
2026-07-14 10:01:10,325 DEBUG [backend.app.services.bambu_mqtt] [-] [[SERIAL]] ctc_info keys: ['temp']
2026-07-14 10:01:10,325 DEBUG [backend.app.services.bambu_mqtt] [-] [[SERIAL]] Chamber heating calculated: target=0.0, current=41.0, heating=False, respect_local=False
2026-07-14 10:01:10,326 DEBUG [backend.app.services.bambu_mqtt] [-] [[SERIAL]] Chamber temp updated to: 41.0, target: 0.0, heating: False
2026-07-14 10:01:10,327 DEBUG [backend.app.services.bambu_mqtt] [-] [[SERIAL]] HMS data received: [{'attr': 83887616, 'code': 131184, 'ts_boot': 16648, 'ts_unix': '20260711141537'}, {'attr': 83886592, 'code': 196618, 'ts_boot': 62434119, 'ts_unix': '20260712073555'}]
2026-07-14 10:01:10,327 DEBUG [backend.app.services.bambu_mqtt] [-] [[SERIAL]] ipcam field: {'agora_service': 'disable', 'brtc_service': 'enable', 'bs_state': 0, 'cap_pic_enable': 'invalid', 'ipcam_dev': '1', 'ipcam_record': 'enable', 'laser_preview_res': 7, 'liveview_preview': True, 'mode_bits': 2, 'resolution': '1080p', 'rtsp_url': 'rtsps://[IP]:322/streaming/live/1', 'timelapse': 'disable', 'tl_external_free_kb': 4677632, 'tl_external_total_kb': 30716160, 'tl_internal_free_kb': 699415, 'tl_internal_total_kb': 962560, 'tl_store_hpd_type': 2, 'tl_store_path_type': 2, 'tutk_server': 'disable'}
2026-07-14 10:01:10,328 DEBUG [backend.app.services.bambu_mqtt] [-] [[SERIAL]] wifi_signal received: -26dBm
2026-07-14 10:01:10,328 DEBUG [backend.app.services.bambu_mqtt] [-] [[SERIAL]] lights_report: [{'mode': 'off', 'node': 'chamber_light'}, {'mode': 'flashing', 'node': 'work_light'}]
2026-07-14 10:01:10,329 DEBUG [backend.app.services.bambu_mqtt] [-] [[SERIAL]] MQTT mapping field: [65024, 65024, 65024, 65024, 65024, 65024, 65024, 65024, 65024, 65024, 65024, 65024, 65024, 65024, 65024, 65024, 65024, 65024, 65024, 65024, 65024, 65024, 65024, 65024, 65024, 65024, 65024, 65024, 65024, 65024, 65024, 65024]
2026-07-14 10:01:10,330 DEBUG [backend.app.services.bambu_mqtt] [-] [[SERIAL]] gcode_state: RUNNING -> RUNNING, file: /data/filament_drying.gcode, subtask: filament_drying.gcode
2026-07-14 10:01:11,642 DEBUG [backend.app.services.bambu_mqtt] [-] [[SERIAL]] Found xcam inside print data: {'allow_skip_parts': False, 'buildplate_marker_detector': False, 'cfg': 8089287, 'first_layer_inspector': True, 'halt_print_sensitivity': 'medium', 'print_halt': True, 'printing_monitor': True, 'spaghetti_detector': True}
2026-07-14 10:01:11,643 DEBUG [backend.app.services.bambu_mqtt] [-] [[SERIAL]] Parsing xcam data - all fields: ['allow_skip_parts', 'buildplate_marker_detector', 'cfg', 'first_layer_inspector', 'halt_print_sensitivity', 'print_halt', 'printing_monitor', 'spaghetti_detector']
2026-07-14 10:01:11,643 DEBUG [backend.app.services.bambu_mqtt] [-] [[SERIAL]] xcam cfg bitmask: 8089287 (binary: 0b11110110110111011000111)
2026-07-14 10:01:11,643 DEBUG [backend.app.services.bambu_mqtt] [-] [[SERIAL]] Received gcode_state: RUNNING, gcode_file: /data/filament_drying.gcode, subtask_name: filament_drying.gcode
2026-07-14 10:01:11,644 DEBUG [backend.app.services.bambu_mqtt] [-] [[SERIAL]] AMS dict fields: {'ams_exist_bits': '1', 'ams_exist_bits_raw': '1', 'cali_id': 255, 'cali_stat': 0, 'cfs': [2, 3, 4], 'insert_flag': True, 'power_on_flag': False, 'tray_exist_bits': 'f', 'tray_hall_out_bits': '0', 'tray_is_bbl_bits': 'f', 'tray_now': '255', 'tray_pre': '255', 'tray_read_done_bits': 'f', 'tray_reading_bits': '0', 'tray_tar': '255', 'unbind_ams_stat': 0, 'version': 5644}
2026-07-14 10:01:11,644 DEBUG [backend.app.services.bambu_mqtt] [-] [[SERIAL]] tray_now updated: 255
2026-07-14 10:01:11,645 DEBUG [backend.app.services.bambu_mqtt] [-] [[SERIAL]] Merged AMS data: 1 new units, 1 total
2026-07-14 10:01:11,645 DEBUG [backend.app.services.bambu_mqtt] [-] [[SERIAL]] AMS 0 info=0x11942123 -> extruder 1
2026-07-14 10:01:11,645 DEBUG [backend.app.services.bambu_mqtt] [-] [[SERIAL]] ams_extruder_map: {'0': 1}
2026-07-14 10:01:11,646 DEBUG [backend.app.services.bambu_mqtt] [-] [[SERIAL]] ams_status: 0 (main=0, sub=0)
2026-07-14 10:01:11,646 DEBUG [backend.app.services.bambu_mqtt] [-] [[SERIAL]] Received command response: push_status
2026-07-14 10:01:11,647 DEBUG [backend.app.services.bambu_mqtt] [-] [[SERIAL]] device.extruder.state=2 (switch_state bits 12-14: 0)
2026-07-14 10:01:11,647 DEBUG [backend.app.services.bambu_mqtt] [-] [[SERIAL]] info.temp direct: 41°C (heater OFF)
2026-07-14 10:01:11,648 DEBUG [backend.app.services.bambu_mqtt] [-] [[SERIAL]] ctc_info keys: ['temp']
2026-07-14 10:01:11,648 DEBUG [backend.app.services.bambu_mqtt] [-] [[SERIAL]] Chamber heating calculated: target=0.0, current=41.0, heating=False, respect_local=False
2026-07-14 10:01:11,649 DEBUG [backend.app.services.bambu_mqtt] [-] [[SERIAL]] Chamber temp updated to: 41.0, target: 0.0, heating: False
2026-07-14 10:01:11,650 DEBUG [backend.app.services.bambu_mqtt] [-] [[SERIAL]] HMS data received: [{'attr': 83887616, 'code': 131184, 'ts_boot': 16648, 'ts_unix': '20260711141537'}, {'attr': 83886592, 'code': 196618, 'ts_boot': 62434119, 'ts_unix': '20260712073555'}]
2026-07-14 10:01:11,650 DEBUG [backend.app.services.bambu_mqtt] [-] [[SERIAL]] ipcam field: {'agora_service': 'disable', 'brtc_service': 'enable', 'bs_state': 0, 'cap_pic_enable': 'invalid', 'ipcam_dev': '1', 'ipcam_record': 'enable', 'laser_preview_res': 7, 'liveview_preview': True, 'mode_bits': 2, 'resolution': '1080p', 'rtsp_url': 'rtsps://[IP]:322/streaming/live/1', 'timelapse': 'disable', 'tl_external_free_kb': 4677632, 'tl_external_total_kb': 30716160, 'tl_internal_free_kb': 699415, 'tl_internal_total_kb': 962560, 'tl_store_hpd_type': 2, 'tl_store_path_type': 2, 'tutk_server': 'disable'}
2026-07-14 10:01:11,651 DEBUG [backend.app.services.bambu_mqtt] [-] [[SERIAL]] wifi_signal received: -26dBm
2026-07-14 10:01:11,651 DEBUG [backend.app.services.bambu_mqtt] [-] [[SERIAL]] lights_report: [{'mode': 'off', 'node': 'chamber_light'}, {'mode': 'flashing', 'node': 'work_light'}]
2026-07-14 10:01:11,652 DEBUG [backend.app.services.bambu_mqtt] [-] [[SERIAL]] MQTT mapping field: [65024, 65024, 65024, 65024, 65024, 65024, 65024, 65024, 65024, 65024, 65024, 65024, 65024, 65024, 65024, 65024, 65024, 65024, 65024, 65024, 65024, 65024, 65024, 65024, 65024, 65024, 65024, 65024, 65024, 65024, 65024, 65024]
2026-07-14 10:01:11,652 DEBUG [backend.app.services.bambu_mqtt] [-] [[SERIAL]] gcode_state: RUNNING -> RUNNING, file: /data/filament_drying.gcode, subtask: filament_drying.gcode
2026-07-14 10:01:12,690 DEBUG [backend.app.services.bambu_mqtt] [-] [[SERIAL]] Found xcam inside print data: {'allow_skip_parts': False, 'buildplate_marker_detector': False, 'cfg': 8089287, 'first_layer_inspector': True, 'halt_print_sensitivity': 'medium', 'print_halt': True, 'printing_monitor': True, 'spaghetti_detector': True}
2026-07-14 10:01:12,691 DEBUG [backend.app.services.bambu_mqtt] [-] [[SERIAL]] Parsing xcam data - all fields: ['allow_skip_parts', 'buildplate_marker_detector', 'cfg', 'first_layer_inspector', 'halt_print_sensitivity', 'print_halt', 'printing_monitor', 'spaghetti_detector']
2026-07-14 10:01:12,691 DEBUG [backend.app.services.bambu_mqtt] [-] [[SERIAL]] xcam cfg bitmask: 8089287 (binary: 0b11110110110111011000111)
2026-07-14 10:01:12,691 DEBUG [backend.app.services.bambu_mqtt] [-] [[SERIAL]] Received gcode_state: RUNNING, gcode_file: /data/filament_drying.gcode, subtask_name: filament_drying.gcode
2026-07-14 10:01:12,692 DEBUG [backend.app.services.bambu_mqtt] [-] [[SERIAL]] AMS dict fields: {'ams_exist_bits': '1', 'ams_exist_bits_raw': '1', 'cali_id': 255, 'cali_stat': 0, 'cfs': [2, 3, 4], 'insert_flag': True, 'power_on_flag': False, 'tray_exist_bits': 'f', 'tray_hall_out_bits': '0', 'tray_is_bbl_bits': 'f', 'tray_now': '255', 'tray_pre': '255', 'tray_read_done_bits': 'f', 'tray_reading_bits': '0', 'tray_tar': '255', 'unbind_ams_stat': 0, 'version': 5644}
2026-07-14 10:01:12,692 DEBUG [backend.app.services.bambu_mqtt] [-] [[SERIAL]] tray_now updated: 255
2026-07-14 10:01:12,693 DEBUG [backend.app.services.bambu_mqtt] [-] [[SERIAL]] Merged AMS data: 1 new units, 1 total
2026-07-14 10:01:12,693 DEBUG [backend.app.services.bambu_mqtt] [-] [[SERIAL]] AMS 0 info=0x11942123 -> extruder 1
2026-07-14 10:01:12,693 DEBUG [backend.app.services.bambu_mqtt] [-] [[SERIAL]] ams_extruder_map: {'0': 1}
2026-07-14 10:01:12,694 DEBUG [backend.app.services.bambu_mqtt] [-] [[SERIAL]] ams_status: 0 (main=0, sub=0)
2026-07-14 10:01:12,694 DEBUG [backend.app.services.bambu_mqtt] [-] [[SERIAL]] Received command response: push_status
2026-07-14 10:01:12,695 DEBUG [backend.app.services.bambu_mqtt] [-] [[SERIAL]] device.extruder.state=2 (switch_state bits 12-14: 0)
2026-07-14 10:01:12,695 DEBUG [backend.app.services.bambu_mqtt] [-] [[SERIAL]] info.temp direct: 41°C (heater OFF)
2026-07-14 10:01:12,695 DEBUG [backend.app.services.bambu_mqtt] [-] [[SERIAL]] ctc_info keys: ['temp']
2026-07-14 10:01:12,696 DEBUG [backend.app.services.bambu_mqtt] [-] [[SERIAL]] Chamber heating calculated: target=0.0, current=41.0, heating=False, respect_local=False
2026-07-14 10:01:12,697 DEBUG [backend.app.services.bambu_mqtt] [-] [[SERIAL]] Chamber temp updated to: 41.0, target: 0.0, heating: False
2026-07-14 10:01:12,697 DEBUG [backend.app.services.bambu_mqtt] [-] [[SERIAL]] HMS data received: [{'attr': 83887616, 'code': 131184, 'ts_boot': 16648, 'ts_unix': '20260711141537'}, {'attr': 83886592, 'code': 196618, 'ts_boot': 62434119, 'ts_unix': '20260712073555'}]
2026-07-14 10:01:12,698 DEBUG [backend.app.services.bambu_mqtt] [-] [[SERIAL]] ipcam field: {'agora_service': 'disable', 'brtc_service': 'enable', 'bs_state': 0, 'cap_pic_enable': 'invalid', 'ipcam_dev': '1', 'ipcam_record': 'enable', 'laser_preview_res': 7, 'liveview_preview': True, 'mode_bits': 2, 'resolution': '1080p', 'rtsp_url': 'rtsps://[IP]:322/streaming/live/1', 'timelapse': 'disable', 'tl_external_free_kb': 4676608, 'tl_external_total_kb': 30716160, 'tl_internal_free_kb': 699415, 'tl_internal_total_kb': 962560, 'tl_store_hpd_type': 2, 'tl_store_path_type': 2, 'tutk_server': 'disable'}
2026-07-14 10:01:12,699 DEBUG [backend.app.services.bambu_mqtt] [-] [[SERIAL]] wifi_signal received: -26dBm
2026-07-14 10:01:12,699 DEBUG [backend.app.services.bambu_mqtt] [-] [[SERIAL]] lights_report: [{'mode': 'off', 'node': 'chamber_light'}, {'mode': 'flashing', 'node': 'work_light'}]
2026-07-14 10:01:12,700 DEBUG [backend.app.services.bambu_mqtt] [-] [[SERIAL]] MQTT mapping field: [65024, 65024, 65024, 65024, 65024, 65024, 65024, 65024, 65024, 65024, 65024, 65024, 65024, 65024, 65024, 65024, 65024, 65024, 65024, 65024, 65024, 65024, 65024, 65024, 65024, 65024, 65024, 65024, 65024, 65024, 65024, 65024]
2026-07-14 10:01:12,700 DEBUG [backend.app.services.bambu_mqtt] [-] [[SERIAL]] gcode_state: RUNNING -> RUNNING, file: /data/filament_drying.gcode, subtask: filament_drying.gcode
2026-07-14 10:01:13,806 DEBUG [backend.app.services.bambu_mqtt] [-] [[SERIAL]] Found xcam inside print data: {'allow_skip_parts': False, 'buildplate_marker_detector': False, 'cfg': 8089287, 'first_layer_inspector': True, 'halt_print_sensitivity': 'medium', 'print_halt': True, 'printing_monitor': True, 'spaghetti_detector': True}
2026-07-14 10:01:13,807 DEBUG [backend.app.services.bambu_mqtt] [-] [[SERIAL]] Parsing xcam data - all fields: ['allow_skip_parts', 'buildplate_marker_detector', 'cfg', 'first_layer_inspector', 'halt_print_sensitivity', 'print_halt', 'printing_monitor', 'spaghetti_detector']
2026-07-14 10:01:13,807 DEBUG [backend.app.services.bambu_mqtt] [-] [[SERIAL]] xcam cfg bitmask: 8089287 (binary: 0b11110110110111011000111)
2026-07-14 10:01:13,807 DEBUG [backend.app.services.bambu_mqtt] [-] [[SERIAL]] Received gcode_state: RUNNING, gcode_file: /data/filament_drying.gcode, subtask_name: filament_drying.gcode
2026-07-14 10:01:13,808 DEBUG [backend.app.services.bambu_mqtt] [-] [[SERIAL]] AMS dict fields: {'ams_exist_bits': '1', 'ams_exist_bits_raw': '1', 'cali_id': 255, 'cali_stat': 0, 'cfs': [2, 3, 4], 'insert_flag': True, 'power_on_flag': False, 'tray_exist_bits': 'f', 'tray_hall_out_bits': '0', 'tray_is_bbl_bits': 'f', 'tray_now': '255', 'tray_pre': '255', 'tray_read_done_bits': 'f', 'tray_reading_bits': '0', 'tray_tar': '255', 'unbind_ams_stat': 0, 'version': 5644}
2026-07-14 10:01:13,808 DEBUG [backend.app.services.bambu_mqtt] [-] [[SERIAL]] tray_now updated: 255
2026-07-14 10:01:13,809 DEBUG [backend.app.services.bambu_mqtt] [-] [[SERIAL]] Merged AMS data: 1 new units, 1 total
2026-07-14 10:01:13,809 DEBUG [backend.app.services.bambu_mqtt] [-] [[SERIAL]] AMS 0 info=0x11942123 -> extruder 1
2026-07-14 10:01:13,809 DEBUG [backend.app.services.bambu_mqtt] [-] [[SERIAL]] ams_extruder_map: {'0': 1}
2026-07-14 10:01:13,810 DEBUG [backend.app.services.bambu_mqtt] [-] [[SERIAL]] ams_status: 0 (main=0, sub=0)
2026-07-14 10:01:13,810 DEBUG [backend.app.services.bambu_mqtt] [-] [[SERIAL]] Received command response: push_status
2026-07-14 10:01:13,811 DEBUG [backend.app.services.bambu_mqtt] [-] [[SERIAL]] device.extruder.state=2 (switch_state bits 12-14: 0)
2026-07-14 10:01:13,811 DEBUG [backend.app.services.bambu_mqtt] [-] [[SERIAL]] info.temp direct: 41°C (heater OFF)
2026-07-14 10:01:13,811 DEBUG [backend.app.services.bambu_mqtt] [-] [[SERIAL]] ctc_info keys: ['temp']
2026-07-14 10:01:13,812 DEBUG [backend.app.services.bambu_mqtt] [-] [[SERIAL]] Chamber heating calculated: target=0.0, current=41.0, heating=False, respect_local=False
2026-07-14 10:01:13,813 DEBUG [backend.app.services.bambu_mqtt] [-] [[SERIAL]] Chamber temp updated to: 41.0, target: 0.0, heating: False
2026-07-14 10:01:13,813 DEBUG [backend.app.services.bambu_mqtt] [-] [[SERIAL]] HMS data received: [{'attr': 83887616, 'code': 131184, 'ts_boot': 16648, 'ts_unix': '20260711141537'}, {'attr': 83886592, 'code': 196618, 'ts_boot': 62434119, 'ts_unix': '20260712073555'}]
2026-07-14 10:01:13,814 DEBUG [backend.app.services.bambu_mqtt] [-] [[SERIAL]] ipcam field: {'agora_service': 'disable', 'brtc_service': 'enable', 'bs_state': 0, 'cap_pic_enable': 'invalid', 'ipcam_dev': '1', 'ipcam_record': 'enable', 'laser_preview_res': 7, 'liveview_preview': True, 'mode_bits': 2, 'resolution': '1080p', 'rtsp_url': 'rtsps://[IP]:322/streaming/live/1', 'timelapse': 'disable', 'tl_external_free_kb': 4676608, 'tl_external_total_kb': 30716160, 'tl_internal_free_kb': 699415, 'tl_internal_total_kb': 962560, 'tl_store_hpd_type': 2, 'tl_store_path_type': 2, 'tutk_server': 'disable'}
2026-07-14 10:01:13,814 DEBUG [backend.app.services.bambu_mqtt] [-] [[SERIAL]] wifi_signal received: -26dBm
2026-07-14 10:01:13,815 DEBUG [backend.app.services.bambu_mqtt] [-] [[SERIAL]] lights_report: [{'mode': 'off', 'node': 'chamber_light'}, {'mode': 'flashing', 'node': 'work_light'}]
2026-07-14 10:01:13,816 DEBUG [backend.app.services.bambu_mqtt] [-] [[SERIAL]] MQTT mapping field: [65024, 65024, 65024, 65024, 65024, 65024, 65024, 65024, 65024, 65024, 65024, 65024, 65024, 65024, 65024, 65024, 65024, 65024, 65024, 65024, 65024, 65024, 65024, 65024, 65024, 65024, 65024, 65024, 65024, 65024, 65024, 65024]
2026-07-14 10:01:13,816 DEBUG [backend.app.services.bambu_mqtt] [-] [[SERIAL]] gcode_state: RUNNING -> RUNNING, file: /data/filament_drying.gcode, subtask: filament_drying.gcode
2026-07-14 10:01:14,857 DEBUG [backend.app.services.bambu_mqtt] [-] [[SERIAL]] Found xcam inside print data: {'allow_skip_parts': False, 'buildplate_marker_detector': False, 'cfg': 8089287, 'first_layer_inspector': True, 'halt_print_sensitivity': 'medium', 'print_halt': True, 'printing_monitor': True, 'spaghetti_detector': True}
2026-07-14 10:01:14,858 DEBUG [backend.app.services.bambu_mqtt] [-] [[SERIAL]] Parsing xcam data - all fields: ['allow_skip_parts', 'buildplate_marker_detector', 'cfg', 'first_layer_inspector', 'halt_print_sensitivity', 'print_halt', 'printing_monitor', 'spaghetti_detector']
2026-07-14 10:01:14,858 DEBUG [backend.app.services.bambu_mqtt] [-] [[SERIAL]] xcam cfg bitmask: 8089287 (binary: 0b11110110110111011000111)
2026-07-14 10:01:14,859 DEBUG [backend.app.services.bambu_mqtt] [-] [[SERIAL]] Received gcode_state: RUNNING, gcode_file: /data/filament_drying.gcode, subtask_name: filament_drying.gcode
2026-07-14 10:01:14,859 DEBUG [backend.app.services.bambu_mqtt] [-] [[SERIAL]] AMS dict fields: {'ams_exist_bits': '1', 'ams_exist_bits_raw': '1', 'cali_id': 255, 'cali_stat': 0, 'cfs': [2, 3, 4], 'insert_flag': True, 'power_on_flag': False, 'tray_exist_bits': 'f', 'tray_hall_out_bits': '0', 'tray_is_bbl_bits': 'f', 'tray_now': '255', 'tray_pre': '255', 'tray_read_done_bits': 'f', 'tray_reading_bits': '0', 'tray_tar': '255', 'unbind_ams_stat': 0, 'version': 5644}
2026-07-14 10:01:14,859 DEBUG [backend.app.services.bambu_mqtt] [-] [[SERIAL]] tray_now updated: 255
2026-07-14 10:01:14,860 DEBUG [backend.app.services.bambu_mqtt] [-] [[SERIAL]] Merged AMS data: 1 new units, 1 total
2026-07-14 10:01:14,860 DEBUG [backend.app.services.bambu_mqtt] [-] [[SERIAL]] AMS 0 info=0x11942123 -> extruder 1
2026-07-14 10:01:14,861 DEBUG [backend.app.services.bambu_mqtt] [-] [[SERIAL]] ams_extruder_map: {'0': 1}
2026-07-14 10:01:14,861 DEBUG [backend.app.services.bambu_mqtt] [-] [[SERIAL]] ams_status: 0 (main=0, sub=0)
2026-07-14 10:01:14,861 DEBUG [backend.app.services.bambu_mqtt] [-] [[SERIAL]] Received command response: push_status
2026-07-14 10:01:14,862 DEBUG [backend.app.services.bambu_mqtt] [-] [[SERIAL]] device.extruder.state=2 (switch_state bits 12-14: 0)
2026-07-14 10:01:14,862 DEBUG [backend.app.services.bambu_mqtt] [-] [[SERIAL]] info.temp direct: 41°C (heater OFF)
2026-07-14 10:01:14,863 DEBUG [backend.app.services.bambu_mqtt] [-] [[SERIAL]] ctc_info keys: ['temp']
2026-07-14 10:01:14,864 DEBUG [backend.app.services.bambu_mqtt] [-] [[SERIAL]] Chamber heating calculated: target=0.0, current=41.0, heating=False, respect_local=False
2026-07-14 10:01:14,864 DEBUG [backend.app.services.bambu_mqtt] [-] [[SERIAL]] Chamber temp updated to: 41.0, target: 0.0, heating: False
2026-07-14 10:01:14,865 DEBUG [backend.app.services.bambu_mqtt] [-] [[SERIAL]] HMS data received: [{'attr': 83887616, 'code': 131184, 'ts_boot': 16648, 'ts_unix': '20260711141537'}, {'attr': 83886592, 'code': 196618, 'ts_boot': 62434119, 'ts_unix': '20260712073555'}]
2026-07-14 10:01:14,865 DEBUG [backend.app.services.bambu_mqtt] [-] [[SERIAL]] ipcam field: {'agora_service': 'disable', 'brtc_service': 'enable', 'bs_state': 0, 'cap_pic_enable': 'invalid', 'ipcam_dev': '1', 'ipcam_record': 'enable', 'laser_preview_res': 7, 'liveview_preview': True, 'mode_bits': 2, 'resolution': '1080p', 'rtsp_url': 'rtsps://[IP]:322/streaming/live/1', 'timelapse': 'disable', 'tl_external_free_kb': 4675584, 'tl_external_total_kb': 30716160, 'tl_internal_free_kb': 699415, 'tl_internal_total_kb': 962560, 'tl_store_hpd_type': 2, 'tl_store_path_type': 2, 'tutk_server': 'disable'}
2026-07-14 10:01:14,866 DEBUG [backend.app.services.bambu_mqtt] [-] [[SERIAL]] wifi_signal received: -26dBm
2026-07-14 10:01:14,866 DEBUG [backend.app.services.bambu_mqtt] [-] [[SERIAL]] lights_report: [{'mode': 'off', 'node': 'chamber_light'}, {'mode': 'flashing', 'node': 'work_light'}]
2026-07-14 10:01:14,867 DEBUG [backend.app.services.bambu_mqtt] [-] [[SERIAL]] MQTT mapping field: [65024, 65024, 65024, 65024, 65024, 65024, 65024, 65024, 65024, 65024, 65024, 65024, 65024, 65024, 65024, 65024, 65024, 65024, 65024, 65024, 65024, 65024, 65024, 65024, 65024, 65024, 65024, 65024, 65024, 65024, 65024, 65024]
2026-07-14 10:01:14,868 DEBUG [backend.app.services.bambu_mqtt] [-] [[SERIAL]] gcode_state: RUNNING -> RUNNING, file: /data/filament_drying.gcode, subtask: filament_drying.gcode
2026-07-14 10:01:15,862 INFO [uvicorn.access] [-] [IP]:44120 - "POST /api/v1/makerworld/import HTTP/1.1" 502
2026-07-14 10:01:16,142 DEBUG [backend.app.services.bambu_mqtt] [-] [[SERIAL]] Found xcam inside print data: {'allow_skip_parts': False, 'buildplate_marker_detector': False, 'cfg': 8089287, 'first_layer_inspector': True, 'halt_print_sensitivity': 'medium', 'print_halt': True, 'printing_monitor': True, 'spaghetti_detector': True}
2026-07-14 10:01:16,142 DEBUG [backend.app.services.bambu_mqtt] [-] [[SERIAL]] Parsing xcam data - all fields: ['allow_skip_parts', 'buildplate_marker_detector', 'cfg', 'first_layer_inspector', 'halt_print_sensitivity', 'print_halt', 'printing_monitor', 'spaghetti_detector']
2026-07-14 10:01:16,143 DEBUG [backend.app.services.bambu_mqtt] [-] [[SERIAL]] xcam cfg bitmask: 8089287 (binary: 0b11110110110111011000111)
2026-07-14 10:01:16,143 DEBUG [backend.app.services.bambu_mqtt] [-] [[SERIAL]] Received gcode_state: RUNNING, gcode_file: /data/filament_drying.gcode, subtask_name: filament_drying.gcode
2026-07-14 10:01:16,143 DEBUG [backend.app.services.bambu_mqtt] [-] [[SERIAL]] AMS dict fields: {'ams_exist_bits': '1', 'ams_exist_bits_raw': '1', 'cali_id': 255, 'cali_stat': 0, 'cfs': [2, 3, 4], 'insert_flag': True, 'power_on_flag': False, 'tray_exist_bits': 'f', 'tray_hall_out_bits': '0', 'tray_is_bbl_bits': 'f', 'tray_now': '255', 'tray_pre': '255', 'tray_read_done_bits': 'f', 'tray_reading_bits': '0', 'tray_tar': '255', 'unbind_ams_stat': 0, 'version': 5644}
2026-07-14 10:01:16,144 DEBUG [backend.app.services.bambu_mqtt] [-] [[SERIAL]] tray_now updated: 255
2026-07-14 10:01:16,144 DEBUG [backend.app.services.bambu_mqtt] [-] [[SERIAL]] Merged AMS data: 1 new units, 1 total
2026-07-14 10:01:16,145 DEBUG [backend.app.services.bambu_mqtt] [-] [[SERIAL]] AMS 0 info=0x11942123 -> extruder 1
2026-07-14 10:01:16,145 DEBUG [backend.app.services.bambu_mqtt] [-] [[SERIAL]] ams_extruder_map: {'0': 1}
2026-07-14 10:01:16,145 DEBUG [backend.app.services.bambu_mqtt] [-] [[SERIAL]] ams_status: 0 (main=0, sub=0)
2026-07-14 10:01:16,146 DEBUG [backend.app.services.bambu_mqtt] [-] [[SERIAL]] Received command response: push_status
2026-07-14 10:01:16,146 DEBUG [backend.app.services.bambu_mqtt] [-] [[SERIAL]] device.extruder.state=2 (switch_state bits 12-14: 0)
2026-07-14 10:01:16,147 DEBUG [backend.app.services.bambu_mqtt] [-] [[SERIAL]] info.temp direct: 41°C (heater OFF)
2026-07-14 10:01:16,148 DEBUG [backend.app.services.bambu_mqtt] [-] [[SERIAL]] ctc_info keys: ['temp']
2026-07-14 10:01:16,148 DEBUG [backend.app.services.bambu_mqtt] [-] [[SERIAL]] Chamber heating calculated: target=0.0, current=41.0, heating=False, respect_local=False
2026-07-14 10:01:16,149 DEBUG [backend.app.services.bambu_mqtt] [-] [[SERIAL]] Chamber temp updated to: 41.0, target: 0.0, heating: False
2026-07-14 10:01:16,149 DEBUG [backend.app.services.bambu_mqtt] [-] [[SERIAL]] HMS data received: [{'attr': 83887616, 'code': 131184, 'ts_boot': 16648, 'ts_unix': '20260711141537'}, {'attr': 83886592, 'code': 196618, 'ts_boot': 62434119, 'ts_unix': '20260712073555'}]
2026-07-14 10:01:16,150 DEBUG [backend.app.services.bambu_mqtt] [-] [[SERIAL]] ipcam field: {'agora_service': 'disable', 'brtc_service': 'enable', 'bs_state': 0, 'cap_pic_enable': 'invalid', 'ipcam_dev': '1', 'ipcam_record': 'enable', 'laser_preview_res': 7, 'liveview_preview': True, 'mode_bits': 2, 'resolution': '1080p', 'rtsp_url': 'rtsps://[IP]:322/streaming/live/1', 'timelapse': 'disable', 'tl_external_free_kb': 4674304, 'tl_external_total_kb': 30716160, 'tl_internal_free_kb': 699415, 'tl_internal_total_kb': 962560, 'tl_store_hpd_type': 2, 'tl_store_path_type': 2, 'tutk_server': 'disable'}
2026-07-14 10:01:16,151 DEBUG [backend.app.services.bambu_mqtt] [-] [[SERIAL]] wifi_signal received: -26dBm
2026-07-14 10:01:16,151 DEBUG [backend.app.services.bambu_mqtt] [-] [[SERIAL]] lights_report: [{'mode': 'off', 'node': 'chamber_light'}, {'mode': 'flashing', 'node': 'work_light'}]
2026-07-14 10:01:16,152 DEBUG [backend.app.services.bambu_mqtt] [-] [[SERIAL]] MQTT mapping field: [65024, 65024, 65024, 65024, 65024, 65024, 65024, 65024, 65024, 65024, 65024, 65024, 65024, 65024, 65024, 65024, 65024, 65024, 65024, 65024, 65024, 65024, 65024, 65024, 65024, 65024, 65024, 65024, 65024, 65024, 65024, 65024]
2026-07-14 10:01:16,152 DEBUG [backend.app.services.bambu_mqtt] [-] [[SERIAL]] gcode_state: RUNNING -> RUNNING, file: /data/filament_drying.gcode, subtask: filament_drying.gcode
2026-07-14 10:01:17,206 DEBUG [backend.app.services.bambu_mqtt] [-] [[SERIAL]] Found xcam inside print data: {'allow_skip_parts': False, 'buildplate_marker_detector': False, 'cfg': 8089287, 'first_layer_inspector': True, 'halt_print_sensitivity': 'medium', 'print_halt': True, 'printing_monitor': True, 'spaghetti_detector': True}
2026-07-14 10:01:17,207 DEBUG [backend.app.services.bambu_mqtt] [-] [[SERIAL]] Parsing xcam data - all fields: ['allow_skip_parts', 'buildplate_marker_detector', 'cfg', 'first_layer_inspector', 'halt_print_sensitivity', 'print_halt', 'printing_monitor', 'spaghetti_detector']
2026-07-14 10:01:17,207 DEBUG [backend.app.services.bambu_mqtt] [-] [[SERIAL]] xcam cfg bitmask: 8089287 (binary: 0b11110110110111011000111)
2026-07-14 10:01:17,208 DEBUG [backend.app.services.bambu_mqtt] [-] [[SERIAL]] Received gcode_state: RUNNING, gcode_file: /data/filament_drying.gcode, subtask_name: filament_drying.gcode
2026-07-14 10:01:17,208 DEBUG [backend.app.services.bambu_mqtt] [-] [[SERIAL]] AMS dict fields: {'ams_exist_bits': '1', 'ams_exist_bits_raw': '1', 'cali_id': 255, 'cali_stat': 0, 'cfs': [2, 3, 4], 'insert_flag': True, 'power_on_flag': False, 'tray_exist_bits': 'f', 'tray_hall_out_bits': '0', 'tray_is_bbl_bits': 'f', 'tray_now': '255', 'tray_pre': '255', 'tray_read_done_bits': 'f', 'tray_reading_bits': '0', 'tray_tar': '255', 'unbind_ams_stat': 0, 'version': 5644}
2026-07-14 10:01:17,208 DEBUG [backend.app.services.bambu_mqtt] [-] [[SERIAL]] tray_now updated: 255
2026-07-14 10:01:17,209 DEBUG [backend.app.services.bambu_mqtt] [-] [[SERIAL]] Merged AMS data: 1 new units, 1 total
2026-07-14 10:01:17,209 DEBUG [backend.app.services.bambu_mqtt] [-] [[SERIAL]] AMS 0 info=0x11942123 -> extruder 1
2026-07-14 10:01:17,210 DEBUG [backend.app.services.bambu_mqtt] [-] [[SERIAL]] ams_extruder_map: {'0': 1}
2026-07-14 10:01:17,210 DEBUG [backend.app.services.bambu_mqtt] [-] [[SERIAL]] ams_status: 0 (main=0, sub=0)
2026-07-14 10:01:17,210 DEBUG [backend.app.services.bambu_mqtt] [-] [[SERIAL]] Received command response: push_status
2026-07-14 10:01:17,211 DEBUG [backend.app.services.bambu_mqtt] [-] [[SERIAL]] device.extruder.state=2 (switch_state bits 12-14: 0)
2026-07-14 10:01:17,211 DEBUG [backend.app.services.bambu_mqtt] [-] [[SERIAL]] info.temp direct: 41°C (heater OFF)
2026-07-14 10:01:17,212 DEBUG [backend.app.services.bambu_mqtt] [-] [[SERIAL]] ctc_info keys: ['temp']
2026-07-14 10:01:17,213 DEBUG [backend.app.services.bambu_mqtt] [-] [[SERIAL]] Chamber heating calculated: target=0.0, current=41.0, heating=False, respect_local=False
2026-07-14 10:01:17,213 DEBUG [backend.app.services.bambu_mqtt] [-] [[SERIAL]] Chamber temp updated to: 41.0, target: 0.0, heating: False
2026-07-14 10:01:17,214 DEBUG [backend.app.services.bambu_mqtt] [-] [[SERIAL]] HMS data received: [{'attr': 83887616, 'code': 131184, 'ts_boot': 16648, 'ts_unix': '20260711141537'}, {'attr': 83886592, 'code': 196618, 'ts_boot': 62434119, 'ts_unix': '20260712073555'}]
2026-07-14 10:01:17,214 DEBUG [backend.app.services.bambu_mqtt] [-] [[SERIAL]] ipcam field: {'agora_service': 'disable', 'brtc_service': 'enable', 'bs_state': 0, 'cap_pic_enable': 'invalid', 'ipcam_dev': '1', 'ipcam_record': 'enable', 'laser_preview_res': 7, 'liveview_preview': True, 'mode_bits': 2, 'resolution': '1080p', 'rtsp_url': 'rtsps://[IP]:322/streaming/live/1', 'timelapse': 'disable', 'tl_external_free_kb': 4674304, 'tl_external_total_kb': 30716160, 'tl_internal_free_kb': 699415, 'tl_internal_total_kb': 962560, 'tl_store_hpd_type': 2, 'tl_store_path_type': 2, 'tutk_server': 'disable'}
2026-07-14 10:01:17,215 DEBUG [backend.app.services.bambu_mqtt] [-] [[SERIAL]] wifi_signal received: -26dBm
2026-07-14 10:01:17,215 DEBUG [backend.app.services.bambu_mqtt] [-] [[SERIAL]] lights_report: [{'mode': 'off', 'node': 'chamber_light'}, {'mode': 'flashing', 'node': 'work_light'}]
2026-07-14 10:01:17,216 DEBUG [backend.app.services.bambu_mqtt] [-] [[SERIAL]] MQTT mapping field: [65024, 65024, 65024, 65024, 65024, 65024, 65024, 65024, 65024, 65024, 65024, 65024, 65024, 65024, 65024, 65024, 65024, 65024, 65024, 65024, 65024, 65024, 65024, 65024, 65024, 65024, 65024, 65024, 65024, 65024, 65024, 65024]
2026-07-14 10:01:17,216 DEBUG [backend.app.services.bambu_mqtt] [-] [[SERIAL]] gcode_state: RUNNING -> RUNNING, file: /data/filament_drying.gcode, subtask: filament_drying.gcode
2026-07-14 10:01:18,514 DEBUG [backend.app.services.bambu_mqtt] [-] [[SERIAL]] Found xcam inside print data: {'allow_skip_parts': False, 'buildplate_marker_detector': False, 'cfg': 8089287, 'first_layer_inspector': True, 'halt_print_sensitivity': 'medium', 'print_halt': True, 'printing_monitor': True, 'spaghetti_detector': True}
2026-07-14 10:01:18,514 DEBUG [backend.app.services.bambu_mqtt] [-] [[SERIAL]] Parsing xcam data - all fields: ['allow_skip_parts', 'buildplate_marker_detector', 'cfg', 'first_layer_inspector', 'halt_print_sensitivity', 'print_halt', 'printing_monitor', 'spaghetti_detector']
2026-07-14 10:01:18,514 DEBUG [backend.app.services.bambu_mqtt] [-] [[SERIAL]] xcam cfg bitmask: 8089287 (binary: 0b11110110110111011000111)
2026-07-14 10:01:18,515 DEBUG [backend.app.services.bambu_mqtt] [-] [[SERIAL]] Received gcode_state: RUNNING, gcode_file: /data/filament_drying.gcode, subtask_name: filament_drying.gcode
2026-07-14 10:01:18,515 DEBUG [backend.app.services.bambu_mqtt] [-] [[SERIAL]] AMS dict fields: {'ams_exist_bits': '1', 'ams_exist_bits_raw': '1', 'cali_id': 255, 'cali_stat': 0, 'cfs': [2, 3, 4], 'insert_flag': True, 'power_on_flag': False, 'tray_exist_bits': 'f', 'tray_hall_out_bits': '0', 'tray_is_bbl_bits': 'f', 'tray_now': '255', 'tray_pre': '255', 'tray_read_done_bits': 'f', 'tray_reading_bits': '0', 'tray_tar': '255', 'unbind_ams_stat': 0, 'version': 5644}
2026-07-14 10:01:18,516 DEBUG [backend.app.services.bambu_mqtt] [-] [[SERIAL]] tray_now updated: 255
2026-07-14 10:01:18,516 DEBUG [backend.app.services.bambu_mqtt] [-] [[SERIAL]] Merged AMS data: 1 new units, 1 total
2026-07-14 10:01:18,517 DEBUG [backend.app.services.bambu_mqtt] [-] [[SERIAL]] AMS 0 info=0x11942123 -> extruder 1
2026-07-14 10:01:18,517 DEBUG [backend.app.services.bambu_mqtt] [-] [[SERIAL]] ams_extruder_map: {'0': 1}
2026-07-14 10:01:18,517 DEBUG [backend.app.services.bambu_mqtt] [-] [[SERIAL]] ams_status: 0 (main=0, sub=0)
2026-07-14 10:01:18,518 DEBUG [backend.app.services.bambu_mqtt] [-] [[SERIAL]] Received command response: push_status
2026-07-14 10:01:18,518 DEBUG [backend.app.services.bambu_mqtt] [-] [[SERIAL]] device.extruder.state=2 (switch_state bits 12-14: 0)
2026-07-14 10:01:18,519 DEBUG [backend.app.services.bambu_mqtt] [-] [[SERIAL]] info.temp direct: 41°C (heater OFF)
2026-07-14 10:01:18,519 DEBUG [backend.app.services.bambu_mqtt] [-] [[SERIAL]] ctc_info keys: ['temp']
2026-07-14 10:01:18,520 DEBUG [backend.app.services.bambu_mqtt] [-] [[SERIAL]] Chamber heating calculated: target=0.0, current=41.0, heating=False, respect_local=False
2026-07-14 10:01:18,521 DEBUG [backend.app.services.bambu_mqtt] [-] [[SERIAL]] Chamber temp updated to: 41.0, target: 0.0, heating: False
2026-07-14 10:01:18,521 DEBUG [backend.app.services.bambu_mqtt] [-] [[SERIAL]] HMS data received: [{'attr': 83887616, 'code': 131184, 'ts_boot': 16648, 'ts_unix': '20260711141537'}, {'attr': 83886592, 'code': 196618, 'ts_boot': 62434119, 'ts_unix': '20260712073555'}]
2026-07-14 10:01:18,521 DEBUG [backend.app.services.bambu_mqtt] [-] [[SERIAL]] ipcam field: {'agora_service': 'disable', 'brtc_service': 'enable', 'bs_state': 0, 'cap_pic_enable': 'invalid', 'ipcam_dev': '1', 'ipcam_record': 'enable', 'laser_preview_res': 7, 'liveview_preview': True, 'mode_bits': 2, 'resolution': '1080p', 'rtsp_url': 'rtsps://[IP]:322/streaming/live/1', 'timelapse': 'disable', 'tl_external_free_kb': 4673280, 'tl_external_total_kb': 30716160, 'tl_internal_free_kb': 699415, 'tl_internal_total_kb': 962560, 'tl_store_hpd_type': 2, 'tl_store_path_type': 2, 'tutk_server': 'disable'}
2026-07-14 10:01:18,522 DEBUG [backend.app.services.bambu_mqtt] [-] [[SERIAL]] wifi_signal received: -26dBm
2026-07-14 10:01:18,522 DEBUG [backend.app.services.bambu_mqtt] [-] [[SERIAL]] lights_report: [{'mode': 'off', 'node': 'chamber_light'}, {'mode': 'flashing', 'node': 'work_light'}]
2026-07-14 10:01:18,523 DEBUG [backend.app.services.bambu_mqtt] [-] [[SERIAL]] MQTT mapping field: [65024, 65024, 65024, 65024, 65024, 65024, 65024, 65024, 65024, 65024, 65024, 65024, 65024, 65024, 65024, 65024, 65024, 65024, 65024, 65024, 65024, 65024, 65024, 65024, 65024, 65024, 65024, 65024, 65024, 65024, 65024, 65024]
2026-07-14 10:01:18,524 DEBUG [backend.app.services.bambu_mqtt] [-] [[SERIAL]] gcode_state: RUNNING -> RUNNING, file: /data/filament_drying.gcode, subtask: filament_drying.gcode
2026-07-14 10:01:19,205 DEBUG [backend.app.main] [-] [[PRINTER]] Runtime tracking: added 30s, total=397066s (110.30h)
2026-07-14 10:01:19,213 DEBUG [backend.app.main] [-] Updated runtime for 1 printer(s)
2026-07-14 10:01:19,540 DEBUG [backend.app.services.bambu_mqtt] [-] [[SERIAL]] Found xcam inside print data: {'allow_skip_parts': False, 'buildplate_marker_detector': False, 'cfg': 8089287, 'first_layer_inspector': True, 'halt_print_sensitivity': 'medium', 'print_halt': True, 'printing_monitor': True, 'spaghetti_detector': True}
2026-07-14 10:01:19,540 DEBUG [backend.app.services.bambu_mqtt] [-] [[SERIAL]] Parsing xcam data - all fields: ['allow_skip_parts', 'buildplate_marker_detector', 'cfg', 'first_layer_inspector', 'halt_print_sensitivity', 'print_halt', 'printing_monitor', 'spaghetti_detector']
2026-07-14 10:01:19,541 DEBUG [backend.app.services.bambu_mqtt] [-] [[SERIAL]] xcam cfg bitmask: 8089287 (binary: 0b11110110110111011000111)
2026-07-14 10:01:19,541 DEBUG [backend.app.services.bambu_mqtt] [-] [[SERIAL]] Received gcode_state: RUNNING, gcode_file: /data/filament_drying.gcode, subtask_name: filament_drying.gcode
2026-07-14 10:01:19,541 DEBUG [backend.app.services.bambu_mqtt] [-] [[SERIAL]] AMS dict fields: {'ams_exist_bits': '1', 'ams_exist_bits_raw': '1', 'cali_id': 255, 'cali_stat': 0, 'cfs': [2, 3, 4], 'insert_flag': True, 'power_on_flag': False, 'tray_exist_bits': 'f', 'tray_hall_out_bits': '0', 'tray_is_bbl_bits': 'f', 'tray_now': '255', 'tray_pre': '255', 'tray_read_done_bits': 'f', 'tray_reading_bits': '0', 'tray_tar': '255', 'unbind_ams_stat': 0, 'version': 5644}
2026-07-14 10:01:19,542 DEBUG [backend.app.services.bambu_mqtt] [-] [[SERIAL]] tray_now updated: 255
2026-07-14 10:01:19,542 DEBUG [backend.app.services.bambu_mqtt] [-] [[SERIAL]] Merged AMS data: 1 new units, 1 total
2026-07-14 10:01:19,543 DEBUG [backend.app.services.bambu_mqtt] [-] [[SERIAL]] AMS 0 info=0x11942123 -> extruder 1
2026-07-14 10:01:19,543 DEBUG [backend.app.services.bambu_mqtt] [-] [[SERIAL]] ams_extruder_map: {'0': 1}
2026-07-14 10:01:19,544 DEBUG [backend.app.services.bambu_mqtt] [-] [[SERIAL]] ams_status: 0 (main=0, sub=0)
2026-07-14 10:01:19,544 DEBUG [backend.app.services.bambu_mqtt] [-] [[SERIAL]] Received command response: push_status
2026-07-14 10:01:19,545 DEBUG [backend.app.services.bambu_mqtt] [-] [[SERIAL]] device.extruder.state=2 (switch_state bits 12-14: 0)
2026-07-14 10:01:19,545 DEBUG [backend.app.services.bambu_mqtt] [-] [[SERIAL]] info.temp direct: 41°C (heater OFF)
2026-07-14 10:01:19,546 DEBUG [backend.app.services.bambu_mqtt] [-] [[SERIAL]] ctc_info keys: ['temp']
2026-07-14 10:01:19,546 DEBUG [backend.app.services.bambu_mqtt] [-] [[SERIAL]] Chamber heating calculated: target=0.0, current=41.0, heating=False, respect_local=False
2026-07-14 10:01:19,547 DEBUG [backend.app.services.bambu_mqtt] [-] [[SERIAL]] Chamber temp updated to: 41.0, target: 0.0, heating: False
2026-07-14 10:01:19,548 DEBUG [backend.app.services.bambu_mqtt] [-] [[SERIAL]] HMS data received: [{'attr': 83887616, 'code': 131184, 'ts_boot': 16648, 'ts_unix': '20260711141537'}, {'attr': 83886592, 'code': 196618, 'ts_boot': 62434119, 'ts_unix': '20260712073555'}]
2026-07-14 10:01:19,548 DEBUG [backend.app.services.bambu_mqtt] [-] [[SERIAL]] ipcam field: {'agora_service': 'disable', 'brtc_service': 'enable', 'bs_state': 0, 'cap_pic_enable': 'invalid', 'ipcam_dev': '1', 'ipcam_record': 'enable', 'laser_preview_res': 7, 'liveview_preview': True, 'mode_bits': 2, 'resolution': '1080p', 'rtsp_url': 'rtsps://[IP]:322/streaming/live/1', 'timelapse': 'disable', 'tl_external_free_kb': 4673280, 'tl_external_total_kb': 30716160, 'tl_internal_free_kb': 699415, 'tl_internal_total_kb': 962560, 'tl_store_hpd_type': 2, 'tl_store_path_type': 2, 'tutk_server': 'disable'}
2026-07-14 10:01:19,549 DEBUG [backend.app.services.bambu_mqtt] [-] [[SERIAL]] wifi_signal received: -26dBm
2026-07-14 10:01:19,549 DEBUG [backend.app.services.bambu_mqtt] [-] [[SERIAL]] lights_report: [{'mode': 'off', 'node': 'chamber_light'}, {'mode': 'flashing', 'node': 'work_light'}]
2026-07-14 10:01:19,550 DEBUG [backend.app.services.bambu_mqtt] [-] [[SERIAL]] MQTT mapping field: [65024, 65024, 65024, 65024, 65024, 65024, 65024, 65024, 65024, 65024, 65024, 65024, 65024, 65024, 65024, 65024, 65024, 65024, 65024, 65024, 65024, 65024, 65024, 65024, 65024, 65024, 65024, 65024, 65024, 65024, 65024, 65024]
2026-07-14 10:01:19,550 DEBUG [backend.app.services.bambu_mqtt] [-] [[SERIAL]] gcode_state: RUNNING -> RUNNING, file: /data/filament_drying.gcode, subtask: filament_drying.gcode