2026-04-14 08:31:19,655 INFO [backend.app.api.routes.websocket] Sent initial status for 2 printers
2026-04-14 08:34:02,476 INFO [root] Logging to file: /app/logs/bambuddy.log
2026-04-14 08:34:02,477 INFO [root] Bambuddy starting - debug=False, log_level=INFO
2026-04-14 08:34:03,549 INFO [backend.app.services.mqtt_relay] MQTT relay disabled
2026-04-14 08:34:05,585 INFO [backend.app.services.background_dispatch] Background dispatch dispatcher started
2026-04-14 08:34:05,586 INFO [backend.app.services.smart_plug_manager] Smart plug scheduler started
2026-04-14 08:34:05,589 INFO [backend.app.services.print_scheduler] Print scheduler started
2026-04-14 08:34:05,597 INFO [backend.app.services.notification_service] Notification digest scheduler started
2026-04-14 08:34:05,598 INFO [backend.app.services.github_backup] Starting GitHub backup scheduler
2026-04-14 08:34:05,598 INFO [backend.app.main] AMS history recording started
2026-04-14 08:34:05,598 INFO [backend.app.main] Printer runtime tracking started
2026-04-14 08:34:05,599 INFO [backend.app.main] SpoolBuddy watchdog started
2026-04-14 08:34:05,599 INFO [backend.app.main] Camera stream cleanup started
2026-04-14 08:34:05,599 INFO [backend.app.main] Expected prints cleanup started
2026-04-14 08:34:05,644 INFO [root] Virtual printer manager synced from database
2026-04-14 08:34:08,650 INFO [backend.app.api.routes.websocket] WebSocket client connecting...
2026-04-14 08:34:08,650 INFO [backend.app.api.routes.websocket] WebSocket client connected
2026-04-14 08:34:08,652 INFO [backend.app.api.routes.websocket] Sent initial status for 2 printers
2026-04-14 08:34:34,419 INFO [backend.app.api.routes.websocket] WebSocket client disconnected normally
2026-04-14 08:34:40,749 INFO [backend.app.api.routes.websocket] WebSocket client connecting...
2026-04-14 08:34:40,751 INFO [backend.app.api.routes.websocket] WebSocket client connected
2026-04-14 08:34:40,755 INFO [backend.app.api.routes.websocket] Sent initial status for 2 printers
2026-04-14 08:38:08,602 INFO [root] Logging to file: /app/logs/bambuddy.log
2026-04-14 08:38:08,604 INFO [root] Bambuddy starting - debug=False, log_level=INFO
2026-04-14 08:38:09,814 INFO [backend.app.services.mqtt_relay] MQTT relay disabled
2026-04-14 08:38:11,852 INFO [backend.app.services.background_dispatch] Background dispatch dispatcher started
2026-04-14 08:38:11,852 INFO [backend.app.services.smart_plug_manager] Smart plug scheduler started
2026-04-14 08:38:11,857 INFO [backend.app.services.print_scheduler] Print scheduler started
2026-04-14 08:38:11,865 INFO [backend.app.services.notification_service] Notification digest scheduler started
2026-04-14 08:38:11,865 INFO [backend.app.services.github_backup] Starting GitHub backup scheduler
2026-04-14 08:38:11,865 INFO [backend.app.main] AMS history recording started
2026-04-14 08:38:11,866 INFO [backend.app.main] Printer runtime tracking started
2026-04-14 08:38:11,866 INFO [backend.app.main] SpoolBuddy watchdog started
2026-04-14 08:38:11,866 INFO [backend.app.main] Camera stream cleanup started
2026-04-14 08:38:11,866 INFO [backend.app.main] Expected prints cleanup started
2026-04-14 08:38:11,942 INFO [root] Virtual printer manager synced from database
2026-04-14 12:26:25,356 INFO [root] Logging to file: /app/logs/bambuddy.log
2026-04-14 12:26:25,357 INFO [root] Bambuddy starting - debug=False, log_level=INFO
2026-04-14 12:26:26,515 INFO [backend.app.services.mqtt_relay] MQTT relay disabled
2026-04-14 12:26:28,561 INFO [backend.app.services.background_dispatch] Background dispatch dispatcher started
2026-04-14 12:26:28,561 INFO [backend.app.services.smart_plug_manager] Smart plug scheduler started
2026-04-14 12:26:28,565 INFO [backend.app.services.print_scheduler] Print scheduler started
2026-04-14 12:26:28,571 INFO [backend.app.services.notification_service] Notification digest scheduler started
2026-04-14 12:26:28,572 INFO [backend.app.services.github_backup] Starting GitHub backup scheduler
2026-04-14 12:26:28,572 INFO [backend.app.main] AMS history recording started
2026-04-14 12:26:28,572 INFO [backend.app.main] Printer runtime tracking started
2026-04-14 12:26:28,572 INFO [backend.app.main] SpoolBuddy watchdog started
2026-04-14 12:26:28,572 INFO [backend.app.main] Camera stream cleanup started
2026-04-14 12:26:28,572 INFO [backend.app.main] Expected prints cleanup started
2026-04-14 12:26:28,630 INFO [root] Virtual printer manager synced from database
2026-04-15 05:29:52,889 INFO [root] Logging to file: /app/logs/bambuddy.log
2026-04-15 05:29:52,890 INFO [root] Bambuddy starting - debug=False, log_level=INFO
2026-04-15 05:29:54,048 INFO [backend.app.services.mqtt_relay] MQTT relay disabled
2026-04-15 05:29:56,089 INFO [backend.app.services.background_dispatch] Background dispatch dispatcher started
2026-04-15 05:29:56,089 INFO [backend.app.services.smart_plug_manager] Smart plug scheduler started
2026-04-15 05:29:56,093 INFO [backend.app.services.print_scheduler] Print scheduler started
2026-04-15 05:29:56,099 INFO [backend.app.services.notification_service] Notification digest scheduler started
2026-04-15 05:29:56,099 INFO [backend.app.services.github_backup] Starting GitHub backup scheduler
2026-04-15 05:29:56,100 INFO [backend.app.main] AMS history recording started
2026-04-15 05:29:56,100 INFO [backend.app.main] Printer runtime tracking started
2026-04-15 05:29:56,100 INFO [backend.app.main] SpoolBuddy watchdog started
2026-04-15 05:29:56,100 INFO [backend.app.main] Camera stream cleanup started
2026-04-15 05:29:56,100 INFO [backend.app.main] Expected prints cleanup started
2026-04-15 05:29:56,159 INFO [root] Virtual printer manager synced from database
2026-04-15 05:34:19,216 INFO [root] Logging to file: /app/logs/bambuddy.log
2026-04-15 05:34:19,217 INFO [root] Bambuddy starting - debug=False, log_level=INFO
2026-04-15 05:34:20,662 INFO [backend.app.services.mqtt_relay] MQTT relay disabled
2026-04-15 05:34:22,701 INFO [backend.app.services.background_dispatch] Background dispatch dispatcher started
2026-04-15 05:34:22,701 INFO [backend.app.services.smart_plug_manager] Smart plug scheduler started
2026-04-15 05:34:22,706 INFO [backend.app.services.print_scheduler] Print scheduler started
2026-04-15 05:34:22,714 INFO [backend.app.services.notification_service] Notification digest scheduler started
2026-04-15 05:34:22,714 INFO [backend.app.services.github_backup] Starting GitHub backup scheduler
2026-04-15 05:34:22,714 INFO [backend.app.main] AMS history recording started
2026-04-15 05:34:22,714 INFO [backend.app.main] Printer runtime tracking started
2026-04-15 05:34:22,714 INFO [backend.app.main] SpoolBuddy watchdog started
2026-04-15 05:34:22,714 INFO [backend.app.main] Camera stream cleanup started
2026-04-15 05:34:22,714 INFO [backend.app.main] Expected prints cleanup started
2026-04-15 05:34:22,777 INFO [root] Virtual printer manager synced from database
2026-04-15 06:00:56,664 INFO [root] Logging to file: /app/logs/bambuddy.log
2026-04-15 06:00:56,666 INFO [root] Bambuddy starting - debug=False, log_level=INFO
2026-04-15 06:00:57,989 INFO [backend.app.services.mqtt_relay] MQTT relay disabled
2026-04-15 06:01:00,028 INFO [backend.app.services.background_dispatch] Background dispatch dispatcher started
2026-04-15 06:01:00,028 INFO [backend.app.services.smart_plug_manager] Smart plug scheduler started
2026-04-15 06:01:00,032 INFO [backend.app.services.print_scheduler] Print scheduler started
2026-04-15 06:01:00,042 INFO [backend.app.services.notification_service] Notification digest scheduler started
2026-04-15 06:01:00,043 INFO [backend.app.services.github_backup] Starting GitHub backup scheduler
2026-04-15 06:01:00,043 INFO [backend.app.main] AMS history recording started
2026-04-15 06:01:00,044 INFO [backend.app.main] Printer runtime tracking started
2026-04-15 06:01:00,044 INFO [backend.app.main] SpoolBuddy watchdog started
2026-04-15 06:01:00,045 INFO [backend.app.main] Camera stream cleanup started
2026-04-15 06:01:00,045 INFO [backend.app.main] Expected prints cleanup started
2026-04-15 06:01:00,117 INFO [root] Virtual printer manager synced from database
2026-04-15 13:54:07,847 INFO [root] Logging to file: /app/logs/bambuddy.log
2026-04-15 13:54:07,849 INFO [root] Bambuddy starting - debug=False, log_level=INFO
2026-04-15 13:54:09,262 INFO [backend.app.services.mqtt_relay] MQTT relay disabled
2026-04-15 13:54:11,302 INFO [backend.app.services.background_dispatch] Background dispatch dispatcher started
2026-04-15 13:54:11,302 INFO [backend.app.services.smart_plug_manager] Smart plug scheduler started
2026-04-15 13:54:11,307 INFO [backend.app.services.print_scheduler] Print scheduler started
2026-04-15 13:54:11,316 INFO [backend.app.services.notification_service] Notification digest scheduler started
2026-04-15 13:54:11,316 INFO [backend.app.services.github_backup] Starting GitHub backup scheduler
2026-04-15 13:54:11,316 INFO [backend.app.main] AMS history recording started
2026-04-15 13:54:11,316 INFO [backend.app.main] Printer runtime tracking started
2026-04-15 13:54:11,317 INFO [backend.app.main] SpoolBuddy watchdog started
2026-04-15 13:54:11,317 INFO [backend.app.main] Camera stream cleanup started
2026-04-15 13:54:11,317 INFO [backend.app.main] Expected prints cleanup started
2026-04-15 13:54:11,404 INFO [root] Virtual printer manager synced from database
2026-04-15 17:16:33,332 INFO [root] Logging to file: /app/logs/bambuddy.log
2026-04-15 17:16:33,333 INFO [root] Bambuddy starting - debug=False, log_level=INFO
2026-04-15 17:16:34,409 INFO [backend.app.services.mqtt_relay] MQTT relay disabled
2026-04-15 17:16:36,446 INFO [backend.app.services.background_dispatch] Background dispatch dispatcher started
2026-04-15 17:16:36,447 INFO [backend.app.services.smart_plug_manager] Smart plug scheduler started
2026-04-15 17:16:36,454 INFO [backend.app.services.print_scheduler] Print scheduler started
2026-04-15 17:16:36,466 INFO [backend.app.services.notification_service] Notification digest scheduler started
2026-04-15 17:16:36,466 INFO [backend.app.services.github_backup] Starting GitHub backup scheduler
2026-04-15 17:16:36,467 INFO [backend.app.main] AMS history recording started
2026-04-15 17:16:36,467 INFO [backend.app.main] Printer runtime tracking started
2026-04-15 17:16:36,467 INFO [backend.app.main] SpoolBuddy watchdog started
2026-04-15 17:16:36,467 INFO [backend.app.main] Camera stream cleanup started
2026-04-15 17:16:36,467 INFO [backend.app.main] Expected prints cleanup started
2026-04-15 17:16:36,549 INFO [root] Virtual printer manager synced from database
2026-04-15 17:16:41,539 INFO [backend.app.api.routes.websocket] WebSocket client connecting...
2026-04-15 17:16:41,539 INFO [backend.app.api.routes.websocket] WebSocket client connected
2026-04-15 17:16:41,541 INFO [backend.app.api.routes.websocket] Sent initial status for 2 printers
2026-04-15 17:17:34,290 INFO [backend.app.api.routes.websocket] WebSocket client connecting...
2026-04-15 17:17:34,292 INFO [backend.app.api.routes.websocket] WebSocket client connected
2026-04-15 17:17:34,295 INFO [backend.app.api.routes.websocket] Sent initial status for 2 printers
2026-04-15 17:35:25,300 INFO [root] Logging to file: /app/logs/bambuddy.log
2026-04-15 17:35:25,301 INFO [root] Bambuddy starting - debug=False, log_level=INFO
2026-04-15 17:35:26,447 INFO [backend.app.services.mqtt_relay] MQTT relay disabled
2026-04-15 17:35:28,486 INFO [backend.app.services.background_dispatch] Background dispatch dispatcher started
2026-04-15 17:35:28,486 INFO [backend.app.services.smart_plug_manager] Smart plug scheduler started
2026-04-15 17:35:28,490 INFO [backend.app.services.print_scheduler] Print scheduler started
2026-04-15 17:35:28,500 INFO [backend.app.services.notification_service] Notification digest scheduler started
2026-04-15 17:35:28,500 INFO [backend.app.services.github_backup] Starting GitHub backup scheduler
2026-04-15 17:35:28,500 INFO [backend.app.main] AMS history recording started
2026-04-15 17:35:28,501 INFO [backend.app.main] Printer runtime tracking started
2026-04-15 17:35:28,501 INFO [backend.app.main] SpoolBuddy watchdog started
2026-04-15 17:35:28,501 INFO [backend.app.main] Camera stream cleanup started
2026-04-15 17:35:28,501 INFO [backend.app.main] Expected prints cleanup started
2026-04-15 17:35:28,574 INFO [root] Virtual printer manager synced from database
2026-04-15 17:35:30,058 INFO [backend.app.api.routes.websocket] WebSocket client connecting...
2026-04-15 17:35:30,058 INFO [backend.app.api.routes.websocket] WebSocket client connected
2026-04-15 17:35:30,060 INFO [backend.app.api.routes.websocket] Sent initial status for 2 printers
2026-04-15 17:35:30,084 INFO [backend.app.api.routes.websocket] WebSocket client connecting...
2026-04-15 17:35:30,084 INFO [backend.app.api.routes.websocket] WebSocket client connected
2026-04-15 17:35:30,086 INFO [backend.app.api.routes.websocket] Sent initial status for 2 printers
2026-04-15 17:37:09,510 INFO [root] Logging to file: /app/logs/bambuddy.log
2026-04-15 17:37:09,511 INFO [root] Bambuddy starting - debug=False, log_level=INFO
2026-04-15 17:37:10,633 INFO [backend.app.services.mqtt_relay] MQTT relay disabled
2026-04-15 17:37:12,678 INFO [backend.app.services.background_dispatch] Background dispatch dispatcher started
2026-04-15 17:37:12,681 INFO [backend.app.services.smart_plug_manager] Smart plug scheduler started
2026-04-15 17:37:12,685 INFO [backend.app.services.print_scheduler] Print scheduler started
2026-04-15 17:37:12,691 INFO [backend.app.services.notification_service] Notification digest scheduler started
2026-04-15 17:37:12,691 INFO [backend.app.services.github_backup] Starting GitHub backup scheduler
2026-04-15 17:37:12,691 INFO [backend.app.main] AMS history recording started
2026-04-15 17:37:12,692 INFO [backend.app.main] Printer runtime tracking started
2026-04-15 17:37:12,692 INFO [backend.app.main] SpoolBuddy watchdog started
2026-04-15 17:37:12,692 INFO [backend.app.main] Camera stream cleanup started
2026-04-15 17:37:12,692 INFO [backend.app.main] Expected prints cleanup started
2026-04-15 17:37:12,749 INFO [root] Virtual printer manager synced from database
2026-04-15 17:37:13,031 INFO [backend.app.api.routes.websocket] WebSocket client connecting...
2026-04-15 17:37:13,032 INFO [backend.app.api.routes.websocket] WebSocket client connected
2026-04-15 17:37:13,033 INFO [backend.app.api.routes.websocket] Sent initial status for 2 printers
2026-04-15 17:37:13,188 INFO [backend.app.api.routes.websocket] WebSocket client connecting...
2026-04-15 17:37:13,189 INFO [backend.app.api.routes.websocket] WebSocket client connected
2026-04-15 17:37:13,190 INFO [backend.app.api.routes.websocket] Sent initial status for 2 printers
2026-04-15 18:15:28,456 INFO [root] Logging to file: /app/logs/bambuddy.log
2026-04-15 18:15:28,457 INFO [root] Bambuddy starting - debug=False, log_level=INFO
2026-04-15 18:15:29,611 INFO [backend.app.services.mqtt_relay] MQTT relay disabled
2026-04-15 18:15:31,665 INFO [backend.app.services.background_dispatch] Background dispatch dispatcher started
2026-04-15 18:15:31,666 INFO [backend.app.services.smart_plug_manager] Smart plug scheduler started
2026-04-15 18:15:31,669 INFO [backend.app.services.print_scheduler] Print scheduler started
2026-04-15 18:15:31,676 INFO [backend.app.services.notification_service] Notification digest scheduler started
2026-04-15 18:15:31,677 INFO [backend.app.services.github_backup] Starting GitHub backup scheduler
2026-04-15 18:15:31,677 INFO [backend.app.main] AMS history recording started
2026-04-15 18:15:31,677 INFO [backend.app.main] Printer runtime tracking started
2026-04-15 18:15:31,677 INFO [backend.app.main] SpoolBuddy watchdog started
2026-04-15 18:15:31,677 INFO [backend.app.main] Camera stream cleanup started
2026-04-15 18:15:31,677 INFO [backend.app.main] Expected prints cleanup started
2026-04-15 18:15:31,740 INFO [root] Virtual printer manager synced from database
2026-04-15 18:15:34,137 INFO [backend.app.api.routes.websocket] WebSocket client connecting...
2026-04-15 18:15:34,137 INFO [backend.app.api.routes.websocket] WebSocket client connected
2026-04-15 18:15:34,139 INFO [backend.app.api.routes.websocket] Sent initial status for 2 printers
2026-04-15 18:15:34,159 INFO [backend.app.api.routes.websocket] WebSocket client connecting...
2026-04-15 18:15:34,160 INFO [backend.app.api.routes.websocket] WebSocket client connected
2026-04-15 18:15:34,161 INFO [backend.app.api.routes.websocket] Sent initial status for 2 printers
2026-04-15 18:24:47,002 INFO [backend.app.api.routes.websocket] WebSocket client disconnected normally
2026-04-15 18:24:47,560 INFO [backend.app.api.routes.websocket] WebSocket client connecting...
2026-04-15 18:24:47,562 INFO [backend.app.api.routes.websocket] WebSocket client connected
2026-04-15 18:24:47,566 INFO [backend.app.api.routes.websocket] Sent initial status for 2 printers
2026-04-15 18:27:14,264 INFO [backend.app.api.routes.support] Log level changed to DEBUG
2026-04-15 18:27:14,265 INFO [backend.app.api.routes.bug_report] Bug report: enabled debug logging
2026-04-15 18:27:14,265 WARNING [backend.app.services.bambu_mqtt] [[SERIAL]] request_status_update: not connected
2026-04-15 18:27:14,265 WARNING [backend.app.services.bambu_mqtt] [[SERIAL]] request_status_update: not connected
2026-04-15 18:27:16,780 DEBUG [backend.app.main] [[PRINTER]] Runtime tracking: not connected
2026-04-15 18:27:16,781 DEBUG [backend.app.main] [[PRINTER]] Runtime tracking: not connected
2026-04-15 18:27:18,137 DEBUG [backend.app.api.routes.printers] API returning ams_mapping: [], ams_extruder_map: {}
2026-04-15 18:27:18,138 DEBUG [backend.app.api.routes.printers] Using tray_now directly as global ID: 255
2026-04-15 18:27:18,404 DEBUG [backend.app.api.routes.printers] API returning ams_mapping: [], ams_extruder_map: {}
2026-04-15 18:27:18,404 DEBUG [backend.app.api.routes.printers] Using tray_now directly as global ID: 255