2026-04-02 13:41:31,032 INFO [backend.app.services.firmware_check] Got Bambu Lab build ID: xryueW7JAHGdKoqPJqaP5
2026-04-02 13:41:31,140 INFO [backend.app.services.firmware_check] Got Bambu Lab build ID: xryueW7JAHGdKoqPJqaP5
2026-04-02 13:41:31,385 INFO [backend.app.services.firmware_check] Got Bambu Lab build ID: xryueW7JAHGdKoqPJqaP5
2026-04-02 13:41:31,864 INFO [backend.app.api.routes.cloud] get_filament_info called with 1 IDs: ['GFA00']
2026-04-02 13:41:31,880 INFO [backend.app.services.bambu_ftp] FTP connected successfully to [IP] (model=P2S, prot_c=False)
2026-04-02 13:41:31,913 INFO [backend.app.services.bambu_ftp] FTP download failed for /cache/plate_1.gcode.3mf: 550 Failed to open file.
2026-04-02 13:41:31,923 INFO [backend.app.services.bambu_ftp] Download 3MF from /cache/plate_1.gcode.3mf attempt 4/4 returned failure
2026-04-02 13:41:31,923 ERROR [backend.app.services.bambu_ftp] Download 3MF from /cache/plate_1.gcode.3mf failed after 4 attempts
2026-04-02 13:41:31,952 INFO [backend.app.api.routes.cloud] get_filament_info called with 1 IDs: ['GFG99']
2026-04-02 13:41:32,083 INFO [backend.app.services.bambu_ftp] FTP connected successfully to [IP] (model=P2S, prot_c=False)
2026-04-02 13:41:32,111 INFO [backend.app.services.bambu_ftp] FTP download failed for /model/plate_1.gcode.3mf: 550 Failed to open file.
2026-04-02 13:41:32,120 INFO [backend.app.services.bambu_ftp] Download 3MF from /model/plate_1.gcode.3mf will retry in 2.0s...
2026-04-02 13:41:34,299 INFO [backend.app.services.bambu_ftp] FTP connected successfully to [IP] (model=P2S, prot_c=False)
2026-04-02 13:41:34,339 INFO [backend.app.services.bambu_ftp] FTP download failed for /model/plate_1.gcode.3mf: 550 Failed to open file.
2026-04-02 13:41:34,349 INFO [backend.app.services.bambu_ftp] Download 3MF from /model/plate_1.gcode.3mf attempt 2/4 returned failure
2026-04-02 13:41:34,349 INFO [backend.app.services.bambu_ftp] Download 3MF from /model/plate_1.gcode.3mf will retry in 2.0s...
2026-04-02 13:41:36,526 INFO [backend.app.services.bambu_ftp] FTP connected successfully to [IP] (model=P2S, prot_c=False)
2026-04-02 13:41:36,566 INFO [backend.app.services.bambu_ftp] FTP download failed for /model/plate_1.gcode.3mf: 550 Failed to open file.
2026-04-02 13:41:36,577 INFO [backend.app.services.bambu_ftp] Download 3MF from /model/plate_1.gcode.3mf attempt 3/4 returned failure
2026-04-02 13:41:36,577 INFO [backend.app.services.bambu_ftp] Download 3MF from /model/plate_1.gcode.3mf will retry in 2.0s...
2026-04-02 13:41:38,796 INFO [backend.app.services.bambu_ftp] FTP connected successfully to [IP] (model=P2S, prot_c=False)
2026-04-02 13:41:38,831 INFO [backend.app.services.bambu_ftp] FTP download failed for /model/plate_1.gcode.3mf: 550 Failed to open file.
2026-04-02 13:41:38,841 INFO [backend.app.services.bambu_ftp] Download 3MF from /model/plate_1.gcode.3mf attempt 4/4 returned failure
2026-04-02 13:41:38,842 ERROR [backend.app.services.bambu_ftp] Download 3MF from /model/plate_1.gcode.3mf failed after 4 attempts
2026-04-02 13:41:39,017 INFO [backend.app.services.bambu_ftp] FTP connected successfully to [IP] (model=P2S, prot_c=False)
2026-04-02 13:41:39,053 INFO [backend.app.services.bambu_ftp] FTP download failed for /data/plate_1.gcode.3mf: 550 Failed to open file.
2026-04-02 13:41:39,064 INFO [backend.app.services.bambu_ftp] Download 3MF from /data/plate_1.gcode.3mf will retry in 2.0s...
2026-04-02 13:41:41,230 INFO [backend.app.services.bambu_ftp] FTP connected successfully to [IP] (model=P2S, prot_c=False)
2026-04-02 13:41:41,268 INFO [backend.app.services.bambu_ftp] FTP download failed for /data/plate_1.gcode.3mf: 550 Failed to open file.
2026-04-02 13:41:41,282 INFO [backend.app.services.bambu_ftp] Download 3MF from /data/plate_1.gcode.3mf attempt 2/4 returned failure
2026-04-02 13:41:41,282 INFO [backend.app.services.bambu_ftp] Download 3MF from /data/plate_1.gcode.3mf will retry in 2.0s...
2026-04-02 13:41:43,456 INFO [backend.app.services.bambu_ftp] FTP connected successfully to [IP] (model=P2S, prot_c=False)
2026-04-02 13:41:43,495 INFO [backend.app.services.bambu_ftp] FTP download failed for /data/plate_1.gcode.3mf: 550 Failed to open file.
2026-04-02 13:41:43,503 INFO [backend.app.services.bambu_ftp] Download 3MF from /data/plate_1.gcode.3mf attempt 3/4 returned failure
2026-04-02 13:41:43,504 INFO [backend.app.services.bambu_ftp] Download 3MF from /data/plate_1.gcode.3mf will retry in 2.0s...
2026-04-02 13:41:45,679 INFO [backend.app.services.bambu_ftp] FTP connected successfully to [IP] (model=P2S, prot_c=False)
2026-04-02 13:41:45,719 INFO [backend.app.services.bambu_ftp] FTP download failed for /data/plate_1.gcode.3mf: 550 Failed to open file.
2026-04-02 13:41:45,735 INFO [backend.app.services.bambu_ftp] Download 3MF from /data/plate_1.gcode.3mf attempt 4/4 returned failure
2026-04-02 13:41:45,736 ERROR [backend.app.services.bambu_ftp] Download 3MF from /data/plate_1.gcode.3mf failed after 4 attempts
2026-04-02 13:41:45,926 INFO [backend.app.services.bambu_ftp] FTP connected successfully to [IP] (model=P2S, prot_c=False)
2026-04-02 13:41:45,969 INFO [backend.app.services.bambu_ftp] FTP download failed for /data/Metadata/plate_1.gcode.3mf: 550 Failed to open file.
2026-04-02 13:41:45,981 INFO [backend.app.services.bambu_ftp] Download 3MF from /data/Metadata/plate_1.gcode.3mf will retry in 2.0s...
2026-04-02 13:41:48,221 INFO [backend.app.services.bambu_ftp] FTP connected successfully to [IP] (model=P2S, prot_c=False)
2026-04-02 13:41:48,262 INFO [backend.app.services.bambu_ftp] FTP download failed for /data/Metadata/plate_1.gcode.3mf: 550 Failed to open file.
2026-04-02 13:41:48,272 INFO [backend.app.services.bambu_ftp] Download 3MF from /data/Metadata/plate_1.gcode.3mf attempt 2/4 returned failure
2026-04-02 13:41:48,273 INFO [backend.app.services.bambu_ftp] Download 3MF from /data/Metadata/plate_1.gcode.3mf will retry in 2.0s...
2026-04-02 13:41:50,421 INFO [backend.app.services.bambu_ftp] FTP connected successfully to [IP] (model=P2S, prot_c=False)
2026-04-02 13:41:50,463 INFO [backend.app.services.bambu_ftp] FTP download failed for /data/Metadata/plate_1.gcode.3mf: 550 Failed to open file.
2026-04-02 13:41:50,475 INFO [backend.app.services.bambu_ftp] Download 3MF from /data/Metadata/plate_1.gcode.3mf attempt 3/4 returned failure
2026-04-02 13:41:50,475 INFO [backend.app.services.bambu_ftp] Download 3MF from /data/Metadata/plate_1.gcode.3mf will retry in 2.0s...
2026-04-02 13:41:52,683 INFO [backend.app.services.bambu_ftp] FTP connected successfully to [IP] (model=P2S, prot_c=False)
2026-04-02 13:41:52,717 INFO [backend.app.services.bambu_ftp] FTP download failed for /data/Metadata/plate_1.gcode.3mf: 550 Failed to open file.
2026-04-02 13:41:52,725 INFO [backend.app.services.bambu_ftp] Download 3MF from /data/Metadata/plate_1.gcode.3mf attempt 4/4 returned failure
2026-04-02 13:41:52,726 ERROR [backend.app.services.bambu_ftp] Download 3MF from /data/Metadata/plate_1.gcode.3mf failed after 4 attempts
2026-04-02 13:41:52,928 INFO [backend.app.services.bambu_ftp] FTP connected successfully to [IP] (model=P2S, prot_c=False)
2026-04-02 13:41:52,963 INFO [backend.app.services.bambu_ftp] FTP download failed for /plate_1.gcode.3mf: 550 Failed to open file.
2026-04-02 13:41:52,980 INFO [backend.app.services.bambu_ftp] Download 3MF from /plate_1.gcode.3mf will retry in 2.0s...
2026-04-02 13:41:55,055 INFO [backend.app.api.routes.support] Log level changed to DEBUG
2026-04-02 13:41:55,056 INFO [backend.app.api.routes.bug_report] Bug report: enabled debug logging
2026-04-02 13:41:55,056 DEBUG [backend.app.services.bambu_mqtt] [[SERIAL]] Requesting status update (pushall)
2026-04-02 13:41:55,056 DEBUG [backend.app.services.bambu_mqtt] [[SERIAL]] Requesting status update (pushall)
2026-04-02 13:41:55,057 DEBUG [backend.app.services.bambu_mqtt] [[SERIAL]] Requesting status update (pushall)
2026-04-02 13:41:55,058 DEBUG [backend.app.services.bambu_mqtt] [[SERIAL]] Requesting status update (pushall)
2026-04-02 13:41:55,058 DEBUG [backend.app.services.bambu_mqtt] [[SERIAL]] Requesting status update (pushall)
2026-04-02 13:41:55,059 DEBUG [backend.app.services.bambu_mqtt] [[SERIAL]] Requesting status update (pushall)
2026-04-02 13:41:55,059 DEBUG [backend.app.services.bambu_mqtt] [[SERIAL]] Requesting status update (pushall)
2026-04-02 13:41:55,060 DEBUG [backend.app.services.bambu_mqtt] [[SERIAL]] Requesting status update (pushall)
2026-04-02 13:41:55,109 DEBUG [backend.app.services.bambu_ftp] FTP connected, logging in as bblp
2026-04-02 13:41:55,141 DEBUG [backend.app.services.bambu_mqtt] [[SERIAL]] Received command response: gcode_line
2026-04-02 13:41:55,141 DEBUG [backend.app.services.bambu_mqtt] [[SERIAL]] MQTT mapping field: [65280]
2026-04-02 13:41:55,157 DEBUG [backend.app.services.bambu_ftp] FTP logged in, setting prot_p (protected) and passive mode
2026-04-02 13:41:55,158 DEBUG [backend.app.services.bambu_mqtt] [[SERIAL]] Received command response: gcode_line
2026-04-02 13:41:55,158 DEBUG [backend.app.services.bambu_mqtt] [[SERIAL]] MQTT mapping field: [65280]
2026-04-02 13:41:55,179 DEBUG [backend.app.services.bambu_ftp] FTP server welcome: 220 (vsFTPd 3.0.5)
2026-04-02 13:41:55,179 INFO [backend.app.services.bambu_ftp] FTP connected successfully to [IP] (model=P2S, prot_c=False)
2026-04-02 13:41:55,220 INFO [backend.app.services.bambu_ftp] FTP download failed for /plate_1.gcode.3mf: 550 Failed to open file.
2026-04-02 13:41:55,229 INFO [backend.app.services.bambu_ftp] Download 3MF from /plate_1.gcode.3mf attempt 2/4 returned failure
2026-04-02 13:41:55,230 INFO [backend.app.services.bambu_ftp] Download 3MF from /plate_1.gcode.3mf will retry in 2.0s...
2026-04-02 13:41:55,421 DEBUG [backend.app.services.bambu_mqtt] [[SERIAL]] Found xcam inside print data: {'allow_skip_parts': False, 'buildplate_marker_detector': True, 'cfg': 748983, 'first_layer_inspector': True, 'halt_print_sensitivity': 'medium', 'print_halt': True, 'printing_monitor': True, 'spaghetti_detector': True}
2026-04-02 13:41:55,422 DEBUG [backend.app.services.bambu_mqtt] [[SERIAL]] Parsing xcam data - all fields: ['allow_skip_parts', 'buildplate_marker_detector', 'cfg', 'first_layer_inspector', 'halt_print_sensitivity', 'print_halt', 'printing_monitor', 'spaghetti_detector']
2026-04-02 13:41:55,422 DEBUG [backend.app.services.bambu_mqtt] [[SERIAL]] xcam cfg bitmask: 748983 (binary: 0b10110110110110110111)
2026-04-02 13:41:55,422 DEBUG [backend.app.services.bambu_mqtt] [[SERIAL]] Received gcode_state: FAILED, gcode_file: /data/Metadata/plate_1.gcode, subtask_name: CNT_graphene_lattice_flatEnds_30mmOD_100mmL
2026-04-02 13:41:55,422 DEBUG [backend.app.services.bambu_mqtt] [[SERIAL]] AMS dict fields: {'ams_exist_bits': '0', 'ams_exist_bits_raw': '0', 'cali_id': 255, 'cali_stat': 0, 'insert_flag': True, 'power_on_flag': False, 'tray_exist_bits': '0', 'tray_is_bbl_bits': '0', 'tray_now': '0', 'tray_pre': '0', 'tray_read_done_bits': '0', 'tray_reading_bits': '0', 'tray_tar': '0', 'unbind_ams_stat': 0, 'version': 26}
2026-04-02 13:41:55,423 DEBUG [backend.app.services.bambu_mqtt] [[SERIAL]] tray_now updated: 0
2026-04-02 13:41:55,423 DEBUG [backend.app.services.bambu_mqtt] [[SERIAL]] Merged AMS data: 0 new units, 0 total
2026-04-02 13:41:55,423 DEBUG [backend.app.services.bambu_mqtt] [[SERIAL]] ams_status: 0 (main=0, sub=0)
2026-04-02 13:41:55,423 DEBUG [backend.app.services.bambu_mqtt] [[SERIAL]] Received command response: push_status
2026-04-02 13:41:55,424 DEBUG [backend.app.services.bambu_mqtt] [[SERIAL]] device.extruder.state=1 (switch_state bits 12-14: 0)
2026-04-02 13:41:55,424 DEBUG [backend.app.services.bambu_mqtt] [[SERIAL]] info.temp direct: 29°C (heater OFF)
2026-04-02 13:41:55,424 DEBUG [backend.app.services.bambu_mqtt] [[SERIAL]] ctc_info keys: ['temp']
2026-04-02 13:41:55,425 DEBUG [backend.app.services.bambu_mqtt] [[SERIAL]] Chamber heating calculated: target=0.0, current=29.0, heating=False, respect_local=False
2026-04-02 13:41:55,425 DEBUG [backend.app.services.bambu_mqtt] [[SERIAL]] Chamber temp updated to: 29.0, target: 0.0, heating: False
2026-04-02 13:41:55,425 DEBUG [backend.app.services.bambu_mqtt] [[SERIAL]] HMS data received: []
2026-04-02 13:41:55,425 DEBUG [backend.app.services.bambu_mqtt] [[SERIAL]] ipcam field: {'agora_service': 'disable', 'brtc_service': 'enable', 'bs_state': 0, 'cap_pic_enable': 'invalid', 'ipcam_dev': '1', 'ipcam_record': 'enable', 'laser_preview_res': 7, 'mode_bits': 2, 'resolution': '1080p', 'rtsp_url': 'rtsps://[IP]:322/streaming/live/1', 'timelapse': 'disable', 'tl_store_hpd_type': 2, 'tl_store_path_type': 2, 'tutk_server': 'disable'}
2026-04-02 13:41:55,426 DEBUG [backend.app.services.bambu_mqtt] [[SERIAL]] wifi_signal received: -55dBm
2026-04-02 13:41:55,426 DEBUG [backend.app.services.bambu_mqtt] [[SERIAL]] lights_report: [{'mode': 'on', 'node': 'chamber_light'}, {'mode': 'flashing', 'node': 'work_light'}]
2026-04-02 13:41:55,426 DEBUG [backend.app.services.bambu_mqtt] [[SERIAL]] MQTT mapping field: [65280]
2026-04-02 13:41:55,426 DEBUG [backend.app.services.bambu_mqtt] [[SERIAL]] gcode_state: FAILED -> FAILED, file: /data/Metadata/plate_1.gcode, subtask: CNT_graphene_lattice_flatEnds_30mmOD_100mmL
2026-04-02 13:41:55,438 DEBUG [backend.app.services.bambu_mqtt] [[SERIAL]] Found xcam inside print data: {'allow_skip_parts': False, 'buildplate_marker_detector': True, 'cfg': 748983, 'first_layer_inspector': True, 'halt_print_sensitivity': 'medium', 'print_halt': True, 'printing_monitor': True, 'spaghetti_detector': True}
2026-04-02 13:41:55,439 DEBUG [backend.app.services.bambu_mqtt] [[SERIAL]] Parsing xcam data - all fields: ['allow_skip_parts', 'buildplate_marker_detector', 'cfg', 'first_layer_inspector', 'halt_print_sensitivity', 'print_halt', 'printing_monitor', 'spaghetti_detector']
2026-04-02 13:41:55,439 DEBUG [backend.app.services.bambu_mqtt] [[SERIAL]] xcam cfg bitmask: 748983 (binary: 0b10110110110110110111)
2026-04-02 13:41:55,439 DEBUG [backend.app.services.bambu_mqtt] [[SERIAL]] Received gcode_state: RUNNING, gcode_file: /data/Metadata/plate_1.gcode, subtask_name: 
2026-04-02 13:41:55,439 DEBUG [backend.app.services.bambu_mqtt] [[SERIAL]] AMS dict fields: {'ams_exist_bits': '0', 'ams_exist_bits_raw': '0', 'cali_id': 255, 'cali_stat': 0, 'insert_flag': True, 'power_on_flag': False, 'tray_exist_bits': '0', 'tray_is_bbl_bits': '0', 'tray_now': '0', 'tray_pre': '0', 'tray_read_done_bits': '0', 'tray_reading_bits': '0', 'tray_tar': '0', 'unbind_ams_stat': 0, 'version': 15}
2026-04-02 13:41:55,439 DEBUG [backend.app.services.bambu_mqtt] [[SERIAL]] tray_now updated: 0
2026-04-02 13:41:55,439 DEBUG [backend.app.services.bambu_mqtt] [[SERIAL]] Merged AMS data: 0 new units, 0 total
2026-04-02 13:41:55,439 DEBUG [backend.app.services.bambu_mqtt] [[SERIAL]] ams_status: 768 (main=3, sub=0)
2026-04-02 13:41:55,439 DEBUG [backend.app.services.bambu_mqtt] [[SERIAL]] Received command response: push_status
2026-04-02 13:41:55,440 DEBUG [backend.app.services.bambu_mqtt] [[SERIAL]] device.extruder.state=1 (switch_state bits 12-14: 0)
2026-04-02 13:41:55,440 DEBUG [backend.app.services.bambu_mqtt] [[SERIAL]] info.temp direct: 37°C (heater OFF)
2026-04-02 13:41:55,440 DEBUG [backend.app.services.bambu_mqtt] [[SERIAL]] ctc_info keys: ['temp']
2026-04-02 13:41:55,440 DEBUG [backend.app.services.bambu_mqtt] [[SERIAL]] Chamber heating calculated: target=0.0, current=37.0, heating=False, respect_local=False
2026-04-02 13:41:55,440 DEBUG [backend.app.services.bambu_mqtt] [[SERIAL]] Chamber temp updated to: 37.0, target: 0.0, heating: False
2026-04-02 13:41:55,440 DEBUG [backend.app.services.bambu_mqtt] [[SERIAL]] HMS data received: []
2026-04-02 13:41:55,440 DEBUG [backend.app.services.bambu_mqtt] [[SERIAL]] ipcam field: {'agora_service': 'disable', 'brtc_service': 'enable', 'bs_state': 0, 'cap_pic_enable': 'invalid', 'ipcam_dev': '1', 'ipcam_record': 'enable', 'laser_preview_res': 7, 'mode_bits': 2, 'resolution': '1080p', 'rtsp_url': 'rtsps://[IP]:322/streaming/live/1', 'timelapse': 'disable', 'tl_store_hpd_type': 2, 'tl_store_path_type': 2, 'tutk_server': 'disable'}
2026-04-02 13:41:55,440 DEBUG [backend.app.services.bambu_mqtt] [[SERIAL]] wifi_signal received: -61dBm
2026-04-02 13:41:55,441 DEBUG [backend.app.services.bambu_mqtt] [[SERIAL]] lights_report: [{'mode': 'on', 'node': 'chamber_light'}, {'mode': 'flashing', 'node': 'work_light'}]
2026-04-02 13:41:55,441 DEBUG [backend.app.services.bambu_mqtt] [[SERIAL]] MQTT mapping field: [65280]
2026-04-02 13:41:55,441 DEBUG [backend.app.services.bambu_mqtt] [[SERIAL]] gcode_state: RUNNING -> RUNNING, file: /data/Metadata/plate_1.gcode, subtask: 
2026-04-02 13:41:55,656 DEBUG [backend.app.services.bambu_mqtt] [[SERIAL]] Found xcam inside print data: {'allow_skip_parts': False, 'buildplate_marker_detector': True, 'cfg': 748983, 'first_layer_inspector': True, 'halt_print_sensitivity': 'medium', 'print_halt': True, 'printing_monitor': True, 'spaghetti_detector': True}
2026-04-02 13:41:55,656 DEBUG [backend.app.services.bambu_mqtt] [[SERIAL]] Parsing xcam data - all fields: ['allow_skip_parts', 'buildplate_marker_detector', 'cfg', 'first_layer_inspector', 'halt_print_sensitivity', 'print_halt', 'printing_monitor', 'spaghetti_detector']
2026-04-02 13:41:55,657 DEBUG [backend.app.services.bambu_mqtt] [[SERIAL]] xcam cfg bitmask: 748983 (binary: 0b10110110110110110111)
2026-04-02 13:41:55,657 DEBUG [backend.app.services.bambu_mqtt] [[SERIAL]] Received gcode_state: FINISH, gcode_file: /data/Metadata/plate_1.gcode, subtask_name: 
2026-04-02 13:41:55,657 DEBUG [backend.app.services.bambu_mqtt] [[SERIAL]] AMS dict fields: {'ams_exist_bits': '0', 'ams_exist_bits_raw': '0', 'cali_id': 255, 'cali_stat': 0, 'insert_flag': True, 'power_on_flag': False, 'tray_exist_bits': '0', 'tray_is_bbl_bits': '0', 'tray_now': '0', 'tray_pre': '0', 'tray_read_done_bits': '0', 'tray_reading_bits': '0', 'tray_tar': '255', 'unbind_ams_stat': 0, 'version': 89}
2026-04-02 13:41:55,657 DEBUG [backend.app.services.bambu_mqtt] [[SERIAL]] tray_now updated: 0
2026-04-02 13:41:55,658 DEBUG [backend.app.services.bambu_mqtt] [[SERIAL]] Merged AMS data: 0 new units, 0 total
2026-04-02 13:41:55,658 DEBUG [backend.app.services.bambu_mqtt] [[SERIAL]] ams_status: 0 (main=0, sub=0)
2026-04-02 13:41:55,658 DEBUG [backend.app.services.bambu_mqtt] [[SERIAL]] Received command response: push_status
2026-04-02 13:41:55,658 DEBUG [backend.app.services.bambu_mqtt] [[SERIAL]] device.extruder.state=1 (switch_state bits 12-14: 0)
2026-04-02 13:41:55,659 DEBUG [backend.app.services.bambu_mqtt] [[SERIAL]] info.temp direct: 29°C (heater OFF)
2026-04-02 13:41:55,659 DEBUG [backend.app.services.bambu_mqtt] [[SERIAL]] ctc_info keys: ['temp']
2026-04-02 13:41:55,659 DEBUG [backend.app.services.bambu_mqtt] [[SERIAL]] Chamber heating calculated: target=0.0, current=29.0, heating=False, respect_local=False
2026-04-02 13:41:55,660 DEBUG [backend.app.services.bambu_mqtt] [[SERIAL]] Chamber temp updated to: 29.0, target: 0.0, heating: False
2026-04-02 13:41:55,660 DEBUG [backend.app.services.bambu_mqtt] [[SERIAL]] HMS data received: []
2026-04-02 13:41:55,660 DEBUG [backend.app.services.bambu_mqtt] [[SERIAL]] ipcam field: {'agora_service': 'disable', 'brtc_service': 'enable', 'bs_state': 0, 'cap_pic_enable': 'invalid', 'ipcam_dev': '1', 'ipcam_record': 'enable', 'laser_preview_res': 7, 'mode_bits': 2, 'resolution': '1080p', 'rtsp_url': 'rtsps://[IP]:322/streaming/live/1', 'timelapse': 'disable', 'tl_store_hpd_type': 2, 'tl_store_path_type': 2, 'tutk_server': 'disable'}
2026-04-02 13:41:55,660 DEBUG [backend.app.services.bambu_mqtt] [[SERIAL]] wifi_signal received: -50dBm
2026-04-02 13:41:55,660 DEBUG [backend.app.services.bambu_mqtt] [[SERIAL]] lights_report: [{'mode': 'on', 'node': 'chamber_light'}, {'mode': 'flashing', 'node': 'work_light'}]
2026-04-02 13:41:55,660 DEBUG [backend.app.services.bambu_mqtt] [[SERIAL]] MQTT mapping field: [65280]
2026-04-02 13:41:55,660 DEBUG [backend.app.services.bambu_mqtt] [[SERIAL]] gcode_state: FINISH -> FINISH, file: /data/Metadata/plate_1.gcode, subtask: 
2026-04-02 13:41:55,727 DEBUG [backend.app.services.bambu_mqtt] [[SERIAL]] Found xcam inside print data: {'allow_skip_parts': False, 'buildplate_marker_detector': True, 'cfg': 748983, 'first_layer_inspector': True, 'halt_print_sensitivity': 'medium', 'print_halt': True, 'printing_monitor': True, 'spaghetti_detector': True}
2026-04-02 13:41:55,727 DEBUG [backend.app.services.bambu_mqtt] [[SERIAL]] Parsing xcam data - all fields: ['allow_skip_parts', 'buildplate_marker_detector', 'cfg', 'first_layer_inspector', 'halt_print_sensitivity', 'print_halt', 'printing_monitor', 'spaghetti_detector']
2026-04-02 13:41:55,727 DEBUG [backend.app.services.bambu_mqtt] [[SERIAL]] xcam cfg bitmask: 748983 (binary: 0b10110110110110110111)
2026-04-02 13:41:55,728 DEBUG [backend.app.services.bambu_mqtt] [[SERIAL]] Received gcode_state: FINISH, gcode_file: /usr/etc/print/auto_cali_for_user_param.gcode, subtask_name: auto_cali_for_user_param.gcode
2026-04-02 13:41:55,728 DEBUG [backend.app.services.bambu_mqtt] [[SERIAL]] AMS dict fields: {'ams_exist_bits': '0', 'ams_exist_bits_raw': '0', 'cali_id': 255, 'cali_stat': 0, 'insert_flag': True, 'power_on_flag': False, 'tray_exist_bits': '0', 'tray_is_bbl_bits': '0', 'tray_now': '255', 'tray_pre': '255', 'tray_read_done_bits': '0', 'tray_reading_bits': '0', 'tray_tar': '255', 'unbind_ams_stat': 0, 'version': 3}
2026-04-02 13:41:55,728 DEBUG [backend.app.services.bambu_mqtt] [[SERIAL]] tray_now updated: 255
2026-04-02 13:41:55,728 DEBUG [backend.app.services.bambu_mqtt] [[SERIAL]] Merged AMS data: 0 new units, 0 total
2026-04-02 13:41:55,729 DEBUG [backend.app.services.bambu_mqtt] [[SERIAL]] ams_status: 0 (main=0, sub=0)
2026-04-02 13:41:55,729 DEBUG [backend.app.services.bambu_mqtt] [[SERIAL]] Received command response: push_status
2026-04-02 13:41:55,729 DEBUG [backend.app.services.bambu_mqtt] [[SERIAL]] device.extruder.state=1 (switch_state bits 12-14: 0)
2026-04-02 13:41:55,729 DEBUG [backend.app.services.bambu_mqtt] [[SERIAL]] info.temp direct: 29°C (heater OFF)
2026-04-02 13:41:55,730 DEBUG [backend.app.services.bambu_mqtt] [[SERIAL]] ctc_info keys: ['temp']
2026-04-02 13:41:55,730 DEBUG [backend.app.services.bambu_mqtt] [[SERIAL]] Chamber heating calculated: target=0.0, current=29.0, heating=False, respect_local=False
2026-04-02 13:41:55,730 DEBUG [backend.app.services.bambu_mqtt] [[SERIAL]] Chamber temp updated to: 29.0, target: 0.0, heating: False
2026-04-02 13:41:55,731 DEBUG [backend.app.services.bambu_mqtt] [[SERIAL]] HMS data received: []
2026-04-02 13:41:55,731 DEBUG [backend.app.services.bambu_mqtt] [[SERIAL]] ipcam field: {'agora_service': 'disable', 'brtc_service': 'enable', 'bs_state': 0, 'cap_pic_enable': 'invalid', 'ipcam_dev': '1', 'ipcam_record': 'enable', 'laser_preview_res': 7, 'mode_bits': 2, 'resolution': '1080p', 'rtsp_url': 'rtsps://[IP]:322/streaming/live/1', 'timelapse': 'disable', 'tl_store_hpd_type': 2, 'tl_store_path_type': 2, 'tutk_server': 'disable'}
2026-04-02 13:41:55,731 DEBUG [backend.app.services.bambu_mqtt] [[SERIAL]] wifi_signal received: -50dBm
2026-04-02 13:41:55,731 DEBUG [backend.app.services.bambu_mqtt] [[SERIAL]] lights_report: [{'mode': 'on', 'node': 'chamber_light'}, {'mode': 'flashing', 'node': 'work_light'}]
2026-04-02 13:41:55,732 DEBUG [backend.app.services.bambu_mqtt] [[SERIAL]] MQTT mapping field: [65280, 65280, 65280, 65280, 65280, 65280, 65280, 65280, 65280, 65280, 65280, 65280, 65280, 65280, 65280, 65280, 65280, 65280, 65280, 65280, 65280, 65280, 65280, 65280, 65280, 65280, 65280, 65280, 65280, 65280, 65280, 65280]
2026-04-02 13:41:55,732 DEBUG [backend.app.services.bambu_mqtt] [[SERIAL]] gcode_state: FINISH -> FINISH, file: /usr/etc/print/auto_cali_for_user_param.gcode, subtask: auto_cali_for_user_param.gcode
2026-04-02 13:41:55,792 DEBUG [backend.app.services.bambu_mqtt] [[SERIAL]] Found xcam inside print data: {'allow_skip_parts': False, 'buildplate_marker_detector': True, 'cfg': 748983, 'first_layer_inspector': True, 'halt_print_sensitivity': 'medium', 'print_halt': True, 'printing_monitor': True, 'spaghetti_detector': True}
2026-04-02 13:41:55,792 DEBUG [backend.app.services.bambu_mqtt] [[SERIAL]] Parsing xcam data - all fields: ['allow_skip_parts', 'buildplate_marker_detector', 'cfg', 'first_layer_inspector', 'halt_print_sensitivity', 'print_halt', 'printing_monitor', 'spaghetti_detector']
2026-04-02 13:41:55,793 DEBUG [backend.app.services.bambu_mqtt] [[SERIAL]] xcam cfg bitmask: 748983 (binary: 0b10110110110110110111)
2026-04-02 13:41:55,793 DEBUG [backend.app.services.bambu_mqtt] [[SERIAL]] Received gcode_state: FINISH, gcode_file: /data/Metadata/plate_1.gcode, subtask_name: Screw Gauge
2026-04-02 13:41:55,793 DEBUG [backend.app.services.bambu_mqtt] [[SERIAL]] AMS dict fields: {'ams_exist_bits': '0', 'ams_exist_bits_raw': '0', 'cali_id': 255, 'cali_stat': 0, 'insert_flag': True, 'power_on_flag': False, 'tray_exist_bits': '0', 'tray_is_bbl_bits': '0', 'tray_now': '0', 'tray_pre': '0', 'tray_read_done_bits': '0', 'tray_reading_bits': '0', 'tray_tar': '255', 'unbind_ams_stat': 0, 'version': 37}
2026-04-02 13:41:55,794 DEBUG [backend.app.services.bambu_mqtt] [[SERIAL]] tray_now updated: 0
2026-04-02 13:41:55,794 DEBUG [backend.app.services.bambu_mqtt] [[SERIAL]] Merged AMS data: 0 new units, 0 total
2026-04-02 13:41:55,794 DEBUG [backend.app.services.bambu_mqtt] [[SERIAL]] ams_status: 0 (main=0, sub=0)
2026-04-02 13:41:55,794 DEBUG [backend.app.services.bambu_mqtt] [[SERIAL]] Received command response: push_status
2026-04-02 13:41:55,795 DEBUG [backend.app.services.bambu_mqtt] [[SERIAL]] device.extruder.state=1 (switch_state bits 12-14: 0)
2026-04-02 13:41:55,795 DEBUG [backend.app.services.bambu_mqtt] [[SERIAL]] info.temp direct: 27°C (heater OFF)
2026-04-02 13:41:55,795 DEBUG [backend.app.services.bambu_mqtt] [[SERIAL]] ctc_info keys: ['temp']
2026-04-02 13:41:55,796 DEBUG [backend.app.services.bambu_mqtt] [[SERIAL]] Chamber heating calculated: target=0.0, current=27.0, heating=False, respect_local=False
2026-04-02 13:41:55,796 DEBUG [backend.app.services.bambu_mqtt] [[SERIAL]] Chamber temp updated to: 27.0, target: 0.0, heating: False
2026-04-02 13:41:55,796 DEBUG [backend.app.services.bambu_mqtt] [[SERIAL]] HMS data received: []
2026-04-02 13:41:55,797 DEBUG [backend.app.services.bambu_mqtt] [[SERIAL]] ipcam field: {'agora_service': 'disable', 'brtc_service': 'enable', 'bs_state': 0, 'cap_pic_enable': 'invalid', 'ipcam_dev': '1', 'ipcam_record': 'enable', 'laser_preview_res': 7, 'mode_bits': 2, 'resolution': '1080p', 'rtsp_url': 'rtsps://[IP]:322/streaming/live/1', 'timelapse': 'disable', 'tl_store_hpd_type': 2, 'tl_store_path_type': 2, 'tutk_server': 'disable'}
2026-04-02 13:41:55,797 DEBUG [backend.app.services.bambu_mqtt] [[SERIAL]] wifi_signal received: -50dBm
2026-04-02 13:41:55,797 DEBUG [backend.app.services.bambu_mqtt] [[SERIAL]] lights_report: [{'mode': 'on', 'node': 'chamber_light'}, {'mode': 'flashing', 'node': 'work_light'}]
2026-04-02 13:41:55,797 DEBUG [backend.app.services.bambu_mqtt] [[SERIAL]] MQTT mapping field: [65280, 65280]
2026-04-02 13:41:55,797 DEBUG [backend.app.services.bambu_mqtt] [[SERIAL]] gcode_state: FINISH -> FINISH, file: /data/Metadata/plate_1.gcode, subtask: Screw Gauge
2026-04-02 13:41:55,941 DEBUG [backend.app.services.bambu_mqtt] [[SERIAL]] Found xcam inside print data: {'allow_skip_parts': False, 'buildplate_marker_detector': True, 'cfg': 748983, 'first_layer_inspector': True, 'halt_print_sensitivity': 'medium', 'print_halt': True, 'printing_monitor': True, 'spaghetti_detector': True}
2026-04-02 13:41:55,941 DEBUG [backend.app.services.bambu_mqtt] [[SERIAL]] Parsing xcam data - all fields: ['allow_skip_parts', 'buildplate_marker_detector', 'cfg', 'first_layer_inspector', 'halt_print_sensitivity', 'print_halt', 'printing_monitor', 'spaghetti_detector']
2026-04-02 13:41:55,941 DEBUG [backend.app.services.bambu_mqtt] [[SERIAL]] xcam cfg bitmask: 748983 (binary: 0b10110110110110110111)
2026-04-02 13:41:55,942 DEBUG [backend.app.services.bambu_mqtt] [[SERIAL]] Received gcode_state: RUNNING, gcode_file: /data/Metadata/plate_1.gcode, subtask_name: 
2026-04-02 13:41:55,942 DEBUG [backend.app.services.bambu_mqtt] [[SERIAL]] AMS dict fields: {'ams_exist_bits': '0', 'ams_exist_bits_raw': '0', 'cali_id': 255, 'cali_stat': 0, 'insert_flag': True, 'power_on_flag': False, 'tray_exist_bits': '0', 'tray_is_bbl_bits': '0', 'tray_now': '0', 'tray_pre': '0', 'tray_read_done_bits': '0', 'tray_reading_bits': '0', 'tray_tar': '0', 'unbind_ams_stat': 0, 'version': 466}
2026-04-02 13:41:55,942 DEBUG [backend.app.services.bambu_mqtt] [[SERIAL]] tray_now updated: 0
2026-04-02 13:41:55,943 DEBUG [backend.app.services.bambu_mqtt] [[SERIAL]] Merged AMS data: 0 new units, 0 total
2026-04-02 13:41:55,943 DEBUG [backend.app.services.bambu_mqtt] [[SERIAL]] ams_status: 0 (main=0, sub=0)
2026-04-02 13:41:55,943 DEBUG [backend.app.services.bambu_mqtt] [[SERIAL]] Received command response: push_status
2026-04-02 13:41:55,943 DEBUG [backend.app.services.bambu_mqtt] [[SERIAL]] device.extruder.state=1 (switch_state bits 12-14: 0)
2026-04-02 13:41:55,944 DEBUG [backend.app.services.bambu_mqtt] [[SERIAL]] info.temp direct: 33°C (heater OFF)
2026-04-02 13:41:55,944 DEBUG [backend.app.services.bambu_mqtt] [[SERIAL]] ctc_info keys: ['temp']
2026-04-02 13:41:55,944 DEBUG [backend.app.services.bambu_mqtt] [[SERIAL]] Chamber heating calculated: target=0.0, current=33.0, heating=False, respect_local=False
2026-04-02 13:41:55,945 DEBUG [backend.app.services.bambu_mqtt] [[SERIAL]] Chamber temp updated to: 33.0, target: 0.0, heating: False
2026-04-02 13:41:55,945 DEBUG [backend.app.services.bambu_mqtt] [[SERIAL]] HMS data received: [{'attr': 201326848, 'code': 131099}, {'attr': 83887616, 'code': 131156}]
2026-04-02 13:41:55,945 DEBUG [backend.app.services.bambu_mqtt] [[SERIAL]] ipcam field: {'agora_service': 'disable', 'brtc_service': 'enable', 'bs_state': 0, 'cap_pic_enable': 'invalid', 'ipcam_dev': '1', 'ipcam_record': 'enable', 'laser_preview_res': 7, 'mode_bits': 2, 'resolution': '1080p', 'rtsp_url': 'rtsps://[IP]:322/streaming/live/1', 'timelapse': 'disable', 'tl_store_hpd_type': 2, 'tl_store_path_type': 2, 'tutk_server': 'disable'}
2026-04-02 13:41:55,945 DEBUG [backend.app.services.bambu_mqtt] [[SERIAL]] wifi_signal received: -56dBm
2026-04-02 13:41:55,946 DEBUG [backend.app.services.bambu_mqtt] [[SERIAL]] lights_report: [{'mode': 'on', 'node': 'chamber_light'}, {'mode': 'flashing', 'node': 'work_light'}]
2026-04-02 13:41:55,946 DEBUG [backend.app.services.bambu_mqtt] [[SERIAL]] MQTT mapping field: [65280]
2026-04-02 13:41:55,947 DEBUG [backend.app.services.bambu_mqtt] [[SERIAL]] gcode_state: RUNNING -> RUNNING, file: /data/Metadata/plate_1.gcode, subtask: 
2026-04-02 13:41:55,948 DEBUG [backend.app.services.bambu_mqtt] [[SERIAL]] Received system data: {'command': 'ledctrl', 'interval_time': 0, 'led_mode': 'on', 'led_node': 'chamber_light', 'led_off_time': 0, 'led_on_time': 0, 'loop_times': 0, 'reason': '', 'result': 'success', 'sequence_id': '2209'}
2026-04-02 13:41:55,949 DEBUG [backend.app.services.bambu_mqtt] [[SERIAL]] Received system data: {'command': 'ledctrl', 'interval_time': 0, 'led_mode': 'on', 'led_node': 'chamber_light2', 'led_off_time': 0, 'led_on_time': 0, 'loop_times': 0, 'reason': 'did not find the valid led: chamber_light2', 'result': 'fail', 'sequence_id': '2209'}