2026-04-08 21:21:40,515 INFO [root] Logging to file: /opt/[user]/logs/bambuddy.log
2026-04-08 21:21:40,515 INFO [root] Bambuddy starting - debug=False, log_level=INFO
2026-04-08 21:21:43,074 INFO [backend.app.core.database] Created default group: Administrators
2026-04-08 21:21:43,075 INFO [backend.app.core.database] Created default group: Operators
2026-04-08 21:21:43,075 INFO [backend.app.core.database] Created default group: Viewers
2026-04-08 21:21:43,184 INFO [backend.app.core.database] Seeded 91 default spool catalog entries
2026-04-08 21:21:43,618 INFO [backend.app.core.database] Seeded 638 default color catalog entries
2026-04-08 21:21:43,645 INFO [backend.app.services.mqtt_relay] MQTT relay disabled
2026-04-08 21:21:43,656 INFO [backend.app.services.background_dispatch] Background dispatch dispatcher started
2026-04-08 21:21:43,657 INFO [backend.app.services.smart_plug_manager] Smart plug scheduler started
2026-04-08 21:21:43,674 INFO [backend.app.services.print_scheduler] Print scheduler started
2026-04-08 21:21:43,682 INFO [backend.app.services.notification_service] Notification digest scheduler started
2026-04-08 21:21:43,683 INFO [backend.app.services.github_backup] Starting GitHub backup scheduler
2026-04-08 21:21:43,684 INFO [backend.app.main] AMS history recording started
2026-04-08 21:21:43,684 INFO [backend.app.main] Printer runtime tracking started
2026-04-08 21:21:43,684 INFO [backend.app.main] SpoolBuddy watchdog started
2026-04-08 21:21:43,684 INFO [backend.app.main] Camera stream cleanup started
2026-04-08 21:21:43,685 INFO [backend.app.main] Expected prints cleanup started
2026-04-08 21:21:43,850 INFO [root] Virtual printer manager synced from database
2026-04-08 21:21:50,592 INFO [backend.app.api.routes.websocket] WebSocket client connecting...
2026-04-08 21:21:50,593 INFO [backend.app.api.routes.websocket] WebSocket client connected
2026-04-08 21:21:50,593 INFO [backend.app.api.routes.websocket] Sent initial status for 0 printers
2026-04-08 21:21:50,670 INFO [backend.app.api.routes.websocket] WebSocket client disconnected normally
2026-04-08 21:22:04,410 INFO [backend.app.api.routes.auth] Creating admin user: [USER]
2026-04-08 21:22:04,461 INFO [backend.app.api.routes.auth] Added new admin user to Administrators group
2026-04-08 21:22:04,461 INFO [backend.app.api.routes.auth] Admin user added to session: [USER]
2026-04-08 21:22:04,486 INFO [backend.app.api.routes.auth] Admin user created successfully: 1
2026-04-08 21:22:04,487 INFO [backend.app.api.routes.auth] Setup completed: auth_enabled=True, admin_created=True
2026-04-08 21:22:07,332 INFO [backend.app.api.routes.websocket] WebSocket client connecting...
2026-04-08 21:22:07,333 INFO [backend.app.api.routes.websocket] WebSocket client connected
2026-04-08 21:22:07,333 INFO [backend.app.api.routes.websocket] Sent initial status for 0 printers
2026-04-08 21:22:11,104 INFO [backend.app.services.discovery] Starting SSDP discovery on port 2021 for Bambu Lab printers...
2026-04-08 21:22:21,139 INFO [backend.app.services.discovery] Discovery complete. Found 0 printers.
2026-04-08 21:23:09,272 INFO [backend.app.services.camera] Found ffmpeg at: /usr/bin/ffmpeg
2026-04-08 21:23:10,103 INFO [backend.app.services.mqtt_relay] MQTT relay disabled
2026-04-08 21:23:12,731 INFO [backend.app.services.mqtt_relay] MQTT relay disabled
2026-04-08 21:23:16,431 INFO [backend.app.services.mqtt_relay] MQTT relay disabled
2026-04-08 21:23:17,905 INFO [backend.app.services.mqtt_relay] MQTT relay disabled
2026-04-08 21:23:18,872 INFO [backend.app.services.mqtt_relay] MQTT relay disabled
2026-04-08 21:26:47,584 INFO [backend.app.api.routes.support] Log level changed to DEBUG
2026-04-08 21:26:47,584 INFO [backend.app.api.routes.bug_report] Bug report: enabled debug logging
2026-04-08 21:26:47,585 WARNING [backend.app.services.bambu_mqtt] [[SERIAL]] request_status_update: not connected
2026-04-08 21:26:58,871 DEBUG [backend.app.main] [[PRINTER]] Runtime tracking: not connected