2026-04-15 21:40:23,410 DEBUG [backend.app.services.bambu_mqtt] [[SERIAL]] chamber_temper direct value: 26.0°C (heater OFF)
2026-04-15 21:40:23,410 DEBUG [backend.app.services.bambu_mqtt] [[SERIAL]] Received command response: push_status
2026-04-15 21:40:23,410 DEBUG [backend.app.services.bambu_mqtt] [[SERIAL]] Received command response: push_status
2026-04-15 21:40:23,411 DEBUG [backend.app.services.bambu_mqtt] [[SERIAL]] Received command response: push_status
2026-04-15 21:40:23,411 DEBUG [backend.app.services.bambu_mqtt] [[SERIAL]] wifi_signal received: -41dBm
2026-04-15 21:40:23,411 DEBUG [backend.app.services.bambu_mqtt] [[SERIAL]] wifi_signal received: -33dBm
2026-04-15 21:40:23,411 DEBUG [backend.app.services.bambu_mqtt] [[SERIAL]] wifi_signal received: -41dBm
2026-04-15 21:40:23,411 DEBUG [backend.app.services.bambu_mqtt] [[SERIAL]] Chamber heating calculated: target=0.0, current=26.0, heating=False, respect_local=False
2026-04-15 21:40:23,412 DEBUG [backend.app.services.bambu_mqtt] [[SERIAL]] Chamber temp updated to: 26.0, target: 0.0, heating: False
2026-04-15 21:40:23,413 DEBUG [backend.app.services.bambu_mqtt] [[SERIAL]] HMS data received: []
2026-04-15 21:40:23,413 DEBUG [backend.app.services.bambu_mqtt] [[SERIAL]] ipcam field: {'agora_service': 'disable', 'ipcam_dev': '1', 'ipcam_record': 'disable', 'mode_bits': 2, 'resolution': '720p', 'rtsp_url': 'disable', 'timelapse': 'disable', 'tutk_server': 'disable'}
2026-04-15 21:40:23,413 DEBUG [backend.app.services.bambu_mqtt] [[SERIAL]] wifi_signal received: -36dBm
2026-04-15 21:40:23,413 DEBUG [backend.app.services.bambu_mqtt] [[SERIAL]] lights_report: [{'mode': 'on', 'node': 'chamber_light'}, {'mode': 'flashing', 'node': 'work_light'}]
2026-04-15 21:40:23,413 DEBUG [backend.app.services.bambu_mqtt] [[SERIAL]] gcode_state: FINISH -> FINISH, file: /data/Metadata/plate_4.gcode, subtask: BBL_XP1_k27-D_PP_4x_090g_07h00_rev00
2026-04-15 21:40:23,414 DEBUG [backend.app.services.bambu_mqtt] [[SERIAL]] Received command response: push_status
2026-04-15 21:40:23,414 DEBUG [backend.app.services.bambu_mqtt] [[SERIAL]] wifi_signal received: -67dBm
2026-04-15 21:40:23,423 DEBUG [backend.app.services.bambu_mqtt] [[SERIAL]] Found xcam inside print data: {'allow_skip_parts': False, 'buildplate_marker_detector': True, 'first_layer_inspector': True, 'halt_print_sensitivity': 'medium', 'print_halt': True, 'printing_monitor': True, 'spaghetti_detector': True}
2026-04-15 21:40:23,423 DEBUG [backend.app.services.bambu_mqtt] [[SERIAL]] Parsing xcam data - all fields: ['allow_skip_parts', 'buildplate_marker_detector', 'first_layer_inspector', 'halt_print_sensitivity', 'print_halt', 'printing_monitor', 'spaghetti_detector']
2026-04-15 21:40:23,423 DEBUG [backend.app.services.bambu_mqtt] [[SERIAL]] Received gcode_state: IDLE, gcode_file: , subtask_name: 
2026-04-15 21:40:23,423 DEBUG [backend.app.services.bambu_mqtt] [[SERIAL]] AMS dict fields: {'ams_exist_bits': '0', 'ams_exist_bits_raw': '0', 'cali_id': 0, 'cali_stat': 0, 'insert_flag': True, 'power_on_flag': False, 'tray_exist_bits': '0', 'tray_is_bbl_bits': '0', 'tray_now': '254', 'tray_pre': '254', 'tray_read_done_bits': '0', 'tray_reading_bits': '0', 'tray_tar': '255', 'unbind_ams_stat': 0, 'version': 2}
2026-04-15 21:40:23,423 DEBUG [backend.app.services.bambu_mqtt] [[SERIAL]] tray_now updated: 254
2026-04-15 21:40:23,423 DEBUG [backend.app.services.bambu_mqtt] [[SERIAL]] Merged AMS data: 0 new units, 0 total
2026-04-15 21:40:23,423 DEBUG [backend.app.services.bambu_mqtt] [[SERIAL]] ams_status: 0 (main=0, sub=0)
2026-04-15 21:40:23,423 DEBUG [backend.app.services.bambu_mqtt] [[SERIAL]] Received command response: push_status
2026-04-15 21:40:23,423 DEBUG [backend.app.services.bambu_mqtt] [[SERIAL]] device.extruder.state=1 (switch_state bits 12-14: 0)
2026-04-15 21:40:23,424 DEBUG [backend.app.services.bambu_mqtt] [[SERIAL]] info.temp direct: 26°C (heater OFF)
2026-04-15 21:40:23,424 DEBUG [backend.app.services.bambu_mqtt] [[SERIAL]] ctc_info keys: ['temp']
2026-04-15 21:40:23,424 DEBUG [backend.app.services.bambu_mqtt] [[SERIAL]] Chamber heating calculated: target=0.0, current=26.0, heating=False, respect_local=False
2026-04-15 21:40:23,424 DEBUG [backend.app.services.bambu_mqtt] [[SERIAL]] Chamber temp updated to: 26.0, target: 0.0, heating: False
2026-04-15 21:40:23,424 DEBUG [backend.app.services.bambu_mqtt] [[SERIAL]] HMS data received: []
2026-04-15 21:40:23,424 DEBUG [backend.app.services.bambu_mqtt] [[SERIAL]] ipcam field: {'agora_service': 'disable', 'brtc_service': 'enable', 'bs_state': 0, 'ipcam_dev': '1', 'ipcam_record': 'disable', 'laser_preview_res': 7, 'mode_bits': 2, 'resolution': '720p', 'rtsp_url': 'disable', 'timelapse': 'disable', 'tl_store_hpd_type': 2, 'tl_store_path_type': 2, 'tutk_server': 'disable'}
2026-04-15 21:40:23,424 DEBUG [backend.app.services.bambu_mqtt] [[SERIAL]] wifi_signal received: -44dBm
2026-04-15 21:40:23,424 DEBUG [backend.app.services.bambu_mqtt] [[SERIAL]] lights_report: [{'mode': 'on', 'node': 'chamber_light'}, {'mode': 'flashing', 'node': 'work_light'}]
2026-04-15 21:40:23,425 DEBUG [backend.app.services.bambu_mqtt] [[SERIAL]] MQTT mapping field: []
2026-04-15 21:40:23,425 DEBUG [backend.app.services.bambu_mqtt] [[SERIAL]] gcode_state: IDLE -> IDLE, file: , subtask: 
2026-04-15 21:40:23,426 DEBUG [backend.app.services.bambu_mqtt] [[SERIAL]] Received command response: push_status
2026-04-15 21:40:23,426 DEBUG [backend.app.services.bambu_mqtt] [[SERIAL]] wifi_signal received: -41dBm
2026-04-15 21:40:23,427 DEBUG [backend.app.services.bambu_mqtt] [[SERIAL]] Received command response: push_status
2026-04-15 21:40:23,427 DEBUG [backend.app.services.bambu_mqtt] [[SERIAL]] Received command response: push_status
2026-04-15 21:40:23,428 DEBUG [backend.app.services.bambu_mqtt] [[SERIAL]] wifi_signal received: -33dBm
2026-04-15 21:40:23,428 DEBUG [backend.app.services.bambu_mqtt] [[SERIAL]] Received command response: push_status
2026-04-15 21:40:23,428 DEBUG [backend.app.services.bambu_mqtt] [[SERIAL]] Received command response: push_status
2026-04-15 21:40:23,428 DEBUG [backend.app.services.bambu_mqtt] [[SERIAL]] wifi_signal received: -34dBm
2026-04-15 21:40:23,431 DEBUG [backend.app.services.bambu_mqtt] [[SERIAL]] Received command response: push_status
2026-04-15 21:40:23,431 DEBUG [backend.app.services.bambu_mqtt] [[SERIAL]] wifi_signal received: -35dBm
2026-04-15 21:40:23,431 DEBUG [backend.app.services.bambu_mqtt] [[SERIAL]] Received command response: push_status
2026-04-15 21:40:23,432 DEBUG [backend.app.services.bambu_mqtt] [[SERIAL]] wifi_signal received: -32dBm
2026-04-15 21:40:23,432 DEBUG [backend.app.services.bambu_mqtt] [[SERIAL]] Received command response: push_status
2026-04-15 21:40:23,438 DEBUG [backend.app.services.bambu_mqtt] [[SERIAL]] Received command response: push_status
2026-04-15 21:40:23,438 DEBUG [backend.app.services.bambu_mqtt] [[SERIAL]] wifi_signal received: -31dBm
2026-04-15 21:40:23,441 DEBUG [backend.app.services.bambu_mqtt] [[SERIAL]] Received command response: push_status
2026-04-15 21:40:23,442 DEBUG [backend.app.services.bambu_mqtt] [[SERIAL]] wifi_signal received: -33dBm
2026-04-15 21:40:23,445 DEBUG [backend.app.services.bambu_mqtt] [[SERIAL]] Received command response: push_status
2026-04-15 21:40:23,445 DEBUG [backend.app.services.bambu_mqtt] [[SERIAL]] wifi_signal received: -40dBm
2026-04-15 21:40:23,447 DEBUG [backend.app.services.bambu_mqtt] [[SERIAL]] Received command response: push_status
2026-04-15 21:40:23,447 DEBUG [backend.app.services.bambu_mqtt] [[SERIAL]] wifi_signal received: -40dBm
2026-04-15 21:40:23,450 DEBUG [backend.app.services.bambu_mqtt] [[SERIAL]] Received command response: push_status
2026-04-15 21:40:23,450 DEBUG [backend.app.services.bambu_mqtt] [[SERIAL]] wifi_signal received: -60dBm
2026-04-15 21:40:23,454 DEBUG [backend.app.services.bambu_mqtt] [[SERIAL]] Received command response: push_status
2026-04-15 21:40:23,454 DEBUG [backend.app.services.bambu_mqtt] [[SERIAL]] wifi_signal received: -60dBm
2026-04-15 21:40:23,469 DEBUG [backend.app.services.bambu_mqtt] [[SERIAL]] Received command response: push_status
2026-04-15 21:40:23,469 DEBUG [backend.app.services.bambu_mqtt] [[SERIAL]] wifi_signal received: -38dBm
2026-04-15 21:40:23,469 DEBUG [backend.app.services.bambu_mqtt] [[SERIAL]] Received command response: push_status
2026-04-15 21:40:23,469 DEBUG [backend.app.services.bambu_mqtt] [[SERIAL]] wifi_signal received: -44dBm
2026-04-15 21:40:23,476 DEBUG [backend.app.services.bambu_mqtt] [[SERIAL]] Received command response: push_status
2026-04-15 21:40:23,476 DEBUG [backend.app.services.bambu_mqtt] [[SERIAL]] wifi_signal received: -36dBm
2026-04-15 21:40:23,481 DEBUG [backend.app.services.bambu_mqtt] [[SERIAL]] Received command response: push_status
2026-04-15 21:40:23,481 DEBUG [backend.app.services.bambu_mqtt] [[SERIAL]] wifi_signal received: -34dBm
2026-04-15 21:40:23,482 DEBUG [backend.app.services.bambu_mqtt] [[SERIAL]] Received command response: push_status
2026-04-15 21:40:23,482 DEBUG [backend.app.services.bambu_mqtt] [[SERIAL]] wifi_signal received: -46dBm
2026-04-15 21:40:23,483 DEBUG [backend.app.services.bambu_mqtt] [[SERIAL]] Received command response: push_status
2026-04-15 21:40:23,483 DEBUG [backend.app.services.bambu_mqtt] [[SERIAL]] wifi_signal received: -43dBm
2026-04-15 21:40:23,486 DEBUG [backend.app.services.bambu_mqtt] [[SERIAL]] Received command response: push_status
2026-04-15 21:40:23,487 DEBUG [backend.app.services.bambu_mqtt] [[SERIAL]] Received command response: push_status
2026-04-15 21:40:23,487 DEBUG [backend.app.services.bambu_mqtt] [[SERIAL]] wifi_signal received: -45dBm
2026-04-15 21:40:23,487 DEBUG [backend.app.services.bambu_mqtt] [[SERIAL]] wifi_signal received: -35dBm
2026-04-15 21:40:23,489 DEBUG [backend.app.services.bambu_mqtt] [[SERIAL]] Received command response: push_status
2026-04-15 21:40:23,489 DEBUG [backend.app.services.bambu_mqtt] [[SERIAL]] wifi_signal received: -49dBm
2026-04-15 21:40:23,496 DEBUG [backend.app.services.bambu_mqtt] [[SERIAL]] Received command response: push_status
2026-04-15 21:40:23,497 DEBUG [backend.app.services.bambu_mqtt] [[SERIAL]] wifi_signal received: -34dBm
2026-04-15 21:40:23,516 DEBUG [backend.app.services.bambu_mqtt] [[SERIAL]] Received command response: push_status
2026-04-15 21:40:23,517 DEBUG [backend.app.services.bambu_mqtt] [[SERIAL]] wifi_signal received: -38dBm
2026-04-15 21:40:23,530 DEBUG [backend.app.services.bambu_mqtt] [[SERIAL]] Received command response: push_status
2026-04-15 21:40:23,530 DEBUG [backend.app.services.bambu_mqtt] [[SERIAL]] wifi_signal received: -35dBm
2026-04-15 21:40:23,530 DEBUG [backend.app.services.bambu_mqtt] [[SERIAL]] Received command response: push_status
2026-04-15 21:40:23,536 DEBUG [backend.app.services.bambu_mqtt] [[SERIAL]] Found xcam inside print data: {'allow_skip_parts': False, 'buildplate_marker_detector': True, 'first_layer_inspector': True, 'halt_print_sensitivity': 'medium', 'print_halt': True, 'printing_monitor': True, 'spaghetti_detector': True}
2026-04-15 21:40:23,537 DEBUG [backend.app.services.bambu_mqtt] [[SERIAL]] Parsing xcam data - all fields: ['allow_skip_parts', 'buildplate_marker_detector', 'first_layer_inspector', 'halt_print_sensitivity', 'print_halt', 'printing_monitor', 'spaghetti_detector']
2026-04-15 21:40:23,537 DEBUG [backend.app.services.bambu_mqtt] [[SERIAL]] Received gcode_state: FAILED, gcode_file: /data/Metadata/plate_1.gcode, subtask_name: BBL-XP1_k78-C_PP_3x_186g_15h46_rev00.gcode.3mf
2026-04-15 21:40:23,537 DEBUG [backend.app.services.bambu_mqtt] [[SERIAL]] AMS dict fields: {'ams_exist_bits': '0', 'insert_flag': True, 'power_on_flag': False, 'tray_exist_bits': '0', 'tray_is_bbl_bits': '0', 'tray_now': '254', 'tray_pre': '254', 'tray_read_done_bits': '0', 'tray_reading_bits': '0', 'tray_tar': '254', 'version': 2}
2026-04-15 21:40:23,537 DEBUG [backend.app.services.bambu_mqtt] [[SERIAL]] tray_now updated: 254
2026-04-15 21:40:23,537 DEBUG [backend.app.services.bambu_mqtt] [[SERIAL]] Merged AMS data: 0 new units, 0 total
2026-04-15 21:40:23,538 DEBUG [backend.app.services.bambu_mqtt] [[SERIAL]] ams_status: 0 (main=0, sub=0)
2026-04-15 21:40:23,538 DEBUG [backend.app.services.bambu_mqtt] [[SERIAL]] Received command response: push_status
2026-04-15 21:40:23,538 DEBUG [backend.app.services.bambu_mqtt] [[SERIAL]] chamber_temper raw value: 27.0
2026-04-15 21:40:23,538 DEBUG [backend.app.services.bambu_mqtt] [[SERIAL]] chamber_temper direct value: 27.0°C (heater OFF)
2026-04-15 21:40:23,538 DEBUG [backend.app.services.bambu_mqtt] [[SERIAL]] Chamber heating calculated: target=0.0, current=27.0, heating=False, respect_local=False
2026-04-15 21:40:23,538 DEBUG [backend.app.services.bambu_mqtt] [[SERIAL]] Chamber temp updated to: 27.0, target: 0.0, heating: False
2026-04-15 21:40:23,538 DEBUG [backend.app.services.bambu_mqtt] [[SERIAL]] HMS data received: []
2026-04-15 21:40:23,538 DEBUG [backend.app.services.bambu_mqtt] [[SERIAL]] ipcam field: {'ipcam_dev': '1', 'ipcam_record': 'enable', 'mode_bits': 2, 'resolution': '720p', 'rtsp_url': 'disable', 'timelapse': 'disable', 'tutk_server': 'disable'}
2026-04-15 21:40:23,538 DEBUG [backend.app.services.bambu_mqtt] [[SERIAL]] wifi_signal received: -33dBm
2026-04-15 21:40:23,538 DEBUG [backend.app.services.bambu_mqtt] [[SERIAL]] lights_report: [{'mode': 'on', 'node': 'chamber_light'}, {'mode': 'flashing', 'node': 'work_light'}]
2026-04-15 21:40:23,539 DEBUG [backend.app.services.bambu_mqtt] [[SERIAL]] gcode_state: FAILED -> FAILED, file: /data/Metadata/plate_1.gcode, subtask: BBL-XP1_k78-C_PP_3x_186g_15h46_rev00.gcode.3mf
2026-04-15 21:40:23,564 DEBUG [backend.app.services.bambu_mqtt] [[SERIAL]] Received command response: push_status
2026-04-15 21:40:23,600 DEBUG [backend.app.services.bambu_mqtt] [[SERIAL]] Received command response: push_status
2026-04-15 21:40:23,601 DEBUG [backend.app.services.bambu_mqtt] [[SERIAL]] wifi_signal received: -61dBm
2026-04-15 21:40:23,611 DEBUG [backend.app.services.bambu_mqtt] [[SERIAL]] Received command response: push_status
2026-04-15 21:40:23,611 DEBUG [backend.app.services.bambu_mqtt] [[SERIAL]] wifi_signal received: -38dBm
2026-04-15 21:40:23,614 DEBUG [backend.app.services.bambu_mqtt] [[SERIAL]] Found xcam inside print data: {'allow_skip_parts': False, 'buildplate_marker_detector': True, 'first_layer_inspector': True, 'halt_print_sensitivity': 'medium', 'print_halt': True, 'printing_monitor': True, 'spaghetti_detector': True}
2026-04-15 21:40:23,614 DEBUG [backend.app.services.bambu_mqtt] [[SERIAL]] Parsing xcam data - all fields: ['allow_skip_parts', 'buildplate_marker_detector', 'first_layer_inspector', 'halt_print_sensitivity', 'print_halt', 'printing_monitor', 'spaghetti_detector']
2026-04-15 21:40:23,614 DEBUG [backend.app.services.bambu_mqtt] [[SERIAL]] Received gcode_state: FINISH, gcode_file: /data/Metadata/plate_4.gcode, subtask_name: BBL_XP1_k27-D_PP_4x_090g_07h00_rev00
2026-04-15 21:40:23,614 DEBUG [backend.app.services.bambu_mqtt] [[SERIAL]] AMS dict fields: {'ams_exist_bits': '0', 'insert_flag': True, 'power_on_flag': False, 'tray_exist_bits': '0', 'tray_is_bbl_bits': '0', 'tray_now': '254', 'tray_pre': '254', 'tray_read_done_bits': '0', 'tray_reading_bits': '0', 'tray_tar': '254', 'version': 3}
2026-04-15 21:40:23,614 DEBUG [backend.app.services.bambu_mqtt] [[SERIAL]] tray_now updated: 254
2026-04-15 21:40:23,615 DEBUG [backend.app.services.bambu_mqtt] [[SERIAL]] Merged AMS data: 0 new units, 0 total
2026-04-15 21:40:23,615 DEBUG [backend.app.services.bambu_mqtt] [[SERIAL]] ams_status: 0 (main=0, sub=0)
2026-04-15 21:40:23,615 DEBUG [backend.app.services.bambu_mqtt] [[SERIAL]] Received command response: push_status
2026-04-15 21:40:23,615 DEBUG [backend.app.services.bambu_mqtt] [[SERIAL]] chamber_temper raw value: 25.0
2026-04-15 21:40:23,615 DEBUG [backend.app.services.bambu_mqtt] [[SERIAL]] chamber_temper direct value: 25.0°C (heater OFF)
2026-04-15 21:40:23,615 DEBUG [backend.app.services.bambu_mqtt] [[SERIAL]] Chamber heating calculated: target=0.0, current=25.0, heating=False, respect_local=False
2026-04-15 21:40:23,616 DEBUG [backend.app.services.bambu_mqtt] [[SERIAL]] Chamber temp updated to: 25.0, target: 0.0, heating: False
2026-04-15 21:40:23,616 DEBUG [backend.app.services.bambu_mqtt] [[SERIAL]] HMS data received: [{'attr': 83886336, 'code': 196612}]
2026-04-15 21:40:23,616 DEBUG [backend.app.services.bambu_mqtt] [[SERIAL]] ipcam field: {'ipcam_dev': '1', 'ipcam_record': 'disable', 'mode_bits': 2, 'resolution': '720p', 'rtsp_url': 'disable', 'timelapse': 'disable', 'tutk_server': 'disable'}
2026-04-15 21:40:23,616 DEBUG [backend.app.services.bambu_mqtt] [[SERIAL]] wifi_signal received: -34dBm
2026-04-15 21:40:23,616 DEBUG [backend.app.services.bambu_mqtt] [[SERIAL]] lights_report: [{'mode': 'on', 'node': 'chamber_light'}, {'mode': 'flashing', 'node': 'work_light'}]
2026-04-15 21:40:23,617 DEBUG [backend.app.services.bambu_mqtt] [[SERIAL]] gcode_state: FINISH -> FINISH, file: /data/Metadata/plate_4.gcode, subtask: BBL_XP1_k27-D_PP_4x_090g_07h00_rev00
2026-04-15 21:40:23,623 DEBUG [backend.app.services.bambu_mqtt] [[SERIAL]] Received command response: push_status
2026-04-15 21:40:23,624 DEBUG [backend.app.services.bambu_mqtt] [[SERIAL]] wifi_signal received: -63dBm
2026-04-15 21:40:23,624 DEBUG [backend.app.services.bambu_mqtt] [[SERIAL]] Received command response: push_status
2026-04-15 21:40:23,624 DEBUG [backend.app.services.bambu_mqtt] [[SERIAL]] wifi_signal received: -32dBm
2026-04-15 21:40:23,626 DEBUG [backend.app.services.bambu_mqtt] [[SERIAL]] Found xcam inside print data: {'allow_skip_parts': False, 'buildplate_marker_detector': False, 'first_layer_inspector': False, 'halt_print_sensitivity': 'medium', 'print_halt': True, 'printing_monitor': False, 'spaghetti_detector': False}
2026-04-15 21:40:23,626 DEBUG [backend.app.services.bambu_mqtt] [[SERIAL]] Parsing xcam data - all fields: ['allow_skip_parts', 'buildplate_marker_detector', 'first_layer_inspector', 'halt_print_sensitivity', 'print_halt', 'printing_monitor', 'spaghetti_detector']
2026-04-15 21:40:23,626 DEBUG [backend.app.services.bambu_mqtt] [[SERIAL]] Received gcode_state: FINISH, gcode_file: /data/Metadata/plate_4.gcode, subtask_name: BBL_XP1_k27-D_PP_4x_090g_07h00_rev00
2026-04-15 21:40:23,626 DEBUG [backend.app.services.bambu_mqtt] [[SERIAL]] AMS dict fields: {'ams_exist_bits': '0', 'insert_flag': True, 'power_on_flag': False, 'tray_exist_bits': '0', 'tray_is_bbl_bits': '0', 'tray_now': '254', 'tray_pre': '254', 'tray_read_done_bits': '0', 'tray_reading_bits': '0', 'tray_tar': '254', 'version': 2}
2026-04-15 21:40:23,626 DEBUG [backend.app.services.bambu_mqtt] [[SERIAL]] tray_now updated: 254
2026-04-15 21:40:23,626 DEBUG [backend.app.services.bambu_mqtt] [[SERIAL]] Merged AMS data: 0 new units, 0 total
2026-04-15 21:40:23,627 DEBUG [backend.app.services.bambu_mqtt] [[SERIAL]] ams_status: 0 (main=0, sub=0)
2026-04-15 21:40:23,627 DEBUG [backend.app.services.bambu_mqtt] [[SERIAL]] Received command response: push_status
2026-04-15 21:40:23,627 DEBUG [backend.app.services.bambu_mqtt] [[SERIAL]] chamber_temper raw value: 26.0
2026-04-15 21:40:23,627 DEBUG [backend.app.services.bambu_mqtt] [[SERIAL]] chamber_temper direct value: 26.0°C (heater OFF)
2026-04-15 21:40:23,627 DEBUG [backend.app.services.bambu_mqtt] [[SERIAL]] Chamber heating calculated: target=0.0, current=26.0, heating=False, respect_local=False
2026-04-15 21:40:23,627 DEBUG [backend.app.services.bambu_mqtt] [[SERIAL]] Chamber temp updated to: 26.0, target: 0.0, heating: False
2026-04-15 21:40:23,627 DEBUG [backend.app.services.bambu_mqtt] [[SERIAL]] HMS data received: []
2026-04-15 21:40:23,627 DEBUG [backend.app.services.bambu_mqtt] [[SERIAL]] ipcam field: {'ipcam_dev': '1', 'ipcam_record': 'disable', 'mode_bits': 2, 'resolution': '1080p', 'rtsp_url': 'rtsps://[IP]:322/streaming/live/1', 'timelapse': 'disable', 'tutk_server': 'disable'}
2026-04-15 21:40:23,627 DEBUG [backend.app.services.bambu_mqtt] [[SERIAL]] wifi_signal received: -27dBm
2026-04-15 21:40:23,627 DEBUG [backend.app.services.bambu_mqtt] [[SERIAL]] lights_report: [{'mode': 'on', 'node': 'chamber_light'}, {'mode': 'flashing', 'node': 'work_light'}]
2026-04-15 21:40:23,628 DEBUG [backend.app.services.bambu_mqtt] [[SERIAL]] gcode_state: FINISH -> FINISH, file: /data/Metadata/plate_4.gcode, subtask: BBL_XP1_k27-D_PP_4x_090g_07h00_rev00
2026-04-15 21:40:23,640 DEBUG [backend.app.services.bambu_mqtt] [[SERIAL]] Found xcam inside print data: {'allow_skip_parts': False, 'buildplate_marker_detector': True, 'first_layer_inspector': True, 'halt_print_sensitivity': 'medium', 'print_halt': True, 'printing_monitor': True, 'spaghetti_detector': True}
2026-04-15 21:40:23,641 DEBUG [backend.app.services.bambu_mqtt] [[SERIAL]] Parsing xcam data - all fields: ['allow_skip_parts', 'buildplate_marker_detector', 'first_layer_inspector', 'halt_print_sensitivity', 'print_halt', 'printing_monitor', 'spaghetti_detector']
2026-04-15 21:40:23,641 DEBUG [backend.app.services.bambu_mqtt] [[SERIAL]] Received gcode_state: FINISH, gcode_file: /data/Metadata/plate_2.gcode, subtask_name: BBL-XP1_k78-C_PP_2x_124g_10h30_rev00
2026-04-15 21:40:23,641 DEBUG [backend.app.services.bambu_mqtt] [[SERIAL]] AMS dict fields: {'ams_exist_bits': '0', 'ams_exist_bits_raw': '0', 'insert_flag': True, 'power_on_flag': False, 'tray_exist_bits': '0', 'tray_is_bbl_bits': '0', 'tray_now': '254', 'tray_pre': '254', 'tray_read_done_bits': '0', 'tray_reading_bits': '0', 'tray_tar': '254', 'version': 2}
2026-04-15 21:40:23,641 DEBUG [backend.app.services.bambu_mqtt] [[SERIAL]] tray_now updated: 254
2026-04-15 21:40:23,641 DEBUG [backend.app.services.bambu_mqtt] [[SERIAL]] Merged AMS data: 0 new units, 0 total
2026-04-15 21:40:23,641 DEBUG [backend.app.services.bambu_mqtt] [[SERIAL]] ams_status: 0 (main=0, sub=0)
2026-04-15 21:40:23,641 DEBUG [backend.app.services.bambu_mqtt] [[SERIAL]] Received command response: push_status
2026-04-15 21:40:23,641 DEBUG [backend.app.services.bambu_mqtt] [[SERIAL]] chamber_temper raw value: 26.0
2026-04-15 21:40:23,641 DEBUG [backend.app.services.bambu_mqtt] [[SERIAL]] chamber_temper direct value: 26.0°C (heater OFF)
2026-04-15 21:40:23,641 DEBUG [backend.app.services.bambu_mqtt] [[SERIAL]] Chamber heating calculated: target=0.0, current=26.0, heating=False, respect_local=False
2026-04-15 21:40:23,642 DEBUG [backend.app.services.bambu_mqtt] [[SERIAL]] Chamber temp updated to: 26.0, target: 0.0, heating: False
2026-04-15 21:40:23,642 DEBUG [backend.app.services.bambu_mqtt] [[SERIAL]] HMS data received: []
2026-04-15 21:40:23,642 DEBUG [backend.app.services.bambu_mqtt] [[SERIAL]] ipcam field: {'agora_service': 'disable', 'ipcam_dev': '1', 'ipcam_record': 'enable', 'mode_bits': 2, 'resolution': '720p', 'rtsp_url': 'disable', 'timelapse': 'disable', 'tutk_server': 'disable'}
2026-04-15 21:40:23,642 DEBUG [backend.app.services.bambu_mqtt] [[SERIAL]] wifi_signal received: -28dBm
2026-04-15 21:40:23,642 DEBUG [backend.app.services.bambu_mqtt] [[SERIAL]] lights_report: [{'mode': 'on', 'node': 'chamber_light'}, {'mode': 'flashing', 'node': 'work_light'}]
2026-04-15 21:40:23,642 DEBUG [backend.app.services.bambu_mqtt] [[SERIAL]] gcode_state: FINISH -> FINISH, file: /data/Metadata/plate_2.gcode, subtask: BBL-XP1_k78-C_PP_2x_124g_10h30_rev00
2026-04-15 21:40:23,648 DEBUG [backend.app.services.bambu_mqtt] [[SERIAL]] Received command response: push_status
2026-04-15 21:40:23,648 DEBUG [backend.app.services.bambu_mqtt] [[SERIAL]] wifi_signal received: -39dBm
2026-04-15 21:40:23,668 DEBUG [backend.app.services.bambu_mqtt] [[SERIAL]] Found xcam inside print data: {'allow_skip_parts': False, 'buildplate_marker_detector': True, 'first_layer_inspector': True, 'halt_print_sensitivity': 'medium', 'print_halt': True, 'printing_monitor': True, 'spaghetti_detector': True}
2026-04-15 21:40:23,668 DEBUG [backend.app.services.bambu_mqtt] [[SERIAL]] Parsing xcam data - all fields: ['allow_skip_parts', 'buildplate_marker_detector', 'first_layer_inspector', 'halt_print_sensitivity', 'print_halt', 'printing_monitor', 'spaghetti_detector']
2026-04-15 21:40:23,668 DEBUG [backend.app.services.bambu_mqtt] [[SERIAL]] Received gcode_state: FINISH, gcode_file: /data/Metadata/plate_4.gcode, subtask_name: BBL_XP1_k27-D_PP_4x_090g_07h00_rev00
2026-04-15 21:40:23,668 DEBUG [backend.app.services.bambu_mqtt] [[SERIAL]] AMS dict fields: {'ams_exist_bits': '0', 'insert_flag': True, 'power_on_flag': False, 'tray_exist_bits': '0', 'tray_is_bbl_bits': '0', 'tray_now': '254', 'tray_pre': '254', 'tray_read_done_bits': '0', 'tray_reading_bits': '0', 'tray_tar': '254', 'version': 4}
2026-04-15 21:40:23,668 DEBUG [backend.app.services.bambu_mqtt] [[SERIAL]] tray_now updated: 254
2026-04-15 21:40:23,668 DEBUG [backend.app.services.bambu_mqtt] [[SERIAL]] Merged AMS data: 0 new units, 0 total
2026-04-15 21:40:23,668 DEBUG [backend.app.services.bambu_mqtt] [[SERIAL]] ams_status: 0 (main=0, sub=0)
2026-04-15 21:40:23,668 DEBUG [backend.app.services.bambu_mqtt] [[SERIAL]] Received command response: push_status
2026-04-15 21:40:23,668 DEBUG [backend.app.services.bambu_mqtt] [[SERIAL]] chamber_temper raw value: 26.0
2026-04-15 21:40:23,668 DEBUG [backend.app.services.bambu_mqtt] [[SERIAL]] chamber_temper direct value: 26.0°C (heater OFF)
2026-04-15 21:40:23,669 DEBUG [backend.app.services.bambu_mqtt] [[SERIAL]] Chamber heating calculated: target=0.0, current=26.0, heating=False, respect_local=False
2026-04-15 21:40:23,669 DEBUG [backend.app.services.bambu_mqtt] [[SERIAL]] Chamber temp updated to: 26.0, target: 0.0, heating: False
2026-04-15 21:40:23,669 DEBUG [backend.app.services.bambu_mqtt] [[SERIAL]] HMS data received: [{'attr': 83886336, 'code': 196612}]
2026-04-15 21:40:23,669 DEBUG [backend.app.services.bambu_mqtt] [[SERIAL]] ipcam field: {'ipcam_dev': '1', 'ipcam_record': 'disable', 'mode_bits': 2, 'resolution': '720p', 'rtsp_url': 'disable', 'timelapse': 'disable', 'tutk_server': 'disable'}
2026-04-15 21:40:23,669 DEBUG [backend.app.services.bambu_mqtt] [[SERIAL]] wifi_signal received: -54dBm
2026-04-15 21:40:23,669 DEBUG [backend.app.services.bambu_mqtt] [[SERIAL]] lights_report: [{'mode': 'on', 'node': 'chamber_light'}, {'mode': 'flashing', 'node': 'work_light'}]
2026-04-15 21:40:23,669 DEBUG [backend.app.services.bambu_mqtt] [[SERIAL]] gcode_state: FINISH -> FINISH, file: /data/Metadata/plate_4.gcode, subtask: BBL_XP1_k27-D_PP_4x_090g_07h00_rev00
2026-04-15 21:40:23,687 DEBUG [backend.app.services.bambu_mqtt] [[SERIAL]] Found xcam inside print data: {'allow_skip_parts': False, 'buildplate_marker_detector': False, 'first_layer_inspector': True, 'halt_print_sensitivity': 'high', 'print_halt': True, 'printing_monitor': True, 'spaghetti_detector': True}
2026-04-15 21:40:23,687 DEBUG [backend.app.services.bambu_mqtt] [[SERIAL]] Parsing xcam data - all fields: ['allow_skip_parts', 'buildplate_marker_detector', 'first_layer_inspector', 'halt_print_sensitivity', 'print_halt', 'printing_monitor', 'spaghetti_detector']
2026-04-15 21:40:23,687 DEBUG [backend.app.services.bambu_mqtt] [[SERIAL]] Received gcode_state: RUNNING, gcode_file: /data/Metadata/plate_4.gcode, subtask_name: BBL_XP1_k27-D_PP_4x_090g_07h00_rev00
2026-04-15 21:40:23,687 DEBUG [backend.app.services.bambu_mqtt] [[SERIAL]] AMS dict fields: {'ams_exist_bits': '0', 'insert_flag': True, 'power_on_flag': False, 'tray_exist_bits': '0', 'tray_is_bbl_bits': '0', 'tray_now': '254', 'tray_pre': '254', 'tray_read_done_bits': '0', 'tray_reading_bits': '0', 'tray_tar': '254', 'version': 2}
2026-04-15 21:40:23,687 DEBUG [backend.app.services.bambu_mqtt] [[SERIAL]] tray_now updated: 254
2026-04-15 21:40:23,687 DEBUG [backend.app.services.bambu_mqtt] [[SERIAL]] Merged AMS data: 0 new units, 0 total
2026-04-15 21:40:23,687 DEBUG [backend.app.services.bambu_mqtt] [[SERIAL]] ams_status: 768 (main=3, sub=0)
2026-04-15 21:40:23,687 DEBUG [backend.app.services.bambu_mqtt] [[SERIAL]] Received command response: push_status
2026-04-15 21:40:23,687 DEBUG [backend.app.services.bambu_mqtt] [[SERIAL]] chamber_temper raw value: 28.0
2026-04-15 21:40:23,688 DEBUG [backend.app.services.bambu_mqtt] [[SERIAL]] chamber_temper direct value: 28.0°C (heater OFF)
2026-04-15 21:40:23,688 DEBUG [backend.app.services.bambu_mqtt] [[SERIAL]] Chamber heating calculated: target=0.0, current=28.0, heating=False, respect_local=False
2026-04-15 21:40:23,688 DEBUG [backend.app.services.bambu_mqtt] [[SERIAL]] Chamber temp updated to: 28.0, target: 0.0, heating: False
2026-04-15 21:40:23,688 DEBUG [backend.app.services.bambu_mqtt] [[SERIAL]] HMS data received: [{'attr': 83886336, 'code': 196612}]
2026-04-15 21:40:23,688 DEBUG [backend.app.services.bambu_mqtt] [[SERIAL]] ipcam field: {'ipcam_dev': '1', 'ipcam_record': 'disable', 'mode_bits': 2, 'resolution': '720p', 'rtsp_url': 'rtsps://[IP]:322/streaming/live/1', 'timelapse': 'disable', 'tutk_server': 'disable'}
2026-04-15 21:40:23,688 DEBUG [backend.app.services.bambu_mqtt] [[SERIAL]] wifi_signal received: -36dBm
2026-04-15 21:40:23,689 DEBUG [backend.app.services.bambu_mqtt] [[SERIAL]] lights_report: [{'mode': 'on', 'node': 'chamber_light'}, {'mode': 'flashing', 'node': 'work_light'}]
2026-04-15 21:40:23,689 DEBUG [backend.app.services.bambu_mqtt] [[SERIAL]] gcode_state: RUNNING -> RUNNING, file: /data/Metadata/plate_4.gcode, subtask: BBL_XP1_k27-D_PP_4x_090g_07h00_rev00
2026-04-15 21:40:23,689 DEBUG [backend.app.services.bambu_mqtt] [[SERIAL]] Received command response: push_status
2026-04-15 21:40:23,689 DEBUG [backend.app.services.bambu_mqtt] [[SERIAL]] wifi_signal received: -40dBm