2026-03-12 08:58:17,860 DEBUG [backend.app.services.bambu_mqtt] [[SERIAL]] device.extruder.state=2 (switch_state bits 12-14: 0)
2026-03-12 08:58:17,860 DEBUG [backend.app.services.bambu_mqtt] [[SERIAL]] info.temp direct: 27°C (heater OFF)
2026-03-12 08:58:17,861 DEBUG [backend.app.services.bambu_mqtt] [[SERIAL]] ctc_info keys: ['temp']
2026-03-12 08:58:17,861 DEBUG [backend.app.services.bambu_mqtt] [[SERIAL]] Chamber heating calculated: target=0.0, current=27.0, heating=False, respect_local=False
2026-03-12 08:58:17,861 DEBUG [backend.app.services.bambu_mqtt] [[SERIAL]] Chamber temp updated to: 27.0, target: 0.0, heating: False
2026-03-12 08:58:17,861 DEBUG [backend.app.services.bambu_mqtt] [[SERIAL]] HMS data received: []
2026-03-12 08:58:17,861 DEBUG [backend.app.services.bambu_mqtt] [[SERIAL]] ipcam field: {'agora_service': 'disable', 'brtc_service': 'enable', 'bs_state': 0, 'ipcam_dev': '1', 'ipcam_record': 'enable', 'laser_preview_res': 5, 'mode_bits': 2, 'resolution': '1080p', 'rtsp_url': 'rtsps://[IP]:322/streaming/live/1', 'timelapse': 'disable', 'tl_store_hpd_type': 2, 'tl_store_path_type': 2, 'tutk_server': 'disable'}
2026-03-12 08:58:17,861 DEBUG [backend.app.services.bambu_mqtt] [[SERIAL]] wifi_signal received: -90dBm
2026-03-12 08:58:17,861 DEBUG [backend.app.services.bambu_mqtt] [[SERIAL]] lights_report: [{'mode': 'on', 'node': 'chamber_light'}, {'mode': 'flashing', 'node': 'work_light'}, {'mode': 'on', 'node': 'chamber_light2'}]
2026-03-12 08:58:17,861 DEBUG [backend.app.services.bambu_mqtt] [[SERIAL]] MQTT mapping field: []
2026-03-12 08:58:17,861 DEBUG [backend.app.services.bambu_mqtt] [[SERIAL]] gcode_state: IDLE -> IDLE, file: , subtask: 
2026-03-12 08:58:18,097 DEBUG [backend.app.services.bambu_mqtt] [[SERIAL]] Ignoring spurious disconnect (last message 0.2s ago)
2026-03-12 08:58:18,141 DEBUG [backend.app.services.bambu_mqtt] [[SERIAL]] Ignoring spurious disconnect (last message 1.0s ago)
2026-03-12 08:58:18,353 DEBUG [backend.app.services.bambu_mqtt] [[SERIAL]] Requesting firmware version info
2026-03-12 08:58:18,354 DEBUG [backend.app.services.bambu_mqtt] [[SERIAL]] Sending K-profile priming request
2026-03-12 08:58:18,357 INFO [backend.app.services.bambu_mqtt] [[SERIAL]] Request topic subscription accepted. ams_mapping capture enabled for slicer-initiated prints.
2026-03-12 08:58:18,429 DEBUG [backend.app.services.bambu_mqtt] [[SERIAL]] AMS 0 firmware: 00.00.06.75
2026-03-12 08:58:18,483 DEBUG [backend.app.services.bambu_mqtt] [[SERIAL]] Received command response: extrusion_cali_get
2026-03-12 08:58:18,483 DEBUG [backend.app.services.bambu_mqtt] [[SERIAL]] MQTT mapping field: [1]
2026-03-12 08:58:18,517 DEBUG [backend.app.services.bambu_mqtt] [[SERIAL]] Requesting firmware version info
2026-03-12 08:58:18,517 DEBUG [backend.app.services.bambu_mqtt] [[SERIAL]] Sending K-profile priming request
2026-03-12 08:58:18,519 INFO [backend.app.services.bambu_mqtt] [[SERIAL]] Request topic subscription accepted. ams_mapping capture enabled for slicer-initiated prints.
2026-03-12 08:58:18,554 DEBUG [backend.app.services.bambu_mqtt] [[SERIAL]] Requesting firmware version info
2026-03-12 08:58:18,555 DEBUG [backend.app.services.bambu_mqtt] [[SERIAL]] Sending K-profile priming request
2026-03-12 08:58:18,558 INFO [backend.app.services.bambu_mqtt] [[SERIAL]] Request topic subscription accepted. ams_mapping capture enabled for slicer-initiated prints.
2026-03-12 08:58:18,565 DEBUG [backend.app.services.bambu_mqtt] [[SERIAL]] Requesting firmware version info
2026-03-12 08:58:18,566 DEBUG [backend.app.services.bambu_mqtt] [[SERIAL]] Sending K-profile priming request
2026-03-12 08:58:18,568 INFO [backend.app.services.bambu_mqtt] [[SERIAL]] Request topic subscription accepted. ams_mapping capture enabled for slicer-initiated prints.
2026-03-12 08:58:18,637 DEBUG [backend.app.services.bambu_mqtt] [[SERIAL]] AMS 0 firmware: 03.00.21.29
2026-03-12 08:58:18,637 DEBUG [backend.app.services.bambu_mqtt] [[SERIAL]] AMS 1 firmware: 03.00.21.29
2026-03-12 08:58:18,638 DEBUG [backend.app.services.bambu_mqtt] [[SERIAL]] AMS 2 firmware: 03.00.21.29
2026-03-12 08:58:18,638 DEBUG [backend.app.services.bambu_mqtt] [[SERIAL]] AMS 3 firmware: 03.00.21.29
2026-03-12 08:58:18,638 DEBUG [backend.app.services.bambu_mqtt] [[SERIAL]] AMS 128 firmware: 03.00.21.29
2026-03-12 08:58:18,638 DEBUG [backend.app.services.bambu_mqtt] [[SERIAL]] AMS 129 firmware: 03.00.21.29
2026-03-12 08:58:18,638 DEBUG [backend.app.services.bambu_mqtt] [[SERIAL]] AMS 130 firmware: 03.00.21.29
2026-03-12 08:58:18,638 DEBUG [backend.app.services.bambu_mqtt] [[SERIAL]] AMS 131 firmware: 03.00.21.29
2026-03-12 08:58:18,641 DEBUG [backend.app.services.bambu_mqtt] [[SERIAL]] Received command response: extrusion_cali_get
2026-03-12 08:58:18,641 DEBUG [backend.app.services.bambu_mqtt] [[SERIAL]] MQTT mapping field: []
2026-03-12 08:58:18,653 DEBUG [backend.app.services.bambu_mqtt] [[SERIAL]] Requesting firmware version info
2026-03-12 08:58:18,653 DEBUG [backend.app.services.bambu_mqtt] [[SERIAL]] Sending K-profile priming request
2026-03-12 08:58:18,655 INFO [backend.app.services.bambu_mqtt] [[SERIAL]] Request topic subscription accepted. ams_mapping capture enabled for slicer-initiated prints.
2026-03-12 08:58:18,704 DEBUG [backend.app.services.bambu_mqtt] [[SERIAL]] AMS 0 firmware: 03.00.21.29
2026-03-12 08:58:18,705 DEBUG [backend.app.services.bambu_mqtt] [[SERIAL]] AMS 1 firmware: 03.00.21.29
2026-03-12 08:58:18,705 DEBUG [backend.app.services.bambu_mqtt] [[SERIAL]] AMS 2 firmware: 03.00.21.29
2026-03-12 08:58:18,705 DEBUG [backend.app.services.bambu_mqtt] [[SERIAL]] AMS 3 firmware: 03.00.21.29
2026-03-12 08:58:18,705 DEBUG [backend.app.services.bambu_mqtt] [[SERIAL]] AMS 128 firmware: 03.00.21.29
2026-03-12 08:58:18,705 DEBUG [backend.app.services.bambu_mqtt] [[SERIAL]] AMS 129 firmware: 03.00.21.29
2026-03-12 08:58:18,706 DEBUG [backend.app.services.bambu_mqtt] [[SERIAL]] AMS 130 firmware: 03.00.21.29
2026-03-12 08:58:18,706 DEBUG [backend.app.services.bambu_mqtt] [[SERIAL]] AMS 131 firmware: 03.00.21.29
2026-03-12 08:58:18,707 DEBUG [backend.app.services.bambu_mqtt] [[SERIAL]] Received command response: extrusion_cali_get
2026-03-12 08:58:18,707 DEBUG [backend.app.services.bambu_mqtt] [[SERIAL]] MQTT mapping field: [0, 65535, 65535, 512]
2026-03-12 08:58:18,736 DEBUG [backend.app.services.bambu_mqtt] [[SERIAL]] AMS 0 firmware: 00.00.06.75
2026-03-12 08:58:18,788 DEBUG [backend.app.services.bambu_mqtt] [[SERIAL]] Received command response: extrusion_cali_get
2026-03-12 08:58:18,789 DEBUG [backend.app.services.bambu_mqtt] [[SERIAL]] MQTT mapping field: [1]
2026-03-12 08:58:18,796 DEBUG [backend.app.services.bambu_mqtt] [[SERIAL]] AMS 0 firmware: 00.00.06.75
2026-03-12 08:58:18,804 DEBUG [backend.app.services.bambu_mqtt] [[SERIAL]] Received command response: extrusion_cali_get
2026-03-12 08:58:18,804 DEBUG [backend.app.services.bambu_mqtt] [[SERIAL]] MQTT mapping field: [0]
2026-03-12 08:58:19,158 DEBUG [backend.app.services.bambu_mqtt] [[SERIAL]] Requesting firmware version info
2026-03-12 08:58:19,159 DEBUG [backend.app.services.bambu_mqtt] [[SERIAL]] Sending K-profile priming request
2026-03-12 08:58:19,162 INFO [backend.app.services.bambu_mqtt] [[SERIAL]] Request topic subscription accepted. ams_mapping capture enabled for slicer-initiated prints.
2026-03-12 08:58:19,196 DEBUG [backend.app.services.bambu_mqtt] [[SERIAL]] Requesting firmware version info
2026-03-12 08:58:19,196 DEBUG [backend.app.services.bambu_mqtt] [[SERIAL]] Sending K-profile priming request
2026-03-12 08:58:19,198 INFO [backend.app.services.bambu_mqtt] [[SERIAL]] Request topic subscription accepted. ams_mapping capture enabled for slicer-initiated prints.
2026-03-12 08:58:19,281 DEBUG [backend.app.services.bambu_mqtt] [[SERIAL]] AMS 0 firmware: 03.00.21.29
2026-03-12 08:58:19,281 DEBUG [backend.app.services.bambu_mqtt] [[SERIAL]] AMS 1 firmware: 03.00.21.29
2026-03-12 08:58:19,282 DEBUG [backend.app.services.bambu_mqtt] [[SERIAL]] AMS 2 firmware: 03.00.21.29
2026-03-12 08:58:19,282 DEBUG [backend.app.services.bambu_mqtt] [[SERIAL]] AMS 3 firmware: 03.00.21.29
2026-03-12 08:58:19,282 DEBUG [backend.app.services.bambu_mqtt] [[SERIAL]] AMS 128 firmware: 03.00.21.29
2026-03-12 08:58:19,282 DEBUG [backend.app.services.bambu_mqtt] [[SERIAL]] AMS 129 firmware: 03.00.21.29
2026-03-12 08:58:19,283 DEBUG [backend.app.services.bambu_mqtt] [[SERIAL]] AMS 130 firmware: 03.00.21.29
2026-03-12 08:58:19,283 DEBUG [backend.app.services.bambu_mqtt] [[SERIAL]] AMS 131 firmware: 03.00.21.29
2026-03-12 08:58:19,348 DEBUG [backend.app.services.bambu_mqtt] [[SERIAL]] Found xcam inside print data: {'allow_skip_parts': False, 'buildplate_marker_detector': True, 'cfg': 224695, 'first_layer_inspector': True, 'halt_print_sensitivity': 'medium', 'print_halt': True, 'printing_monitor': True, 'spaghetti_detector': True}
2026-03-12 08:58:19,348 DEBUG [backend.app.services.bambu_mqtt] [[SERIAL]] Parsing xcam data - all fields: ['allow_skip_parts', 'buildplate_marker_detector', 'cfg', 'first_layer_inspector', 'halt_print_sensitivity', 'print_halt', 'printing_monitor', 'spaghetti_detector']
2026-03-12 08:58:19,348 DEBUG [backend.app.services.bambu_mqtt] [[SERIAL]] xcam cfg bitmask: 224695 (binary: 0b110110110110110111)
2026-03-12 08:58:19,348 DEBUG [backend.app.services.bambu_mqtt] [[SERIAL]] Received gcode_state: IDLE, gcode_file: , subtask_name: 
2026-03-12 08:58:19,348 DEBUG [backend.app.services.bambu_mqtt] [[SERIAL]] AMS dict fields: {'ams_exist_bits': 'ff', 'ams_exist_bits_raw': 'ff', 'cali_id': 255, 'cali_stat': 0, 'insert_flag': True, 'power_on_flag': False, 'tray_exist_bits': 'fffff', 'tray_is_bbl_bits': 'fffff', 'tray_now': '255', 'tray_pre': '255', 'tray_read_done_bits': 'fffff', 'tray_reading_bits': '0', 'tray_tar': '255', 'unbind_ams_stat': 0, 'version': 307}
2026-03-12 08:58:19,349 DEBUG [backend.app.services.bambu_mqtt] [[SERIAL]] tray_now updated: 255
2026-03-12 08:58:19,350 DEBUG [backend.app.services.bambu_mqtt] [[SERIAL]] Merged AMS data: 8 new units, 8 total
2026-03-12 08:58:19,350 DEBUG [backend.app.services.bambu_mqtt] [[SERIAL]] AMS 0 info=0x1103 -> extruder 1
2026-03-12 08:58:19,350 DEBUG [backend.app.services.bambu_mqtt] [[SERIAL]] AMS 1 info=0x1003 -> extruder 0
2026-03-12 08:58:19,351 DEBUG [backend.app.services.bambu_mqtt] [[SERIAL]] AMS 128 info=0x2104 -> extruder 1
2026-03-12 08:58:19,351 DEBUG [backend.app.services.bambu_mqtt] [[SERIAL]] AMS 129 info=0x2004 -> extruder 0
2026-03-12 08:58:19,351 DEBUG [backend.app.services.bambu_mqtt] [[SERIAL]] AMS 130 info=0x2004 -> extruder 0
2026-03-12 08:58:19,351 DEBUG [backend.app.services.bambu_mqtt] [[SERIAL]] AMS 131 info=0x1104 -> extruder 1
2026-03-12 08:58:19,351 DEBUG [backend.app.services.bambu_mqtt] [[SERIAL]] AMS 2 info=0x1003 -> extruder 0
2026-03-12 08:58:19,351 DEBUG [backend.app.services.bambu_mqtt] [[SERIAL]] AMS 3 info=0x1103 -> extruder 1
2026-03-12 08:58:19,351 DEBUG [backend.app.services.bambu_mqtt] [[SERIAL]] ams_extruder_map: {'0': 1, '1': 0, '128': 1, '129': 0, '130': 0, '131': 1, '2': 0, '3': 1}
2026-03-12 08:58:19,352 DEBUG [backend.app.services.bambu_mqtt] [[SERIAL]] ams_status: 0 (main=0, sub=0)
2026-03-12 08:58:19,352 DEBUG [backend.app.services.bambu_mqtt] [[SERIAL]] Received command response: push_status
2026-03-12 08:58:19,352 DEBUG [backend.app.services.bambu_mqtt] [[SERIAL]] device.extruder.state=2 (switch_state bits 12-14: 0)
2026-03-12 08:58:19,353 DEBUG [backend.app.services.bambu_mqtt] [[SERIAL]] info.temp direct: 26°C (heater OFF)
2026-03-12 08:58:19,353 DEBUG [backend.app.services.bambu_mqtt] [[SERIAL]] ctc_info keys: ['temp']
2026-03-12 08:58:19,353 DEBUG [backend.app.services.bambu_mqtt] [[SERIAL]] Chamber heating calculated: target=0.0, current=26.0, heating=False, respect_local=False
2026-03-12 08:58:19,353 DEBUG [backend.app.services.bambu_mqtt] [[SERIAL]] Chamber temp updated to: 26.0, target: 0.0, heating: False
2026-03-12 08:58:19,353 DEBUG [backend.app.services.bambu_mqtt] [[SERIAL]] HMS data received: []
2026-03-12 08:58:19,353 DEBUG [backend.app.services.bambu_mqtt] [[SERIAL]] ipcam field: {'agora_service': 'disable', 'brtc_service': 'enable', 'bs_state': 0, 'ipcam_dev': '1', 'ipcam_record': 'enable', 'laser_preview_res': 5, 'mode_bits': 2, 'resolution': '1080p', 'rtsp_url': 'rtsps://[IP]:322/streaming/live/1', 'timelapse': 'disable', 'tl_store_hpd_type': 2, 'tl_store_path_type': 2, 'tutk_server': 'disable'}
2026-03-12 08:58:19,354 DEBUG [backend.app.services.bambu_mqtt] [[SERIAL]] wifi_signal received: -90dBm
2026-03-12 08:58:19,354 DEBUG [backend.app.services.bambu_mqtt] [[SERIAL]] lights_report: [{'mode': 'on', 'node': 'chamber_light'}, {'mode': 'flashing', 'node': 'work_light'}, {'mode': 'on', 'node': 'chamber_light2'}]
2026-03-12 08:58:19,354 DEBUG [backend.app.services.bambu_mqtt] [[SERIAL]] MQTT mapping field: []
2026-03-12 08:58:19,355 DEBUG [backend.app.services.bambu_mqtt] [[SERIAL]] gcode_state: IDLE -> IDLE, file: , subtask: 
2026-03-12 08:58:19,381 DEBUG [backend.app.services.bambu_mqtt] [[SERIAL]] Found xcam inside print data: {'allow_skip_parts': False, 'buildplate_marker_detector': True, 'first_layer_inspector': True, 'halt_print_sensitivity': 'medium', 'print_halt': True, 'printing_monitor': False, 'spaghetti_detector': False}
2026-03-12 08:58:19,381 DEBUG [backend.app.services.bambu_mqtt] [[SERIAL]] Parsing xcam data - all fields: ['allow_skip_parts', 'buildplate_marker_detector', 'first_layer_inspector', 'halt_print_sensitivity', 'print_halt', 'printing_monitor', 'spaghetti_detector']
2026-03-12 08:58:19,382 DEBUG [backend.app.services.bambu_mqtt] [[SERIAL]] Received gcode_state: RUNNING, gcode_file: /data/Metadata/plate_1.gcode, subtask_name: 
2026-03-12 08:58:19,382 DEBUG [backend.app.services.bambu_mqtt] [[SERIAL]] AMS dict fields: {'ams_exist_bits': '2', 'ams_exist_bits_raw': '2', 'cali_id': 0, 'cali_stat': 0, 'insert_flag': True, 'power_on_flag': False, 'tray_exist_bits': 'f0', 'tray_is_bbl_bits': 'f0', 'tray_now': '6', 'tray_pre': '6', 'tray_read_done_bits': 'f0', 'tray_reading_bits': '0', 'tray_tar': '6', 'unbind_ams_stat': 0, 'version': 3105}
2026-03-12 08:58:19,382 DEBUG [backend.app.services.bambu_mqtt] [[SERIAL]] tray_now updated: 6
2026-03-12 08:58:19,382 DEBUG [backend.app.services.bambu_mqtt] [[SERIAL]] Merged AMS data: 1 new units, 1 total
2026-03-12 08:58:19,383 DEBUG [backend.app.services.bambu_mqtt] [[SERIAL]] AMS 1 info=0x1001 -> extruder 0
2026-03-12 08:58:19,383 DEBUG [backend.app.services.bambu_mqtt] [[SERIAL]] ams_extruder_map: {'1': 0}
2026-03-12 08:58:19,383 DEBUG [backend.app.services.bambu_mqtt] [[SERIAL]] ams_status: 768 (main=3, sub=0)
2026-03-12 08:58:19,383 DEBUG [backend.app.services.bambu_mqtt] [[SERIAL]] Received command response: push_status
2026-03-12 08:58:19,383 DEBUG [backend.app.services.bambu_mqtt] [[SERIAL]] device.extruder.state=1 (switch_state bits 12-14: 0)
2026-03-12 08:58:19,384 DEBUG [backend.app.services.bambu_mqtt] [[SERIAL]] info.temp direct: 38°C (heater OFF)
2026-03-12 08:58:19,384 DEBUG [backend.app.services.bambu_mqtt] [[SERIAL]] ctc_info keys: ['temp']
2026-03-12 08:58:19,384 DEBUG [backend.app.services.bambu_mqtt] [[SERIAL]] Chamber heating calculated: target=0.0, current=38.0, heating=False, respect_local=False
2026-03-12 08:58:19,384 DEBUG [backend.app.services.bambu_mqtt] [[SERIAL]] Chamber temp updated to: 38.0, target: 0.0, heating: False
2026-03-12 08:58:19,384 DEBUG [backend.app.services.bambu_mqtt] [[SERIAL]] HMS data received: []
2026-03-12 08:58:19,385 DEBUG [backend.app.services.bambu_mqtt] [[SERIAL]] ipcam field: {'agora_service': 'disable', 'brtc_service': 'enable', 'bs_state': 0, 'ipcam_dev': '1', 'ipcam_record': 'enable', 'laser_preview_res': 7, 'mode_bits': 2, 'resolution': '1080p', 'rtsp_url': 'rtsps://[IP]:322/streaming/live/1', 'timelapse': 'enable', 'tl_store_hpd_type': 2, 'tl_store_path_type': 2, 'tutk_server': 'disable'}
2026-03-12 08:58:19,385 DEBUG [backend.app.services.bambu_mqtt] [[SERIAL]] Timelapse detected during print (from ipcam)
2026-03-12 08:58:19,385 DEBUG [backend.app.services.bambu_mqtt] [[SERIAL]] wifi_signal received: -90dBm
2026-03-12 08:58:19,385 DEBUG [backend.app.services.bambu_mqtt] [[SERIAL]] lights_report: [{'mode': 'on', 'node': 'chamber_light'}, {'mode': 'flashing', 'node': 'work_light'}]
2026-03-12 08:58:19,385 DEBUG [backend.app.services.bambu_mqtt] [[SERIAL]] MQTT mapping field: [65535, 65535, 258]
2026-03-12 08:58:19,386 DEBUG [backend.app.services.bambu_mqtt] [[SERIAL]] gcode_state: RUNNING -> RUNNING, file: /data/Metadata/plate_1.gcode, subtask: 
2026-03-12 08:58:19,387 DEBUG [backend.app.services.bambu_mqtt] [[SERIAL]] AMS 1 firmware: 00.00.06.75
2026-03-12 08:58:19,387 DEBUG [backend.app.services.bambu_mqtt] [[SERIAL]] Received command response: extrusion_cali_get
2026-03-12 08:58:19,387 DEBUG [backend.app.services.bambu_mqtt] [[SERIAL]] MQTT mapping field: [65535, 65535, 258]
2026-03-12 08:58:19,400 DEBUG [backend.app.services.bambu_mqtt] [[SERIAL]] Found xcam inside print data: {'allow_skip_parts': False, 'buildplate_marker_detector': True, 'first_layer_inspector': True, 'halt_print_sensitivity': 'medium', 'print_halt': True, 'printing_monitor': True, 'spaghetti_detector': True}
2026-03-12 08:58:19,401 DEBUG [backend.app.services.bambu_mqtt] [[SERIAL]] Parsing xcam data - all fields: ['allow_skip_parts', 'buildplate_marker_detector', 'first_layer_inspector', 'halt_print_sensitivity', 'print_halt', 'printing_monitor', 'spaghetti_detector']
2026-03-12 08:58:19,401 DEBUG [backend.app.services.bambu_mqtt] [[SERIAL]] Received gcode_state: FINISH, gcode_file: /data/Metadata/plate_1.gcode, subtask_name: Tesla_Cable_Protector_v4
2026-03-12 08:58:19,401 DEBUG [backend.app.services.bambu_mqtt] [[SERIAL]] AMS dict fields: {'ams_exist_bits': '1', 'ams_exist_bits_raw': '1', 'cali_id': 0, 'cali_stat': 0, 'insert_flag': True, 'power_on_flag': True, 'tray_exist_bits': '7', 'tray_is_bbl_bits': '7', 'tray_now': '255', 'tray_pre': '255', 'tray_read_done_bits': '7', 'tray_reading_bits': '0', 'tray_tar': '255', 'unbind_ams_stat': 0, 'version': 8645}
2026-03-12 08:58:19,401 DEBUG [backend.app.services.bambu_mqtt] [[SERIAL]] tray_now updated: 255
2026-03-12 08:58:19,401 DEBUG [backend.app.services.bambu_mqtt] [[SERIAL]] Merged AMS data: 1 new units, 1 total
2026-03-12 08:58:19,402 DEBUG [backend.app.services.bambu_mqtt] [[SERIAL]] AMS 0 info=0x1001 -> extruder 0
2026-03-12 08:58:19,402 DEBUG [backend.app.services.bambu_mqtt] [[SERIAL]] Received command response: extrusion_cali_get
2026-03-12 08:58:19,403 DEBUG [backend.app.services.bambu_mqtt] [[SERIAL]] ams_extruder_map: {'0': 0}
2026-03-12 08:58:19,403 DEBUG [backend.app.services.bambu_mqtt] [[SERIAL]] MQTT mapping field: []
2026-03-12 08:58:19,403 DEBUG [backend.app.services.bambu_mqtt] [[SERIAL]] ams_status: 0 (main=0, sub=0)
2026-03-12 08:58:19,404 DEBUG [backend.app.services.bambu_mqtt] [[SERIAL]] Received command response: push_status
2026-03-12 08:58:19,405 DEBUG [backend.app.services.bambu_mqtt] [[SERIAL]] device.extruder.state=1 (switch_state bits 12-14: 0)
2026-03-12 08:58:19,405 DEBUG [backend.app.services.bambu_mqtt] [[SERIAL]] info.temp direct: 34°C (heater OFF)
2026-03-12 08:58:19,405 DEBUG [backend.app.services.bambu_mqtt] [[SERIAL]] ctc_info keys: ['temp']
2026-03-12 08:58:19,405 DEBUG [backend.app.services.bambu_mqtt] [[SERIAL]] Chamber heating calculated: target=0.0, current=34.0, heating=False, respect_local=False
2026-03-12 08:58:19,405 DEBUG [backend.app.services.bambu_mqtt] [[SERIAL]] Chamber temp updated to: 34.0, target: 0.0, heating: False
2026-03-12 08:58:19,405 DEBUG [backend.app.services.bambu_mqtt] [[SERIAL]] HMS data received: []
2026-03-12 08:58:19,405 DEBUG [backend.app.services.bambu_mqtt] [[SERIAL]] ipcam field: {'agora_service': 'disable', 'brtc_service': 'enable', 'bs_state': 0, 'ipcam_dev': '1', 'ipcam_record': 'enable', 'laser_preview_res': 7, 'mode_bits': 2, 'resolution': '1080p', 'rtsp_url': 'rtsps://[IP]:322/streaming/live/1', 'timelapse': 'disable', 'tl_store_hpd_type': 2, 'tl_store_path_type': 2, 'tutk_server': 'disable'}
2026-03-12 08:58:19,406 DEBUG [backend.app.services.bambu_mqtt] [[SERIAL]] wifi_signal received: -90dBm
2026-03-12 08:58:19,406 DEBUG [backend.app.services.bambu_mqtt] [[SERIAL]] lights_report: [{'mode': 'on', 'node': 'chamber_light'}, {'mode': 'flashing', 'node': 'work_light'}]
2026-03-12 08:58:19,406 DEBUG [backend.app.services.bambu_mqtt] [[SERIAL]] MQTT mapping field: [1]
2026-03-12 08:58:19,406 DEBUG [backend.app.services.bambu_mqtt] [[SERIAL]] gcode_state: FINISH -> FINISH, file: /data/Metadata/plate_1.gcode, subtask: Tesla_Cable_Protector_v4
2026-03-12 08:58:19,409 DEBUG [backend.app.services.bambu_mqtt] [[SERIAL]] Ignoring spurious disconnect (last message 0.0s ago)
2026-03-12 08:58:19,480 DEBUG [backend.app.services.bambu_mqtt] [[SERIAL]] Found xcam inside print data: {'allow_skip_parts': False, 'buildplate_marker_detector': True, 'cfg': 224695, 'first_layer_inspector': True, 'halt_print_sensitivity': 'medium', 'print_halt': True, 'printing_monitor': True, 'spaghetti_detector': True}
2026-03-12 08:58:19,480 DEBUG [backend.app.services.bambu_mqtt] [[SERIAL]] Parsing xcam data - all fields: ['allow_skip_parts', 'buildplate_marker_detector', 'cfg', 'first_layer_inspector', 'halt_print_sensitivity', 'print_halt', 'printing_monitor', 'spaghetti_detector']
2026-03-12 08:58:19,481 DEBUG [backend.app.services.bambu_mqtt] [[SERIAL]] xcam cfg bitmask: 224695 (binary: 0b110110110110110111)
2026-03-12 08:58:19,481 DEBUG [backend.app.services.bambu_mqtt] [[SERIAL]] Received gcode_state: FINISH, gcode_file: /data/Metadata/plate_1.gcode, subtask_name: Cone Visualization Tool - Multiple Triangles
2026-03-12 08:58:19,481 DEBUG [backend.app.services.bambu_mqtt] [[SERIAL]] AMS dict fields: {'ams_exist_bits': 'ff', 'ams_exist_bits_raw': 'ff', 'cali_id': 255, 'cali_stat': 0, 'insert_flag': True, 'power_on_flag': True, 'tray_exist_bits': 'fffff', 'tray_is_bbl_bits': 'fffff', 'tray_now': '255', 'tray_pre': '255', 'tray_read_done_bits': 'fffff', 'tray_reading_bits': '0', 'tray_tar': '255', 'unbind_ams_stat': 0, 'version': 47760}
2026-03-12 08:58:19,481 DEBUG [backend.app.services.bambu_mqtt] [[SERIAL]] tray_now updated: 255
2026-03-12 08:58:19,482 DEBUG [backend.app.services.bambu_mqtt] [[SERIAL]] Merged AMS data: 8 new units, 8 total
2026-03-12 08:58:19,482 DEBUG [backend.app.services.bambu_mqtt] [[SERIAL]] AMS 0 info=0x2003 -> extruder 0
2026-03-12 08:58:19,482 DEBUG [backend.app.services.bambu_mqtt] [[SERIAL]] AMS 1 info=0x1003 -> extruder 0
2026-03-12 08:58:19,482 DEBUG [backend.app.services.bambu_mqtt] [[SERIAL]] AMS 128 info=0x2004 -> extruder 0
2026-03-12 08:58:19,482 DEBUG [backend.app.services.bambu_mqtt] [[SERIAL]] AMS 129 info=0x2104 -> extruder 1
2026-03-12 08:58:19,483 DEBUG [backend.app.services.bambu_mqtt] [[SERIAL]] AMS 130 info=0x2004 -> extruder 0
2026-03-12 08:58:19,483 DEBUG [backend.app.services.bambu_mqtt] [[SERIAL]] AMS 131 info=0x2104 -> extruder 1
2026-03-12 08:58:19,483 DEBUG [backend.app.services.bambu_mqtt] [[SERIAL]] AMS 2 info=0x1103 -> extruder 1
2026-03-12 08:58:19,483 DEBUG [backend.app.services.bambu_mqtt] [[SERIAL]] AMS 3 info=0x1103 -> extruder 1
2026-03-12 08:58:19,483 DEBUG [backend.app.services.bambu_mqtt] [[SERIAL]] ams_extruder_map: {'0': 0, '1': 0, '128': 0, '129': 1, '130': 0, '131': 1, '2': 1, '3': 1}
2026-03-12 08:58:19,484 DEBUG [backend.app.services.bambu_mqtt] [[SERIAL]] ams_status: 0 (main=0, sub=0)
2026-03-12 08:58:19,484 DEBUG [backend.app.services.bambu_mqtt] [[SERIAL]] Received command response: push_status
2026-03-12 08:58:19,484 DEBUG [backend.app.services.bambu_mqtt] [[SERIAL]] device.extruder.state=33042 (switch_state bits 12-14: 0)
2026-03-12 08:58:19,484 DEBUG [backend.app.services.bambu_mqtt] [[SERIAL]] info.temp direct: 26°C (heater OFF)
2026-03-12 08:58:19,484 DEBUG [backend.app.services.bambu_mqtt] [[SERIAL]] ctc_info keys: ['temp']
2026-03-12 08:58:19,485 DEBUG [backend.app.services.bambu_mqtt] [[SERIAL]] Chamber heating calculated: target=0.0, current=26.0, heating=False, respect_local=False
2026-03-12 08:58:19,485 DEBUG [backend.app.services.bambu_mqtt] [[SERIAL]] Chamber temp updated to: 26.0, target: 0.0, heating: False
2026-03-12 08:58:19,485 DEBUG [backend.app.services.bambu_mqtt] [[SERIAL]] HMS data received: [{'attr': 201326848, 'code': 131099}]
2026-03-12 08:58:19,485 DEBUG [backend.app.services.bambu_mqtt] [[SERIAL]] ipcam field: {'agora_service': 'disable', 'brtc_service': 'enable', 'bs_state': 0, 'ipcam_dev': '1', 'ipcam_record': 'enable', 'laser_preview_res': 5, 'mode_bits': 2, 'resolution': '1080p', 'rtsp_url': 'rtsps://[IP]:322/streaming/live/1', 'timelapse': 'disable', 'tl_store_hpd_type': 2, 'tl_store_path_type': 2, 'tutk_server': 'disable'}
2026-03-12 08:58:19,485 DEBUG [backend.app.services.bambu_mqtt] [[SERIAL]] wifi_signal received: -90dBm
2026-03-12 08:58:19,485 DEBUG [backend.app.services.bambu_mqtt] [[SERIAL]] lights_report: [{'mode': 'on', 'node': 'chamber_light'}, {'mode': 'flashing', 'node': 'work_light'}, {'mode': 'on', 'node': 'chamber_light2'}]
2026-03-12 08:58:19,485 DEBUG [backend.app.services.bambu_mqtt] [[SERIAL]] MQTT mapping field: [0, 65535, 65535, 512]
2026-03-12 08:58:19,486 DEBUG [backend.app.services.bambu_mqtt] [[SERIAL]] gcode_state: FINISH -> FINISH, file: /data/Metadata/plate_1.gcode, subtask: Cone Visualization Tool - Multiple Triangles
2026-03-12 08:58:19,507 DEBUG [backend.app.services.bambu_mqtt] [[SERIAL]] Found xcam inside print data: {'allow_skip_parts': False, 'buildplate_marker_detector': True, 'first_layer_inspector': True, 'halt_print_sensitivity': 'low', 'print_halt': True, 'printing_monitor': True, 'spaghetti_detector': True}
2026-03-12 08:58:19,507 DEBUG [backend.app.services.bambu_mqtt] [[SERIAL]] Parsing xcam data - all fields: ['allow_skip_parts', 'buildplate_marker_detector', 'first_layer_inspector', 'halt_print_sensitivity', 'print_halt', 'printing_monitor', 'spaghetti_detector']
2026-03-12 08:58:19,508 DEBUG [backend.app.services.bambu_mqtt] [[SERIAL]] Received gcode_state: RUNNING, gcode_file: /data/Metadata/plate_1.gcode, subtask_name: DeltaEnclosure IonizerRing Stand_R1
2026-03-12 08:58:19,508 DEBUG [backend.app.services.bambu_mqtt] [[SERIAL]] AMS dict fields: {'ams_exist_bits': '1', 'ams_exist_bits_raw': '1', 'cali_id': 0, 'cali_stat': 0, 'insert_flag': True, 'power_on_flag': True, 'tray_exist_bits': 'f', 'tray_is_bbl_bits': 'f', 'tray_now': '0', 'tray_pre': '0', 'tray_read_done_bits': 'f', 'tray_reading_bits': '0', 'tray_tar': '0', 'unbind_ams_stat': 0, 'version': 21428}
2026-03-12 08:58:19,508 DEBUG [backend.app.services.bambu_mqtt] [[SERIAL]] tray_now updated: 0
2026-03-12 08:58:19,508 DEBUG [backend.app.services.bambu_mqtt] [[SERIAL]] Merged AMS data: 1 new units, 1 total
2026-03-12 08:58:19,509 DEBUG [backend.app.services.bambu_mqtt] [[SERIAL]] AMS 0 info=0x1001 -> extruder 0
2026-03-12 08:58:19,509 DEBUG [backend.app.services.bambu_mqtt] [[SERIAL]] ams_extruder_map: {'0': 0}
2026-03-12 08:58:19,509 DEBUG [backend.app.services.bambu_mqtt] [[SERIAL]] ams_status: 768 (main=3, sub=0)
2026-03-12 08:58:19,509 DEBUG [backend.app.services.bambu_mqtt] [[SERIAL]] Received command response: push_status
2026-03-12 08:58:19,509 DEBUG [backend.app.services.bambu_mqtt] [[SERIAL]] device.extruder.state=1 (switch_state bits 12-14: 0)
2026-03-12 08:58:19,510 DEBUG [backend.app.services.bambu_mqtt] [[SERIAL]] info.temp direct: 39°C (heater OFF)
2026-03-12 08:58:19,510 DEBUG [backend.app.services.bambu_mqtt] [[SERIAL]] ctc_info keys: ['temp']
2026-03-12 08:58:19,510 DEBUG [backend.app.services.bambu_mqtt] [[SERIAL]] Chamber heating calculated: target=0.0, current=39.0, heating=False, respect_local=False
2026-03-12 08:58:19,510 DEBUG [backend.app.services.bambu_mqtt] [[SERIAL]] Chamber temp updated to: 39.0, target: 0.0, heating: False
2026-03-12 08:58:19,510 DEBUG [backend.app.services.bambu_mqtt] [[SERIAL]] HMS data received: []
2026-03-12 08:58:19,511 DEBUG [backend.app.services.bambu_mqtt] [[SERIAL]] ipcam field: {'agora_service': 'disable', 'brtc_service': 'enable', 'bs_state': 0, 'ipcam_dev': '1', 'ipcam_record': 'disable', 'laser_preview_res': 7, 'mode_bits': 2, 'resolution': '1080p', 'rtsp_url': 'rtsps://[IP]:322/streaming/live/1', 'timelapse': 'enable', 'tl_store_hpd_type': 2, 'tl_store_path_type': 2, 'tutk_server': 'disable'}
2026-03-12 08:58:19,511 DEBUG [backend.app.services.bambu_mqtt] [[SERIAL]] Timelapse detected during print (from ipcam)
2026-03-12 08:58:19,511 DEBUG [backend.app.services.bambu_mqtt] [[SERIAL]] wifi_signal received: -90dBm
2026-03-12 08:58:19,511 DEBUG [backend.app.services.bambu_mqtt] [[SERIAL]] lights_report: [{'mode': 'on', 'node': 'chamber_light'}, {'mode': 'flashing', 'node': 'work_light'}]
2026-03-12 08:58:19,511 DEBUG [backend.app.services.bambu_mqtt] [[SERIAL]] MQTT mapping field: [0]
2026-03-12 08:58:19,512 DEBUG [backend.app.services.bambu_mqtt] [[SERIAL]] gcode_state: RUNNING -> RUNNING, file: /data/Metadata/plate_1.gcode, subtask: DeltaEnclosure IonizerRing Stand_R1