2026-04-25 23:29:11,656 INFO [backend.app.services.bambu_ftp] FTP download failed for /moon lamp cube.gcode.3mf: 550 Failed to open file. (not on printer)
2026-04-25 23:29:11,690 INFO [backend.app.services.bambu_ftp] FTP download failed for /cache/moon lamp cube.gcode.3mf: 550 Failed to open file. (not on printer)
2026-04-25 23:29:11,723 INFO [backend.app.services.bambu_ftp] FTP download failed for /model/moon lamp cube.gcode.3mf: 550 Failed to open file. (not on printer)
2026-04-25 23:29:11,753 INFO [backend.app.services.bambu_ftp] FTP download failed for /data/moon lamp cube.gcode.3mf: 550 Failed to open file. (not on printer)
2026-04-25 23:29:11,781 INFO [backend.app.services.bambu_ftp] FTP download failed for /moon lamp cube.3mf: 550 Failed to open file. (not on printer)
2026-04-25 23:29:11,816 INFO [backend.app.services.bambu_ftp] FTP download failed for /cache/moon lamp cube.3mf: 550 Failed to open file. (not on printer)
2026-04-25 23:29:11,844 INFO [backend.app.services.bambu_ftp] FTP download failed for /model/moon lamp cube.3mf: 550 Failed to open file. (not on printer)
2026-04-25 23:29:11,878 INFO [backend.app.services.bambu_ftp] FTP download failed for /data/moon lamp cube.3mf: 550 Failed to open file. (not on printer)
2026-04-25 23:29:11,911 INFO [backend.app.services.bambu_ftp] FTP download failed for /moon_lamp_cube.gcode.3mf: 550 Failed to open file. (not on printer)
2026-04-25 23:29:11,945 INFO [backend.app.services.bambu_ftp] FTP download failed for /cache/moon_lamp_cube.gcode.3mf: 550 Failed to open file. (not on printer)
2026-04-25 23:29:11,971 INFO [backend.app.services.bambu_ftp] FTP download failed for /model/moon_lamp_cube.gcode.3mf: 550 Failed to open file. (not on printer)
2026-04-25 23:29:12,001 INFO [backend.app.services.bambu_ftp] FTP download failed for /data/moon_lamp_cube.gcode.3mf: 550 Failed to open file. (not on printer)
2026-04-25 23:29:12,030 INFO [backend.app.services.bambu_ftp] FTP download failed for /moon_lamp_cube.3mf: 550 Failed to open file. (not on printer)
2026-04-25 23:29:12,064 INFO [backend.app.services.bambu_ftp] FTP download failed for /cache/moon_lamp_cube.3mf: 550 Failed to open file. (not on printer)
2026-04-25 23:29:12,095 INFO [backend.app.services.bambu_ftp] FTP download failed for /model/moon_lamp_cube.3mf: 550 Failed to open file. (not on printer)
2026-04-25 23:29:12,125 INFO [backend.app.services.bambu_ftp] FTP download failed for /data/moon_lamp_cube.3mf: 550 Failed to open file. (not on printer)
2026-04-25 23:29:47,720 INFO [backend.app.main] Recorded 1 AMS sensor history entries
2026-04-25 23:30:51,081 INFO [backend.app.api.routes.websocket] WebSocket client disconnected normally
2026-04-25 23:30:51,615 INFO [backend.app.api.routes.websocket] WebSocket client connecting...
2026-04-25 23:30:51,616 INFO [backend.app.api.routes.websocket] WebSocket client connected
2026-04-25 23:30:51,619 INFO [backend.app.api.routes.websocket] Sent initial status for 1 printers
2026-04-25 23:30:52,489 INFO [backend.app.api.routes.cloud] get_filament_info called with 3 IDs: ['Pb628b48', 'Pd1cd49e', 'Pba7c283']
2026-04-25 23:30:52,769 WARNING [backend.app.api.routes.cloud] Failed to get cloud preset Pb628b48 (API ID: Pb628b48): Failed to get setting detail: 400
2026-04-25 23:30:52,832 INFO [backend.app.api.routes.printers] Detected plate number 1 from gcode_file: /data/Metadata/plate_1.gcode
2026-04-25 23:30:52,833 INFO [backend.app.api.routes.printers] Trying to download cover for 'moon lamp cube' from [IP] (trying 16 paths)
2026-04-25 23:30:52,960 WARNING [backend.app.api.routes.cloud] Failed to get cloud preset Pd1cd49e (API ID: Pd1cd49e): Failed to get setting detail: 400
2026-04-25 23:30:53,166 WARNING [backend.app.api.routes.cloud] Failed to get cloud preset Pba7c283 (API ID: Pba7c283): Failed to get setting detail: 400
2026-04-25 23:30:53,839 INFO [backend.app.services.bambu_ftp] FTP connected successfully to [IP] (model=[PRINTER], prot_c=False)
2026-04-25 23:30:53,876 INFO [backend.app.services.bambu_ftp] FTP download failed for /moon lamp cube.gcode.3mf: 550 Failed to open file. (not on printer)
2026-04-25 23:30:53,906 INFO [backend.app.services.bambu_ftp] FTP download failed for /cache/moon lamp cube.gcode.3mf: 550 Failed to open file. (not on printer)
2026-04-25 23:30:53,960 INFO [backend.app.services.bambu_ftp] FTP download failed for /model/moon lamp cube.gcode.3mf: 550 Failed to open file. (not on printer)
2026-04-25 23:30:53,998 INFO [backend.app.services.bambu_ftp] FTP download failed for /data/moon lamp cube.gcode.3mf: 550 Failed to open file. (not on printer)
2026-04-25 23:30:54,028 INFO [backend.app.services.bambu_ftp] FTP download failed for /moon lamp cube.3mf: 550 Failed to open file. (not on printer)
2026-04-25 23:30:54,057 INFO [backend.app.services.bambu_ftp] FTP download failed for /cache/moon lamp cube.3mf: 550 Failed to open file. (not on printer)
2026-04-25 23:30:54,091 INFO [backend.app.services.bambu_ftp] FTP download failed for /model/moon lamp cube.3mf: 550 Failed to open file. (not on printer)
2026-04-25 23:30:54,124 INFO [backend.app.services.bambu_ftp] FTP download failed for /data/moon lamp cube.3mf: 550 Failed to open file. (not on printer)
2026-04-25 23:30:54,153 INFO [backend.app.services.bambu_ftp] FTP download failed for /moon_lamp_cube.gcode.3mf: 550 Failed to open file. (not on printer)
2026-04-25 23:30:54,186 INFO [backend.app.services.bambu_ftp] FTP download failed for /cache/moon_lamp_cube.gcode.3mf: 550 Failed to open file. (not on printer)
2026-04-25 23:30:54,218 INFO [backend.app.services.bambu_ftp] FTP download failed for /model/moon_lamp_cube.gcode.3mf: 550 Failed to open file. (not on printer)
2026-04-25 23:30:54,253 INFO [backend.app.services.bambu_ftp] FTP download failed for /data/moon_lamp_cube.gcode.3mf: 550 Failed to open file. (not on printer)
2026-04-25 23:30:54,289 INFO [backend.app.services.bambu_ftp] FTP download failed for /moon_lamp_cube.3mf: 550 Failed to open file. (not on printer)
2026-04-25 23:30:54,321 INFO [backend.app.services.bambu_ftp] FTP download failed for /cache/moon_lamp_cube.3mf: 550 Failed to open file. (not on printer)
2026-04-25 23:30:54,353 INFO [backend.app.services.bambu_ftp] FTP download failed for /model/moon_lamp_cube.3mf: 550 Failed to open file. (not on printer)
2026-04-25 23:30:54,384 INFO [backend.app.services.bambu_ftp] FTP download failed for /data/moon_lamp_cube.3mf: 550 Failed to open file. (not on printer)
2026-04-25 23:30:55,229 INFO [backend.app.services.bambu_ftp] FTP connected successfully to [IP] (model=[PRINTER], prot_c=False)
2026-04-25 23:30:55,265 INFO [backend.app.services.bambu_ftp] FTP download failed for /moon lamp cube.gcode.3mf: 550 Failed to open file. (not on printer)
2026-04-25 23:30:55,307 INFO [backend.app.services.bambu_ftp] FTP download failed for /cache/moon lamp cube.gcode.3mf: 550 Failed to open file. (not on printer)
2026-04-25 23:30:55,343 INFO [backend.app.services.bambu_ftp] FTP download failed for /model/moon lamp cube.gcode.3mf: 550 Failed to open file. (not on printer)
2026-04-25 23:30:55,369 INFO [backend.app.services.bambu_ftp] FTP download failed for /data/moon lamp cube.gcode.3mf: 550 Failed to open file. (not on printer)
2026-04-25 23:30:55,397 INFO [backend.app.services.bambu_ftp] FTP download failed for /moon lamp cube.3mf: 550 Failed to open file. (not on printer)
2026-04-25 23:30:55,422 INFO [backend.app.services.bambu_ftp] FTP download failed for /cache/moon lamp cube.3mf: 550 Failed to open file. (not on printer)
2026-04-25 23:30:55,453 INFO [backend.app.services.bambu_ftp] FTP download failed for /model/moon lamp cube.3mf: 550 Failed to open file. (not on printer)
2026-04-25 23:30:55,482 INFO [backend.app.services.bambu_ftp] FTP download failed for /data/moon lamp cube.3mf: 550 Failed to open file. (not on printer)
2026-04-25 23:30:55,510 INFO [backend.app.services.bambu_ftp] FTP download failed for /moon_lamp_cube.gcode.3mf: 550 Failed to open file. (not on printer)
2026-04-25 23:30:55,541 INFO [backend.app.services.bambu_ftp] FTP download failed for /cache/moon_lamp_cube.gcode.3mf: 550 Failed to open file. (not on printer)
2026-04-25 23:30:55,571 INFO [backend.app.services.bambu_ftp] FTP download failed for /model/moon_lamp_cube.gcode.3mf: 550 Failed to open file. (not on printer)
2026-04-25 23:30:55,599 INFO [backend.app.services.bambu_ftp] FTP download failed for /data/moon_lamp_cube.gcode.3mf: 550 Failed to open file. (not on printer)
2026-04-25 23:30:55,631 INFO [backend.app.services.bambu_ftp] FTP download failed for /moon_lamp_cube.3mf: 550 Failed to open file. (not on printer)
2026-04-25 23:30:55,659 INFO [backend.app.services.bambu_ftp] FTP download failed for /cache/moon_lamp_cube.3mf: 550 Failed to open file. (not on printer)
2026-04-25 23:30:55,697 INFO [backend.app.services.bambu_ftp] FTP download failed for /model/moon_lamp_cube.3mf: 550 Failed to open file. (not on printer)
2026-04-25 23:30:55,734 INFO [backend.app.services.bambu_ftp] FTP download failed for /data/moon_lamp_cube.3mf: 550 Failed to open file. (not on printer)
2026-04-25 23:30:56,578 INFO [backend.app.services.bambu_ftp] FTP connected successfully to [IP] (model=[PRINTER], prot_c=False)
2026-04-25 23:30:56,610 INFO [backend.app.services.bambu_ftp] FTP download failed for /moon lamp cube.gcode.3mf: 550 Failed to open file. (not on printer)
2026-04-25 23:30:56,655 INFO [backend.app.services.bambu_ftp] FTP download failed for /cache/moon lamp cube.gcode.3mf: 550 Failed to open file. (not on printer)
2026-04-25 23:30:56,684 INFO [backend.app.services.bambu_ftp] FTP download failed for /model/moon lamp cube.gcode.3mf: 550 Failed to open file. (not on printer)
2026-04-25 23:30:56,717 INFO [backend.app.services.bambu_ftp] FTP download failed for /data/moon lamp cube.gcode.3mf: 550 Failed to open file. (not on printer)
2026-04-25 23:30:56,759 INFO [backend.app.services.bambu_ftp] FTP download failed for /moon lamp cube.3mf: 550 Failed to open file. (not on printer)
2026-04-25 23:30:56,785 INFO [backend.app.services.bambu_ftp] FTP download failed for /cache/moon lamp cube.3mf: 550 Failed to open file. (not on printer)
2026-04-25 23:30:56,826 INFO [backend.app.services.bambu_ftp] FTP download failed for /model/moon lamp cube.3mf: 550 Failed to open file. (not on printer)
2026-04-25 23:30:56,865 INFO [backend.app.services.bambu_ftp] FTP download failed for /data/moon lamp cube.3mf: 550 Failed to open file. (not on printer)
2026-04-25 23:30:56,898 INFO [backend.app.services.bambu_ftp] FTP download failed for /moon_lamp_cube.gcode.3mf: 550 Failed to open file. (not on printer)
2026-04-25 23:30:56,929 INFO [backend.app.services.bambu_ftp] FTP download failed for /cache/moon_lamp_cube.gcode.3mf: 550 Failed to open file. (not on printer)
2026-04-25 23:30:56,965 INFO [backend.app.services.bambu_ftp] FTP download failed for /model/moon_lamp_cube.gcode.3mf: 550 Failed to open file. (not on printer)
2026-04-25 23:30:57,000 INFO [backend.app.services.bambu_ftp] FTP download failed for /data/moon_lamp_cube.gcode.3mf: 550 Failed to open file. (not on printer)
2026-04-25 23:30:57,033 INFO [backend.app.services.bambu_ftp] FTP download failed for /moon_lamp_cube.3mf: 550 Failed to open file. (not on printer)
2026-04-25 23:30:57,069 INFO [backend.app.services.bambu_ftp] FTP download failed for /cache/moon_lamp_cube.3mf: 550 Failed to open file. (not on printer)
2026-04-25 23:30:57,113 INFO [backend.app.services.bambu_ftp] FTP download failed for /model/moon_lamp_cube.3mf: 550 Failed to open file. (not on printer)
2026-04-25 23:30:57,147 INFO [backend.app.services.bambu_ftp] FTP download failed for /data/moon_lamp_cube.3mf: 550 Failed to open file. (not on printer)
2026-04-25 23:30:59,212 INFO [backend.app.api.routes.websocket] WebSocket client disconnected normally
2026-04-25 23:31:53,989 INFO [backend.app.api.routes.websocket] WebSocket client connecting...
2026-04-25 23:31:53,990 INFO [backend.app.api.routes.websocket] WebSocket client connected
2026-04-25 23:31:53,992 INFO [backend.app.api.routes.websocket] Sent initial status for 1 printers
2026-04-25 23:31:54,418 ERROR [asyncio] Task was destroyed but it is pending!
task: <Task pending name='Task-25948' coro=<<async_generator_athrow without __name__>()> wait_for=<Future pending cb=[Task.task_wakeup()]>>
2026-04-25 23:31:54,435 ERROR [backend.app.api.routes.camera] Camera stream error: cannot reuse already awaited coroutine
Traceback (most recent call last):
  File "/app/backend/app/api/routes/camera.py", line 462, in generate_rtsp_mjpeg_stream
    await _terminate_ffmpeg(process, stream_id)
RuntimeError: cannot reuse already awaited coroutine
2026-04-25 23:31:54,438 INFO [backend.app.api.routes.camera] Camera stream stopped for [IP] (stream_id=1-1bb37413)
2026-04-25 23:31:55,277 INFO [backend.app.api.routes.cloud] get_filament_info called with 3 IDs: ['Pb628b48', 'Pd1cd49e', 'Pba7c283']
2026-04-25 23:31:55,617 INFO [backend.app.api.routes.printers] Detected plate number 1 from gcode_file: /data/Metadata/plate_1.gcode
2026-04-25 23:31:55,618 INFO [backend.app.api.routes.printers] Trying to download cover for 'moon lamp cube' from [IP] (trying 16 paths)
2026-04-25 23:31:56,763 INFO [backend.app.services.bambu_ftp] FTP connected successfully to [IP] (model=[PRINTER], prot_c=False)
2026-04-25 23:31:56,795 INFO [backend.app.services.bambu_ftp] FTP download failed for /moon lamp cube.gcode.3mf: 550 Failed to open file. (not on printer)
2026-04-25 23:31:56,831 INFO [backend.app.services.bambu_ftp] FTP download failed for /cache/moon lamp cube.gcode.3mf: 550 Failed to open file. (not on printer)
2026-04-25 23:31:56,877 INFO [backend.app.services.bambu_ftp] FTP download failed for /model/moon lamp cube.gcode.3mf: 550 Failed to open file. (not on printer)
2026-04-25 23:31:56,912 INFO [backend.app.services.bambu_ftp] FTP download failed for /data/moon lamp cube.gcode.3mf: 550 Failed to open file. (not on printer)
2026-04-25 23:31:56,966 INFO [backend.app.services.bambu_ftp] FTP download failed for /moon lamp cube.3mf: 550 Failed to open file. (not on printer)
2026-04-25 23:31:57,000 INFO [backend.app.services.bambu_ftp] FTP download failed for /cache/moon lamp cube.3mf: 550 Failed to open file. (not on printer)
2026-04-25 23:31:57,034 INFO [backend.app.services.bambu_ftp] FTP download failed for /model/moon lamp cube.3mf: 550 Failed to open file. (not on printer)
2026-04-25 23:31:57,067 INFO [backend.app.services.bambu_ftp] FTP download failed for /data/moon lamp cube.3mf: 550 Failed to open file. (not on printer)
2026-04-25 23:31:57,107 INFO [backend.app.services.bambu_ftp] FTP download failed for /moon_lamp_cube.gcode.3mf: 550 Failed to open file. (not on printer)
2026-04-25 23:31:57,140 INFO [backend.app.services.bambu_ftp] FTP download failed for /cache/moon_lamp_cube.gcode.3mf: 550 Failed to open file. (not on printer)
2026-04-25 23:31:57,177 INFO [backend.app.services.bambu_ftp] FTP download failed for /model/moon_lamp_cube.gcode.3mf: 550 Failed to open file. (not on printer)
2026-04-25 23:31:57,206 INFO [backend.app.services.bambu_ftp] FTP download failed for /data/moon_lamp_cube.gcode.3mf: 550 Failed to open file. (not on printer)
2026-04-25 23:31:57,242 INFO [backend.app.services.bambu_ftp] FTP download failed for /moon_lamp_cube.3mf: 550 Failed to open file. (not on printer)
2026-04-25 23:31:57,279 INFO [backend.app.services.bambu_ftp] FTP download failed for /cache/moon_lamp_cube.3mf: 550 Failed to open file. (not on printer)
2026-04-25 23:31:57,312 INFO [backend.app.services.bambu_ftp] FTP download failed for /model/moon_lamp_cube.3mf: 550 Failed to open file. (not on printer)
2026-04-25 23:31:57,343 INFO [backend.app.services.bambu_ftp] FTP download failed for /data/moon_lamp_cube.3mf: 550 Failed to open file. (not on printer)
2026-04-25 23:31:58,221 INFO [backend.app.services.bambu_ftp] FTP connected successfully to [IP] (model=[PRINTER], prot_c=False)
2026-04-25 23:31:58,254 INFO [backend.app.services.bambu_ftp] FTP download failed for /moon lamp cube.gcode.3mf: 550 Failed to open file. (not on printer)
2026-04-25 23:31:58,289 INFO [backend.app.services.bambu_ftp] FTP download failed for /cache/moon lamp cube.gcode.3mf: 550 Failed to open file. (not on printer)
2026-04-25 23:31:58,334 INFO [backend.app.services.bambu_ftp] FTP download failed for /model/moon lamp cube.gcode.3mf: 550 Failed to open file. (not on printer)
2026-04-25 23:31:58,369 INFO [backend.app.services.bambu_ftp] FTP download failed for /data/moon lamp cube.gcode.3mf: 550 Failed to open file. (not on printer)
2026-04-25 23:31:58,412 INFO [backend.app.services.bambu_ftp] FTP download failed for /moon lamp cube.3mf: 550 Failed to open file. (not on printer)
2026-04-25 23:31:58,454 INFO [backend.app.services.bambu_ftp] FTP download failed for /cache/moon lamp cube.3mf: 550 Failed to open file. (not on printer)
2026-04-25 23:31:58,489 INFO [backend.app.services.bambu_ftp] FTP download failed for /model/moon lamp cube.3mf: 550 Failed to open file. (not on printer)
2026-04-25 23:31:58,528 INFO [backend.app.services.bambu_ftp] FTP download failed for /data/moon lamp cube.3mf: 550 Failed to open file. (not on printer)
2026-04-25 23:31:58,560 INFO [backend.app.services.bambu_ftp] FTP download failed for /moon_lamp_cube.gcode.3mf: 550 Failed to open file. (not on printer)
2026-04-25 23:31:58,585 INFO [backend.app.services.bambu_ftp] FTP download failed for /cache/moon_lamp_cube.gcode.3mf: 550 Failed to open file. (not on printer)
2026-04-25 23:31:58,617 INFO [backend.app.services.bambu_ftp] FTP download failed for /model/moon_lamp_cube.gcode.3mf: 550 Failed to open file. (not on printer)
2026-04-25 23:31:58,651 INFO [backend.app.services.bambu_ftp] FTP download failed for /data/moon_lamp_cube.gcode.3mf: 550 Failed to open file. (not on printer)
2026-04-25 23:31:58,685 INFO [backend.app.services.bambu_ftp] FTP download failed for /moon_lamp_cube.3mf: 550 Failed to open file. (not on printer)
2026-04-25 23:31:58,712 INFO [backend.app.services.bambu_ftp] FTP download failed for /cache/moon_lamp_cube.3mf: 550 Failed to open file. (not on printer)
2026-04-25 23:31:58,744 INFO [backend.app.services.bambu_ftp] FTP download failed for /model/moon_lamp_cube.3mf: 550 Failed to open file. (not on printer)
2026-04-25 23:31:58,773 INFO [backend.app.services.bambu_ftp] FTP download failed for /data/moon_lamp_cube.3mf: 550 Failed to open file. (not on printer)
2026-04-25 23:31:59,576 INFO [backend.app.services.bambu_ftp] FTP connected successfully to [IP] (model=[PRINTER], prot_c=False)
2026-04-25 23:31:59,621 INFO [backend.app.services.bambu_ftp] FTP download failed for /moon lamp cube.gcode.3mf: 550 Failed to open file. (not on printer)
2026-04-25 23:31:59,663 INFO [backend.app.services.bambu_ftp] FTP download failed for /cache/moon lamp cube.gcode.3mf: 550 Failed to open file. (not on printer)
2026-04-25 23:31:59,692 INFO [backend.app.services.bambu_ftp] FTP download failed for /model/moon lamp cube.gcode.3mf: 550 Failed to open file. (not on printer)
2026-04-25 23:31:59,726 INFO [backend.app.services.bambu_ftp] FTP download failed for /data/moon lamp cube.gcode.3mf: 550 Failed to open file. (not on printer)
2026-04-25 23:31:59,757 INFO [backend.app.services.bambu_ftp] FTP download failed for /moon lamp cube.3mf: 550 Failed to open file. (not on printer)
2026-04-25 23:31:59,785 INFO [backend.app.services.bambu_ftp] FTP download failed for /cache/moon lamp cube.3mf: 550 Failed to open file. (not on printer)
2026-04-25 23:31:59,815 INFO [backend.app.services.bambu_ftp] FTP download failed for /model/moon lamp cube.3mf: 550 Failed to open file. (not on printer)
2026-04-25 23:31:59,849 INFO [backend.app.services.bambu_ftp] FTP download failed for /data/moon lamp cube.3mf: 550 Failed to open file. (not on printer)
2026-04-25 23:31:59,877 INFO [backend.app.services.bambu_ftp] FTP download failed for /moon_lamp_cube.gcode.3mf: 550 Failed to open file. (not on printer)
2026-04-25 23:31:59,909 INFO [backend.app.services.bambu_ftp] FTP download failed for /cache/moon_lamp_cube.gcode.3mf: 550 Failed to open file. (not on printer)
2026-04-25 23:31:59,939 INFO [backend.app.services.bambu_ftp] FTP download failed for /model/moon_lamp_cube.gcode.3mf: 550 Failed to open file. (not on printer)
2026-04-25 23:31:59,975 INFO [backend.app.services.bambu_ftp] FTP download failed for /data/moon_lamp_cube.gcode.3mf: 550 Failed to open file. (not on printer)
2026-04-25 23:32:00,005 INFO [backend.app.services.bambu_ftp] FTP download failed for /moon_lamp_cube.3mf: 550 Failed to open file. (not on printer)
2026-04-25 23:32:00,038 INFO [backend.app.services.bambu_ftp] FTP download failed for /cache/moon_lamp_cube.3mf: 550 Failed to open file. (not on printer)
2026-04-25 23:32:00,071 INFO [backend.app.services.bambu_ftp] FTP download failed for /model/moon_lamp_cube.3mf: 550 Failed to open file. (not on printer)
2026-04-25 23:32:00,107 INFO [backend.app.services.bambu_ftp] FTP download failed for /data/moon_lamp_cube.3mf: 550 Failed to open file. (not on printer)
2026-04-25 23:32:23,695 INFO [backend.app.api.routes.printers] Detected plate number 1 from gcode_file: /data/Metadata/plate_1.gcode
2026-04-25 23:32:23,695 INFO [backend.app.api.routes.printers] Trying to download cover for 'moon lamp cube' from [IP] (trying 16 paths)
2026-04-25 23:32:24,621 INFO [backend.app.services.bambu_ftp] FTP connected successfully to [IP] (model=[PRINTER], prot_c=False)
2026-04-25 23:32:24,657 INFO [backend.app.services.bambu_ftp] FTP download failed for /moon lamp cube.gcode.3mf: 550 Failed to open file. (not on printer)
2026-04-25 23:32:24,691 INFO [backend.app.services.bambu_ftp] FTP download failed for /cache/moon lamp cube.gcode.3mf: 550 Failed to open file. (not on printer)
2026-04-25 23:32:24,753 INFO [backend.app.services.bambu_ftp] FTP download failed for /model/moon lamp cube.gcode.3mf: 550 Failed to open file. (not on printer)
2026-04-25 23:32:24,793 INFO [backend.app.services.bambu_ftp] FTP download failed for /data/moon lamp cube.gcode.3mf: 550 Failed to open file. (not on printer)
2026-04-25 23:32:24,825 INFO [backend.app.services.bambu_ftp] FTP download failed for /moon lamp cube.3mf: 550 Failed to open file. (not on printer)
2026-04-25 23:32:24,856 INFO [backend.app.services.bambu_ftp] FTP download failed for /cache/moon lamp cube.3mf: 550 Failed to open file. (not on printer)
2026-04-25 23:32:24,890 INFO [backend.app.services.bambu_ftp] FTP download failed for /model/moon lamp cube.3mf: 550 Failed to open file. (not on printer)
2026-04-25 23:32:24,934 INFO [backend.app.services.bambu_ftp] FTP download failed for /data/moon lamp cube.3mf: 550 Failed to open file. (not on printer)
2026-04-25 23:32:24,963 INFO [backend.app.services.bambu_ftp] FTP download failed for /moon_lamp_cube.gcode.3mf: 550 Failed to open file. (not on printer)
2026-04-25 23:32:24,994 INFO [backend.app.services.bambu_ftp] FTP download failed for /cache/moon_lamp_cube.gcode.3mf: 550 Failed to open file. (not on printer)
2026-04-25 23:32:25,030 INFO [backend.app.services.bambu_ftp] FTP download failed for /model/moon_lamp_cube.gcode.3mf: 550 Failed to open file. (not on printer)
2026-04-25 23:32:25,059 INFO [backend.app.services.bambu_ftp] FTP download failed for /data/moon_lamp_cube.gcode.3mf: 550 Failed to open file. (not on printer)
2026-04-25 23:32:25,092 INFO [backend.app.services.bambu_ftp] FTP download failed for /moon_lamp_cube.3mf: 550 Failed to open file. (not on printer)
2026-04-25 23:32:25,133 INFO [backend.app.services.bambu_ftp] FTP download failed for /cache/moon_lamp_cube.3mf: 550 Failed to open file. (not on printer)
2026-04-25 23:32:25,164 INFO [backend.app.services.bambu_ftp] FTP download failed for /model/moon_lamp_cube.3mf: 550 Failed to open file. (not on printer)
2026-04-25 23:32:25,196 INFO [backend.app.services.bambu_ftp] FTP download failed for /data/moon_lamp_cube.3mf: 550 Failed to open file. (not on printer)
2026-04-25 23:32:26,080 INFO [backend.app.services.bambu_ftp] FTP connected successfully to [IP] (model=[PRINTER], prot_c=False)
2026-04-25 23:32:26,110 INFO [backend.app.services.bambu_ftp] FTP download failed for /moon lamp cube.gcode.3mf: 550 Failed to open file. (not on printer)
2026-04-25 23:32:26,156 INFO [backend.app.services.bambu_ftp] FTP download failed for /cache/moon lamp cube.gcode.3mf: 550 Failed to open file. (not on printer)
2026-04-25 23:32:26,195 INFO [backend.app.services.bambu_ftp] FTP download failed for /model/moon lamp cube.gcode.3mf: 550 Failed to open file. (not on printer)
2026-04-25 23:32:26,243 INFO [backend.app.services.bambu_ftp] FTP download failed for /data/moon lamp cube.gcode.3mf: 550 Failed to open file. (not on printer)
2026-04-25 23:32:26,275 INFO [backend.app.services.bambu_ftp] FTP download failed for /moon lamp cube.3mf: 550 Failed to open file. (not on printer)
2026-04-25 23:32:26,308 INFO [backend.app.services.bambu_ftp] FTP download failed for /cache/moon lamp cube.3mf: 550 Failed to open file. (not on printer)
2026-04-25 23:32:26,365 INFO [backend.app.services.bambu_ftp] FTP download failed for /model/moon lamp cube.3mf: 550 Failed to open file. (not on printer)
2026-04-25 23:32:26,404 INFO [backend.app.services.bambu_ftp] FTP download failed for /data/moon lamp cube.3mf: 550 Failed to open file. (not on printer)
2026-04-25 23:32:26,439 INFO [backend.app.services.bambu_ftp] FTP download failed for /moon_lamp_cube.gcode.3mf: 550 Failed to open file. (not on printer)
2026-04-25 23:32:26,473 INFO [backend.app.services.bambu_ftp] FTP download failed for /cache/moon_lamp_cube.gcode.3mf: 550 Failed to open file. (not on printer)
2026-04-25 23:32:26,526 INFO [backend.app.services.bambu_ftp] FTP download failed for /model/moon_lamp_cube.gcode.3mf: 550 Failed to open file. (not on printer)
2026-04-25 23:32:26,564 INFO [backend.app.services.bambu_ftp] FTP download failed for /data/moon_lamp_cube.gcode.3mf: 550 Failed to open file. (not on printer)
2026-04-25 23:32:26,594 INFO [backend.app.services.bambu_ftp] FTP download failed for /moon_lamp_cube.3mf: 550 Failed to open file. (not on printer)
2026-04-25 23:32:26,624 INFO [backend.app.services.bambu_ftp] FTP download failed for /cache/moon_lamp_cube.3mf: 550 Failed to open file. (not on printer)
2026-04-25 23:32:26,657 INFO [backend.app.services.bambu_ftp] FTP download failed for /model/moon_lamp_cube.3mf: 550 Failed to open file. (not on printer)
2026-04-25 23:32:26,689 INFO [backend.app.services.bambu_ftp] FTP download failed for /data/moon_lamp_cube.3mf: 550 Failed to open file. (not on printer)
2026-04-25 23:32:27,494 INFO [backend.app.services.bambu_ftp] FTP connected successfully to [IP] (model=[PRINTER], prot_c=False)
2026-04-25 23:32:27,524 INFO [backend.app.services.bambu_ftp] FTP download failed for /moon lamp cube.gcode.3mf: 550 Failed to open file. (not on printer)
2026-04-25 23:32:27,574 INFO [backend.app.services.bambu_ftp] FTP download failed for /cache/moon lamp cube.gcode.3mf: 550 Failed to open file. (not on printer)
2026-04-25 23:32:27,607 INFO [backend.app.services.bambu_ftp] FTP download failed for /model/moon lamp cube.gcode.3mf: 550 Failed to open file. (not on printer)
2026-04-25 23:32:27,634 INFO [backend.app.services.bambu_ftp] FTP download failed for /data/moon lamp cube.gcode.3mf: 550 Failed to open file. (not on printer)
2026-04-25 23:32:27,664 INFO [backend.app.services.bambu_ftp] FTP download failed for /moon lamp cube.3mf: 550 Failed to open file. (not on printer)
2026-04-25 23:32:27,692 INFO [backend.app.services.bambu_ftp] FTP download failed for /cache/moon lamp cube.3mf: 550 Failed to open file. (not on printer)
2026-04-25 23:32:27,722 INFO [backend.app.services.bambu_ftp] FTP download failed for /model/moon lamp cube.3mf: 550 Failed to open file. (not on printer)
2026-04-25 23:32:27,751 INFO [backend.app.services.bambu_ftp] FTP download failed for /data/moon lamp cube.3mf: 550 Failed to open file. (not on printer)
2026-04-25 23:32:27,789 INFO [backend.app.services.bambu_ftp] FTP download failed for /moon_lamp_cube.gcode.3mf: 550 Failed to open file. (not on printer)
2026-04-25 23:32:27,820 INFO [backend.app.services.bambu_ftp] FTP download failed for /cache/moon_lamp_cube.gcode.3mf: 550 Failed to open file. (not on printer)
2026-04-25 23:32:27,852 INFO [backend.app.services.bambu_ftp] FTP download failed for /model/moon_lamp_cube.gcode.3mf: 550 Failed to open file. (not on printer)
2026-04-25 23:32:27,882 INFO [backend.app.services.bambu_ftp] FTP download failed for /data/moon_lamp_cube.gcode.3mf: 550 Failed to open file. (not on printer)
2026-04-25 23:32:27,912 INFO [backend.app.services.bambu_ftp] FTP download failed for /moon_lamp_cube.3mf: 550 Failed to open file. (not on printer)
2026-04-25 23:32:27,944 INFO [backend.app.services.bambu_ftp] FTP download failed for /cache/moon_lamp_cube.3mf: 550 Failed to open file. (not on printer)
2026-04-25 23:32:27,982 INFO [backend.app.services.bambu_ftp] FTP download failed for /model/moon_lamp_cube.3mf: 550 Failed to open file. (not on printer)
2026-04-25 23:32:28,012 INFO [backend.app.services.bambu_ftp] FTP download failed for /data/moon_lamp_cube.3mf: 550 Failed to open file. (not on printer)
2026-04-25 23:34:23,679 INFO [backend.app.api.routes.support] Log level changed to DEBUG
2026-04-25 23:34:23,679 INFO [backend.app.api.routes.bug_report] Bug report: enabled debug logging
2026-04-25 23:34:23,679 DEBUG [backend.app.services.bambu_mqtt] [[SERIAL]] Requesting status update (pushall)