2026-06-04 12:19:51,048 INFO [backend.app.api.routes.websocket] [-] WebSocket connect refused: no token (auth enabled)
2026-06-04 12:20:51,262 INFO [backend.app.api.routes.websocket] [-] WebSocket connect refused: no token (auth enabled)
2026-06-04 12:21:51,483 INFO [backend.app.api.routes.websocket] [-] WebSocket connect refused: no token (auth enabled)
2026-06-04 12:22:51,579 INFO [backend.app.api.routes.websocket] [-] WebSocket connect refused: no token (auth enabled)
2026-06-04 12:23:51,600 INFO [backend.app.api.routes.websocket] [-] WebSocket connect refused: no token (auth enabled)
2026-06-04 12:24:51,695 INFO [backend.app.api.routes.websocket] [-] WebSocket connect refused: no token (auth enabled)
2026-06-04 12:25:52,105 INFO [backend.app.api.routes.websocket] [-] WebSocket connect refused: no token (auth enabled)
2026-06-04 12:26:52,426 INFO [backend.app.api.routes.websocket] [-] WebSocket connect refused: no token (auth enabled)
2026-06-04 12:27:52,537 INFO [backend.app.api.routes.websocket] [-] WebSocket connect refused: no token (auth enabled)
2026-06-04 12:28:52,689 INFO [backend.app.api.routes.websocket] [-] WebSocket connect refused: no token (auth enabled)
2026-06-04 12:29:52,704 INFO [backend.app.api.routes.websocket] [-] WebSocket connect refused: no token (auth enabled)
2026-06-04 12:30:53,081 INFO [backend.app.api.routes.websocket] [-] WebSocket connect refused: no token (auth enabled)
2026-06-04 12:31:53,585 INFO [backend.app.api.routes.websocket] [-] WebSocket connect refused: no token (auth enabled)
2026-06-04 12:32:54,105 INFO [backend.app.api.routes.websocket] [-] WebSocket connect refused: no token (auth enabled)
2026-06-04 12:33:54,427 INFO [backend.app.api.routes.websocket] [-] WebSocket connect refused: no token (auth enabled)
2026-06-04 12:34:54,472 INFO [backend.app.api.routes.websocket] [-] WebSocket connect refused: no token (auth enabled)
2026-06-04 12:35:54,643 INFO [backend.app.api.routes.websocket] [-] WebSocket connect refused: no token (auth enabled)
2026-06-04 12:36:54,757 INFO [backend.app.api.routes.websocket] [-] WebSocket connect refused: no token (auth enabled)
2026-06-04 12:37:54,864 INFO [backend.app.api.routes.websocket] [-] WebSocket connect refused: no token (auth enabled)
2026-06-04 12:38:54,970 INFO [backend.app.api.routes.websocket] [-] WebSocket connect refused: no token (auth enabled)
2026-06-04 12:39:54,982 INFO [backend.app.api.routes.websocket] [-] WebSocket connect refused: no token (auth enabled)
2026-06-04 12:40:54,996 INFO [backend.app.api.routes.websocket] [-] WebSocket connect refused: no token (auth enabled)
2026-06-04 12:41:55,098 INFO [backend.app.api.routes.websocket] [-] WebSocket connect refused: no token (auth enabled)
2026-06-04 12:42:55,166 INFO [backend.app.api.routes.websocket] [-] WebSocket connect refused: no token (auth enabled)
2026-06-04 12:43:55,419 INFO [backend.app.api.routes.websocket] [-] WebSocket connect refused: no token (auth enabled)
2026-06-04 12:44:55,734 INFO [backend.app.api.routes.websocket] [-] WebSocket connect refused: no token (auth enabled)
2026-06-04 12:45:55,790 INFO [backend.app.api.routes.websocket] [-] WebSocket connect refused: no token (auth enabled)
2026-06-04 12:46:55,954 INFO [backend.app.api.routes.websocket] [-] WebSocket connect refused: no token (auth enabled)
2026-06-04 12:47:56,486 INFO [backend.app.api.routes.websocket] [-] WebSocket connect refused: no token (auth enabled)
2026-06-04 12:48:56,582 INFO [backend.app.api.routes.websocket] [-] WebSocket connect refused: no token (auth enabled)
2026-06-04 12:49:56,693 INFO [backend.app.api.routes.websocket] [-] WebSocket connect refused: no token (auth enabled)
2026-06-04 12:50:56,802 INFO [backend.app.api.routes.websocket] [-] WebSocket connect refused: no token (auth enabled)
2026-06-04 12:51:56,873 INFO [backend.app.api.routes.websocket] [-] WebSocket connect refused: no token (auth enabled)
2026-06-04 12:52:57,534 INFO [backend.app.api.routes.websocket] [-] WebSocket connect refused: no token (auth enabled)
2026-06-04 12:53:53,773 INFO [backend.app.services.smart_plug_manager] [-] Captured 2 energy snapshot(s)
2026-06-04 12:53:57,852 INFO [backend.app.api.routes.websocket] [-] WebSocket connect refused: no token (auth enabled)
2026-06-04 12:54:58,061 INFO [backend.app.api.routes.websocket] [-] WebSocket connect refused: no token (auth enabled)
2026-06-04 12:55:58,273 INFO [backend.app.api.routes.websocket] [-] WebSocket connect refused: no token (auth enabled)
2026-06-04 12:56:58,383 INFO [backend.app.api.routes.websocket] [-] WebSocket connect refused: no token (auth enabled)
2026-06-04 12:57:58,595 INFO [backend.app.api.routes.websocket] [-] WebSocket connect refused: no token (auth enabled)
2026-06-04 12:58:58,705 INFO [backend.app.api.routes.websocket] [-] WebSocket connect refused: no token (auth enabled)
2026-06-04 12:59:59,019 INFO [backend.app.api.routes.websocket] [-] WebSocket connect refused: no token (auth enabled)
2026-06-04 13:00:59,538 INFO [backend.app.api.routes.websocket] [-] WebSocket connect refused: no token (auth enabled)
2026-06-04 13:01:59,649 INFO [backend.app.api.routes.websocket] [-] WebSocket connect refused: no token (auth enabled)
2026-06-04 13:02:59,722 INFO [backend.app.api.routes.websocket] [-] WebSocket connect refused: no token (auth enabled)
2026-06-04 13:03:59,970 INFO [backend.app.api.routes.websocket] [-] WebSocket connect refused: no token (auth enabled)
2026-06-04 13:05:00,044 INFO [backend.app.api.routes.websocket] [-] WebSocket connect refused: no token (auth enabled)
2026-06-04 13:06:00,191 INFO [backend.app.api.routes.websocket] [-] WebSocket connect refused: no token (auth enabled)
2026-06-04 13:07:00,505 INFO [backend.app.api.routes.websocket] [-] WebSocket connect refused: no token (auth enabled)
2026-06-04 13:08:00,714 INFO [backend.app.api.routes.websocket] [-] WebSocket connect refused: no token (auth enabled)
2026-06-04 13:09:00,796 INFO [backend.app.api.routes.websocket] [-] WebSocket connect refused: no token (auth enabled)
2026-06-04 13:10:00,811 INFO [backend.app.api.routes.websocket] [-] WebSocket connect refused: no token (auth enabled)
2026-06-04 13:11:00,841 INFO [backend.app.api.routes.websocket] [-] WebSocket connect refused: no token (auth enabled)
2026-06-04 13:12:00,950 INFO [backend.app.api.routes.websocket] [-] WebSocket connect refused: no token (auth enabled)
2026-06-04 13:13:01,061 INFO [backend.app.api.routes.websocket] [-] WebSocket connect refused: no token (auth enabled)
2026-06-04 13:14:01,141 INFO [backend.app.api.routes.websocket] [-] WebSocket connect refused: no token (auth enabled)
2026-06-04 13:15:01,280 INFO [backend.app.api.routes.websocket] [-] WebSocket connect refused: no token (auth enabled)
2026-06-04 13:16:01,299 INFO [backend.app.api.routes.websocket] [-] WebSocket connect refused: no token (auth enabled)
2026-06-04 13:16:50,812 INFO [uvicorn.access] [-] [IP]:53522 - "POST /api/v1/printers/camera/stream-token HTTP/1.1" 200
2026-06-04 13:17:01,668 INFO [backend.app.api.routes.websocket] [-] WebSocket connect refused: no token (auth enabled)
2026-06-04 13:18:01,692 INFO [backend.app.api.routes.websocket] [-] WebSocket connect refused: no token (auth enabled)
2026-06-04 13:19:01,705 INFO [backend.app.api.routes.websocket] [-] WebSocket connect refused: no token (auth enabled)
2026-06-04 13:20:01,743 INFO [backend.app.api.routes.websocket] [-] WebSocket connect refused: no token (auth enabled)
2026-06-04 13:21:01,994 INFO [backend.app.api.routes.websocket] [-] WebSocket connect refused: no token (auth enabled)
2026-06-04 13:22:02,150 INFO [backend.app.api.routes.websocket] [-] WebSocket connect refused: no token (auth enabled)
2026-06-04 13:23:02,257 INFO [backend.app.api.routes.websocket] [-] WebSocket connect refused: no token (auth enabled)
2026-06-04 13:24:02,414 INFO [backend.app.api.routes.websocket] [-] WebSocket connect refused: no token (auth enabled)
2026-06-04 13:25:02,499 INFO [backend.app.api.routes.websocket] [-] WebSocket connect refused: no token (auth enabled)
2026-06-04 13:26:02,590 INFO [backend.app.api.routes.websocket] [-] WebSocket connect refused: no token (auth enabled)
2026-06-04 13:27:02,699 INFO [backend.app.api.routes.websocket] [-] WebSocket connect refused: no token (auth enabled)
2026-06-04 13:28:03,014 INFO [backend.app.api.routes.websocket] [-] WebSocket connect refused: no token (auth enabled)
2026-06-04 13:29:03,534 INFO [backend.app.api.routes.websocket] [-] WebSocket connect refused: no token (auth enabled)
2026-06-04 13:30:03,849 INFO [backend.app.api.routes.websocket] [-] WebSocket connect refused: no token (auth enabled)
2026-06-04 13:31:03,914 INFO [backend.app.api.routes.websocket] [-] WebSocket connect refused: no token (auth enabled)
2026-06-04 13:32:03,968 INFO [backend.app.api.routes.websocket] [-] WebSocket connect refused: no token (auth enabled)
2026-06-04 13:33:04,074 INFO [backend.app.api.routes.websocket] [-] WebSocket connect refused: no token (auth enabled)
2026-06-04 13:34:04,593 INFO [backend.app.api.routes.websocket] [-] WebSocket connect refused: no token (auth enabled)
2026-06-04 13:35:04,766 INFO [backend.app.api.routes.websocket] [-] WebSocket connect refused: no token (auth enabled)
2026-06-04 13:36:04,783 INFO [backend.app.api.routes.websocket] [-] WebSocket connect refused: no token (auth enabled)
2026-06-04 13:37:04,820 INFO [backend.app.api.routes.websocket] [-] WebSocket connect refused: no token (auth enabled)
2026-06-04 13:38:05,032 INFO [backend.app.api.routes.websocket] [-] WebSocket connect refused: no token (auth enabled)
2026-06-04 13:39:05,142 INFO [backend.app.api.routes.websocket] [-] WebSocket connect refused: no token (auth enabled)
2026-06-04 13:40:05,252 INFO [backend.app.api.routes.websocket] [-] WebSocket connect refused: no token (auth enabled)
2026-06-04 13:41:05,480 INFO [backend.app.api.routes.websocket] [-] WebSocket connect refused: no token (auth enabled)
2026-06-04 13:42:05,633 INFO [backend.app.api.routes.websocket] [-] WebSocket connect refused: no token (auth enabled)
2026-06-04 13:43:05,904 INFO [backend.app.api.routes.websocket] [-] WebSocket connect refused: no token (auth enabled)
2026-06-04 13:44:06,761 INFO [backend.app.api.routes.websocket] [-] WebSocket connect refused: no token (auth enabled)
2026-06-04 13:45:07,554 INFO [backend.app.api.routes.websocket] [-] WebSocket connect refused: no token (auth enabled)
2026-06-04 13:46:07,686 INFO [backend.app.api.routes.websocket] [-] WebSocket connect refused: no token (auth enabled)
2026-06-04 13:47:07,779 INFO [backend.app.api.routes.websocket] [-] WebSocket connect refused: no token (auth enabled)
2026-06-04 13:48:07,855 INFO [backend.app.api.routes.websocket] [-] WebSocket connect refused: no token (auth enabled)
2026-06-04 13:49:08,695 INFO [backend.app.api.routes.websocket] [-] WebSocket connect refused: no token (auth enabled)
2026-06-04 13:50:09,114 INFO [backend.app.api.routes.websocket] [-] WebSocket connect refused: no token (auth enabled)
2026-06-04 13:51:09,386 INFO [backend.app.api.routes.websocket] [-] WebSocket connect refused: no token (auth enabled)
2026-06-04 13:52:09,398 INFO [backend.app.api.routes.websocket] [-] WebSocket connect refused: no token (auth enabled)
2026-06-04 13:53:09,521 INFO [backend.app.api.routes.websocket] [-] WebSocket connect refused: no token (auth enabled)
2026-06-04 13:53:53,899 INFO [backend.app.services.smart_plug_manager] [-] Captured 2 energy snapshot(s)
2026-06-04 13:54:09,653 INFO [backend.app.api.routes.websocket] [-] WebSocket connect refused: no token (auth enabled)
2026-06-04 13:55:09,968 INFO [backend.app.api.routes.websocket] [-] WebSocket connect refused: no token (auth enabled)
2026-06-04 13:56:09,981 INFO [backend.app.api.routes.websocket] [-] WebSocket connect refused: no token (auth enabled)
2026-06-04 13:57:09,994 INFO [backend.app.api.routes.websocket] [-] WebSocket connect refused: no token (auth enabled)
2026-06-04 13:58:10,092 INFO [backend.app.api.routes.websocket] [-] WebSocket connect refused: no token (auth enabled)
2026-06-04 13:59:10,481 INFO [backend.app.api.routes.websocket] [-] WebSocket connect refused: no token (auth enabled)
2026-06-04 14:00:10,516 INFO [backend.app.api.routes.websocket] [-] WebSocket connect refused: no token (auth enabled)
2026-06-04 14:01:10,933 INFO [backend.app.api.routes.websocket] [-] WebSocket connect refused: no token (auth enabled)
2026-06-04 14:02:11,648 INFO [backend.app.api.routes.websocket] [-] WebSocket connect refused: no token (auth enabled)
2026-06-04 14:03:11,661 INFO [backend.app.api.routes.websocket] [-] WebSocket connect refused: no token (auth enabled)
2026-06-04 14:04:12,177 INFO [backend.app.api.routes.websocket] [-] WebSocket connect refused: no token (auth enabled)
2026-06-04 14:05:12,219 INFO [backend.app.api.routes.websocket] [-] WebSocket connect refused: no token (auth enabled)
2026-06-04 14:06:12,264 INFO [backend.app.api.routes.websocket] [-] WebSocket connect refused: no token (auth enabled)
2026-06-04 14:07:12,329 INFO [backend.app.api.routes.websocket] [-] WebSocket connect refused: no token (auth enabled)
2026-06-04 14:08:12,405 INFO [backend.app.api.routes.websocket] [-] WebSocket connect refused: no token (auth enabled)
2026-06-04 14:09:12,437 INFO [backend.app.api.routes.websocket] [-] WebSocket connect refused: no token (auth enabled)
2026-06-04 14:10:12,503 INFO [backend.app.api.routes.websocket] [-] WebSocket connect refused: no token (auth enabled)
2026-06-04 14:11:12,517 INFO [backend.app.api.routes.websocket] [-] WebSocket connect refused: no token (auth enabled)
2026-06-04 14:12:12,549 INFO [backend.app.api.routes.websocket] [-] WebSocket connect refused: no token (auth enabled)
2026-06-04 14:13:13,432 INFO [backend.app.api.routes.websocket] [-] WebSocket connect refused: no token (auth enabled)
2026-06-04 14:14:13,679 INFO [backend.app.api.routes.websocket] [-] WebSocket connect refused: no token (auth enabled)
2026-06-04 14:15:13,939 INFO [backend.app.api.routes.websocket] [-] WebSocket connect refused: no token (auth enabled)
2026-06-04 14:16:13,951 INFO [backend.app.api.routes.websocket] [-] WebSocket connect refused: no token (auth enabled)
2026-06-04 14:17:13,963 INFO [backend.app.api.routes.websocket] [-] WebSocket connect refused: no token (auth enabled)
2026-06-04 14:18:14,095 INFO [backend.app.api.routes.websocket] [-] WebSocket connect refused: no token (auth enabled)
2026-06-04 14:19:14,131 INFO [backend.app.api.routes.websocket] [-] WebSocket connect refused: no token (auth enabled)
2026-06-04 14:20:14,950 INFO [backend.app.api.routes.websocket] [-] WebSocket connect refused: no token (auth enabled)
2026-06-04 14:21:15,342 INFO [backend.app.api.routes.websocket] [-] WebSocket connect refused: no token (auth enabled)
2026-06-04 14:22:16,204 INFO [backend.app.api.routes.websocket] [-] WebSocket connect refused: no token (auth enabled)
2026-06-04 14:23:17,128 INFO [backend.app.api.routes.websocket] [-] WebSocket connect refused: no token (auth enabled)
2026-06-04 14:24:17,332 INFO [backend.app.api.routes.websocket] [-] WebSocket connect refused: no token (auth enabled)
2026-06-04 14:25:17,541 INFO [backend.app.api.routes.websocket] [-] WebSocket connect refused: no token (auth enabled)
2026-06-04 14:26:17,676 INFO [backend.app.api.routes.websocket] [-] WebSocket connect refused: no token (auth enabled)
2026-06-04 14:27:17,959 INFO [backend.app.api.routes.websocket] [-] WebSocket connect refused: no token (auth enabled)
2026-06-04 14:28:18,180 INFO [backend.app.api.routes.websocket] [-] WebSocket connect refused: no token (auth enabled)
2026-06-04 14:29:18,300 INFO [backend.app.api.routes.websocket] [-] WebSocket connect refused: no token (auth enabled)
2026-06-04 14:30:18,664 INFO [backend.app.api.routes.websocket] [-] WebSocket connect refused: no token (auth enabled)
2026-06-04 14:31:18,683 INFO [backend.app.api.routes.websocket] [-] WebSocket connect refused: no token (auth enabled)
2026-06-04 14:32:18,702 INFO [backend.app.api.routes.websocket] [-] WebSocket connect refused: no token (auth enabled)
2026-06-04 14:33:18,875 INFO [backend.app.api.routes.websocket] [-] WebSocket connect refused: no token (auth enabled)
2026-06-04 14:34:18,947 INFO [backend.app.api.routes.websocket] [-] WebSocket connect refused: no token (auth enabled)
2026-06-04 14:35:19,181 INFO [backend.app.api.routes.websocket] [-] WebSocket connect refused: no token (auth enabled)
2026-06-04 14:35:43,960 INFO [uvicorn.access] [-] [IP]:48836 - "POST /api/v1/printers/camera/stream-token HTTP/1.1" 200
2026-06-04 14:36:19,228 INFO [backend.app.api.routes.websocket] [-] WebSocket connect refused: no token (auth enabled)
2026-06-04 14:37:19,275 INFO [backend.app.api.routes.websocket] [-] WebSocket connect refused: no token (auth enabled)
2026-06-04 14:38:19,686 INFO [backend.app.api.routes.websocket] [-] WebSocket connect refused: no token (auth enabled)
2026-06-04 14:39:19,761 INFO [backend.app.api.routes.websocket] [-] WebSocket connect refused: no token (auth enabled)
2026-06-04 14:40:19,780 INFO [backend.app.api.routes.websocket] [-] WebSocket connect refused: no token (auth enabled)
2026-06-04 14:41:19,793 INFO [backend.app.api.routes.websocket] [-] WebSocket connect refused: no token (auth enabled)
2026-06-04 14:42:19,808 INFO [backend.app.api.routes.websocket] [-] WebSocket connect refused: no token (auth enabled)
2026-06-04 14:43:19,933 INFO [backend.app.api.routes.websocket] [-] WebSocket connect refused: no token (auth enabled)
2026-06-04 14:44:19,992 INFO [backend.app.api.routes.websocket] [-] WebSocket connect refused: no token (auth enabled)
2026-06-04 14:45:20,030 INFO [backend.app.api.routes.websocket] [-] WebSocket connect refused: no token (auth enabled)
2026-06-04 14:46:20,269 INFO [backend.app.api.routes.websocket] [-] WebSocket connect refused: no token (auth enabled)
2026-06-04 14:47:20,528 INFO [backend.app.api.routes.websocket] [-] WebSocket connect refused: no token (auth enabled)
2026-06-04 14:48:20,859 INFO [backend.app.api.routes.websocket] [-] WebSocket connect refused: no token (auth enabled)
2026-06-04 14:49:20,893 INFO [backend.app.api.routes.websocket] [-] WebSocket connect refused: no token (auth enabled)
2026-06-04 14:50:21,053 INFO [backend.app.api.routes.websocket] [-] WebSocket connect refused: no token (auth enabled)
2026-06-04 14:51:21,132 INFO [backend.app.api.routes.websocket] [-] WebSocket connect refused: no token (auth enabled)
2026-06-04 14:52:21,150 INFO [backend.app.api.routes.websocket] [-] WebSocket connect refused: no token (auth enabled)
2026-06-04 14:53:21,398 INFO [backend.app.api.routes.websocket] [-] WebSocket connect refused: no token (auth enabled)
2026-06-04 14:53:54,159 INFO [backend.app.services.smart_plug_manager] [-] Captured 2 energy snapshot(s)
2026-06-04 14:54:21,416 INFO [backend.app.api.routes.websocket] [-] WebSocket connect refused: no token (auth enabled)
2026-06-04 14:55:21,565 INFO [backend.app.api.routes.websocket] [-] WebSocket connect refused: no token (auth enabled)
2026-06-04 14:56:21,760 INFO [backend.app.api.routes.websocket] [-] WebSocket connect refused: no token (auth enabled)
2026-06-04 14:57:21,778 INFO [backend.app.api.routes.websocket] [-] WebSocket connect refused: no token (auth enabled)
2026-06-04 14:58:21,795 INFO [backend.app.api.routes.websocket] [-] WebSocket connect refused: no token (auth enabled)
2026-06-04 14:59:21,812 INFO [backend.app.api.routes.websocket] [-] WebSocket connect refused: no token (auth enabled)
2026-06-04 15:00:21,829 INFO [backend.app.api.routes.websocket] [-] WebSocket connect refused: no token (auth enabled)
2026-06-04 15:01:21,846 INFO [backend.app.api.routes.websocket] [-] WebSocket connect refused: no token (auth enabled)
2026-06-04 15:02:21,896 INFO [backend.app.api.routes.websocket] [-] WebSocket connect refused: no token (auth enabled)
2026-06-04 15:03:21,966 INFO [backend.app.api.routes.websocket] [-] WebSocket connect refused: no token (auth enabled)
2026-06-04 15:03:27,516 INFO [uvicorn.access] [-] [IP]:42886 - "POST /api/v1/inventory/labels HTTP/1.1" 200
2026-06-04 15:04:22,002 INFO [backend.app.api.routes.websocket] [-] WebSocket connect refused: no token (auth enabled)
2026-06-04 15:04:33,298 INFO [uvicorn.access] [-] [IP]:40656 - "POST /api/v1/inventory/labels HTTP/1.1" 200
2026-06-04 15:05:22,098 INFO [backend.app.api.routes.websocket] [-] WebSocket connect refused: no token (auth enabled)
2026-06-04 15:06:05,371 INFO [backend.app.api.routes.support] [aeca5c2a] Log level changed to DEBUG
2026-06-04 15:06:05,371 INFO [backend.app.api.routes.bug_report] [aeca5c2a] Bug report: enabled debug logging
2026-06-04 15:06:05,372 WARNING [backend.app.services.bambu_mqtt] [aeca5c2a] [[SERIAL]] request_status_update: not connected
2026-06-04 15:06:05,372 WARNING [backend.app.services.bambu_mqtt] [aeca5c2a] [[SERIAL]] request_status_update: not connected
2026-06-04 15:06:05,372 INFO [uvicorn.access] [-] [IP]:34150 - "POST /api/v1/bug-report/start-logging HTTP/1.1" 200
2026-06-04 15:06:09,502 DEBUG [backend.app.main] [-] [[PRINTER]] Runtime tracking: not connected
2026-06-04 15:06:09,502 DEBUG [backend.app.main] [-] [[PRINTER]] Runtime tracking: not connected
2026-06-04 15:06:12,975 DEBUG [PIL.PngImagePlugin] [783227b1] STREAM b'IHDR' 16 13
2026-06-04 15:06:12,975 DEBUG [PIL.PngImagePlugin] [783227b1] STREAM b'IDAT' 41 323
2026-06-04 15:06:12,993 DEBUG [PIL.PngImagePlugin] [783227b1] STREAM b'IHDR' 16 13
2026-06-04 15:06:12,993 DEBUG [PIL.PngImagePlugin] [783227b1] STREAM b'IDAT' 41 322
2026-06-04 15:06:13,008 DEBUG [PIL.PngImagePlugin] [783227b1] STREAM b'IHDR' 16 13
2026-06-04 15:06:13,008 DEBUG [PIL.PngImagePlugin] [783227b1] STREAM b'IDAT' 41 320
2026-06-04 15:06:13,020 DEBUG [PIL.PngImagePlugin] [783227b1] STREAM b'IHDR' 16 13
2026-06-04 15:06:13,020 DEBUG [PIL.PngImagePlugin] [783227b1] STREAM b'IDAT' 41 329
2026-06-04 15:06:13,031 DEBUG [PIL.PngImagePlugin] [783227b1] STREAM b'IHDR' 16 13
2026-06-04 15:06:13,031 DEBUG [PIL.PngImagePlugin] [783227b1] STREAM b'IDAT' 41 325
2026-06-04 15:06:13,042 DEBUG [PIL.PngImagePlugin] [783227b1] STREAM b'IHDR' 16 13
2026-06-04 15:06:13,042 DEBUG [PIL.PngImagePlugin] [783227b1] STREAM b'IDAT' 41 324
2026-06-04 15:06:13,053 DEBUG [PIL.PngImagePlugin] [783227b1] STREAM b'IHDR' 16 13
2026-06-04 15:06:13,053 DEBUG [PIL.PngImagePlugin] [783227b1] STREAM b'IDAT' 41 330
2026-06-04 15:06:13,065 DEBUG [PIL.PngImagePlugin] [783227b1] STREAM b'IHDR' 16 13
2026-06-04 15:06:13,065 DEBUG [PIL.PngImagePlugin] [783227b1] STREAM b'IDAT' 41 325
2026-06-04 15:06:13,076 DEBUG [PIL.PngImagePlugin] [783227b1] STREAM b'IHDR' 16 13
2026-06-04 15:06:13,076 DEBUG [PIL.PngImagePlugin] [783227b1] STREAM b'IDAT' 41 335
2026-06-04 15:06:13,084 INFO [uvicorn.access] [-] [IP]:53072 - "POST /api/v1/inventory/labels HTTP/1.1" 200
2026-06-04 15:06:22,111 INFO [backend.app.api.routes.websocket] [-] WebSocket connect refused: no token (auth enabled)