2026-04-02 13:12:52,172 DEBUG [backend.app.services.bambu_mqtt] [[SERIAL]] tray_now updated: 0
2026-04-02 13:12:52,173 DEBUG [backend.app.services.bambu_mqtt] [[SERIAL]] Merged AMS data: 0 new units, 0 total
2026-04-02 13:12:52,173 DEBUG [backend.app.services.bambu_mqtt] [[SERIAL]] ams_status: 258 (main=1, sub=2)
2026-04-02 13:12:52,176 DEBUG [backend.app.services.bambu_mqtt] [[SERIAL]] Received command response: push_status
2026-04-02 13:12:52,177 DEBUG [backend.app.services.bambu_mqtt] [[SERIAL]] device.extruder.state=524289 (switch_state bits 12-14: 0)
2026-04-02 13:12:52,179 DEBUG [backend.app.services.bambu_mqtt] [[SERIAL]] info.temp direct: 32°C (heater OFF)
2026-04-02 13:12:52,180 DEBUG [backend.app.services.bambu_mqtt] [[SERIAL]] ctc_info keys: ['temp']
2026-04-02 13:12:52,180 DEBUG [backend.app.services.bambu_mqtt] [[SERIAL]] Chamber heating calculated: target=0.0, current=32.0, heating=False, respect_local=False
2026-04-02 13:12:52,181 DEBUG [backend.app.services.bambu_mqtt] [[SERIAL]] Chamber temp updated to: 32.0, target: 0.0, heating: False
2026-04-02 13:12:52,181 DEBUG [backend.app.services.bambu_mqtt] [[SERIAL]] HMS data received: [{'attr': 117460992, 'code': 131073}, {'attr': 117469184, 'code': 131080}]
2026-04-02 13:12:52,181 DEBUG [backend.app.services.bambu_mqtt] [[SERIAL]] print_error: 117473298 (0x07008012) -> short_code=0700_8012
2026-04-02 13:12:52,181 DEBUG [backend.app.services.bambu_mqtt] [[SERIAL]] ipcam field: {'agora_service': 'disable', 'brtc_service': 'enable', 'bs_state': 0, 'cap_pic_enable': 'invalid', 'ipcam_dev': '1', 'ipcam_record': 'enable', 'laser_preview_res': 7, 'mode_bits': 2, 'resolution': '1080p', 'rtsp_url': 'rtsps://[IP]:322/streaming/live/1', 'timelapse': 'disable', 'tl_store_hpd_type': 2, 'tl_store_path_type': 2, 'tutk_server': 'disable'}
2026-04-02 13:12:52,181 DEBUG [backend.app.services.bambu_mqtt] [[SERIAL]] wifi_signal received: -62dBm
2026-04-02 13:12:52,181 DEBUG [backend.app.services.bambu_mqtt] [[SERIAL]] lights_report: [{'mode': 'on', 'node': 'chamber_light'}, {'mode': 'flashing', 'node': 'work_light'}]
2026-04-02 13:12:52,182 DEBUG [backend.app.services.bambu_mqtt] [[SERIAL]] MQTT mapping field: [65024]
2026-04-02 13:12:52,182 DEBUG [backend.app.services.bambu_mqtt] [[SERIAL]] gcode_state: PAUSE -> PAUSE, file: /data/Metadata/plate_1.gcode, subtask: Servo_Halterung_und_Arm
2026-04-02 13:12:52,229 DEBUG [backend.app.api.routes.printers] API returning ams_mapping: [], ams_extruder_map: {}
2026-04-02 13:12:52,229 DEBUG [backend.app.api.routes.printers] Using tray_now directly as global ID: 0
2026-04-02 13:12:52,681 DEBUG [backend.app.services.bambu_mqtt] [[SERIAL]] Found xcam inside print data: {'allow_skip_parts': False, 'buildplate_marker_detector': True, 'cfg': 748983, 'first_layer_inspector': True, 'halt_print_sensitivity': 'medium', 'print_halt': True, 'printing_monitor': True, 'spaghetti_detector': True}
2026-04-02 13:12:52,682 DEBUG [backend.app.services.bambu_mqtt] [[SERIAL]] Parsing xcam data - all fields: ['allow_skip_parts', 'buildplate_marker_detector', 'cfg', 'first_layer_inspector', 'halt_print_sensitivity', 'print_halt', 'printing_monitor', 'spaghetti_detector']
2026-04-02 13:12:52,682 DEBUG [backend.app.services.bambu_mqtt] [[SERIAL]] xcam cfg bitmask: 748983 (binary: 0b10110110110110110111)
2026-04-02 13:12:52,682 DEBUG [backend.app.services.bambu_mqtt] [[SERIAL]] Received gcode_state: FINISH, gcode_file: /data/Metadata/plate_1.gcode, subtask_name: gracekeychain-unsupported
2026-04-02 13:12:52,682 DEBUG [backend.app.services.bambu_mqtt] [[SERIAL]] AMS dict fields: {'ams_exist_bits': '0', 'ams_exist_bits_raw': '0', 'cali_id': 255, 'cali_stat': 0, 'insert_flag': True, 'power_on_flag': False, 'tray_exist_bits': '0', 'tray_is_bbl_bits': '0', 'tray_now': '0', 'tray_pre': '0', 'tray_read_done_bits': '0', 'tray_reading_bits': '0', 'tray_tar': '255', 'unbind_ams_stat': 0, 'version': 64}
2026-04-02 13:12:52,683 DEBUG [backend.app.services.bambu_mqtt] [[SERIAL]] tray_now updated: 0
2026-04-02 13:12:52,683 DEBUG [backend.app.services.bambu_mqtt] [[SERIAL]] Merged AMS data: 0 new units, 0 total
2026-04-02 13:12:52,683 DEBUG [backend.app.services.bambu_mqtt] [[SERIAL]] ams_status: 0 (main=0, sub=0)
2026-04-02 13:12:52,684 DEBUG [backend.app.services.bambu_mqtt] [[SERIAL]] Received command response: push_status
2026-04-02 13:12:52,684 DEBUG [backend.app.services.bambu_mqtt] [[SERIAL]] device.extruder.state=1 (switch_state bits 12-14: 0)
2026-04-02 13:12:52,684 DEBUG [backend.app.services.bambu_mqtt] [[SERIAL]] info.temp direct: 28°C (heater OFF)
2026-04-02 13:12:52,685 DEBUG [backend.app.services.bambu_mqtt] [[SERIAL]] ctc_info keys: ['temp']
2026-04-02 13:12:52,685 DEBUG [backend.app.services.bambu_mqtt] [[SERIAL]] Chamber heating calculated: target=0.0, current=28.0, heating=False, respect_local=False
2026-04-02 13:12:52,685 DEBUG [backend.app.services.bambu_mqtt] [[SERIAL]] Chamber temp updated to: 28.0, target: 0.0, heating: False
2026-04-02 13:12:52,685 DEBUG [backend.app.services.bambu_mqtt] [[SERIAL]] HMS data received: []
2026-04-02 13:12:52,686 DEBUG [backend.app.services.bambu_mqtt] [[SERIAL]] ipcam field: {'agora_service': 'disable', 'brtc_service': 'enable', 'bs_state': 0, 'cap_pic_enable': 'invalid', 'ipcam_dev': '1', 'ipcam_record': 'disable', 'laser_preview_res': 7, 'mode_bits': 2, 'resolution': '1080p', 'rtsp_url': 'rtsps://[IP]:322/streaming/live/1', 'timelapse': 'disable', 'tl_store_hpd_type': 2, 'tl_store_path_type': 2, 'tutk_server': 'disable'}
2026-04-02 13:12:52,686 DEBUG [backend.app.services.bambu_mqtt] [[SERIAL]] wifi_signal received: -60dBm
2026-04-02 13:12:52,686 DEBUG [backend.app.services.bambu_mqtt] [[SERIAL]] lights_report: [{'mode': 'on', 'node': 'chamber_light'}, {'mode': 'flashing', 'node': 'work_light'}]
2026-04-02 13:12:52,687 DEBUG [backend.app.services.bambu_mqtt] [[SERIAL]] MQTT mapping field: [65280]
2026-04-02 13:12:52,687 DEBUG [backend.app.services.bambu_mqtt] [[SERIAL]] gcode_state: FINISH -> FINISH, file: /data/Metadata/plate_1.gcode, subtask: gracekeychain-unsupported
2026-04-02 13:12:52,745 DEBUG [backend.app.services.bambu_mqtt] [[SERIAL]] Found xcam inside print data: {'allow_skip_parts': False, 'buildplate_marker_detector': True, 'cfg': 748983, 'first_layer_inspector': True, 'halt_print_sensitivity': 'medium', 'print_halt': True, 'printing_monitor': True, 'spaghetti_detector': True}
2026-04-02 13:12:52,745 DEBUG [backend.app.services.bambu_mqtt] [[SERIAL]] Parsing xcam data - all fields: ['allow_skip_parts', 'buildplate_marker_detector', 'cfg', 'first_layer_inspector', 'halt_print_sensitivity', 'print_halt', 'printing_monitor', 'spaghetti_detector']
2026-04-02 13:12:52,746 DEBUG [backend.app.services.bambu_mqtt] [[SERIAL]] xcam cfg bitmask: 748983 (binary: 0b10110110110110110111)
2026-04-02 13:12:52,746 DEBUG [backend.app.services.bambu_mqtt] [[SERIAL]] Received gcode_state: FINISH, gcode_file: /data/Metadata/plate_1.gcode, subtask_name: Screw Gauge
2026-04-02 13:12:52,746 DEBUG [backend.app.services.bambu_mqtt] [[SERIAL]] AMS dict fields: {'ams_exist_bits': '0', 'ams_exist_bits_raw': '0', 'cali_id': 255, 'cali_stat': 0, 'insert_flag': True, 'power_on_flag': False, 'tray_exist_bits': '0', 'tray_is_bbl_bits': '0', 'tray_now': '0', 'tray_pre': '0', 'tray_read_done_bits': '0', 'tray_reading_bits': '0', 'tray_tar': '255', 'unbind_ams_stat': 0, 'version': 37}
2026-04-02 13:12:52,746 DEBUG [backend.app.services.bambu_mqtt] [[SERIAL]] tray_now updated: 0
2026-04-02 13:12:52,747 DEBUG [backend.app.services.bambu_mqtt] [[SERIAL]] Merged AMS data: 0 new units, 0 total
2026-04-02 13:12:52,747 DEBUG [backend.app.services.bambu_mqtt] [[SERIAL]] ams_status: 0 (main=0, sub=0)
2026-04-02 13:12:52,747 DEBUG [backend.app.services.bambu_mqtt] [[SERIAL]] Received command response: push_status
2026-04-02 13:12:52,748 DEBUG [backend.app.services.bambu_mqtt] [[SERIAL]] device.extruder.state=1 (switch_state bits 12-14: 0)
2026-04-02 13:12:52,748 DEBUG [backend.app.services.bambu_mqtt] [[SERIAL]] info.temp direct: 28°C (heater OFF)
2026-04-02 13:12:52,748 DEBUG [backend.app.services.bambu_mqtt] [[SERIAL]] ctc_info keys: ['temp']
2026-04-02 13:12:52,748 DEBUG [backend.app.services.bambu_mqtt] [[SERIAL]] Chamber heating calculated: target=0.0, current=28.0, heating=False, respect_local=False
2026-04-02 13:12:52,749 DEBUG [backend.app.services.bambu_mqtt] [[SERIAL]] Chamber temp updated to: 28.0, target: 0.0, heating: False
2026-04-02 13:12:52,749 DEBUG [backend.app.services.bambu_mqtt] [[SERIAL]] HMS data received: []
2026-04-02 13:12:52,749 DEBUG [backend.app.services.bambu_mqtt] [[SERIAL]] ipcam field: {'agora_service': 'disable', 'brtc_service': 'enable', 'bs_state': 0, 'cap_pic_enable': 'invalid', 'ipcam_dev': '1', 'ipcam_record': 'enable', 'laser_preview_res': 7, 'mode_bits': 2, 'resolution': '1080p', 'rtsp_url': 'rtsps://[IP]:322/streaming/live/1', 'timelapse': 'disable', 'tl_store_hpd_type': 2, 'tl_store_path_type': 2, 'tutk_server': 'disable'}
2026-04-02 13:12:52,750 DEBUG [backend.app.services.bambu_mqtt] [[SERIAL]] wifi_signal received: -50dBm
2026-04-02 13:12:52,750 DEBUG [backend.app.services.bambu_mqtt] [[SERIAL]] lights_report: [{'mode': 'on', 'node': 'chamber_light'}, {'mode': 'flashing', 'node': 'work_light'}]
2026-04-02 13:12:52,750 DEBUG [backend.app.services.bambu_mqtt] [[SERIAL]] MQTT mapping field: [65280, 65280]
2026-04-02 13:12:52,751 DEBUG [backend.app.services.bambu_mqtt] [[SERIAL]] gcode_state: FINISH -> FINISH, file: /data/Metadata/plate_1.gcode, subtask: Screw Gauge
2026-04-02 13:12:52,791 DEBUG [backend.app.services.bambu_mqtt] [[SERIAL]] Found xcam inside print data: {'allow_skip_parts': False, 'buildplate_marker_detector': True, 'cfg': 748983, 'first_layer_inspector': True, 'halt_print_sensitivity': 'medium', 'print_halt': True, 'printing_monitor': True, 'spaghetti_detector': True}
2026-04-02 13:12:52,791 DEBUG [backend.app.services.bambu_mqtt] [[SERIAL]] Parsing xcam data - all fields: ['allow_skip_parts', 'buildplate_marker_detector', 'cfg', 'first_layer_inspector', 'halt_print_sensitivity', 'print_halt', 'printing_monitor', 'spaghetti_detector']
2026-04-02 13:12:52,792 DEBUG [backend.app.services.bambu_mqtt] [[SERIAL]] xcam cfg bitmask: 748983 (binary: 0b10110110110110110111)
2026-04-02 13:12:52,792 DEBUG [backend.app.services.bambu_mqtt] [[SERIAL]] Received gcode_state: FAILED, gcode_file: /data/Metadata/plate_1.gcode, subtask_name: Akku_Parts
2026-04-02 13:12:52,792 DEBUG [backend.app.services.bambu_mqtt] [[SERIAL]] AMS dict fields: {'ams_exist_bits': '0', 'ams_exist_bits_raw': '0', 'cali_id': 255, 'cali_stat': 0, 'insert_flag': True, 'power_on_flag': False, 'tray_exist_bits': '0', 'tray_is_bbl_bits': '0', 'tray_now': '0', 'tray_pre': '0', 'tray_read_done_bits': '0', 'tray_reading_bits': '0', 'tray_tar': '0', 'unbind_ams_stat': 0, 'version': 436}
2026-04-02 13:12:52,792 DEBUG [backend.app.services.bambu_mqtt] [[SERIAL]] tray_now updated: 0
2026-04-02 13:12:52,793 DEBUG [backend.app.services.bambu_mqtt] [[SERIAL]] Merged AMS data: 0 new units, 0 total
2026-04-02 13:12:52,793 DEBUG [backend.app.services.bambu_mqtt] [[SERIAL]] ams_status: 0 (main=0, sub=0)
2026-04-02 13:12:52,793 DEBUG [backend.app.services.bambu_mqtt] [[SERIAL]] Received command response: push_status
2026-04-02 13:12:52,794 DEBUG [backend.app.services.bambu_mqtt] [[SERIAL]] device.extruder.state=1 (switch_state bits 12-14: 0)
2026-04-02 13:12:52,794 DEBUG [backend.app.services.bambu_mqtt] [[SERIAL]] info.temp direct: 31°C (heater OFF)
2026-04-02 13:12:52,794 DEBUG [backend.app.services.bambu_mqtt] [[SERIAL]] ctc_info keys: ['temp']
2026-04-02 13:12:52,794 DEBUG [backend.app.services.bambu_mqtt] [[SERIAL]] Chamber heating calculated: target=0.0, current=31.0, heating=False, respect_local=False
2026-04-02 13:12:52,795 DEBUG [backend.app.services.bambu_mqtt] [[SERIAL]] Chamber temp updated to: 31.0, target: 0.0, heating: False
2026-04-02 13:12:52,795 DEBUG [backend.app.services.bambu_mqtt] [[SERIAL]] HMS data received: [{'attr': 201326848, 'code': 131099}, {'attr': 83887616, 'code': 131156}]
2026-04-02 13:12:52,795 DEBUG [backend.app.services.bambu_mqtt] [[SERIAL]] print_error: 50348044 (0x0300400c) -> short_code=0300_400C
2026-04-02 13:12:52,796 DEBUG [backend.app.services.bambu_mqtt] [[SERIAL]] ipcam field: {'agora_service': 'disable', 'brtc_service': 'enable', 'bs_state': 0, 'cap_pic_enable': 'invalid', 'ipcam_dev': '1', 'ipcam_record': 'enable', 'laser_preview_res': 7, 'mode_bits': 2, 'resolution': '1080p', 'rtsp_url': 'rtsps://[IP]:322/streaming/live/1', 'timelapse': 'disable', 'tl_store_hpd_type': 2, 'tl_store_path_type': 2, 'tutk_server': 'disable'}
2026-04-02 13:12:52,796 DEBUG [backend.app.services.bambu_mqtt] [[SERIAL]] wifi_signal received: -50dBm
2026-04-02 13:12:52,796 DEBUG [backend.app.services.bambu_mqtt] [[SERIAL]] lights_report: [{'mode': 'on', 'node': 'chamber_light'}, {'mode': 'flashing', 'node': 'work_light'}]
2026-04-02 13:12:52,797 DEBUG [backend.app.services.bambu_mqtt] [[SERIAL]] MQTT mapping field: [65024]
2026-04-02 13:12:52,797 DEBUG [backend.app.services.bambu_mqtt] [[SERIAL]] gcode_state: FAILED -> FAILED, file: /data/Metadata/plate_1.gcode, subtask: Akku_Parts
2026-04-02 13:12:52,806 DEBUG [backend.app.services.bambu_mqtt] [[SERIAL]] Found xcam inside print data: {'allow_skip_parts': False, 'buildplate_marker_detector': True, 'cfg': 748983, 'first_layer_inspector': True, 'halt_print_sensitivity': 'medium', 'print_halt': True, 'printing_monitor': True, 'spaghetti_detector': True}
2026-04-02 13:12:52,806 DEBUG [backend.app.services.bambu_mqtt] [[SERIAL]] Parsing xcam data - all fields: ['allow_skip_parts', 'buildplate_marker_detector', 'cfg', 'first_layer_inspector', 'halt_print_sensitivity', 'print_halt', 'printing_monitor', 'spaghetti_detector']
2026-04-02 13:12:52,806 DEBUG [backend.app.services.bambu_mqtt] [[SERIAL]] xcam cfg bitmask: 748983 (binary: 0b10110110110110110111)
2026-04-02 13:12:52,806 DEBUG [backend.app.services.bambu_mqtt] [[SERIAL]] Received gcode_state: FAILED, gcode_file: /data/Metadata/plate_1.gcode, subtask_name: CNT_graphene_lattice_flatEnds_30mmOD_100mmL
2026-04-02 13:12:52,807 DEBUG [backend.app.services.bambu_mqtt] [[SERIAL]] AMS dict fields: {'ams_exist_bits': '0', 'ams_exist_bits_raw': '0', 'cali_id': 255, 'cali_stat': 0, 'insert_flag': True, 'power_on_flag': False, 'tray_exist_bits': '0', 'tray_is_bbl_bits': '0', 'tray_now': '0', 'tray_pre': '0', 'tray_read_done_bits': '0', 'tray_reading_bits': '0', 'tray_tar': '0', 'unbind_ams_stat': 0, 'version': 26}
2026-04-02 13:12:52,807 DEBUG [backend.app.services.bambu_mqtt] [[SERIAL]] tray_now updated: 0
2026-04-02 13:12:52,807 DEBUG [backend.app.services.bambu_mqtt] [[SERIAL]] Merged AMS data: 0 new units, 0 total
2026-04-02 13:12:52,808 DEBUG [backend.app.services.bambu_mqtt] [[SERIAL]] ams_status: 0 (main=0, sub=0)
2026-04-02 13:12:52,808 DEBUG [backend.app.services.bambu_mqtt] [[SERIAL]] Received command response: push_status
2026-04-02 13:12:52,808 DEBUG [backend.app.services.bambu_mqtt] [[SERIAL]] device.extruder.state=1 (switch_state bits 12-14: 0)
2026-04-02 13:12:52,808 DEBUG [backend.app.services.bambu_mqtt] [[SERIAL]] info.temp direct: 30°C (heater OFF)
2026-04-02 13:12:52,809 DEBUG [backend.app.services.bambu_mqtt] [[SERIAL]] ctc_info keys: ['temp']
2026-04-02 13:12:52,809 DEBUG [backend.app.services.bambu_mqtt] [[SERIAL]] Chamber heating calculated: target=0.0, current=30.0, heating=False, respect_local=False
2026-04-02 13:12:52,809 DEBUG [backend.app.services.bambu_mqtt] [[SERIAL]] Chamber temp updated to: 30.0, target: 0.0, heating: False
2026-04-02 13:12:52,809 DEBUG [backend.app.services.bambu_mqtt] [[SERIAL]] HMS data received: []
2026-04-02 13:12:52,810 DEBUG [backend.app.services.bambu_mqtt] [[SERIAL]] ipcam field: {'agora_service': 'disable', 'brtc_service': 'enable', 'bs_state': 0, 'cap_pic_enable': 'invalid', 'ipcam_dev': '1', 'ipcam_record': 'enable', 'laser_preview_res': 7, 'mode_bits': 2, 'resolution': '1080p', 'rtsp_url': 'rtsps://[IP]:322/streaming/live/1', 'timelapse': 'disable', 'tl_store_hpd_type': 2, 'tl_store_path_type': 2, 'tutk_server': 'disable'}
2026-04-02 13:12:52,810 DEBUG [backend.app.services.bambu_mqtt] [[SERIAL]] wifi_signal received: -61dBm
2026-04-02 13:12:52,810 DEBUG [backend.app.services.bambu_mqtt] [[SERIAL]] lights_report: [{'mode': 'on', 'node': 'chamber_light'}, {'mode': 'flashing', 'node': 'work_light'}]
2026-04-02 13:12:52,811 DEBUG [backend.app.services.bambu_mqtt] [[SERIAL]] MQTT mapping field: [65280]
2026-04-02 13:12:52,811 DEBUG [backend.app.services.bambu_mqtt] [[SERIAL]] gcode_state: FAILED -> FAILED, file: /data/Metadata/plate_1.gcode, subtask: CNT_graphene_lattice_flatEnds_30mmOD_100mmL
2026-04-02 13:12:52,943 DEBUG [backend.app.services.bambu_mqtt] [[SERIAL]] Found xcam inside print data: {'allow_skip_parts': False, 'buildplate_marker_detector': True, 'cfg': 748983, 'first_layer_inspector': True, 'halt_print_sensitivity': 'medium', 'print_halt': True, 'printing_monitor': True, 'spaghetti_detector': True}
2026-04-02 13:12:52,943 DEBUG [backend.app.services.bambu_mqtt] [[SERIAL]] Parsing xcam data - all fields: ['allow_skip_parts', 'buildplate_marker_detector', 'cfg', 'first_layer_inspector', 'halt_print_sensitivity', 'print_halt', 'printing_monitor', 'spaghetti_detector']
2026-04-02 13:12:52,943 DEBUG [backend.app.services.bambu_mqtt] [[SERIAL]] xcam cfg bitmask: 748983 (binary: 0b10110110110110110111)
2026-04-02 13:12:52,944 DEBUG [backend.app.services.bambu_mqtt] [[SERIAL]] Received gcode_state: FINISH, gcode_file: /usr/etc/print/new_machine_auto_cali_for_user.gcode, subtask_name: new_machine_auto_cali_for_user.gcode
2026-04-02 13:12:52,944 DEBUG [backend.app.services.bambu_mqtt] [[SERIAL]] AMS dict fields: {'ams_exist_bits': '0', 'ams_exist_bits_raw': '0', 'cali_id': 255, 'cali_stat': 0, 'insert_flag': True, 'power_on_flag': False, 'tray_exist_bits': '0', 'tray_is_bbl_bits': '0', 'tray_now': '0', 'tray_pre': '0', 'tray_read_done_bits': '0', 'tray_reading_bits': '0', 'tray_tar': '0', 'unbind_ams_stat': 0, 'version': 15}
2026-04-02 13:12:52,944 DEBUG [backend.app.services.bambu_mqtt] [[SERIAL]] tray_now updated: 0
2026-04-02 13:12:52,944 DEBUG [backend.app.services.bambu_mqtt] [[SERIAL]] Merged AMS data: 0 new units, 0 total
2026-04-02 13:12:52,945 DEBUG [backend.app.services.bambu_mqtt] [[SERIAL]] ams_status: 768 (main=3, sub=0)
2026-04-02 13:12:52,945 DEBUG [backend.app.services.bambu_mqtt] [[SERIAL]] Received command response: push_status
2026-04-02 13:12:52,945 DEBUG [backend.app.services.bambu_mqtt] [[SERIAL]] device.extruder.state=1 (switch_state bits 12-14: 0)
2026-04-02 13:12:52,946 DEBUG [backend.app.services.bambu_mqtt] [[SERIAL]] info.temp direct: 31°C (heater OFF)
2026-04-02 13:12:52,946 DEBUG [backend.app.services.bambu_mqtt] [[SERIAL]] ctc_info keys: ['temp']
2026-04-02 13:12:52,946 DEBUG [backend.app.services.bambu_mqtt] [[SERIAL]] Chamber heating calculated: target=0.0, current=31.0, heating=False, respect_local=False
2026-04-02 13:12:52,947 DEBUG [backend.app.services.bambu_mqtt] [[SERIAL]] Chamber temp updated to: 31.0, target: 0.0, heating: False
2026-04-02 13:12:52,947 DEBUG [backend.app.services.bambu_mqtt] [[SERIAL]] HMS data received: []
2026-04-02 13:12:52,947 DEBUG [backend.app.services.bambu_mqtt] [[SERIAL]] ipcam field: {'agora_service': 'disable', 'brtc_service': 'enable', 'bs_state': 0, 'cap_pic_enable': 'invalid', 'ipcam_dev': '1', 'ipcam_record': 'enable', 'laser_preview_res': 7, 'mode_bits': 2, 'resolution': '1080p', 'rtsp_url': 'rtsps://[IP]:322/streaming/live/1', 'timelapse': 'disable', 'tl_store_hpd_type': 2, 'tl_store_path_type': 2, 'tutk_server': 'disable'}
2026-04-02 13:12:52,947 DEBUG [backend.app.services.bambu_mqtt] [[SERIAL]] wifi_signal received: -51dBm
2026-04-02 13:12:52,947 DEBUG [backend.app.services.bambu_mqtt] [[SERIAL]] lights_report: [{'mode': 'on', 'node': 'chamber_light'}, {'mode': 'flashing', 'node': 'work_light'}]
2026-04-02 13:12:52,948 DEBUG [backend.app.services.bambu_mqtt] [[SERIAL]] MQTT mapping field: [65280, 65280, 65280, 65280, 65280, 65280, 65280, 65280, 65280, 65280, 65280, 65280, 65280, 65280, 65280, 65280, 65280, 65280, 65280, 65280, 65280, 65280, 65280, 65280, 65280, 65280, 65280, 65280, 65280, 65280, 65280, 65280]
2026-04-02 13:12:52,948 DEBUG [backend.app.services.bambu_mqtt] [[SERIAL]] gcode_state: FINISH -> FINISH, file: /usr/etc/print/new_machine_auto_cali_for_user.gcode, subtask: new_machine_auto_cali_for_user.gcode
2026-04-02 13:12:53,144 DEBUG [backend.app.services.bambu_mqtt] [[SERIAL]] Found xcam inside print data: {'allow_skip_parts': False, 'buildplate_marker_detector': True, 'cfg': 748983, 'first_layer_inspector': True, 'halt_print_sensitivity': 'medium', 'print_halt': True, 'printing_monitor': True, 'spaghetti_detector': True}
2026-04-02 13:12:53,144 DEBUG [backend.app.services.bambu_mqtt] [[SERIAL]] Parsing xcam data - all fields: ['allow_skip_parts', 'buildplate_marker_detector', 'cfg', 'first_layer_inspector', 'halt_print_sensitivity', 'print_halt', 'printing_monitor', 'spaghetti_detector']
2026-04-02 13:12:53,144 DEBUG [backend.app.services.bambu_mqtt] [[SERIAL]] xcam cfg bitmask: 748983 (binary: 0b10110110110110110111)
2026-04-02 13:12:53,145 DEBUG [backend.app.services.bambu_mqtt] [[SERIAL]] Received gcode_state: FINISH, gcode_file: /usr/etc/print/auto_cali_for_user_param.gcode, subtask_name: auto_cali_for_user_param.gcode
2026-04-02 13:12:53,145 DEBUG [backend.app.services.bambu_mqtt] [[SERIAL]] AMS dict fields: {'ams_exist_bits': '0', 'ams_exist_bits_raw': '0', 'cali_id': 255, 'cali_stat': 0, 'insert_flag': True, 'power_on_flag': False, 'tray_exist_bits': '0', 'tray_is_bbl_bits': '0', 'tray_now': '255', 'tray_pre': '255', 'tray_read_done_bits': '0', 'tray_reading_bits': '0', 'tray_tar': '255', 'unbind_ams_stat': 0, 'version': 3}
2026-04-02 13:12:53,145 DEBUG [backend.app.services.bambu_mqtt] [[SERIAL]] tray_now updated: 255
2026-04-02 13:12:53,145 DEBUG [backend.app.services.bambu_mqtt] [[SERIAL]] Merged AMS data: 0 new units, 0 total
2026-04-02 13:12:53,146 DEBUG [backend.app.services.bambu_mqtt] [[SERIAL]] ams_status: 0 (main=0, sub=0)
2026-04-02 13:12:53,146 DEBUG [backend.app.services.bambu_mqtt] [[SERIAL]] Received command response: push_status
2026-04-02 13:12:53,146 DEBUG [backend.app.services.bambu_mqtt] [[SERIAL]] device.extruder.state=1 (switch_state bits 12-14: 0)
2026-04-02 13:12:53,147 DEBUG [backend.app.services.bambu_mqtt] [[SERIAL]] info.temp direct: 30°C (heater OFF)
2026-04-02 13:12:53,147 DEBUG [backend.app.services.bambu_mqtt] [[SERIAL]] ctc_info keys: ['temp']
2026-04-02 13:12:53,147 DEBUG [backend.app.services.bambu_mqtt] [[SERIAL]] Chamber heating calculated: target=0.0, current=30.0, heating=False, respect_local=False
2026-04-02 13:12:53,147 DEBUG [backend.app.services.bambu_mqtt] [[SERIAL]] Chamber temp updated to: 30.0, target: 0.0, heating: False
2026-04-02 13:12:53,148 DEBUG [backend.app.services.bambu_mqtt] [[SERIAL]] HMS data received: []
2026-04-02 13:12:53,148 DEBUG [backend.app.services.bambu_mqtt] [[SERIAL]] ipcam field: {'agora_service': 'disable', 'brtc_service': 'enable', 'bs_state': 0, 'cap_pic_enable': 'invalid', 'ipcam_dev': '1', 'ipcam_record': 'enable', 'laser_preview_res': 7, 'mode_bits': 2, 'resolution': '1080p', 'rtsp_url': 'rtsps://[IP]:322/streaming/live/1', 'timelapse': 'disable', 'tl_store_hpd_type': 2, 'tl_store_path_type': 2, 'tutk_server': 'disable'}
2026-04-02 13:12:53,148 DEBUG [backend.app.services.bambu_mqtt] [[SERIAL]] wifi_signal received: -50dBm
2026-04-02 13:12:53,148 DEBUG [backend.app.services.bambu_mqtt] [[SERIAL]] lights_report: [{'mode': 'on', 'node': 'chamber_light'}, {'mode': 'flashing', 'node': 'work_light'}]
2026-04-02 13:12:53,148 DEBUG [backend.app.services.bambu_mqtt] [[SERIAL]] MQTT mapping field: [65280, 65280, 65280, 65280, 65280, 65280, 65280, 65280, 65280, 65280, 65280, 65280, 65280, 65280, 65280, 65280, 65280, 65280, 65280, 65280, 65280, 65280, 65280, 65280, 65280, 65280, 65280, 65280, 65280, 65280, 65280, 65280]
2026-04-02 13:12:53,149 DEBUG [backend.app.services.bambu_mqtt] [[SERIAL]] gcode_state: FINISH -> FINISH, file: /usr/etc/print/auto_cali_for_user_param.gcode, subtask: auto_cali_for_user_param.gcode
2026-04-02 13:12:53,161 DEBUG [backend.app.services.bambu_mqtt] [[SERIAL]] Found xcam inside print data: {'allow_skip_parts': False, 'buildplate_marker_detector': True, 'cfg': 748983, 'first_layer_inspector': True, 'halt_print_sensitivity': 'medium', 'print_halt': True, 'printing_monitor': True, 'spaghetti_detector': True}
2026-04-02 13:12:53,161 DEBUG [backend.app.services.bambu_mqtt] [[SERIAL]] Parsing xcam data - all fields: ['allow_skip_parts', 'buildplate_marker_detector', 'cfg', 'first_layer_inspector', 'halt_print_sensitivity', 'print_halt', 'printing_monitor', 'spaghetti_detector']
2026-04-02 13:12:53,161 DEBUG [backend.app.services.bambu_mqtt] [[SERIAL]] xcam cfg bitmask: 748983 (binary: 0b10110110110110110111)
2026-04-02 13:12:53,161 DEBUG [backend.app.services.bambu_mqtt] [[SERIAL]] Received gcode_state: FINISH, gcode_file: /data/Metadata/plate_1.gcode, subtask_name: 
2026-04-02 13:12:53,161 DEBUG [backend.app.services.bambu_mqtt] [[SERIAL]] AMS dict fields: {'ams_exist_bits': '0', 'ams_exist_bits_raw': '0', 'cali_id': 255, 'cali_stat': 0, 'insert_flag': True, 'power_on_flag': False, 'tray_exist_bits': '0', 'tray_is_bbl_bits': '0', 'tray_now': '0', 'tray_pre': '0', 'tray_read_done_bits': '0', 'tray_reading_bits': '0', 'tray_tar': '255', 'unbind_ams_stat': 0, 'version': 89}
2026-04-02 13:12:53,161 DEBUG [backend.app.services.bambu_mqtt] [[SERIAL]] tray_now updated: 0
2026-04-02 13:12:53,161 DEBUG [backend.app.services.bambu_mqtt] [[SERIAL]] Merged AMS data: 0 new units, 0 total
2026-04-02 13:12:53,161 DEBUG [backend.app.services.bambu_mqtt] [[SERIAL]] ams_status: 0 (main=0, sub=0)
2026-04-02 13:12:53,161 DEBUG [backend.app.services.bambu_mqtt] [[SERIAL]] Received command response: push_status
2026-04-02 13:12:53,162 DEBUG [backend.app.services.bambu_mqtt] [[SERIAL]] device.extruder.state=1 (switch_state bits 12-14: 0)
2026-04-02 13:12:53,162 DEBUG [backend.app.services.bambu_mqtt] [[SERIAL]] info.temp direct: 30°C (heater OFF)
2026-04-02 13:12:53,162 DEBUG [backend.app.services.bambu_mqtt] [[SERIAL]] ctc_info keys: ['temp']
2026-04-02 13:12:53,162 DEBUG [backend.app.services.bambu_mqtt] [[SERIAL]] Chamber heating calculated: target=0.0, current=30.0, heating=False, respect_local=False
2026-04-02 13:12:53,162 DEBUG [backend.app.services.bambu_mqtt] [[SERIAL]] Chamber temp updated to: 30.0, target: 0.0, heating: False
2026-04-02 13:12:53,162 DEBUG [backend.app.services.bambu_mqtt] [[SERIAL]] HMS data received: []
2026-04-02 13:12:53,162 DEBUG [backend.app.services.bambu_mqtt] [[SERIAL]] ipcam field: {'agora_service': 'disable', 'brtc_service': 'enable', 'bs_state': 0, 'cap_pic_enable': 'invalid', 'ipcam_dev': '1', 'ipcam_record': 'enable', 'laser_preview_res': 7, 'mode_bits': 2, 'resolution': '1080p', 'rtsp_url': 'rtsps://[IP]:322/streaming/live/1', 'timelapse': 'disable', 'tl_store_hpd_type': 2, 'tl_store_path_type': 2, 'tutk_server': 'disable'}
2026-04-02 13:12:53,162 DEBUG [backend.app.services.bambu_mqtt] [[SERIAL]] wifi_signal received: -50dBm
2026-04-02 13:12:53,162 DEBUG [backend.app.services.bambu_mqtt] [[SERIAL]] lights_report: [{'mode': 'on', 'node': 'chamber_light'}, {'mode': 'flashing', 'node': 'work_light'}]
2026-04-02 13:12:53,162 DEBUG [backend.app.services.bambu_mqtt] [[SERIAL]] MQTT mapping field: [65280]
2026-04-02 13:12:53,163 DEBUG [backend.app.services.bambu_mqtt] [[SERIAL]] gcode_state: FINISH -> FINISH, file: /data/Metadata/plate_1.gcode, subtask: 
2026-04-02 13:12:53,429 DEBUG [backend.app.services.bambu_mqtt] [[SERIAL]] Found xcam inside print data: {'allow_skip_parts': False, 'buildplate_marker_detector': True, 'cfg': 748983, 'first_layer_inspector': True, 'halt_print_sensitivity': 'medium', 'print_halt': True, 'printing_monitor': True, 'spaghetti_detector': True}
2026-04-02 13:12:53,429 DEBUG [backend.app.services.bambu_mqtt] [[SERIAL]] Parsing xcam data - all fields: ['allow_skip_parts', 'buildplate_marker_detector', 'cfg', 'first_layer_inspector', 'halt_print_sensitivity', 'print_halt', 'printing_monitor', 'spaghetti_detector']
2026-04-02 13:12:53,429 DEBUG [backend.app.services.bambu_mqtt] [[SERIAL]] xcam cfg bitmask: 748983 (binary: 0b10110110110110110111)
2026-04-02 13:12:53,430 DEBUG [backend.app.services.bambu_mqtt] [[SERIAL]] Received gcode_state: PAUSE, gcode_file: /data/Metadata/plate_1.gcode, subtask_name: Servo_Halterung_und_Arm
2026-04-02 13:12:53,430 DEBUG [backend.app.services.bambu_mqtt] [[SERIAL]] AMS dict fields: {'ams_exist_bits': '0', 'ams_exist_bits_raw': '0', 'cali_id': 255, 'cali_stat': 0, 'insert_flag': True, 'power_on_flag': False, 'tray_exist_bits': '0', 'tray_is_bbl_bits': '0', 'tray_now': '0', 'tray_pre': '0', 'tray_read_done_bits': '0', 'tray_reading_bits': '0', 'tray_tar': '0', 'unbind_ams_stat': 0, 'version': 15}
2026-04-02 13:12:53,430 DEBUG [backend.app.services.bambu_mqtt] [[SERIAL]] tray_now updated: 0
2026-04-02 13:12:53,430 DEBUG [backend.app.services.bambu_mqtt] [[SERIAL]] Merged AMS data: 0 new units, 0 total
2026-04-02 13:12:53,431 DEBUG [backend.app.services.bambu_mqtt] [[SERIAL]] ams_status: 258 (main=1, sub=2)
2026-04-02 13:12:53,431 DEBUG [backend.app.services.bambu_mqtt] [[SERIAL]] Received command response: push_status
2026-04-02 13:12:53,431 DEBUG [backend.app.services.bambu_mqtt] [[SERIAL]] device.extruder.state=524289 (switch_state bits 12-14: 0)
2026-04-02 13:12:53,431 DEBUG [backend.app.services.bambu_mqtt] [[SERIAL]] info.temp direct: 32°C (heater OFF)
2026-04-02 13:12:53,432 DEBUG [backend.app.services.bambu_mqtt] [[SERIAL]] ctc_info keys: ['temp']
2026-04-02 13:12:53,432 DEBUG [backend.app.services.bambu_mqtt] [[SERIAL]] Chamber heating calculated: target=0.0, current=32.0, heating=False, respect_local=False
2026-04-02 13:12:53,432 DEBUG [backend.app.services.bambu_mqtt] [[SERIAL]] Chamber temp updated to: 32.0, target: 0.0, heating: False
2026-04-02 13:12:53,433 DEBUG [backend.app.services.bambu_mqtt] [[SERIAL]] HMS data received: [{'attr': 117460992, 'code': 131073}, {'attr': 117469184, 'code': 131080}]
2026-04-02 13:12:53,433 DEBUG [backend.app.services.bambu_mqtt] [[SERIAL]] print_error: 117473298 (0x07008012) -> short_code=0700_8012
2026-04-02 13:12:53,433 DEBUG [backend.app.services.bambu_mqtt] [[SERIAL]] ipcam field: {'agora_service': 'disable', 'brtc_service': 'enable', 'bs_state': 0, 'cap_pic_enable': 'invalid', 'ipcam_dev': '1', 'ipcam_record': 'enable', 'laser_preview_res': 7, 'mode_bits': 2, 'resolution': '1080p', 'rtsp_url': 'rtsps://[IP]:322/streaming/live/1', 'timelapse': 'disable', 'tl_store_hpd_type': 2, 'tl_store_path_type': 2, 'tutk_server': 'disable'}
2026-04-02 13:12:53,433 DEBUG [backend.app.services.bambu_mqtt] [[SERIAL]] wifi_signal received: -62dBm
2026-04-02 13:12:53,433 DEBUG [backend.app.services.bambu_mqtt] [[SERIAL]] lights_report: [{'mode': 'on', 'node': 'chamber_light'}, {'mode': 'flashing', 'node': 'work_light'}]
2026-04-02 13:12:53,434 DEBUG [backend.app.services.bambu_mqtt] [[SERIAL]] MQTT mapping field: [65024]
2026-04-02 13:12:53,434 DEBUG [backend.app.services.bambu_mqtt] [[SERIAL]] gcode_state: PAUSE -> PAUSE, file: /data/Metadata/plate_1.gcode, subtask: Servo_Halterung_und_Arm
2026-04-02 13:12:53,706 DEBUG [backend.app.services.bambu_mqtt] [[SERIAL]] Found xcam inside print data: {'allow_skip_parts': False, 'buildplate_marker_detector': True, 'cfg': 748983, 'first_layer_inspector': True, 'halt_print_sensitivity': 'medium', 'print_halt': True, 'printing_monitor': True, 'spaghetti_detector': True}
2026-04-02 13:12:53,707 DEBUG [backend.app.services.bambu_mqtt] [[SERIAL]] Parsing xcam data - all fields: ['allow_skip_parts', 'buildplate_marker_detector', 'cfg', 'first_layer_inspector', 'halt_print_sensitivity', 'print_halt', 'printing_monitor', 'spaghetti_detector']
2026-04-02 13:12:53,707 DEBUG [backend.app.services.bambu_mqtt] [[SERIAL]] xcam cfg bitmask: 748983 (binary: 0b10110110110110110111)
2026-04-02 13:12:53,708 DEBUG [backend.app.services.bambu_mqtt] [[SERIAL]] Received gcode_state: FINISH, gcode_file: /data/Metadata/plate_1.gcode, subtask_name: gracekeychain-unsupported
2026-04-02 13:12:53,710 DEBUG [backend.app.services.bambu_mqtt] [[SERIAL]] AMS dict fields: {'ams_exist_bits': '0', 'ams_exist_bits_raw': '0', 'cali_id': 255, 'cali_stat': 0, 'insert_flag': True, 'power_on_flag': False, 'tray_exist_bits': '0', 'tray_is_bbl_bits': '0', 'tray_now': '0', 'tray_pre': '0', 'tray_read_done_bits': '0', 'tray_reading_bits': '0', 'tray_tar': '255', 'unbind_ams_stat': 0, 'version': 64}
2026-04-02 13:12:53,715 DEBUG [backend.app.services.bambu_mqtt] [[SERIAL]] tray_now updated: 0
2026-04-02 13:12:53,715 DEBUG [backend.app.services.bambu_mqtt] [[SERIAL]] Merged AMS data: 0 new units, 0 total
2026-04-02 13:12:53,716 DEBUG [backend.app.services.bambu_mqtt] [[SERIAL]] ams_status: 0 (main=0, sub=0)
2026-04-02 13:12:53,717 DEBUG [backend.app.services.bambu_mqtt] [[SERIAL]] Received command response: push_status
2026-04-02 13:12:53,717 DEBUG [backend.app.services.bambu_mqtt] [[SERIAL]] device.extruder.state=1 (switch_state bits 12-14: 0)
2026-04-02 13:12:53,718 DEBUG [backend.app.services.bambu_mqtt] [[SERIAL]] info.temp direct: 28°C (heater OFF)
2026-04-02 13:12:53,718 DEBUG [backend.app.services.bambu_mqtt] [[SERIAL]] ctc_info keys: ['temp']
2026-04-02 13:12:53,719 DEBUG [backend.app.services.bambu_mqtt] [[SERIAL]] Chamber heating calculated: target=0.0, current=28.0, heating=False, respect_local=False
2026-04-02 13:12:53,719 DEBUG [backend.app.services.bambu_mqtt] [[SERIAL]] Chamber temp updated to: 28.0, target: 0.0, heating: False
2026-04-02 13:12:53,719 DEBUG [backend.app.services.bambu_mqtt] [[SERIAL]] HMS data received: []
2026-04-02 13:12:53,720 DEBUG [backend.app.services.bambu_mqtt] [[SERIAL]] ipcam field: {'agora_service': 'disable', 'brtc_service': 'enable', 'bs_state': 0, 'cap_pic_enable': 'invalid', 'ipcam_dev': '1', 'ipcam_record': 'disable', 'laser_preview_res': 7, 'mode_bits': 2, 'resolution': '1080p', 'rtsp_url': 'rtsps://[IP]:322/streaming/live/1', 'timelapse': 'disable', 'tl_store_hpd_type': 2, 'tl_store_path_type': 2, 'tutk_server': 'disable'}
2026-04-02 13:12:53,720 DEBUG [backend.app.services.bambu_mqtt] [[SERIAL]] wifi_signal received: -60dBm
2026-04-02 13:12:53,721 DEBUG [backend.app.services.bambu_mqtt] [[SERIAL]] lights_report: [{'mode': 'on', 'node': 'chamber_light'}, {'mode': 'flashing', 'node': 'work_light'}]
2026-04-02 13:12:53,722 DEBUG [backend.app.services.bambu_mqtt] [[SERIAL]] MQTT mapping field: [65280]
2026-04-02 13:12:53,724 DEBUG [backend.app.services.bambu_mqtt] [[SERIAL]] gcode_state: FINISH -> FINISH, file: /data/Metadata/plate_1.gcode, subtask: gracekeychain-unsupported