2026-07-09 12:25:08,409 INFO [backend.app.services.print_scheduler] [-] Queue skip summary: {'manual_start': 19}
2026-07-09 12:25:38,415 INFO [backend.app.services.print_scheduler] [-] Queue check: found 19 pending items: [(10, 1, None, 18), (2, 1, None, 1), (5, 1, None, 1), (11, 1, None, 21), (4, 1, None, 1), (7, 1, None, 18), (9, 1, None, 18), (8, 1, None, 18), (13, 1, None, 35), (22, 1, None, 35), (21, 1, None, 35), (20, 1, None, 35), (23, 1, None, 35), (19, 1, None, 35), (17, 1, None, 35), (18, 1, None, 35), (14, 1, None, 35), (15, 1, None, 35), (16, 1, None, 35)]
2026-07-09 12:25:38,415 INFO [backend.app.services.print_scheduler] [-] Queue skip summary: {'manual_start': 19}
2026-07-09 12:26:08,423 INFO [backend.app.services.print_scheduler] [-] Queue check: found 19 pending items: [(10, 1, None, 18), (2, 1, None, 1), (5, 1, None, 1), (11, 1, None, 21), (4, 1, None, 1), (7, 1, None, 18), (9, 1, None, 18), (8, 1, None, 18), (13, 1, None, 35), (22, 1, None, 35), (21, 1, None, 35), (20, 1, None, 35), (23, 1, None, 35), (19, 1, None, 35), (17, 1, None, 35), (18, 1, None, 35), (14, 1, None, 35), (15, 1, None, 35), (16, 1, None, 35)]
2026-07-09 12:26:08,423 INFO [backend.app.services.print_scheduler] [-] Queue skip summary: {'manual_start': 19}
2026-07-09 12:26:38,430 INFO [backend.app.services.print_scheduler] [-] Queue check: found 19 pending items: [(10, 1, None, 18), (2, 1, None, 1), (5, 1, None, 1), (11, 1, None, 21), (4, 1, None, 1), (7, 1, None, 18), (9, 1, None, 18), (8, 1, None, 18), (13, 1, None, 35), (22, 1, None, 35), (21, 1, None, 35), (20, 1, None, 35), (23, 1, None, 35), (19, 1, None, 35), (17, 1, None, 35), (18, 1, None, 35), (14, 1, None, 35), (15, 1, None, 35), (16, 1, None, 35)]
2026-07-09 12:26:38,431 INFO [backend.app.services.print_scheduler] [-] Queue skip summary: {'manual_start': 19}
2026-07-09 12:27:08,437 INFO [backend.app.services.print_scheduler] [-] Queue check: found 19 pending items: [(10, 1, None, 18), (2, 1, None, 1), (5, 1, None, 1), (11, 1, None, 21), (4, 1, None, 1), (7, 1, None, 18), (9, 1, None, 18), (8, 1, None, 18), (13, 1, None, 35), (22, 1, None, 35), (21, 1, None, 35), (20, 1, None, 35), (23, 1, None, 35), (19, 1, None, 35), (17, 1, None, 35), (18, 1, None, 35), (14, 1, None, 35), (15, 1, None, 35), (16, 1, None, 35)]
2026-07-09 12:27:08,438 INFO [backend.app.services.print_scheduler] [-] Queue skip summary: {'manual_start': 19}
2026-07-09 12:27:38,444 INFO [backend.app.services.print_scheduler] [-] Queue check: found 19 pending items: [(10, 1, None, 18), (2, 1, None, 1), (5, 1, None, 1), (11, 1, None, 21), (4, 1, None, 1), (7, 1, None, 18), (9, 1, None, 18), (8, 1, None, 18), (13, 1, None, 35), (22, 1, None, 35), (21, 1, None, 35), (20, 1, None, 35), (23, 1, None, 35), (19, 1, None, 35), (17, 1, None, 35), (18, 1, None, 35), (14, 1, None, 35), (15, 1, None, 35), (16, 1, None, 35)]
2026-07-09 12:27:38,445 INFO [backend.app.services.print_scheduler] [-] Queue skip summary: {'manual_start': 19}
2026-07-09 12:27:47,997 INFO [backend.app.main] [-] Recorded 1 AMS sensor history entries
2026-07-09 12:28:08,451 INFO [backend.app.services.print_scheduler] [-] Queue check: found 19 pending items: [(10, 1, None, 18), (2, 1, None, 1), (5, 1, None, 1), (11, 1, None, 21), (4, 1, None, 1), (7, 1, None, 18), (9, 1, None, 18), (8, 1, None, 18), (13, 1, None, 35), (22, 1, None, 35), (21, 1, None, 35), (20, 1, None, 35), (23, 1, None, 35), (19, 1, None, 35), (17, 1, None, 35), (18, 1, None, 35), (14, 1, None, 35), (15, 1, None, 35), (16, 1, None, 35)]
2026-07-09 12:28:08,452 INFO [backend.app.services.print_scheduler] [-] Queue skip summary: {'manual_start': 19}
2026-07-09 12:28:38,460 INFO [backend.app.services.print_scheduler] [-] Queue check: found 19 pending items: [(10, 1, None, 18), (2, 1, None, 1), (5, 1, None, 1), (11, 1, None, 21), (4, 1, None, 1), (7, 1, None, 18), (9, 1, None, 18), (8, 1, None, 18), (13, 1, None, 35), (22, 1, None, 35), (21, 1, None, 35), (20, 1, None, 35), (23, 1, None, 35), (19, 1, None, 35), (17, 1, None, 35), (18, 1, None, 35), (14, 1, None, 35), (15, 1, None, 35), (16, 1, None, 35)]
2026-07-09 12:28:38,461 INFO [backend.app.services.print_scheduler] [-] Queue skip summary: {'manual_start': 19}
2026-07-09 12:29:08,467 INFO [backend.app.services.print_scheduler] [-] Queue check: found 19 pending items: [(10, 1, None, 18), (2, 1, None, 1), (5, 1, None, 1), (11, 1, None, 21), (4, 1, None, 1), (7, 1, None, 18), (9, 1, None, 18), (8, 1, None, 18), (13, 1, None, 35), (22, 1, None, 35), (21, 1, None, 35), (20, 1, None, 35), (23, 1, None, 35), (19, 1, None, 35), (17, 1, None, 35), (18, 1, None, 35), (14, 1, None, 35), (15, 1, None, 35), (16, 1, None, 35)]
2026-07-09 12:29:08,468 INFO [backend.app.services.print_scheduler] [-] Queue skip summary: {'manual_start': 19}
2026-07-09 12:29:38,477 INFO [backend.app.services.print_scheduler] [-] Queue check: found 19 pending items: [(10, 1, None, 18), (2, 1, None, 1), (5, 1, None, 1), (11, 1, None, 21), (4, 1, None, 1), (7, 1, None, 18), (9, 1, None, 18), (8, 1, None, 18), (13, 1, None, 35), (22, 1, None, 35), (21, 1, None, 35), (20, 1, None, 35), (23, 1, None, 35), (19, 1, None, 35), (17, 1, None, 35), (18, 1, None, 35), (14, 1, None, 35), (15, 1, None, 35), (16, 1, None, 35)]
2026-07-09 12:29:38,478 INFO [backend.app.services.print_scheduler] [-] Queue skip summary: {'manual_start': 19}
2026-07-09 12:30:08,486 INFO [backend.app.services.print_scheduler] [-] Queue check: found 19 pending items: [(10, 1, None, 18), (2, 1, None, 1), (5, 1, None, 1), (11, 1, None, 21), (4, 1, None, 1), (7, 1, None, 18), (9, 1, None, 18), (8, 1, None, 18), (13, 1, None, 35), (22, 1, None, 35), (21, 1, None, 35), (20, 1, None, 35), (23, 1, None, 35), (19, 1, None, 35), (17, 1, None, 35), (18, 1, None, 35), (14, 1, None, 35), (15, 1, None, 35), (16, 1, None, 35)]
2026-07-09 12:30:08,486 INFO [backend.app.services.print_scheduler] [-] Queue skip summary: {'manual_start': 19}
2026-07-09 12:30:38,493 INFO [backend.app.services.print_scheduler] [-] Queue check: found 19 pending items: [(10, 1, None, 18), (2, 1, None, 1), (5, 1, None, 1), (11, 1, None, 21), (4, 1, None, 1), (7, 1, None, 18), (9, 1, None, 18), (8, 1, None, 18), (13, 1, None, 35), (22, 1, None, 35), (21, 1, None, 35), (20, 1, None, 35), (23, 1, None, 35), (19, 1, None, 35), (17, 1, None, 35), (18, 1, None, 35), (14, 1, None, 35), (15, 1, None, 35), (16, 1, None, 35)]
2026-07-09 12:30:38,494 INFO [backend.app.services.print_scheduler] [-] Queue skip summary: {'manual_start': 19}
2026-07-09 12:31:08,504 INFO [backend.app.services.print_scheduler] [-] Queue check: found 19 pending items: [(10, 1, None, 18), (2, 1, None, 1), (5, 1, None, 1), (11, 1, None, 21), (4, 1, None, 1), (7, 1, None, 18), (9, 1, None, 18), (8, 1, None, 18), (13, 1, None, 35), (22, 1, None, 35), (21, 1, None, 35), (20, 1, None, 35), (23, 1, None, 35), (19, 1, None, 35), (17, 1, None, 35), (18, 1, None, 35), (14, 1, None, 35), (15, 1, None, 35), (16, 1, None, 35)]
2026-07-09 12:31:08,504 INFO [backend.app.services.print_scheduler] [-] Queue skip summary: {'manual_start': 19}
2026-07-09 12:31:38,512 INFO [backend.app.services.print_scheduler] [-] Queue check: found 19 pending items: [(10, 1, None, 18), (2, 1, None, 1), (5, 1, None, 1), (11, 1, None, 21), (4, 1, None, 1), (7, 1, None, 18), (9, 1, None, 18), (8, 1, None, 18), (13, 1, None, 35), (22, 1, None, 35), (21, 1, None, 35), (20, 1, None, 35), (23, 1, None, 35), (19, 1, None, 35), (17, 1, None, 35), (18, 1, None, 35), (14, 1, None, 35), (15, 1, None, 35), (16, 1, None, 35)]
2026-07-09 12:31:38,513 INFO [backend.app.services.print_scheduler] [-] Queue skip summary: {'manual_start': 19}
2026-07-09 12:32:08,519 INFO [backend.app.services.print_scheduler] [-] Queue check: found 19 pending items: [(10, 1, None, 18), (2, 1, None, 1), (5, 1, None, 1), (11, 1, None, 21), (4, 1, None, 1), (7, 1, None, 18), (9, 1, None, 18), (8, 1, None, 18), (13, 1, None, 35), (22, 1, None, 35), (21, 1, None, 35), (20, 1, None, 35), (23, 1, None, 35), (19, 1, None, 35), (17, 1, None, 35), (18, 1, None, 35), (14, 1, None, 35), (15, 1, None, 35), (16, 1, None, 35)]
2026-07-09 12:32:08,520 INFO [backend.app.services.print_scheduler] [-] Queue skip summary: {'manual_start': 19}
2026-07-09 12:32:38,529 INFO [backend.app.services.print_scheduler] [-] Queue check: found 19 pending items: [(10, 1, None, 18), (2, 1, None, 1), (5, 1, None, 1), (11, 1, None, 21), (4, 1, None, 1), (7, 1, None, 18), (9, 1, None, 18), (8, 1, None, 18), (13, 1, None, 35), (22, 1, None, 35), (21, 1, None, 35), (20, 1, None, 35), (23, 1, None, 35), (19, 1, None, 35), (17, 1, None, 35), (18, 1, None, 35), (14, 1, None, 35), (15, 1, None, 35), (16, 1, None, 35)]
2026-07-09 12:32:38,530 INFO [backend.app.services.print_scheduler] [-] Queue skip summary: {'manual_start': 19}
2026-07-09 12:32:48,032 INFO [backend.app.main] [-] Recorded 1 AMS sensor history entries
2026-07-09 12:33:08,537 INFO [backend.app.services.print_scheduler] [-] Queue check: found 19 pending items: [(10, 1, None, 18), (2, 1, None, 1), (5, 1, None, 1), (11, 1, None, 21), (4, 1, None, 1), (7, 1, None, 18), (9, 1, None, 18), (8, 1, None, 18), (13, 1, None, 35), (22, 1, None, 35), (21, 1, None, 35), (20, 1, None, 35), (23, 1, None, 35), (19, 1, None, 35), (17, 1, None, 35), (18, 1, None, 35), (14, 1, None, 35), (15, 1, None, 35), (16, 1, None, 35)]
2026-07-09 12:33:08,538 INFO [backend.app.services.print_scheduler] [-] Queue skip summary: {'manual_start': 19}
2026-07-09 12:33:38,546 INFO [backend.app.services.print_scheduler] [-] Queue check: found 19 pending items: [(10, 1, None, 18), (2, 1, None, 1), (5, 1, None, 1), (11, 1, None, 21), (4, 1, None, 1), (7, 1, None, 18), (9, 1, None, 18), (8, 1, None, 18), (13, 1, None, 35), (22, 1, None, 35), (21, 1, None, 35), (20, 1, None, 35), (23, 1, None, 35), (19, 1, None, 35), (17, 1, None, 35), (18, 1, None, 35), (14, 1, None, 35), (15, 1, None, 35), (16, 1, None, 35)]
2026-07-09 12:33:38,546 INFO [backend.app.services.print_scheduler] [-] Queue skip summary: {'manual_start': 19}
2026-07-09 12:34:08,554 INFO [backend.app.services.print_scheduler] [-] Queue check: found 19 pending items: [(10, 1, None, 18), (2, 1, None, 1), (5, 1, None, 1), (11, 1, None, 21), (4, 1, None, 1), (7, 1, None, 18), (9, 1, None, 18), (8, 1, None, 18), (13, 1, None, 35), (22, 1, None, 35), (21, 1, None, 35), (20, 1, None, 35), (23, 1, None, 35), (19, 1, None, 35), (17, 1, None, 35), (18, 1, None, 35), (14, 1, None, 35), (15, 1, None, 35), (16, 1, None, 35)]
2026-07-09 12:34:08,555 INFO [backend.app.services.print_scheduler] [-] Queue skip summary: {'manual_start': 19}
2026-07-09 12:34:38,562 INFO [backend.app.services.print_scheduler] [-] Queue check: found 19 pending items: [(10, 1, None, 18), (2, 1, None, 1), (5, 1, None, 1), (11, 1, None, 21), (4, 1, None, 1), (7, 1, None, 18), (9, 1, None, 18), (8, 1, None, 18), (13, 1, None, 35), (22, 1, None, 35), (21, 1, None, 35), (20, 1, None, 35), (23, 1, None, 35), (19, 1, None, 35), (17, 1, None, 35), (18, 1, None, 35), (14, 1, None, 35), (15, 1, None, 35), (16, 1, None, 35)]
2026-07-09 12:34:38,563 INFO [backend.app.services.print_scheduler] [-] Queue skip summary: {'manual_start': 19}
2026-07-09 12:35:08,572 INFO [backend.app.services.print_scheduler] [-] Queue check: found 19 pending items: [(10, 1, None, 18), (2, 1, None, 1), (5, 1, None, 1), (11, 1, None, 21), (4, 1, None, 1), (7, 1, None, 18), (9, 1, None, 18), (8, 1, None, 18), (13, 1, None, 35), (22, 1, None, 35), (21, 1, None, 35), (20, 1, None, 35), (23, 1, None, 35), (19, 1, None, 35), (17, 1, None, 35), (18, 1, None, 35), (14, 1, None, 35), (15, 1, None, 35), (16, 1, None, 35)]
2026-07-09 12:35:08,573 INFO [backend.app.services.print_scheduler] [-] Queue skip summary: {'manual_start': 19}
2026-07-09 12:35:38,581 INFO [backend.app.services.print_scheduler] [-] Queue check: found 19 pending items: [(10, 1, None, 18), (2, 1, None, 1), (5, 1, None, 1), (11, 1, None, 21), (4, 1, None, 1), (7, 1, None, 18), (9, 1, None, 18), (8, 1, None, 18), (13, 1, None, 35), (22, 1, None, 35), (21, 1, None, 35), (20, 1, None, 35), (23, 1, None, 35), (19, 1, None, 35), (17, 1, None, 35), (18, 1, None, 35), (14, 1, None, 35), (15, 1, None, 35), (16, 1, None, 35)]
2026-07-09 12:35:38,582 INFO [backend.app.services.print_scheduler] [-] Queue skip summary: {'manual_start': 19}
2026-07-09 12:36:08,590 INFO [backend.app.services.print_scheduler] [-] Queue check: found 19 pending items: [(10, 1, None, 18), (2, 1, None, 1), (5, 1, None, 1), (11, 1, None, 21), (4, 1, None, 1), (7, 1, None, 18), (9, 1, None, 18), (8, 1, None, 18), (13, 1, None, 35), (22, 1, None, 35), (21, 1, None, 35), (20, 1, None, 35), (23, 1, None, 35), (19, 1, None, 35), (17, 1, None, 35), (18, 1, None, 35), (14, 1, None, 35), (15, 1, None, 35), (16, 1, None, 35)]
2026-07-09 12:36:08,591 INFO [backend.app.services.print_scheduler] [-] Queue skip summary: {'manual_start': 19}
2026-07-09 12:36:38,599 INFO [backend.app.services.print_scheduler] [-] Queue check: found 19 pending items: [(10, 1, None, 18), (2, 1, None, 1), (5, 1, None, 1), (11, 1, None, 21), (4, 1, None, 1), (7, 1, None, 18), (9, 1, None, 18), (8, 1, None, 18), (13, 1, None, 35), (22, 1, None, 35), (21, 1, None, 35), (20, 1, None, 35), (23, 1, None, 35), (19, 1, None, 35), (17, 1, None, 35), (18, 1, None, 35), (14, 1, None, 35), (15, 1, None, 35), (16, 1, None, 35)]
2026-07-09 12:36:38,600 INFO [backend.app.services.print_scheduler] [-] Queue skip summary: {'manual_start': 19}
2026-07-09 12:37:08,628 INFO [backend.app.services.print_scheduler] [-] Queue check: found 19 pending items: [(10, 1, None, 18), (2, 1, None, 1), (5, 1, None, 1), (11, 1, None, 21), (4, 1, None, 1), (7, 1, None, 18), (9, 1, None, 18), (8, 1, None, 18), (13, 1, None, 35), (22, 1, None, 35), (21, 1, None, 35), (20, 1, None, 35), (23, 1, None, 35), (19, 1, None, 35), (17, 1, None, 35), (18, 1, None, 35), (14, 1, None, 35), (15, 1, None, 35), (16, 1, None, 35)]
2026-07-09 12:37:08,643 INFO [backend.app.services.print_scheduler] [-] Queue skip summary: {'manual_start': 19}
2026-07-09 12:37:38,964 INFO [backend.app.services.print_scheduler] [-] Queue check: found 19 pending items: [(10, 1, None, 18), (2, 1, None, 1), (5, 1, None, 1), (11, 1, None, 21), (4, 1, None, 1), (7, 1, None, 18), (9, 1, None, 18), (8, 1, None, 18), (13, 1, None, 35), (22, 1, None, 35), (21, 1, None, 35), (20, 1, None, 35), (23, 1, None, 35), (19, 1, None, 35), (17, 1, None, 35), (18, 1, None, 35), (14, 1, None, 35), (15, 1, None, 35), (16, 1, None, 35)]
2026-07-09 12:37:39,208 INFO [backend.app.services.print_scheduler] [-] Queue skip summary: {'manual_start': 19}
2026-07-09 12:37:48,452 INFO [backend.app.main] [-] Recorded 1 AMS sensor history entries
2026-07-09 12:38:09,379 INFO [backend.app.services.print_scheduler] [-] Queue check: found 19 pending items: [(10, 1, None, 18), (2, 1, None, 1), (5, 1, None, 1), (11, 1, None, 21), (4, 1, None, 1), (7, 1, None, 18), (9, 1, None, 18), (8, 1, None, 18), (13, 1, None, 35), (22, 1, None, 35), (21, 1, None, 35), (20, 1, None, 35), (23, 1, None, 35), (19, 1, None, 35), (17, 1, None, 35), (18, 1, None, 35), (14, 1, None, 35), (15, 1, None, 35), (16, 1, None, 35)]
2026-07-09 12:38:09,607 INFO [backend.app.services.print_scheduler] [-] Queue skip summary: {'manual_start': 19}
2026-07-09 12:38:39,815 INFO [backend.app.services.print_scheduler] [-] Queue check: found 19 pending items: [(10, 1, None, 18), (2, 1, None, 1), (5, 1, None, 1), (11, 1, None, 21), (4, 1, None, 1), (7, 1, None, 18), (9, 1, None, 18), (8, 1, None, 18), (13, 1, None, 35), (22, 1, None, 35), (21, 1, None, 35), (20, 1, None, 35), (23, 1, None, 35), (19, 1, None, 35), (17, 1, None, 35), (18, 1, None, 35), (14, 1, None, 35), (15, 1, None, 35), (16, 1, None, 35)]
2026-07-09 12:38:39,886 INFO [backend.app.services.print_scheduler] [-] Queue skip summary: {'manual_start': 19}
2026-07-09 12:39:09,895 INFO [backend.app.services.print_scheduler] [-] Queue check: found 19 pending items: [(10, 1, None, 18), (2, 1, None, 1), (5, 1, None, 1), (11, 1, None, 21), (4, 1, None, 1), (7, 1, None, 18), (9, 1, None, 18), (8, 1, None, 18), (13, 1, None, 35), (22, 1, None, 35), (21, 1, None, 35), (20, 1, None, 35), (23, 1, None, 35), (19, 1, None, 35), (17, 1, None, 35), (18, 1, None, 35), (14, 1, None, 35), (15, 1, None, 35), (16, 1, None, 35)]
2026-07-09 12:39:09,896 INFO [backend.app.services.print_scheduler] [-] Queue skip summary: {'manual_start': 19}
2026-07-09 12:39:39,905 INFO [backend.app.services.print_scheduler] [-] Queue check: found 19 pending items: [(10, 1, None, 18), (2, 1, None, 1), (5, 1, None, 1), (11, 1, None, 21), (4, 1, None, 1), (7, 1, None, 18), (9, 1, None, 18), (8, 1, None, 18), (13, 1, None, 35), (22, 1, None, 35), (21, 1, None, 35), (20, 1, None, 35), (23, 1, None, 35), (19, 1, None, 35), (17, 1, None, 35), (18, 1, None, 35), (14, 1, None, 35), (15, 1, None, 35), (16, 1, None, 35)]
2026-07-09 12:39:39,941 INFO [backend.app.services.print_scheduler] [-] Queue skip summary: {'manual_start': 19}
2026-07-09 12:40:09,950 INFO [backend.app.services.print_scheduler] [-] Queue check: found 19 pending items: [(10, 1, None, 18), (2, 1, None, 1), (5, 1, None, 1), (11, 1, None, 21), (4, 1, None, 1), (7, 1, None, 18), (9, 1, None, 18), (8, 1, None, 18), (13, 1, None, 35), (22, 1, None, 35), (21, 1, None, 35), (20, 1, None, 35), (23, 1, None, 35), (19, 1, None, 35), (17, 1, None, 35), (18, 1, None, 35), (14, 1, None, 35), (15, 1, None, 35), (16, 1, None, 35)]
2026-07-09 12:40:09,951 INFO [backend.app.services.print_scheduler] [-] Queue skip summary: {'manual_start': 19}
2026-07-09 12:40:39,961 INFO [backend.app.services.print_scheduler] [-] Queue check: found 19 pending items: [(10, 1, None, 18), (2, 1, None, 1), (5, 1, None, 1), (11, 1, None, 21), (4, 1, None, 1), (7, 1, None, 18), (9, 1, None, 18), (8, 1, None, 18), (13, 1, None, 35), (22, 1, None, 35), (21, 1, None, 35), (20, 1, None, 35), (23, 1, None, 35), (19, 1, None, 35), (17, 1, None, 35), (18, 1, None, 35), (14, 1, None, 35), (15, 1, None, 35), (16, 1, None, 35)]
2026-07-09 12:40:39,962 INFO [backend.app.services.print_scheduler] [-] Queue skip summary: {'manual_start': 19}
2026-07-09 12:41:09,990 INFO [backend.app.services.print_scheduler] [-] Queue check: found 19 pending items: [(10, 1, None, 18), (2, 1, None, 1), (5, 1, None, 1), (11, 1, None, 21), (4, 1, None, 1), (7, 1, None, 18), (9, 1, None, 18), (8, 1, None, 18), (13, 1, None, 35), (22, 1, None, 35), (21, 1, None, 35), (20, 1, None, 35), (23, 1, None, 35), (19, 1, None, 35), (17, 1, None, 35), (18, 1, None, 35), (14, 1, None, 35), (15, 1, None, 35), (16, 1, None, 35)]
2026-07-09 12:41:09,992 INFO [backend.app.services.print_scheduler] [-] Queue skip summary: {'manual_start': 19}
2026-07-09 12:41:40,000 INFO [backend.app.services.print_scheduler] [-] Queue check: found 19 pending items: [(10, 1, None, 18), (2, 1, None, 1), (5, 1, None, 1), (11, 1, None, 21), (4, 1, None, 1), (7, 1, None, 18), (9, 1, None, 18), (8, 1, None, 18), (13, 1, None, 35), (22, 1, None, 35), (21, 1, None, 35), (20, 1, None, 35), (23, 1, None, 35), (19, 1, None, 35), (17, 1, None, 35), (18, 1, None, 35), (14, 1, None, 35), (15, 1, None, 35), (16, 1, None, 35)]
2026-07-09 12:41:40,019 INFO [backend.app.services.print_scheduler] [-] Queue skip summary: {'manual_start': 19}
2026-07-09 12:42:10,027 INFO [backend.app.services.print_scheduler] [-] Queue check: found 19 pending items: [(10, 1, None, 18), (2, 1, None, 1), (5, 1, None, 1), (11, 1, None, 21), (4, 1, None, 1), (7, 1, None, 18), (9, 1, None, 18), (8, 1, None, 18), (13, 1, None, 35), (22, 1, None, 35), (21, 1, None, 35), (20, 1, None, 35), (23, 1, None, 35), (19, 1, None, 35), (17, 1, None, 35), (18, 1, None, 35), (14, 1, None, 35), (15, 1, None, 35), (16, 1, None, 35)]
2026-07-09 12:42:10,028 INFO [backend.app.services.print_scheduler] [-] Queue skip summary: {'manual_start': 19}
2026-07-09 12:42:40,037 INFO [backend.app.services.print_scheduler] [-] Queue check: found 19 pending items: [(10, 1, None, 18), (2, 1, None, 1), (5, 1, None, 1), (11, 1, None, 21), (4, 1, None, 1), (7, 1, None, 18), (9, 1, None, 18), (8, 1, None, 18), (13, 1, None, 35), (22, 1, None, 35), (21, 1, None, 35), (20, 1, None, 35), (23, 1, None, 35), (19, 1, None, 35), (17, 1, None, 35), (18, 1, None, 35), (14, 1, None, 35), (15, 1, None, 35), (16, 1, None, 35)]
2026-07-09 12:42:40,038 INFO [backend.app.services.print_scheduler] [-] Queue skip summary: {'manual_start': 19}
2026-07-09 12:42:48,516 INFO [backend.app.main] [-] Recorded 1 AMS sensor history entries
2026-07-09 12:43:10,048 INFO [backend.app.services.print_scheduler] [-] Queue check: found 19 pending items: [(10, 1, None, 18), (2, 1, None, 1), (5, 1, None, 1), (11, 1, None, 21), (4, 1, None, 1), (7, 1, None, 18), (9, 1, None, 18), (8, 1, None, 18), (13, 1, None, 35), (22, 1, None, 35), (21, 1, None, 35), (20, 1, None, 35), (23, 1, None, 35), (19, 1, None, 35), (17, 1, None, 35), (18, 1, None, 35), (14, 1, None, 35), (15, 1, None, 35), (16, 1, None, 35)]
2026-07-09 12:43:10,049 INFO [backend.app.services.print_scheduler] [-] Queue skip summary: {'manual_start': 19}
2026-07-09 12:43:40,057 INFO [backend.app.services.print_scheduler] [-] Queue check: found 19 pending items: [(10, 1, None, 18), (2, 1, None, 1), (5, 1, None, 1), (11, 1, None, 21), (4, 1, None, 1), (7, 1, None, 18), (9, 1, None, 18), (8, 1, None, 18), (13, 1, None, 35), (22, 1, None, 35), (21, 1, None, 35), (20, 1, None, 35), (23, 1, None, 35), (19, 1, None, 35), (17, 1, None, 35), (18, 1, None, 35), (14, 1, None, 35), (15, 1, None, 35), (16, 1, None, 35)]
2026-07-09 12:43:40,058 INFO [backend.app.services.print_scheduler] [-] Queue skip summary: {'manual_start': 19}
2026-07-09 12:44:10,067 INFO [backend.app.services.print_scheduler] [-] Queue check: found 19 pending items: [(10, 1, None, 18), (2, 1, None, 1), (5, 1, None, 1), (11, 1, None, 21), (4, 1, None, 1), (7, 1, None, 18), (9, 1, None, 18), (8, 1, None, 18), (13, 1, None, 35), (22, 1, None, 35), (21, 1, None, 35), (20, 1, None, 35), (23, 1, None, 35), (19, 1, None, 35), (17, 1, None, 35), (18, 1, None, 35), (14, 1, None, 35), (15, 1, None, 35), (16, 1, None, 35)]
2026-07-09 12:44:10,068 INFO [backend.app.services.print_scheduler] [-] Queue skip summary: {'manual_start': 19}
2026-07-09 12:44:40,114 INFO [backend.app.services.print_scheduler] [-] Queue check: found 19 pending items: [(10, 1, None, 18), (2, 1, None, 1), (5, 1, None, 1), (11, 1, None, 21), (4, 1, None, 1), (7, 1, None, 18), (9, 1, None, 18), (8, 1, None, 18), (13, 1, None, 35), (22, 1, None, 35), (21, 1, None, 35), (20, 1, None, 35), (23, 1, None, 35), (19, 1, None, 35), (17, 1, None, 35), (18, 1, None, 35), (14, 1, None, 35), (15, 1, None, 35), (16, 1, None, 35)]
2026-07-09 12:44:40,114 INFO [backend.app.services.print_scheduler] [-] Queue skip summary: {'manual_start': 19}
2026-07-09 12:45:10,124 INFO [backend.app.services.print_scheduler] [-] Queue check: found 19 pending items: [(10, 1, None, 18), (2, 1, None, 1), (5, 1, None, 1), (11, 1, None, 21), (4, 1, None, 1), (7, 1, None, 18), (9, 1, None, 18), (8, 1, None, 18), (13, 1, None, 35), (22, 1, None, 35), (21, 1, None, 35), (20, 1, None, 35), (23, 1, None, 35), (19, 1, None, 35), (17, 1, None, 35), (18, 1, None, 35), (14, 1, None, 35), (15, 1, None, 35), (16, 1, None, 35)]
2026-07-09 12:45:10,125 INFO [backend.app.services.print_scheduler] [-] Queue skip summary: {'manual_start': 19}
2026-07-09 12:45:40,134 INFO [backend.app.services.print_scheduler] [-] Queue check: found 19 pending items: [(10, 1, None, 18), (2, 1, None, 1), (5, 1, None, 1), (11, 1, None, 21), (4, 1, None, 1), (7, 1, None, 18), (9, 1, None, 18), (8, 1, None, 18), (13, 1, None, 35), (22, 1, None, 35), (21, 1, None, 35), (20, 1, None, 35), (23, 1, None, 35), (19, 1, None, 35), (17, 1, None, 35), (18, 1, None, 35), (14, 1, None, 35), (15, 1, None, 35), (16, 1, None, 35)]
2026-07-09 12:45:40,135 INFO [backend.app.services.print_scheduler] [-] Queue skip summary: {'manual_start': 19}
2026-07-09 12:46:10,144 INFO [backend.app.services.print_scheduler] [-] Queue check: found 19 pending items: [(10, 1, None, 18), (2, 1, None, 1), (5, 1, None, 1), (11, 1, None, 21), (4, 1, None, 1), (7, 1, None, 18), (9, 1, None, 18), (8, 1, None, 18), (13, 1, None, 35), (22, 1, None, 35), (21, 1, None, 35), (20, 1, None, 35), (23, 1, None, 35), (19, 1, None, 35), (17, 1, None, 35), (18, 1, None, 35), (14, 1, None, 35), (15, 1, None, 35), (16, 1, None, 35)]
2026-07-09 12:46:10,145 INFO [backend.app.services.print_scheduler] [-] Queue skip summary: {'manual_start': 19}
2026-07-09 12:46:40,154 INFO [backend.app.services.print_scheduler] [-] Queue check: found 19 pending items: [(10, 1, None, 18), (2, 1, None, 1), (5, 1, None, 1), (11, 1, None, 21), (4, 1, None, 1), (7, 1, None, 18), (9, 1, None, 18), (8, 1, None, 18), (13, 1, None, 35), (22, 1, None, 35), (21, 1, None, 35), (20, 1, None, 35), (23, 1, None, 35), (19, 1, None, 35), (17, 1, None, 35), (18, 1, None, 35), (14, 1, None, 35), (15, 1, None, 35), (16, 1, None, 35)]
2026-07-09 12:46:40,165 INFO [backend.app.services.print_scheduler] [-] Queue skip summary: {'manual_start': 19}
2026-07-09 12:47:10,172 INFO [backend.app.services.print_scheduler] [-] Queue check: found 19 pending items: [(10, 1, None, 18), (2, 1, None, 1), (5, 1, None, 1), (11, 1, None, 21), (4, 1, None, 1), (7, 1, None, 18), (9, 1, None, 18), (8, 1, None, 18), (13, 1, None, 35), (22, 1, None, 35), (21, 1, None, 35), (20, 1, None, 35), (23, 1, None, 35), (19, 1, None, 35), (17, 1, None, 35), (18, 1, None, 35), (14, 1, None, 35), (15, 1, None, 35), (16, 1, None, 35)]
2026-07-09 12:47:10,172 INFO [backend.app.services.print_scheduler] [-] Queue skip summary: {'manual_start': 19}
2026-07-09 12:47:40,181 INFO [backend.app.services.print_scheduler] [-] Queue check: found 19 pending items: [(10, 1, None, 18), (2, 1, None, 1), (5, 1, None, 1), (11, 1, None, 21), (4, 1, None, 1), (7, 1, None, 18), (9, 1, None, 18), (8, 1, None, 18), (13, 1, None, 35), (22, 1, None, 35), (21, 1, None, 35), (20, 1, None, 35), (23, 1, None, 35), (19, 1, None, 35), (17, 1, None, 35), (18, 1, None, 35), (14, 1, None, 35), (15, 1, None, 35), (16, 1, None, 35)]
2026-07-09 12:47:40,181 INFO [backend.app.services.print_scheduler] [-] Queue skip summary: {'manual_start': 19}
2026-07-09 12:47:48,551 INFO [backend.app.main] [-] Recorded 1 AMS sensor history entries
2026-07-09 12:48:10,189 INFO [backend.app.services.print_scheduler] [-] Queue check: found 19 pending items: [(10, 1, None, 18), (2, 1, None, 1), (5, 1, None, 1), (11, 1, None, 21), (4, 1, None, 1), (7, 1, None, 18), (9, 1, None, 18), (8, 1, None, 18), (13, 1, None, 35), (22, 1, None, 35), (21, 1, None, 35), (20, 1, None, 35), (23, 1, None, 35), (19, 1, None, 35), (17, 1, None, 35), (18, 1, None, 35), (14, 1, None, 35), (15, 1, None, 35), (16, 1, None, 35)]
2026-07-09 12:48:10,190 INFO [backend.app.services.print_scheduler] [-] Queue skip summary: {'manual_start': 19}
2026-07-09 12:48:40,197 INFO [backend.app.services.print_scheduler] [-] Queue check: found 19 pending items: [(10, 1, None, 18), (2, 1, None, 1), (5, 1, None, 1), (11, 1, None, 21), (4, 1, None, 1), (7, 1, None, 18), (9, 1, None, 18), (8, 1, None, 18), (13, 1, None, 35), (22, 1, None, 35), (21, 1, None, 35), (20, 1, None, 35), (23, 1, None, 35), (19, 1, None, 35), (17, 1, None, 35), (18, 1, None, 35), (14, 1, None, 35), (15, 1, None, 35), (16, 1, None, 35)]
2026-07-09 12:48:40,197 INFO [backend.app.services.print_scheduler] [-] Queue skip summary: {'manual_start': 19}
2026-07-09 12:49:10,209 INFO [backend.app.services.print_scheduler] [-] Queue check: found 19 pending items: [(10, 1, None, 18), (2, 1, None, 1), (5, 1, None, 1), (11, 1, None, 21), (4, 1, None, 1), (7, 1, None, 18), (9, 1, None, 18), (8, 1, None, 18), (13, 1, None, 35), (22, 1, None, 35), (21, 1, None, 35), (20, 1, None, 35), (23, 1, None, 35), (19, 1, None, 35), (17, 1, None, 35), (18, 1, None, 35), (14, 1, None, 35), (15, 1, None, 35), (16, 1, None, 35)]
2026-07-09 12:49:10,210 INFO [backend.app.services.print_scheduler] [-] Queue skip summary: {'manual_start': 19}
2026-07-09 12:49:40,228 INFO [backend.app.services.print_scheduler] [-] Queue check: found 19 pending items: [(10, 1, None, 18), (2, 1, None, 1), (5, 1, None, 1), (11, 1, None, 21), (4, 1, None, 1), (7, 1, None, 18), (9, 1, None, 18), (8, 1, None, 18), (13, 1, None, 35), (22, 1, None, 35), (21, 1, None, 35), (20, 1, None, 35), (23, 1, None, 35), (19, 1, None, 35), (17, 1, None, 35), (18, 1, None, 35), (14, 1, None, 35), (15, 1, None, 35), (16, 1, None, 35)]
2026-07-09 12:49:40,364 INFO [backend.app.services.print_scheduler] [-] Queue skip summary: {'manual_start': 19}
2026-07-09 12:50:10,384 INFO [backend.app.services.print_scheduler] [-] Queue check: found 19 pending items: [(10, 1, None, 18), (2, 1, None, 1), (5, 1, None, 1), (11, 1, None, 21), (4, 1, None, 1), (7, 1, None, 18), (9, 1, None, 18), (8, 1, None, 18), (13, 1, None, 35), (22, 1, None, 35), (21, 1, None, 35), (20, 1, None, 35), (23, 1, None, 35), (19, 1, None, 35), (17, 1, None, 35), (18, 1, None, 35), (14, 1, None, 35), (15, 1, None, 35), (16, 1, None, 35)]
2026-07-09 12:50:10,385 INFO [backend.app.services.print_scheduler] [-] Queue skip summary: {'manual_start': 19}
2026-07-09 12:50:40,393 INFO [backend.app.services.print_scheduler] [-] Queue check: found 19 pending items: [(10, 1, None, 18), (2, 1, None, 1), (5, 1, None, 1), (11, 1, None, 21), (4, 1, None, 1), (7, 1, None, 18), (9, 1, None, 18), (8, 1, None, 18), (13, 1, None, 35), (22, 1, None, 35), (21, 1, None, 35), (20, 1, None, 35), (23, 1, None, 35), (19, 1, None, 35), (17, 1, None, 35), (18, 1, None, 35), (14, 1, None, 35), (15, 1, None, 35), (16, 1, None, 35)]
2026-07-09 12:50:40,394 INFO [backend.app.services.print_scheduler] [-] Queue skip summary: {'manual_start': 19}
2026-07-09 12:51:10,402 INFO [backend.app.services.print_scheduler] [-] Queue check: found 19 pending items: [(10, 1, None, 18), (2, 1, None, 1), (5, 1, None, 1), (11, 1, None, 21), (4, 1, None, 1), (7, 1, None, 18), (9, 1, None, 18), (8, 1, None, 18), (13, 1, None, 35), (22, 1, None, 35), (21, 1, None, 35), (20, 1, None, 35), (23, 1, None, 35), (19, 1, None, 35), (17, 1, None, 35), (18, 1, None, 35), (14, 1, None, 35), (15, 1, None, 35), (16, 1, None, 35)]
2026-07-09 12:51:10,403 INFO [backend.app.services.print_scheduler] [-] Queue skip summary: {'manual_start': 19}
2026-07-09 12:51:40,411 INFO [backend.app.services.print_scheduler] [-] Queue check: found 19 pending items: [(10, 1, None, 18), (2, 1, None, 1), (5, 1, None, 1), (11, 1, None, 21), (4, 1, None, 1), (7, 1, None, 18), (9, 1, None, 18), (8, 1, None, 18), (13, 1, None, 35), (22, 1, None, 35), (21, 1, None, 35), (20, 1, None, 35), (23, 1, None, 35), (19, 1, None, 35), (17, 1, None, 35), (18, 1, None, 35), (14, 1, None, 35), (15, 1, None, 35), (16, 1, None, 35)]
2026-07-09 12:51:40,412 INFO [backend.app.services.print_scheduler] [-] Queue skip summary: {'manual_start': 19}
2026-07-09 12:52:10,421 INFO [backend.app.services.print_scheduler] [-] Queue check: found 19 pending items: [(10, 1, None, 18), (2, 1, None, 1), (5, 1, None, 1), (11, 1, None, 21), (4, 1, None, 1), (7, 1, None, 18), (9, 1, None, 18), (8, 1, None, 18), (13, 1, None, 35), (22, 1, None, 35), (21, 1, None, 35), (20, 1, None, 35), (23, 1, None, 35), (19, 1, None, 35), (17, 1, None, 35), (18, 1, None, 35), (14, 1, None, 35), (15, 1, None, 35), (16, 1, None, 35)]
2026-07-09 12:52:10,422 INFO [backend.app.services.print_scheduler] [-] Queue skip summary: {'manual_start': 19}
2026-07-09 12:52:40,430 INFO [backend.app.services.print_scheduler] [-] Queue check: found 19 pending items: [(10, 1, None, 18), (2, 1, None, 1), (5, 1, None, 1), (11, 1, None, 21), (4, 1, None, 1), (7, 1, None, 18), (9, 1, None, 18), (8, 1, None, 18), (13, 1, None, 35), (22, 1, None, 35), (21, 1, None, 35), (20, 1, None, 35), (23, 1, None, 35), (19, 1, None, 35), (17, 1, None, 35), (18, 1, None, 35), (14, 1, None, 35), (15, 1, None, 35), (16, 1, None, 35)]
2026-07-09 12:52:40,430 INFO [backend.app.services.print_scheduler] [-] Queue skip summary: {'manual_start': 19}
2026-07-09 12:52:48,577 INFO [backend.app.main] [-] Recorded 1 AMS sensor history entries
2026-07-09 12:53:10,440 INFO [backend.app.services.print_scheduler] [-] Queue check: found 19 pending items: [(10, 1, None, 18), (2, 1, None, 1), (5, 1, None, 1), (11, 1, None, 21), (4, 1, None, 1), (7, 1, None, 18), (9, 1, None, 18), (8, 1, None, 18), (13, 1, None, 35), (22, 1, None, 35), (21, 1, None, 35), (20, 1, None, 35), (23, 1, None, 35), (19, 1, None, 35), (17, 1, None, 35), (18, 1, None, 35), (14, 1, None, 35), (15, 1, None, 35), (16, 1, None, 35)]
2026-07-09 12:53:10,440 INFO [backend.app.services.print_scheduler] [-] Queue skip summary: {'manual_start': 19}
2026-07-09 12:53:40,449 INFO [backend.app.services.print_scheduler] [-] Queue check: found 19 pending items: [(10, 1, None, 18), (2, 1, None, 1), (5, 1, None, 1), (11, 1, None, 21), (4, 1, None, 1), (7, 1, None, 18), (9, 1, None, 18), (8, 1, None, 18), (13, 1, None, 35), (22, 1, None, 35), (21, 1, None, 35), (20, 1, None, 35), (23, 1, None, 35), (19, 1, None, 35), (17, 1, None, 35), (18, 1, None, 35), (14, 1, None, 35), (15, 1, None, 35), (16, 1, None, 35)]
2026-07-09 12:53:40,457 INFO [backend.app.services.print_scheduler] [-] Queue skip summary: {'manual_start': 19}
2026-07-09 12:54:10,464 INFO [backend.app.services.print_scheduler] [-] Queue check: found 19 pending items: [(10, 1, None, 18), (2, 1, None, 1), (5, 1, None, 1), (11, 1, None, 21), (4, 1, None, 1), (7, 1, None, 18), (9, 1, None, 18), (8, 1, None, 18), (13, 1, None, 35), (22, 1, None, 35), (21, 1, None, 35), (20, 1, None, 35), (23, 1, None, 35), (19, 1, None, 35), (17, 1, None, 35), (18, 1, None, 35), (14, 1, None, 35), (15, 1, None, 35), (16, 1, None, 35)]
2026-07-09 12:54:10,465 INFO [backend.app.services.print_scheduler] [-] Queue skip summary: {'manual_start': 19}
2026-07-09 12:54:36,521 INFO [uvicorn.access] [-] [IP]:61605 - "POST /api/v1/printers/camera/stream-token HTTP/1.1" 200
2026-07-09 12:54:40,472 INFO [backend.app.services.print_scheduler] [-] Queue check: found 19 pending items: [(10, 1, None, 18), (2, 1, None, 1), (5, 1, None, 1), (11, 1, None, 21), (4, 1, None, 1), (7, 1, None, 18), (9, 1, None, 18), (8, 1, None, 18), (13, 1, None, 35), (22, 1, None, 35), (21, 1, None, 35), (20, 1, None, 35), (23, 1, None, 35), (19, 1, None, 35), (17, 1, None, 35), (18, 1, None, 35), (14, 1, None, 35), (15, 1, None, 35), (16, 1, None, 35)]
2026-07-09 12:54:40,473 INFO [backend.app.services.print_scheduler] [-] Queue skip summary: {'manual_start': 19}
2026-07-09 12:55:10,482 INFO [backend.app.services.print_scheduler] [-] Queue check: found 19 pending items: [(10, 1, None, 18), (2, 1, None, 1), (5, 1, None, 1), (11, 1, None, 21), (4, 1, None, 1), (7, 1, None, 18), (9, 1, None, 18), (8, 1, None, 18), (13, 1, None, 35), (22, 1, None, 35), (21, 1, None, 35), (20, 1, None, 35), (23, 1, None, 35), (19, 1, None, 35), (17, 1, None, 35), (18, 1, None, 35), (14, 1, None, 35), (15, 1, None, 35), (16, 1, None, 35)]
2026-07-09 12:55:10,483 INFO [backend.app.services.print_scheduler] [-] Queue skip summary: {'manual_start': 19}
2026-07-09 12:55:40,492 INFO [backend.app.services.print_scheduler] [-] Queue check: found 19 pending items: [(10, 1, None, 18), (2, 1, None, 1), (5, 1, None, 1), (11, 1, None, 21), (4, 1, None, 1), (7, 1, None, 18), (9, 1, None, 18), (8, 1, None, 18), (13, 1, None, 35), (22, 1, None, 35), (21, 1, None, 35), (20, 1, None, 35), (23, 1, None, 35), (19, 1, None, 35), (17, 1, None, 35), (18, 1, None, 35), (14, 1, None, 35), (15, 1, None, 35), (16, 1, None, 35)]
2026-07-09 12:55:40,493 INFO [backend.app.services.print_scheduler] [-] Queue skip summary: {'manual_start': 19}
2026-07-09 12:56:10,501 INFO [backend.app.services.print_scheduler] [-] Queue check: found 19 pending items: [(10, 1, None, 18), (2, 1, None, 1), (5, 1, None, 1), (11, 1, None, 21), (4, 1, None, 1), (7, 1, None, 18), (9, 1, None, 18), (8, 1, None, 18), (13, 1, None, 35), (22, 1, None, 35), (21, 1, None, 35), (20, 1, None, 35), (23, 1, None, 35), (19, 1, None, 35), (17, 1, None, 35), (18, 1, None, 35), (14, 1, None, 35), (15, 1, None, 35), (16, 1, None, 35)]
2026-07-09 12:56:10,501 INFO [backend.app.services.print_scheduler] [-] Queue skip summary: {'manual_start': 19}
2026-07-09 12:56:40,509 INFO [backend.app.services.print_scheduler] [-] Queue check: found 19 pending items: [(10, 1, None, 18), (2, 1, None, 1), (5, 1, None, 1), (11, 1, None, 21), (4, 1, None, 1), (7, 1, None, 18), (9, 1, None, 18), (8, 1, None, 18), (13, 1, None, 35), (22, 1, None, 35), (21, 1, None, 35), (20, 1, None, 35), (23, 1, None, 35), (19, 1, None, 35), (17, 1, None, 35), (18, 1, None, 35), (14, 1, None, 35), (15, 1, None, 35), (16, 1, None, 35)]
2026-07-09 12:56:40,510 INFO [backend.app.services.print_scheduler] [-] Queue skip summary: {'manual_start': 19}
2026-07-09 12:57:10,516 INFO [backend.app.services.print_scheduler] [-] Queue check: found 19 pending items: [(10, 1, None, 18), (2, 1, None, 1), (5, 1, None, 1), (11, 1, None, 21), (4, 1, None, 1), (7, 1, None, 18), (9, 1, None, 18), (8, 1, None, 18), (13, 1, None, 35), (22, 1, None, 35), (21, 1, None, 35), (20, 1, None, 35), (23, 1, None, 35), (19, 1, None, 35), (17, 1, None, 35), (18, 1, None, 35), (14, 1, None, 35), (15, 1, None, 35), (16, 1, None, 35)]
2026-07-09 12:57:10,517 INFO [backend.app.services.print_scheduler] [-] Queue skip summary: {'manual_start': 19}
2026-07-09 12:57:40,525 INFO [backend.app.services.print_scheduler] [-] Queue check: found 19 pending items: [(10, 1, None, 18), (2, 1, None, 1), (5, 1, None, 1), (11, 1, None, 21), (4, 1, None, 1), (7, 1, None, 18), (9, 1, None, 18), (8, 1, None, 18), (13, 1, None, 35), (22, 1, None, 35), (21, 1, None, 35), (20, 1, None, 35), (23, 1, None, 35), (19, 1, None, 35), (17, 1, None, 35), (18, 1, None, 35), (14, 1, None, 35), (15, 1, None, 35), (16, 1, None, 35)]
2026-07-09 12:57:40,526 INFO [backend.app.services.print_scheduler] [-] Queue skip summary: {'manual_start': 19}
2026-07-09 12:57:48,594 INFO [backend.app.main] [-] Recorded 1 AMS sensor history entries
2026-07-09 12:58:10,534 INFO [backend.app.services.print_scheduler] [-] Queue check: found 19 pending items: [(10, 1, None, 18), (2, 1, None, 1), (5, 1, None, 1), (11, 1, None, 21), (4, 1, None, 1), (7, 1, None, 18), (9, 1, None, 18), (8, 1, None, 18), (13, 1, None, 35), (22, 1, None, 35), (21, 1, None, 35), (20, 1, None, 35), (23, 1, None, 35), (19, 1, None, 35), (17, 1, None, 35), (18, 1, None, 35), (14, 1, None, 35), (15, 1, None, 35), (16, 1, None, 35)]
2026-07-09 12:58:10,534 INFO [backend.app.services.print_scheduler] [-] Queue skip summary: {'manual_start': 19}
2026-07-09 12:58:40,540 INFO [backend.app.services.print_scheduler] [-] Queue check: found 19 pending items: [(10, 1, None, 18), (2, 1, None, 1), (5, 1, None, 1), (11, 1, None, 21), (4, 1, None, 1), (7, 1, None, 18), (9, 1, None, 18), (8, 1, None, 18), (13, 1, None, 35), (22, 1, None, 35), (21, 1, None, 35), (20, 1, None, 35), (23, 1, None, 35), (19, 1, None, 35), (17, 1, None, 35), (18, 1, None, 35), (14, 1, None, 35), (15, 1, None, 35), (16, 1, None, 35)]
2026-07-09 12:58:40,541 INFO [backend.app.services.print_scheduler] [-] Queue skip summary: {'manual_start': 19}
2026-07-09 12:59:10,549 INFO [backend.app.services.print_scheduler] [-] Queue check: found 19 pending items: [(10, 1, None, 18), (2, 1, None, 1), (5, 1, None, 1), (11, 1, None, 21), (4, 1, None, 1), (7, 1, None, 18), (9, 1, None, 18), (8, 1, None, 18), (13, 1, None, 35), (22, 1, None, 35), (21, 1, None, 35), (20, 1, None, 35), (23, 1, None, 35), (19, 1, None, 35), (17, 1, None, 35), (18, 1, None, 35), (14, 1, None, 35), (15, 1, None, 35), (16, 1, None, 35)]
2026-07-09 12:59:10,550 INFO [backend.app.services.print_scheduler] [-] Queue skip summary: {'manual_start': 19}
2026-07-09 12:59:40,425 INFO [backend.app.api.routes.websocket] [-] WebSocket client disconnected normally
2026-07-09 12:59:40,560 INFO [backend.app.services.print_scheduler] [-] Queue check: found 19 pending items: [(10, 1, None, 18), (2, 1, None, 1), (5, 1, None, 1), (11, 1, None, 21), (4, 1, None, 1), (7, 1, None, 18), (9, 1, None, 18), (8, 1, None, 18), (13, 1, None, 35), (22, 1, None, 35), (21, 1, None, 35), (20, 1, None, 35), (23, 1, None, 35), (19, 1, None, 35), (17, 1, None, 35), (18, 1, None, 35), (14, 1, None, 35), (15, 1, None, 35), (16, 1, None, 35)]
2026-07-09 12:59:40,562 INFO [backend.app.services.print_scheduler] [-] Queue skip summary: {'manual_start': 19}
2026-07-09 12:59:41,278 INFO [uvicorn.access] [-] [IP]:59763 - "POST /api/v1/printers/camera/stream-token HTTP/1.1" 200
2026-07-09 12:59:41,287 INFO [uvicorn.access] [-] [IP]:64735 - "POST /api/v1/auth/ws-token HTTP/1.1" 200
2026-07-09 12:59:41,316 INFO [backend.app.api.routes.websocket] [-] WebSocket client connecting (principal=<anonymous>)
2026-07-09 12:59:41,316 INFO [backend.app.api.routes.websocket] [-] WebSocket client connected
2026-07-09 12:59:41,337 INFO [backend.app.api.routes.websocket] [-] Sent initial status for 1 printers
2026-07-09 12:59:41,802 INFO [uvicorn.access] [-] [IP]:63246 - "POST /api/v1/sponsor-prompt/dismiss HTTP/1.1" 204
2026-07-09 13:00:10,570 INFO [backend.app.services.print_scheduler] [-] Queue check: found 19 pending items: [(10, 1, None, 18), (2, 1, None, 1), (5, 1, None, 1), (11, 1, None, 21), (4, 1, None, 1), (7, 1, None, 18), (9, 1, None, 18), (8, 1, None, 18), (13, 1, None, 35), (22, 1, None, 35), (21, 1, None, 35), (20, 1, None, 35), (23, 1, None, 35), (19, 1, None, 35), (17, 1, None, 35), (18, 1, None, 35), (14, 1, None, 35), (15, 1, None, 35), (16, 1, None, 35)]
2026-07-09 13:00:10,571 INFO [backend.app.services.print_scheduler] [-] Queue skip summary: {'manual_start': 19}
2026-07-09 13:00:40,579 INFO [backend.app.services.print_scheduler] [-] Queue check: found 19 pending items: [(10, 1, None, 18), (2, 1, None, 1), (5, 1, None, 1), (11, 1, None, 21), (4, 1, None, 1), (7, 1, None, 18), (9, 1, None, 18), (8, 1, None, 18), (13, 1, None, 35), (22, 1, None, 35), (21, 1, None, 35), (20, 1, None, 35), (23, 1, None, 35), (19, 1, None, 35), (17, 1, None, 35), (18, 1, None, 35), (14, 1, None, 35), (15, 1, None, 35), (16, 1, None, 35)]
2026-07-09 13:00:40,580 INFO [backend.app.services.print_scheduler] [-] Queue skip summary: {'manual_start': 19}
2026-07-09 13:01:10,588 INFO [backend.app.services.print_scheduler] [-] Queue check: found 19 pending items: [(10, 1, None, 18), (2, 1, None, 1), (5, 1, None, 1), (11, 1, None, 21), (4, 1, None, 1), (7, 1, None, 18), (9, 1, None, 18), (8, 1, None, 18), (13, 1, None, 35), (22, 1, None, 35), (21, 1, None, 35), (20, 1, None, 35), (23, 1, None, 35), (19, 1, None, 35), (17, 1, None, 35), (18, 1, None, 35), (14, 1, None, 35), (15, 1, None, 35), (16, 1, None, 35)]
2026-07-09 13:01:10,589 INFO [backend.app.services.print_scheduler] [-] Queue skip summary: {'manual_start': 19}
2026-07-09 13:01:21,751 INFO [backend.app.api.routes.support] [736431f0] Log level changed to DEBUG
2026-07-09 13:01:21,752 INFO [backend.app.api.routes.bug_report] [736431f0] Bug report: enabled debug logging
2026-07-09 13:01:21,752 DEBUG [backend.app.services.bambu_mqtt] [736431f0] [[SERIAL]] Requesting status update (pushall)
2026-07-09 13:01:21,753 INFO [uvicorn.access] [-] [IP]:65142 - "POST /api/v1/bug-report/start-logging HTTP/1.1" 200
2026-07-09 13:01:21,815 DEBUG [backend.app.services.bambu_mqtt] [-] [[SERIAL]] Received gcode_state: FINISH, gcode_file: , subtask_name: Mark_Lighting_mount
2026-07-09 13:01:21,815 DEBUG [backend.app.services.bambu_mqtt] [-] [[SERIAL]] AMS dict fields: {'ams_exist_bits': '1', 'tray_exist_bits': 'b', 'tray_is_bbl_bits': 'b', 'tray_tar': '255', 'tray_now': '255', 'tray_pre': '255', 'tray_read_done_bits': 'b', 'tray_reading_bits': '0', 'version': 163, 'insert_flag': True, 'power_on_flag': True}
2026-07-09 13:01:21,815 DEBUG [backend.app.services.bambu_mqtt] [-] [[SERIAL]] tray_now updated: 255
2026-07-09 13:01:21,815 DEBUG [backend.app.services.bambu_mqtt] [-] [[SERIAL]] Merged AMS data: 1 new units, 1 total
2026-07-09 13:01:21,815 DEBUG [backend.app.services.bambu_mqtt] [-] [[SERIAL]] AMS 0 info=0x1001 -> extruder 0
2026-07-09 13:01:21,815 DEBUG [backend.app.services.bambu_mqtt] [-] [[SERIAL]] ams_extruder_map: {'0': 0}
2026-07-09 13:01:21,815 DEBUG [backend.app.services.bambu_mqtt] [-] [[SERIAL]] ams_status: 0 (main=0, sub=0)
2026-07-09 13:01:21,815 DEBUG [backend.app.services.bambu_mqtt] [-] [[SERIAL]] Received command response: push_status
2026-07-09 13:01:21,816 DEBUG [backend.app.services.bambu_mqtt] [-] [[SERIAL]] chamber_temper raw value: 5.0
2026-07-09 13:01:21,816 DEBUG [backend.app.services.bambu_mqtt] [-] [[SERIAL]] chamber_temper direct value: 5.0°C (heater OFF)
2026-07-09 13:01:21,816 DEBUG [backend.app.services.bambu_mqtt] [-] [[SERIAL]] Chamber heating calculated: target=0.0, current=5.0, heating=False, respect_local=False
2026-07-09 13:01:21,816 DEBUG [backend.app.services.bambu_mqtt] [-] [[SERIAL]] Chamber temp updated to: 5.0, target: 0.0, heating: False
2026-07-09 13:01:21,816 DEBUG [backend.app.services.bambu_mqtt] [-] [[SERIAL]] HMS data received: [{'attr': 50336000, 'code': 131073, 'action': 0, 'timestamp': 1783602201}]
2026-07-09 13:01:21,816 DEBUG [backend.app.services.bambu_mqtt] [-] [[SERIAL]] ipcam field: {'ipcam_dev': '1', 'ipcam_record': 'enable', 'timelapse': 'disable', 'resolution': '', 'tutk_server': 'disable', 'mode_bits': 3}
2026-07-09 13:01:21,816 DEBUG [backend.app.services.bambu_mqtt] [-] [[SERIAL]] wifi_signal received: -73dBm
2026-07-09 13:01:21,817 DEBUG [backend.app.services.bambu_mqtt] [-] [[SERIAL]] lights_report: [{'node': 'chamber_light', 'mode': 'on'}]
2026-07-09 13:01:21,817 DEBUG [backend.app.services.bambu_mqtt] [-] [[SERIAL]] gcode_state: FINISH -> FINISH, file: , subtask: Mark_Lighting_mount
2026-07-09 13:01:23,851 DEBUG [backend.app.services.bambu_mqtt] [-] [[SERIAL]] Received command response: push_status
2026-07-09 13:01:23,852 DEBUG [backend.app.services.bambu_mqtt] [-] [[SERIAL]] wifi_signal received: -75dBm
2026-07-09 13:01:29,948 DEBUG [backend.app.services.bambu_mqtt] [-] [[SERIAL]] Received command response: push_status
2026-07-09 13:01:29,948 DEBUG [backend.app.services.bambu_mqtt] [-] [[SERIAL]] wifi_signal received: -73dBm
2026-07-09 13:01:32,013 DEBUG [backend.app.services.bambu_mqtt] [-] [[SERIAL]] Received command response: push_status
2026-07-09 13:01:32,013 DEBUG [backend.app.services.bambu_mqtt] [-] [[SERIAL]] wifi_signal received: -75dBm
2026-07-09 13:01:36,060 DEBUG [backend.app.services.bambu_mqtt] [-] [[SERIAL]] Received command response: push_status
2026-07-09 13:01:38,095 DEBUG [backend.app.services.bambu_mqtt] [-] [[SERIAL]] Received command response: push_status
2026-07-09 13:01:38,095 DEBUG [backend.app.services.bambu_mqtt] [-] [[SERIAL]] wifi_signal received: -74dBm
2026-07-09 13:01:40,143 DEBUG [backend.app.services.bambu_mqtt] [-] [[SERIAL]] Received command response: push_status
2026-07-09 13:01:40,143 DEBUG [backend.app.services.bambu_mqtt] [-] [[SERIAL]] wifi_signal received: -75dBm
2026-07-09 13:01:40,597 INFO [backend.app.services.print_scheduler] [-] Queue check: found 19 pending items: [(10, 1, None, 18), (2, 1, None, 1), (5, 1, None, 1), (11, 1, None, 21), (4, 1, None, 1), (7, 1, None, 18), (9, 1, None, 18), (8, 1, None, 18), (13, 1, None, 35), (22, 1, None, 35), (21, 1, None, 35), (20, 1, None, 35), (23, 1, None, 35), (19, 1, None, 35), (17, 1, None, 35), (18, 1, None, 35), (14, 1, None, 35), (15, 1, None, 35), (16, 1, None, 35)]
2026-07-09 13:01:40,598 INFO [backend.app.services.print_scheduler] [-] Queue skip summary: {'manual_start': 19}
2026-07-09 13:01:40,600 DEBUG [backend.app.services.print_scheduler] [-] Auto-drying: printer 1 — checking 1 AMS units
2026-07-09 13:01:40,600 DEBUG [backend.app.services.print_scheduler] [-] Auto-drying: printer 1 AMS 0 skipped — module_type=ams
2026-07-09 13:01:46,230 DEBUG [backend.app.services.bambu_mqtt] [-] [[SERIAL]] Received command response: push_status
2026-07-09 13:01:46,230 DEBUG [backend.app.services.bambu_mqtt] [-] [[SERIAL]] wifi_signal received: -74dBm
2026-07-09 13:01:48,271 DEBUG [backend.app.services.bambu_mqtt] [-] [[SERIAL]] Received command response: push_status
2026-07-09 13:01:48,271 DEBUG [backend.app.services.bambu_mqtt] [-] [[SERIAL]] wifi_signal received: -75dBm