2026-03-04 23:42:17,082 DEBUG [backend.app.services.bambu_mqtt] [[SERIAL]] wifi_signal received: -64dBm
2026-03-04 23:42:17,082 DEBUG [backend.app.services.bambu_mqtt] [[SERIAL]] lights_report: [{'mode': 'on', 'node': 'chamber_light'}, {'mode': 'flashing', 'node': 'work_light'}]
2026-03-04 23:42:17,083 DEBUG [backend.app.services.bambu_mqtt] [[SERIAL]] MQTT mapping field: [0]
2026-03-04 23:42:17,083 DEBUG [backend.app.services.bambu_mqtt] [[SERIAL]] gcode_state: FINISH -> FINISH, file: /data/Metadata/plate_1.gcode, subtask: Tableau de bord 1
2026-03-04 23:42:17,140 DEBUG [backend.app.services.bambu_mqtt] [[SERIAL]] AMS 0 firmware: 00.00.06.75
2026-03-04 23:42:17,146 DEBUG [backend.app.services.bambu_mqtt] [[SERIAL]] Received command response: extrusion_cali_get
2026-03-04 23:42:17,147 DEBUG [backend.app.services.bambu_mqtt] [[SERIAL]] MQTT mapping field: [0]
2026-03-04 23:42:17,162 DEBUG [backend.app.services.bambu_mqtt] [[SERIAL]] Requesting firmware version info
2026-03-04 23:42:17,163 DEBUG [backend.app.services.bambu_mqtt] [[SERIAL]] Sending K-profile priming request
2026-03-04 23:42:17,174 INFO [backend.app.services.bambu_mqtt] [[SERIAL]] Request topic subscription accepted. ams_mapping capture enabled for slicer-initiated prints.
2026-03-04 23:42:17,219 DEBUG [backend.app.services.bambu_mqtt] [[SERIAL]] Ignoring spurious disconnect (last message 0.2s ago)
2026-03-04 23:42:17,235 DEBUG [backend.app.services.bambu_mqtt] [[SERIAL]] Found xcam inside print data: {'allow_skip_parts': False, 'buildplate_marker_detector': True, 'cfg': 224695, 'first_layer_inspector': True, 'halt_print_sensitivity': 'medium', 'print_halt': True, 'printing_monitor': True, 'spaghetti_detector': True}
2026-03-04 23:42:17,236 DEBUG [backend.app.services.bambu_mqtt] [[SERIAL]] Parsing xcam data - all fields: ['allow_skip_parts', 'buildplate_marker_detector', 'cfg', 'first_layer_inspector', 'halt_print_sensitivity', 'print_halt', 'printing_monitor', 'spaghetti_detector']
2026-03-04 23:42:17,236 DEBUG [backend.app.services.bambu_mqtt] [[SERIAL]] xcam cfg bitmask: 224695 (binary: 0b110110110110110111)
2026-03-04 23:42:17,236 DEBUG [backend.app.services.bambu_mqtt] [[SERIAL]] Received gcode_state: RUNNING, gcode_file: /data/Metadata/plate_1.gcode, subtask_name: Velocity Stack
2026-03-04 23:42:17,236 DEBUG [backend.app.services.bambu_mqtt] [[SERIAL]] AMS dict fields: {'ams_exist_bits': '1', 'ams_exist_bits_raw': '1', 'cali_id': 255, 'cali_stat': 0, 'insert_flag': True, 'power_on_flag': False, 'tray_exist_bits': '2', 'tray_is_bbl_bits': '2', 'tray_now': '1', 'tray_pre': '1', 'tray_read_done_bits': '2', 'tray_reading_bits': '0', 'tray_tar': '1', 'unbind_ams_stat': 0, 'version': 27870}
2026-03-04 23:42:17,236 DEBUG [backend.app.services.bambu_mqtt] [[SERIAL]] tray_now updated: 1
2026-03-04 23:42:17,237 DEBUG [backend.app.services.bambu_mqtt] [[SERIAL]] Merged AMS data: 1 new units, 1 total
2026-03-04 23:42:17,237 DEBUG [backend.app.services.bambu_mqtt] [[SERIAL]] AMS 0 info=1003 (bit8=1) -> extruder 0
2026-03-04 23:42:17,237 DEBUG [backend.app.services.bambu_mqtt] [[SERIAL]] ams_extruder_map: {'0': 0}
2026-03-04 23:42:17,237 DEBUG [backend.app.services.bambu_mqtt] [[SERIAL]] ams_status: 768 (main=3, sub=0)
2026-03-04 23:42:17,238 DEBUG [backend.app.services.bambu_mqtt] [[SERIAL]] Received command response: push_status
2026-03-04 23:42:17,238 DEBUG [backend.app.services.bambu_mqtt] [[SERIAL]] device.extruder.state=1 (switch_state bits 12-14: 0)
2026-03-04 23:42:17,238 DEBUG [backend.app.services.bambu_mqtt] [[SERIAL]] info.temp encoded: 3932220 -> current=60, decoded_target=60
2026-03-04 23:42:17,238 DEBUG [backend.app.services.bambu_mqtt] [[SERIAL]] ctc_info keys: ['temp']
2026-03-04 23:42:17,239 DEBUG [backend.app.services.bambu_mqtt] [[SERIAL]] Chamber heating calculated: target=60.0, current=60.0, heating=False, respect_local=False
2026-03-04 23:42:17,239 DEBUG [backend.app.services.bambu_mqtt] [[SERIAL]] Chamber temp updated to: 60.0, target: 60.0, heating: False
2026-03-04 23:42:17,239 DEBUG [backend.app.services.bambu_mqtt] [[SERIAL]] HMS data received: [{'attr': 201326848, 'code': 131099}, {'attr': 83886848, 'code': 65546}, {'attr': 83886336, 'code': 196612}]
2026-03-04 23:42:17,239 DEBUG [backend.app.services.bambu_mqtt] [[SERIAL]] ipcam field: {'agora_service': 'disable', 'brtc_service': 'enable', 'bs_state': 0, 'ipcam_dev': '1', 'ipcam_record': 'enable', 'laser_preview_res': 4, 'mode_bits': 2, 'resolution': '1080p', 'rtsp_url': 'rtsps://[IP]:322/streaming/live/1', 'timelapse': 'disable', 'tl_store_hpd_type': 2, 'tl_store_path_type': 2, 'tutk_server': 'disable'}
2026-03-04 23:42:17,239 DEBUG [backend.app.services.bambu_mqtt] [[SERIAL]] wifi_signal received: -66dBm
2026-03-04 23:42:17,240 DEBUG [backend.app.services.bambu_mqtt] [[SERIAL]] lights_report: [{'mode': 'on', 'node': 'chamber_light'}, {'mode': 'flashing', 'node': 'work_light'}, {'mode': 'on', 'node': 'chamber_light2'}]
2026-03-04 23:42:17,240 DEBUG [backend.app.services.bambu_mqtt] [[SERIAL]] MQTT mapping field: [1]
2026-03-04 23:42:17,240 DEBUG [backend.app.services.bambu_mqtt] [[SERIAL]] gcode_state: RUNNING -> RUNNING, file: /data/Metadata/plate_1.gcode, subtask: Velocity Stack
2026-03-04 23:42:17,270 DEBUG [backend.app.services.bambu_mqtt] [[SERIAL]] Found xcam inside print data: {'allow_skip_parts': False, 'buildplate_marker_detector': True, 'first_layer_inspector': True, 'halt_print_sensitivity': 'low', 'print_halt': True, 'printing_monitor': True, 'spaghetti_detector': True}
2026-03-04 23:42:17,270 DEBUG [backend.app.services.bambu_mqtt] [[SERIAL]] Parsing xcam data - all fields: ['allow_skip_parts', 'buildplate_marker_detector', 'first_layer_inspector', 'halt_print_sensitivity', 'print_halt', 'printing_monitor', 'spaghetti_detector']
2026-03-04 23:42:17,270 DEBUG [backend.app.services.bambu_mqtt] [[SERIAL]] Received gcode_state: FAILED, gcode_file: /data/Metadata/plate_1.gcode, subtask_name: Maille twitter v1
2026-03-04 23:42:17,271 DEBUG [backend.app.services.bambu_mqtt] [[SERIAL]] AMS dict fields: {'ams_exist_bits': '1', 'ams_exist_bits_raw': '1', 'cali_id': 0, 'cali_stat': 0, 'insert_flag': True, 'power_on_flag': False, 'tray_exist_bits': 'f', 'tray_is_bbl_bits': 'f', 'tray_now': '0', 'tray_pre': '0', 'tray_read_done_bits': 'f', 'tray_reading_bits': '0', 'tray_tar': '0', 'unbind_ams_stat': 0, 'version': 46620}
2026-03-04 23:42:17,271 DEBUG [backend.app.services.bambu_mqtt] [[SERIAL]] tray_now updated: 0
2026-03-04 23:42:17,271 DEBUG [backend.app.services.bambu_mqtt] [[SERIAL]] Merged AMS data: 1 new units, 1 total
2026-03-04 23:42:17,272 DEBUG [backend.app.services.bambu_mqtt] [[SERIAL]] AMS 0 info=1001 (bit8=1) -> extruder 0
2026-03-04 23:42:17,272 DEBUG [backend.app.services.bambu_mqtt] [[SERIAL]] ams_extruder_map: {'0': 0}
2026-03-04 23:42:17,272 DEBUG [backend.app.services.bambu_mqtt] [[SERIAL]] ams_status: 768 (main=3, sub=0)
2026-03-04 23:42:17,272 DEBUG [backend.app.services.bambu_mqtt] [[SERIAL]] Received command response: push_status
2026-03-04 23:42:17,273 DEBUG [backend.app.services.bambu_mqtt] [[SERIAL]] device.extruder.state=1 (switch_state bits 12-14: 0)
2026-03-04 23:42:17,273 DEBUG [backend.app.services.bambu_mqtt] [[SERIAL]] info.temp direct: 31°C (heater OFF)
2026-03-04 23:42:17,273 DEBUG [backend.app.services.bambu_mqtt] [[SERIAL]] ctc_info keys: ['temp']
2026-03-04 23:42:17,273 DEBUG [backend.app.services.bambu_mqtt] [[SERIAL]] Chamber heating calculated: target=0.0, current=31.0, heating=False, respect_local=False
2026-03-04 23:42:17,274 DEBUG [backend.app.services.bambu_mqtt] [[SERIAL]] Chamber temp updated to: 31.0, target: 0.0, heating: False
2026-03-04 23:42:17,274 DEBUG [backend.app.services.bambu_mqtt] [[SERIAL]] HMS data received: [{'attr': 83886336, 'code': 196612}]
2026-03-04 23:42:17,274 DEBUG [backend.app.services.bambu_mqtt] [[SERIAL]] ipcam field: {'agora_service': 'disable', 'brtc_service': 'enable', 'bs_state': 0, 'ipcam_dev': '1', 'ipcam_record': 'disable', 'laser_preview_res': 7, 'mode_bits': 2, 'resolution': '720p', 'rtsp_url': 'rtsps://[IP]:322/streaming/live/1', 'timelapse': 'disable', 'tl_store_hpd_type': 2, 'tl_store_path_type': 2, 'tutk_server': 'disable'}
2026-03-04 23:42:17,275 DEBUG [backend.app.services.bambu_mqtt] [[SERIAL]] wifi_signal received: -63dBm
2026-03-04 23:42:17,275 DEBUG [backend.app.services.bambu_mqtt] [[SERIAL]] lights_report: [{'mode': 'on', 'node': 'chamber_light'}, {'mode': 'flashing', 'node': 'work_light'}]
2026-03-04 23:42:17,275 DEBUG [backend.app.services.bambu_mqtt] [[SERIAL]] MQTT mapping field: [0]
2026-03-04 23:42:17,276 DEBUG [backend.app.services.bambu_mqtt] [[SERIAL]] gcode_state: FAILED -> FAILED, file: /data/Metadata/plate_1.gcode, subtask: Maille twitter v1
2026-03-04 23:42:17,373 DEBUG [backend.app.services.bambu_mqtt] [[SERIAL]] Requesting firmware version info
2026-03-04 23:42:17,373 DEBUG [backend.app.services.bambu_mqtt] [[SERIAL]] Sending K-profile priming request
2026-03-04 23:42:17,383 INFO [backend.app.services.bambu_mqtt] [[SERIAL]] Request topic subscription accepted. ams_mapping capture enabled for slicer-initiated prints.
2026-03-04 23:42:17,429 DEBUG [backend.app.services.bambu_mqtt] [[SERIAL]] AMS 0 firmware: 03.00.21.29
2026-03-04 23:42:17,443 DEBUG [backend.app.services.bambu_mqtt] [[SERIAL]] Received command response: extrusion_cali_get
2026-03-04 23:42:17,443 DEBUG [backend.app.services.bambu_mqtt] [[SERIAL]] MQTT mapping field: [3]
2026-03-04 23:42:17,478 DEBUG [backend.app.services.bambu_mqtt] [[SERIAL]] AMS 0 firmware: 00.00.06.75
2026-03-04 23:42:17,482 DEBUG [backend.app.services.bambu_mqtt] [[SERIAL]] Received command response: extrusion_cali_get
2026-03-04 23:42:17,482 DEBUG [backend.app.services.bambu_mqtt] [[SERIAL]] MQTT mapping field: [0]
2026-03-04 23:42:17,518 DEBUG [backend.app.services.bambu_mqtt] [[SERIAL]] Ignoring spurious disconnect (last message 0.2s ago)
2026-03-04 23:42:17,539 DEBUG [backend.app.services.bambu_mqtt] [[SERIAL]] Requesting firmware version info
2026-03-04 23:42:17,539 DEBUG [backend.app.services.bambu_mqtt] [[SERIAL]] Sending K-profile priming request
2026-03-04 23:42:17,553 INFO [backend.app.services.bambu_mqtt] [[SERIAL]] Request topic subscription accepted. ams_mapping capture enabled for slicer-initiated prints.
2026-03-04 23:42:17,573 DEBUG [backend.app.services.bambu_mqtt] [[SERIAL]] Found xcam inside print data: {'allow_skip_parts': False, 'buildplate_marker_detector': True, 'first_layer_inspector': True, 'halt_print_sensitivity': 'medium', 'print_halt': True, 'printing_monitor': True, 'spaghetti_detector': True}
2026-03-04 23:42:17,573 DEBUG [backend.app.services.bambu_mqtt] [[SERIAL]] Parsing xcam data - all fields: ['allow_skip_parts', 'buildplate_marker_detector', 'first_layer_inspector', 'halt_print_sensitivity', 'print_halt', 'printing_monitor', 'spaghetti_detector']
2026-03-04 23:42:17,574 DEBUG [backend.app.services.bambu_mqtt] [[SERIAL]] Received gcode_state: FINISH, gcode_file: /data/Metadata/plate_1.gcode, subtask_name: Bouchon huile moteur v2
2026-03-04 23:42:17,574 DEBUG [backend.app.services.bambu_mqtt] [[SERIAL]] AMS dict fields: {'ams_exist_bits': '1', 'ams_exist_bits_raw': '1', 'cali_id': 0, 'cali_stat': 0, 'insert_flag': False, 'power_on_flag': False, 'tray_exist_bits': 'f', 'tray_is_bbl_bits': 'f', 'tray_now': '255', 'tray_pre': '255', 'tray_read_done_bits': 'f', 'tray_reading_bits': '0', 'tray_tar': '255', 'unbind_ams_stat': 0, 'version': 40869}
2026-03-04 23:42:17,574 DEBUG [backend.app.services.bambu_mqtt] [[SERIAL]] tray_now updated: 255
2026-03-04 23:42:17,574 DEBUG [backend.app.services.bambu_mqtt] [[SERIAL]] Merged AMS data: 1 new units, 1 total
2026-03-04 23:42:17,574 DEBUG [backend.app.services.bambu_mqtt] [[SERIAL]] AMS 0 info=1001 (bit8=1) -> extruder 0
2026-03-04 23:42:17,574 DEBUG [backend.app.services.bambu_mqtt] [[SERIAL]] ams_extruder_map: {'0': 0}
2026-03-04 23:42:17,575 DEBUG [backend.app.services.bambu_mqtt] [[SERIAL]] ams_status: 0 (main=0, sub=0)
2026-03-04 23:42:17,575 DEBUG [backend.app.services.bambu_mqtt] [[SERIAL]] Received command response: push_status
2026-03-04 23:42:17,575 DEBUG [backend.app.services.bambu_mqtt] [[SERIAL]] device.extruder.state=1 (switch_state bits 12-14: 0)
2026-03-04 23:42:17,575 DEBUG [backend.app.services.bambu_mqtt] [[SERIAL]] info.temp direct: 29°C (heater OFF)
2026-03-04 23:42:17,576 DEBUG [backend.app.services.bambu_mqtt] [[SERIAL]] ctc_info keys: ['temp']
2026-03-04 23:42:17,576 DEBUG [backend.app.services.bambu_mqtt] [[SERIAL]] Chamber heating calculated: target=0.0, current=29.0, heating=False, respect_local=False
2026-03-04 23:42:17,576 DEBUG [backend.app.services.bambu_mqtt] [[SERIAL]] Chamber temp updated to: 29.0, target: 0.0, heating: False
2026-03-04 23:42:17,576 DEBUG [backend.app.services.bambu_mqtt] [[SERIAL]] HMS data received: [{'attr': 83886336, 'code': 196612}]
2026-03-04 23:42:17,576 DEBUG [backend.app.services.bambu_mqtt] [[SERIAL]] ipcam field: {'agora_service': 'disable', 'brtc_service': 'enable', 'bs_state': 0, 'ipcam_dev': '1', 'ipcam_record': 'enable', 'laser_preview_res': 7, 'mode_bits': 2, 'resolution': '720p', 'rtsp_url': 'rtsps://[IP]:322/streaming/live/1', 'timelapse': 'disable', 'tl_store_hpd_type': 2, 'tl_store_path_type': 2, 'tutk_server': 'disable'}
2026-03-04 23:42:17,576 DEBUG [backend.app.services.bambu_mqtt] [[SERIAL]] wifi_signal received: -65dBm
2026-03-04 23:42:17,576 DEBUG [backend.app.services.bambu_mqtt] [[SERIAL]] lights_report: [{'mode': 'on', 'node': 'chamber_light'}, {'mode': 'flashing', 'node': 'work_light'}]
2026-03-04 23:42:17,577 DEBUG [backend.app.services.bambu_mqtt] [[SERIAL]] MQTT mapping field: [0]
2026-03-04 23:42:17,577 DEBUG [backend.app.services.bambu_mqtt] [[SERIAL]] gcode_state: FINISH -> FINISH, file: /data/Metadata/plate_1.gcode, subtask: Bouchon huile moteur v2
2026-03-04 23:42:17,598 DEBUG [backend.app.services.bambu_mqtt] [[SERIAL]] Ignoring spurious disconnect (last message 0.4s ago)
2026-03-04 23:42:17,679 DEBUG [backend.app.services.bambu_mqtt] [[SERIAL]] Requesting firmware version info
2026-03-04 23:42:17,680 DEBUG [backend.app.services.bambu_mqtt] [[SERIAL]] Sending K-profile priming request
2026-03-04 23:42:17,688 INFO [backend.app.services.bambu_mqtt] [[SERIAL]] Request topic subscription accepted. ams_mapping capture enabled for slicer-initiated prints.
2026-03-04 23:42:17,712 DEBUG [backend.app.services.bambu_mqtt] [[SERIAL]] Found xcam inside print data: {'allow_skip_parts': False, 'buildplate_marker_detector': True, 'first_layer_inspector': True, 'halt_print_sensitivity': 'medium', 'print_halt': True, 'printing_monitor': True, 'spaghetti_detector': True}
2026-03-04 23:42:17,712 DEBUG [backend.app.services.bambu_mqtt] [[SERIAL]] Parsing xcam data - all fields: ['allow_skip_parts', 'buildplate_marker_detector', 'first_layer_inspector', 'halt_print_sensitivity', 'print_halt', 'printing_monitor', 'spaghetti_detector']
2026-03-04 23:42:17,712 DEBUG [backend.app.services.bambu_mqtt] [[SERIAL]] Received gcode_state: FINISH, gcode_file: /data/Metadata/plate_1.gcode, subtask_name: Vinci cache lampe v1
2026-03-04 23:42:17,712 DEBUG [backend.app.services.bambu_mqtt] [[SERIAL]] AMS dict fields: {'ams_exist_bits': '1', 'ams_exist_bits_raw': '1', 'cali_id': 0, 'cali_stat': 0, 'insert_flag': True, 'power_on_flag': False, 'tray_exist_bits': 'd', 'tray_is_bbl_bits': 'd', 'tray_now': '255', 'tray_pre': '255', 'tray_read_done_bits': 'd', 'tray_reading_bits': '0', 'tray_tar': '255', 'unbind_ams_stat': 0, 'version': 22039}
2026-03-04 23:42:17,713 DEBUG [backend.app.services.bambu_mqtt] [[SERIAL]] tray_now updated: 255
2026-03-04 23:42:17,713 DEBUG [backend.app.services.bambu_mqtt] [[SERIAL]] Merged AMS data: 1 new units, 1 total
2026-03-04 23:42:17,713 DEBUG [backend.app.services.bambu_mqtt] [[SERIAL]] AMS 0 info=1001 (bit8=1) -> extruder 0
2026-03-04 23:42:17,713 DEBUG [backend.app.services.bambu_mqtt] [[SERIAL]] ams_extruder_map: {'0': 0}
2026-03-04 23:42:17,713 DEBUG [backend.app.services.bambu_mqtt] [[SERIAL]] ams_status: 0 (main=0, sub=0)
2026-03-04 23:42:17,714 DEBUG [backend.app.services.bambu_mqtt] [[SERIAL]] Received command response: push_status
2026-03-04 23:42:17,714 DEBUG [backend.app.services.bambu_mqtt] [[SERIAL]] device.extruder.state=1 (switch_state bits 12-14: 0)
2026-03-04 23:42:17,714 DEBUG [backend.app.services.bambu_mqtt] [[SERIAL]] info.temp direct: 28°C (heater OFF)
2026-03-04 23:42:17,714 DEBUG [backend.app.services.bambu_mqtt] [[SERIAL]] ctc_info keys: ['temp']
2026-03-04 23:42:17,715 DEBUG [backend.app.services.bambu_mqtt] [[SERIAL]] Chamber heating calculated: target=0.0, current=28.0, heating=False, respect_local=False
2026-03-04 23:42:17,715 DEBUG [backend.app.services.bambu_mqtt] [[SERIAL]] Chamber temp updated to: 28.0, target: 0.0, heating: False
2026-03-04 23:42:17,715 DEBUG [backend.app.services.bambu_mqtt] [[SERIAL]] HMS data received: [{'attr': 201326848, 'code': 65540}, {'attr': 83886336, 'code': 196612}]
2026-03-04 23:42:17,715 DEBUG [backend.app.services.bambu_mqtt] [[SERIAL]] ipcam field: {'agora_service': 'disable', 'brtc_service': 'enable', 'bs_state': 0, 'ipcam_dev': '1', 'ipcam_record': 'enable', 'laser_preview_res': 7, 'mode_bits': 2, 'resolution': '720p', 'rtsp_url': 'rtsps://[IP]:322/streaming/live/1', 'timelapse': 'disable', 'tl_store_hpd_type': 2, 'tl_store_path_type': 2, 'tutk_server': 'disable'}
2026-03-04 23:42:17,715 DEBUG [backend.app.services.bambu_mqtt] [[SERIAL]] wifi_signal received: -66dBm
2026-03-04 23:42:17,716 DEBUG [backend.app.services.bambu_mqtt] [[SERIAL]] lights_report: [{'mode': 'on', 'node': 'chamber_light'}, {'mode': 'flashing', 'node': 'work_light'}]
2026-03-04 23:42:17,716 DEBUG [backend.app.services.bambu_mqtt] [[SERIAL]] MQTT mapping field: [0]
2026-03-04 23:42:17,716 DEBUG [backend.app.services.bambu_mqtt] [[SERIAL]] gcode_state: FINISH -> FINISH, file: /data/Metadata/plate_1.gcode, subtask: Vinci cache lampe v1
2026-03-04 23:42:17,744 DEBUG [backend.app.services.bambu_mqtt] [[SERIAL]] AMS 0 firmware: 03.00.21.29
2026-03-04 23:42:17,754 DEBUG [backend.app.services.bambu_mqtt] [[SERIAL]] Received command response: extrusion_cali_get
2026-03-04 23:42:17,754 DEBUG [backend.app.services.bambu_mqtt] [[SERIAL]] MQTT mapping field: [3]
2026-03-04 23:42:17,817 DEBUG [backend.app.services.bambu_mqtt] [[SERIAL]] Ignoring spurious disconnect (last message 0.7s ago)
2026-03-04 23:42:17,843 DEBUG [backend.app.services.bambu_mqtt] [[SERIAL]] Found xcam inside print data: {'allow_skip_parts': False, 'buildplate_marker_detector': True, 'cfg': 224695, 'first_layer_inspector': True, 'halt_print_sensitivity': 'medium', 'print_halt': True, 'printing_monitor': True, 'spaghetti_detector': True}
2026-03-04 23:42:17,843 DEBUG [backend.app.services.bambu_mqtt] [[SERIAL]] Parsing xcam data - all fields: ['allow_skip_parts', 'buildplate_marker_detector', 'cfg', 'first_layer_inspector', 'halt_print_sensitivity', 'print_halt', 'printing_monitor', 'spaghetti_detector']
2026-03-04 23:42:17,843 DEBUG [backend.app.services.bambu_mqtt] [[SERIAL]] xcam cfg bitmask: 224695 (binary: 0b110110110110110111)
2026-03-04 23:42:17,843 DEBUG [backend.app.services.bambu_mqtt] [[SERIAL]] Received gcode_state: RUNNING, gcode_file: /data/Metadata/plate_2.gcode, subtask_name: Furuno GP-32 v4_plate_2
2026-03-04 23:42:17,844 DEBUG [backend.app.services.bambu_mqtt] [[SERIAL]] AMS dict fields: {'ams_exist_bits': '1', 'ams_exist_bits_raw': '1', 'cali_id': 255, 'cali_stat': 0, 'insert_flag': True, 'power_on_flag': False, 'tray_exist_bits': 'f', 'tray_is_bbl_bits': 'f', 'tray_now': '3', 'tray_pre': '3', 'tray_read_done_bits': 'f', 'tray_reading_bits': '0', 'tray_tar': '3', 'unbind_ams_stat': 0, 'version': 17470}
2026-03-04 23:42:17,844 DEBUG [backend.app.services.bambu_mqtt] [[SERIAL]] tray_now updated: 3
2026-03-04 23:42:17,844 DEBUG [backend.app.services.bambu_mqtt] [[SERIAL]] Merged AMS data: 1 new units, 1 total
2026-03-04 23:42:17,844 DEBUG [backend.app.services.bambu_mqtt] [[SERIAL]] AMS 0 info=1003 (bit8=1) -> extruder 0
2026-03-04 23:42:17,844 DEBUG [backend.app.services.bambu_mqtt] [[SERIAL]] ams_extruder_map: {'0': 0}
2026-03-04 23:42:17,845 DEBUG [backend.app.services.bambu_mqtt] [[SERIAL]] ams_status: 768 (main=3, sub=0)
2026-03-04 23:42:17,845 DEBUG [backend.app.services.bambu_mqtt] [[SERIAL]] Received command response: push_status
2026-03-04 23:42:17,845 DEBUG [backend.app.services.bambu_mqtt] [[SERIAL]] device.extruder.state=1 (switch_state bits 12-14: 0)
2026-03-04 23:42:17,845 DEBUG [backend.app.services.bambu_mqtt] [[SERIAL]] info.temp encoded: 3932219 -> current=59, decoded_target=60
2026-03-04 23:42:17,845 DEBUG [backend.app.services.bambu_mqtt] [[SERIAL]] ctc_info keys: ['temp']
2026-03-04 23:42:17,846 DEBUG [backend.app.services.bambu_mqtt] [[SERIAL]] Chamber heating calculated: target=60.0, current=59.0, heating=True, respect_local=False
2026-03-04 23:42:17,846 DEBUG [backend.app.services.bambu_mqtt] [[SERIAL]] Chamber temp updated to: 59.0, target: 60.0, heating: True
2026-03-04 23:42:17,846 DEBUG [backend.app.services.bambu_mqtt] [[SERIAL]] HMS data received: [{'attr': 201326848, 'code': 131099}, {'attr': 83886848, 'code': 65546}, {'attr': 83952640, 'code': 196612}, {'attr': 83952640, 'code': 196610}]
2026-03-04 23:42:17,846 DEBUG [backend.app.services.bambu_mqtt] [[SERIAL]] ipcam field: {'agora_service': 'disable', 'brtc_service': 'enable', 'bs_state': 0, 'ipcam_dev': '1', 'ipcam_record': 'enable', 'laser_preview_res': 4, 'mode_bits': 2, 'resolution': '1080p', 'rtsp_url': 'rtsps://[IP]:322/streaming/live/1', 'timelapse': 'enable', 'tl_store_hpd_type': 2, 'tl_store_path_type': 2, 'tutk_server': 'disable'}
2026-03-04 23:42:17,846 DEBUG [backend.app.services.bambu_mqtt] [[SERIAL]] Timelapse detected during print (from ipcam)
2026-03-04 23:42:17,847 DEBUG [backend.app.services.bambu_mqtt] [[SERIAL]] wifi_signal received: -65dBm
2026-03-04 23:42:17,847 DEBUG [backend.app.services.bambu_mqtt] [[SERIAL]] lights_report: [{'mode': 'on', 'node': 'chamber_light'}, {'mode': 'flashing', 'node': 'work_light'}, {'mode': 'on', 'node': 'chamber_light2'}]
2026-03-04 23:42:17,847 DEBUG [backend.app.services.bambu_mqtt] [[SERIAL]] MQTT mapping field: [3]
2026-03-04 23:42:17,847 DEBUG [backend.app.services.bambu_mqtt] [[SERIAL]] gcode_state: RUNNING -> RUNNING, file: /data/Metadata/plate_2.gcode, subtask: Furuno GP-32 v4_plate_2
2026-03-04 23:42:17,856 DEBUG [backend.app.services.bambu_mqtt] [[SERIAL]] AMS 0 firmware: 00.00.06.75
2026-03-04 23:42:17,860 DEBUG [backend.app.services.bambu_mqtt] [[SERIAL]] Ignoring spurious disconnect (last message 1.0s ago)
2026-03-04 23:42:17,861 DEBUG [backend.app.services.bambu_mqtt] [[SERIAL]] Received command response: extrusion_cali_get
2026-03-04 23:42:17,862 DEBUG [backend.app.services.bambu_mqtt] [[SERIAL]] MQTT mapping field: [2]
2026-03-04 23:42:17,990 DEBUG [backend.app.services.bambu_mqtt] [[SERIAL]] Found xcam inside print data: {'allow_skip_parts': False, 'buildplate_marker_detector': True, 'first_layer_inspector': True, 'halt_print_sensitivity': 'medium', 'print_halt': True, 'printing_monitor': True, 'spaghetti_detector': True}
2026-03-04 23:42:17,990 DEBUG [backend.app.services.bambu_mqtt] [[SERIAL]] Parsing xcam data - all fields: ['allow_skip_parts', 'buildplate_marker_detector', 'first_layer_inspector', 'halt_print_sensitivity', 'print_halt', 'printing_monitor', 'spaghetti_detector']
2026-03-04 23:42:17,990 DEBUG [backend.app.services.bambu_mqtt] [[SERIAL]] Received gcode_state: FINISH, gcode_file: /data/Metadata/plate_2.gcode, subtask_name: Laser vis v1_plate_2
2026-03-04 23:42:17,991 DEBUG [backend.app.services.bambu_mqtt] [[SERIAL]] AMS dict fields: {'ams_exist_bits': '1', 'ams_exist_bits_raw': '1', 'cali_id': 0, 'cali_stat': 0, 'insert_flag': True, 'power_on_flag': False, 'tray_exist_bits': 'd', 'tray_is_bbl_bits': 'd', 'tray_now': '255', 'tray_pre': '255', 'tray_read_done_bits': 'd', 'tray_reading_bits': '0', 'tray_tar': '255', 'unbind_ams_stat': 0, 'version': 36705}
2026-03-04 23:42:17,991 DEBUG [backend.app.services.bambu_mqtt] [[SERIAL]] tray_now updated: 255
2026-03-04 23:42:17,991 DEBUG [backend.app.services.bambu_mqtt] [[SERIAL]] Merged AMS data: 1 new units, 1 total
2026-03-04 23:42:17,992 DEBUG [backend.app.services.bambu_mqtt] [[SERIAL]] AMS 0 info=1001 (bit8=1) -> extruder 0
2026-03-04 23:42:17,992 DEBUG [backend.app.services.bambu_mqtt] [[SERIAL]] ams_extruder_map: {'0': 0}
2026-03-04 23:42:17,992 DEBUG [backend.app.services.bambu_mqtt] [[SERIAL]] ams_status: 0 (main=0, sub=0)
2026-03-04 23:42:17,993 DEBUG [backend.app.services.bambu_mqtt] [[SERIAL]] Received command response: push_status
2026-03-04 23:42:17,993 DEBUG [backend.app.services.bambu_mqtt] [[SERIAL]] device.extruder.state=1 (switch_state bits 12-14: 0)
2026-03-04 23:42:17,993 DEBUG [backend.app.services.bambu_mqtt] [[SERIAL]] info.temp direct: 29°C (heater OFF)
2026-03-04 23:42:17,993 DEBUG [backend.app.services.bambu_mqtt] [[SERIAL]] ctc_info keys: ['temp']
2026-03-04 23:42:17,993 DEBUG [backend.app.services.bambu_mqtt] [[SERIAL]] Chamber heating calculated: target=0.0, current=29.0, heating=False, respect_local=False
2026-03-04 23:42:17,994 DEBUG [backend.app.services.bambu_mqtt] [[SERIAL]] Chamber temp updated to: 29.0, target: 0.0, heating: False
2026-03-04 23:42:17,994 DEBUG [backend.app.services.bambu_mqtt] [[SERIAL]] HMS data received: []
2026-03-04 23:42:17,994 DEBUG [backend.app.services.bambu_mqtt] [[SERIAL]] ipcam field: {'agora_service': 'disable', 'brtc_service': 'enable', 'bs_state': 0, 'ipcam_dev': '1', 'ipcam_record': 'enable', 'laser_preview_res': 7, 'mode_bits': 2, 'resolution': '720p', 'rtsp_url': 'rtsps://[IP]:322/streaming/live/1', 'timelapse': 'disable', 'tl_store_hpd_type': 2, 'tl_store_path_type': 2, 'tutk_server': 'disable'}
2026-03-04 23:42:17,994 DEBUG [backend.app.services.bambu_mqtt] [[SERIAL]] wifi_signal received: -67dBm
2026-03-04 23:42:17,994 DEBUG [backend.app.services.bambu_mqtt] [[SERIAL]] lights_report: [{'mode': 'on', 'node': 'chamber_light'}, {'mode': 'flashing', 'node': 'work_light'}]
2026-03-04 23:42:17,995 DEBUG [backend.app.services.bambu_mqtt] [[SERIAL]] MQTT mapping field: [2]
2026-03-04 23:42:17,995 DEBUG [backend.app.services.bambu_mqtt] [[SERIAL]] gcode_state: FINISH -> FINISH, file: /data/Metadata/plate_2.gcode, subtask: Laser vis v1_plate_2
2026-03-04 23:42:18,099 DEBUG [backend.app.services.bambu_mqtt] [[SERIAL]] Ignoring spurious disconnect (last message 0.4s ago)
2026-03-04 23:42:18,153 DEBUG [backend.app.services.bambu_mqtt] [[SERIAL]] Requesting firmware version info
2026-03-04 23:42:18,154 DEBUG [backend.app.services.bambu_mqtt] [[SERIAL]] Sending K-profile priming request
2026-03-04 23:42:18,162 INFO [backend.app.services.bambu_mqtt] [[SERIAL]] Request topic subscription accepted. ams_mapping capture enabled for slicer-initiated prints.
2026-03-04 23:42:18,222 DEBUG [backend.app.services.bambu_mqtt] [[SERIAL]] Ignoring spurious disconnect (last message 0.4s ago)
2026-03-04 23:42:18,297 DEBUG [backend.app.services.bambu_mqtt] [[SERIAL]] Requesting firmware version info
2026-03-04 23:42:18,298 DEBUG [backend.app.services.bambu_mqtt] [[SERIAL]] Sending K-profile priming request
2026-03-04 23:42:18,313 INFO [backend.app.services.bambu_mqtt] [[SERIAL]] Request topic subscription accepted. ams_mapping capture enabled for slicer-initiated prints.
2026-03-04 23:42:18,326 DEBUG [backend.app.services.bambu_mqtt] [[SERIAL]] Found xcam inside print data: {'allow_skip_parts': False, 'buildplate_marker_detector': True, 'cfg': 224695, 'first_layer_inspector': True, 'halt_print_sensitivity': 'medium', 'print_halt': True, 'printing_monitor': True, 'spaghetti_detector': True}
2026-03-04 23:42:18,326 DEBUG [backend.app.services.bambu_mqtt] [[SERIAL]] Parsing xcam data - all fields: ['allow_skip_parts', 'buildplate_marker_detector', 'cfg', 'first_layer_inspector', 'halt_print_sensitivity', 'print_halt', 'printing_monitor', 'spaghetti_detector']
2026-03-04 23:42:18,327 DEBUG [backend.app.services.bambu_mqtt] [[SERIAL]] xcam cfg bitmask: 224695 (binary: 0b110110110110110111)
2026-03-04 23:42:18,327 DEBUG [backend.app.services.bambu_mqtt] [[SERIAL]] Received gcode_state: RUNNING, gcode_file: /data/Metadata/plate_1.gcode, subtask_name: Poignee tiroir
2026-03-04 23:42:18,327 DEBUG [backend.app.services.bambu_mqtt] [[SERIAL]] AMS dict fields: {'ams_exist_bits': '1', 'ams_exist_bits_raw': '1', 'cali_id': 255, 'cali_stat': 0, 'insert_flag': True, 'power_on_flag': False, 'tray_exist_bits': 'a', 'tray_is_bbl_bits': 'a', 'tray_now': '3', 'tray_pre': '3', 'tray_read_done_bits': 'a', 'tray_reading_bits': '0', 'tray_tar': '3', 'unbind_ams_stat': 0, 'version': 18333}
2026-03-04 23:42:18,327 DEBUG [backend.app.services.bambu_mqtt] [[SERIAL]] tray_now updated: 3
2026-03-04 23:42:18,327 DEBUG [backend.app.services.bambu_mqtt] [[SERIAL]] Merged AMS data: 1 new units, 1 total
2026-03-04 23:42:18,327 DEBUG [backend.app.services.bambu_mqtt] [[SERIAL]] AMS 0 info=1003 (bit8=1) -> extruder 0
2026-03-04 23:42:18,327 DEBUG [backend.app.services.bambu_mqtt] [[SERIAL]] ams_extruder_map: {'0': 0}
2026-03-04 23:42:18,328 DEBUG [backend.app.services.bambu_mqtt] [[SERIAL]] ams_status: 768 (main=3, sub=0)
2026-03-04 23:42:18,328 DEBUG [backend.app.services.bambu_mqtt] [[SERIAL]] Received command response: push_status
2026-03-04 23:42:18,328 DEBUG [backend.app.services.bambu_mqtt] [[SERIAL]] device.extruder.state=1 (switch_state bits 12-14: 0)
2026-03-04 23:42:18,328 DEBUG [backend.app.services.bambu_mqtt] [[SERIAL]] info.temp encoded: 3932220 -> current=60, decoded_target=60
2026-03-04 23:42:18,328 DEBUG [backend.app.services.bambu_mqtt] [[SERIAL]] ctc_info keys: ['temp']
2026-03-04 23:42:18,328 DEBUG [backend.app.services.bambu_mqtt] [[SERIAL]] Chamber heating calculated: target=60.0, current=60.0, heating=False, respect_local=False
2026-03-04 23:42:18,329 DEBUG [backend.app.services.bambu_mqtt] [[SERIAL]] Chamber temp updated to: 60.0, target: 60.0, heating: False
2026-03-04 23:42:18,329 DEBUG [backend.app.services.bambu_mqtt] [[SERIAL]] HMS data received: [{'attr': 83887616, 'code': 131233}, {'attr': 83887616, 'code': 131077}, {'attr': 201326848, 'code': 131099}, {'attr': 83886848, 'code': 65546}, {'attr': 83886336, 'code': 196612}]
2026-03-04 23:42:18,329 DEBUG [backend.app.services.bambu_mqtt] [[SERIAL]] ipcam field: {'agora_service': 'disable', 'brtc_service': 'enable', 'bs_state': 0, 'ipcam_dev': '1', 'ipcam_record': 'enable', 'laser_preview_res': 4, 'mode_bits': 2, 'resolution': '1080p', 'rtsp_url': 'rtsps://[IP]:322/streaming/live/1', 'timelapse': 'disable', 'tl_store_hpd_type': 2, 'tl_store_path_type': 2, 'tutk_server': 'disable'}
2026-03-04 23:42:18,329 DEBUG [backend.app.services.bambu_mqtt] [[SERIAL]] wifi_signal received: -68dBm
2026-03-04 23:42:18,329 DEBUG [backend.app.services.bambu_mqtt] [[SERIAL]] lights_report: [{'mode': 'on', 'node': 'chamber_light'}, {'mode': 'flashing', 'node': 'work_light'}, {'mode': 'on', 'node': 'chamber_light2'}]
2026-03-04 23:42:18,329 DEBUG [backend.app.services.bambu_mqtt] [[SERIAL]] MQTT mapping field: [3]
2026-03-04 23:42:18,329 DEBUG [backend.app.services.bambu_mqtt] [[SERIAL]] gcode_state: RUNNING -> RUNNING, file: /data/Metadata/plate_1.gcode, subtask: Poignee tiroir
2026-03-04 23:42:18,390 DEBUG [backend.app.services.bambu_mqtt] [[SERIAL]] AMS 0 firmware: 03.00.21.29
2026-03-04 23:42:18,391 DEBUG [backend.app.services.bambu_mqtt] [[SERIAL]] AMS 1 firmware: 01.00.06.83
2026-03-04 23:42:18,391 DEBUG [backend.app.services.bambu_mqtt] [[SERIAL]] AMS 3 firmware: 01.00.06.83
2026-03-04 23:42:18,434 DEBUG [backend.app.services.bambu_mqtt] [[SERIAL]] Ignoring spurious disconnect (last message 0.9s ago)
2026-03-04 23:42:18,451 DEBUG [backend.app.services.bambu_mqtt] [[SERIAL]] AMS 0 firmware: 03.00.21.29