2026-04-29 11:26:43,334 DEBUG [backend.app.services.bambu_mqtt] [[SERIAL]] ipcam field: {'agora_service': 'disable', 'brtc_service': 'enable', 'bs_state': 0, 'ipcam_dev': '1', 'ipcam_record': 'enable', 'laser_preview_res': 7, 'mode_bits': 2, 'resolution': '720p', 'rtsp_url': 'rtsps://[IP]:322/streaming/live/1', 'timelapse': 'disable', 'tl_store_hpd_type': 2, 'tl_store_path_type': 2, 'tutk_server': 'disable'}
2026-04-29 11:26:43,334 DEBUG [backend.app.services.bambu_mqtt] [[SERIAL]] wifi_signal received: -69dBm
2026-04-29 11:26:43,335 DEBUG [backend.app.services.bambu_mqtt] [[SERIAL]] lights_report: [{'mode': 'on', 'node': 'chamber_light'}, {'mode': 'flashing', 'node': 'work_light'}]
2026-04-29 11:26:43,335 DEBUG [backend.app.services.bambu_mqtt] [[SERIAL]] MQTT mapping field: [65535, 65535, 65535, 0]
2026-04-29 11:26:43,335 DEBUG [backend.app.services.bambu_mqtt] [[SERIAL]] gcode_state: FINISH -> FINISH, file: /data/Metadata/plate_1.gcode, subtask: 24100011 v2
2026-04-29 11:26:43,520 DEBUG [backend.app.services.bambu_mqtt] [[SERIAL]] Found xcam inside print data: {'allow_skip_parts': False, 'buildplate_marker_detector': False, 'first_layer_inspector': False, 'halt_print_sensitivity': 'low', 'print_halt': True, 'printing_monitor': True, 'spaghetti_detector': True}
2026-04-29 11:26:43,520 DEBUG [backend.app.services.bambu_mqtt] [[SERIAL]] Parsing xcam data - all fields: ['allow_skip_parts', 'buildplate_marker_detector', 'first_layer_inspector', 'halt_print_sensitivity', 'print_halt', 'printing_monitor', 'spaghetti_detector']
2026-04-29 11:26:43,520 DEBUG [backend.app.services.bambu_mqtt] [[SERIAL]] Received gcode_state: FINISH, gcode_file: /data/Metadata/plate_1.gcode, subtask_name: 04153011 v6
2026-04-29 11:26:43,520 DEBUG [backend.app.services.bambu_mqtt] [[SERIAL]] AMS dict fields: {'ams_exist_bits': '1', 'ams_exist_bits_raw': '1', 'cali_id': 0, 'cali_stat': 0, 'insert_flag': True, 'power_on_flag': False, 'tray_exist_bits': '6', 'tray_is_bbl_bits': '6', 'tray_now': '255', 'tray_pre': '255', 'tray_read_done_bits': '6', 'tray_reading_bits': '0', 'tray_tar': '255', 'unbind_ams_stat': 0, 'version': 2562}
2026-04-29 11:26:43,520 DEBUG [backend.app.services.bambu_mqtt] [[SERIAL]] tray_now updated: 255
2026-04-29 11:26:43,520 DEBUG [backend.app.services.bambu_mqtt] [[SERIAL]] Merged AMS data: 1 new units, 1 total
2026-04-29 11:26:43,520 DEBUG [backend.app.services.bambu_mqtt] [[SERIAL]] AMS 0 info=0x1001 -> extruder 0
2026-04-29 11:26:43,521 DEBUG [backend.app.services.bambu_mqtt] [[SERIAL]] ams_extruder_map: {'0': 0}
2026-04-29 11:26:43,521 DEBUG [backend.app.services.bambu_mqtt] [[SERIAL]] ams_status: 0 (main=0, sub=0)
2026-04-29 11:26:43,521 DEBUG [backend.app.services.bambu_mqtt] [[SERIAL]] Received command response: push_status
2026-04-29 11:26:43,521 DEBUG [backend.app.services.bambu_mqtt] [[SERIAL]] device.extruder.state=1 (switch_state bits 12-14: 0)
2026-04-29 11:26:43,521 DEBUG [backend.app.services.bambu_mqtt] [[SERIAL]] info.temp direct: 26°C (heater OFF)
2026-04-29 11:26:43,521 DEBUG [backend.app.services.bambu_mqtt] [[SERIAL]] ctc_info keys: ['temp']
2026-04-29 11:26:43,521 DEBUG [backend.app.services.bambu_mqtt] [[SERIAL]] Chamber heating calculated: target=0.0, current=26.0, heating=False, respect_local=False
2026-04-29 11:26:43,522 DEBUG [backend.app.services.bambu_mqtt] [[SERIAL]] Chamber temp updated to: 26.0, target: 0.0, heating: False
2026-04-29 11:26:43,522 DEBUG [backend.app.services.bambu_mqtt] [[SERIAL]] HMS data received: []
2026-04-29 11:26:43,522 DEBUG [backend.app.services.bambu_mqtt] [[SERIAL]] ipcam field: {'agora_service': 'disable', 'brtc_service': 'enable', 'bs_state': 0, 'ipcam_dev': '1', 'ipcam_record': 'disable', 'laser_preview_res': 7, 'mode_bits': 2, 'resolution': '720p', 'rtsp_url': 'rtsps://[IP]:322/streaming/live/1', 'timelapse': 'disable', 'tl_store_hpd_type': 2, 'tl_store_path_type': 2, 'tutk_server': 'disable'}
2026-04-29 11:26:43,522 DEBUG [backend.app.services.bambu_mqtt] [[SERIAL]] wifi_signal received: -73dBm
2026-04-29 11:26:43,522 DEBUG [backend.app.services.bambu_mqtt] [[SERIAL]] lights_report: [{'mode': 'on', 'node': 'chamber_light'}, {'mode': 'flashing', 'node': 'work_light'}]
2026-04-29 11:26:43,522 DEBUG [backend.app.services.bambu_mqtt] [[SERIAL]] MQTT mapping field: [1]
2026-04-29 11:26:43,522 DEBUG [backend.app.services.bambu_mqtt] [[SERIAL]] gcode_state: FINISH -> FINISH, file: /data/Metadata/plate_1.gcode, subtask: 04153011 v6
2026-04-29 11:26:43,605 DEBUG [backend.app.services.bambu_mqtt] [[SERIAL]] Found xcam inside print data: {'allow_skip_parts': False, 'buildplate_marker_detector': True, 'cfg': 1772855, 'first_layer_inspector': True, 'halt_print_sensitivity': 'medium', 'print_halt': True, 'printing_monitor': True, 'spaghetti_detector': True}
2026-04-29 11:26:43,605 DEBUG [backend.app.services.bambu_mqtt] [[SERIAL]] Parsing xcam data - all fields: ['allow_skip_parts', 'buildplate_marker_detector', 'cfg', 'first_layer_inspector', 'halt_print_sensitivity', 'print_halt', 'printing_monitor', 'spaghetti_detector']
2026-04-29 11:26:43,605 DEBUG [backend.app.services.bambu_mqtt] [[SERIAL]] xcam cfg bitmask: 1772855 (binary: 0b110110000110100110111)
2026-04-29 11:26:43,605 DEBUG [backend.app.services.bambu_mqtt] [[SERIAL]] Received gcode_state: RUNNING, gcode_file: /data/Metadata/plate_1.gcode, subtask_name: 04011027 v50
2026-04-29 11:26:43,605 DEBUG [backend.app.services.bambu_mqtt] [[SERIAL]] AMS dict fields: {'ams_exist_bits': '13', 'ams_exist_bits_raw': '13', 'cali_id': 255, 'cali_stat': 0, 'insert_flag': True, 'power_on_flag': False, 'tray_exist_bits': '100f7', 'tray_is_bbl_bits': '100f7', 'tray_now': '0', 'tray_pre': '0', 'tray_read_done_bits': '100f7', 'tray_reading_bits': '0', 'tray_tar': '0', 'unbind_ams_stat': 0, 'version': 113605}
2026-04-29 11:26:43,606 DEBUG [backend.app.services.bambu_mqtt] [[SERIAL]] tray_now updated: 0
2026-04-29 11:26:43,606 DEBUG [backend.app.services.bambu_mqtt] [[SERIAL]] Merged AMS data: 3 new units, 3 total
2026-04-29 11:26:43,606 DEBUG [backend.app.services.bambu_mqtt] [[SERIAL]] AMS 0 info=0x1003 -> extruder 0
2026-04-29 11:26:43,606 DEBUG [backend.app.services.bambu_mqtt] [[SERIAL]] AMS 1 info=0x1103 -> extruder 1
2026-04-29 11:26:43,606 DEBUG [backend.app.services.bambu_mqtt] [[SERIAL]] AMS 128 info=0x2104 -> extruder 1
2026-04-29 11:26:43,606 DEBUG [backend.app.services.bambu_mqtt] [[SERIAL]] ams_extruder_map: {'0': 0, '1': 1, '128': 1}
2026-04-29 11:26:43,606 DEBUG [backend.app.services.bambu_mqtt] [[SERIAL]] ams_status: 768 (main=3, sub=0)
2026-04-29 11:26:43,607 DEBUG [backend.app.services.bambu_mqtt] [[SERIAL]] Received command response: push_status
2026-04-29 11:26:43,607 DEBUG [backend.app.services.bambu_mqtt] [[SERIAL]] device.extruder.state=2 (switch_state bits 12-14: 0)
2026-04-29 11:26:43,607 DEBUG [backend.app.services.bambu_mqtt] [[SERIAL]] info.temp encoded: 4259905 -> current=65, decoded_target=65
2026-04-29 11:26:43,607 DEBUG [backend.app.services.bambu_mqtt] [[SERIAL]] ctc_info keys: ['temp']
2026-04-29 11:26:43,607 DEBUG [backend.app.services.bambu_mqtt] [[SERIAL]] Chamber heating calculated: target=65.0, current=65.0, heating=False, respect_local=False
2026-04-29 11:26:43,607 DEBUG [backend.app.services.bambu_mqtt] [[SERIAL]] Chamber temp updated to: 65.0, target: 65.0, heating: False
2026-04-29 11:26:43,607 DEBUG [backend.app.services.bambu_mqtt] [[SERIAL]] HMS data received: [{'attr': 83887616, 'code': 131154}, {'attr': 83887616, 'code': 131078}, {'attr': 83887616, 'code': 131169}, {'attr': 83887616, 'code': 131153}]
2026-04-29 11:26:43,608 DEBUG [backend.app.services.bambu_mqtt] [[SERIAL]] ipcam field: {'agora_service': 'disable', 'brtc_service': 'enable', 'bs_state': 0, 'cap_pic_enable': 'invalid', 'ipcam_dev': '1', 'ipcam_record': 'enable', 'laser_preview_res': 6, 'mode_bits': 2, 'resolution': '1080p', 'rtsp_url': 'rtsps://[IP]:322/streaming/live/1', 'timelapse': 'disable', 'tl_store_hpd_type': 2, 'tl_store_path_type': 2, 'tutk_server': 'disable'}
2026-04-29 11:26:43,608 DEBUG [backend.app.services.bambu_mqtt] [[SERIAL]] wifi_signal received: -67dBm
2026-04-29 11:26:43,608 DEBUG [backend.app.services.bambu_mqtt] [[SERIAL]] lights_report: [{'mode': 'on', 'node': 'chamber_light'}, {'mode': 'flashing', 'node': 'work_light'}, {'mode': 'on', 'node': 'chamber_light2'}]
2026-04-29 11:26:43,608 DEBUG [backend.app.services.bambu_mqtt] [[SERIAL]] MQTT mapping field: [65535, 65535, 65535, 65535, 0]
2026-04-29 11:26:43,608 DEBUG [backend.app.services.bambu_mqtt] [[SERIAL]] gcode_state: RUNNING -> RUNNING, file: /data/Metadata/plate_1.gcode, subtask: 04011027 v50
2026-04-29 11:26:43,625 DEBUG [backend.app.services.bambu_mqtt] [[SERIAL]] Found xcam inside print data: {'allow_skip_parts': False, 'buildplate_marker_detector': True, 'first_layer_inspector': False, 'halt_print_sensitivity': 'medium', 'print_halt': True, 'printing_monitor': True, 'spaghetti_detector': True}
2026-04-29 11:26:43,625 DEBUG [backend.app.services.bambu_mqtt] [[SERIAL]] Parsing xcam data - all fields: ['allow_skip_parts', 'buildplate_marker_detector', 'first_layer_inspector', 'halt_print_sensitivity', 'print_halt', 'printing_monitor', 'spaghetti_detector']
2026-04-29 11:26:43,625 DEBUG [backend.app.services.bambu_mqtt] [[SERIAL]] Received gcode_state: RUNNING, gcode_file: /data/Metadata/plate_1.gcode, subtask_name: 22133021 v1
2026-04-29 11:26:43,625 DEBUG [backend.app.services.bambu_mqtt] [[SERIAL]] AMS dict fields: {'ams_exist_bits': '1', 'ams_exist_bits_raw': '1', 'cali_id': 0, 'cali_stat': 0, 'insert_flag': True, 'power_on_flag': False, 'tray_exist_bits': 'b', 'tray_is_bbl_bits': 'b', 'tray_now': '3', 'tray_pre': '3', 'tray_read_done_bits': 'b', 'tray_reading_bits': '0', 'tray_tar': '3', 'unbind_ams_stat': 0, 'version': 160245}
2026-04-29 11:26:43,625 DEBUG [backend.app.services.bambu_mqtt] [[SERIAL]] tray_now updated: 3
2026-04-29 11:26:43,625 DEBUG [backend.app.services.bambu_mqtt] [[SERIAL]] Merged AMS data: 1 new units, 1 total
2026-04-29 11:26:43,625 DEBUG [backend.app.services.bambu_mqtt] [[SERIAL]] AMS 0 info=0x1001 -> extruder 0
2026-04-29 11:26:43,625 DEBUG [backend.app.services.bambu_mqtt] [[SERIAL]] ams_extruder_map: {'0': 0}
2026-04-29 11:26:43,626 DEBUG [backend.app.services.bambu_mqtt] [[SERIAL]] ams_status: 768 (main=3, sub=0)
2026-04-29 11:26:43,626 DEBUG [backend.app.services.bambu_mqtt] [[SERIAL]] Received command response: push_status
2026-04-29 11:26:43,626 DEBUG [backend.app.services.bambu_mqtt] [[SERIAL]] device.extruder.state=1 (switch_state bits 12-14: 0)
2026-04-29 11:26:43,626 DEBUG [backend.app.services.bambu_mqtt] [[SERIAL]] info.temp direct: 45°C (heater OFF)
2026-04-29 11:26:43,626 DEBUG [backend.app.services.bambu_mqtt] [[SERIAL]] ctc_info keys: ['temp']
2026-04-29 11:26:43,626 DEBUG [backend.app.services.bambu_mqtt] [[SERIAL]] Chamber heating calculated: target=0.0, current=45.0, heating=False, respect_local=False
2026-04-29 11:26:43,626 DEBUG [backend.app.services.bambu_mqtt] [[SERIAL]] Chamber temp updated to: 45.0, target: 0.0, heating: False
2026-04-29 11:26:43,627 DEBUG [backend.app.services.bambu_mqtt] [[SERIAL]] HMS data received: [{'attr': 201326848, 'code': 65540}]
2026-04-29 11:26:43,627 DEBUG [backend.app.services.bambu_mqtt] [[SERIAL]] ipcam field: {'agora_service': 'disable', 'brtc_service': 'enable', 'bs_state': 0, 'ipcam_dev': '1', 'ipcam_record': 'enable', 'laser_preview_res': 7, 'mode_bits': 2, 'resolution': '1080p', 'rtsp_url': 'rtsps://[IP]:322/streaming/live/1', 'timelapse': 'disable', 'tl_store_hpd_type': 2, 'tl_store_path_type': 2, 'tutk_server': 'disable'}
2026-04-29 11:26:43,627 DEBUG [backend.app.services.bambu_mqtt] [[SERIAL]] wifi_signal received: -72dBm
2026-04-29 11:26:43,627 DEBUG [backend.app.services.bambu_mqtt] [[SERIAL]] lights_report: [{'mode': 'on', 'node': 'chamber_light'}, {'mode': 'flashing', 'node': 'work_light'}]
2026-04-29 11:26:43,627 DEBUG [backend.app.services.bambu_mqtt] [[SERIAL]] MQTT mapping field: [3]
2026-04-29 11:26:43,627 DEBUG [backend.app.services.bambu_mqtt] [[SERIAL]] gcode_state: RUNNING -> RUNNING, file: /data/Metadata/plate_1.gcode, subtask: 22133021 v1
2026-04-29 11:26:43,710 DEBUG [backend.app.services.bambu_mqtt] [[SERIAL]] Found xcam inside print data: {'allow_skip_parts': False, 'buildplate_marker_detector': False, 'first_layer_inspector': False, 'halt_print_sensitivity': 'medium', 'print_halt': True, 'printing_monitor': True, 'spaghetti_detector': True}
2026-04-29 11:26:43,710 DEBUG [backend.app.services.bambu_mqtt] [[SERIAL]] Parsing xcam data - all fields: ['allow_skip_parts', 'buildplate_marker_detector', 'first_layer_inspector', 'halt_print_sensitivity', 'print_halt', 'printing_monitor', 'spaghetti_detector']
2026-04-29 11:26:43,710 DEBUG [backend.app.services.bambu_mqtt] [[SERIAL]] Received gcode_state: FINISH, gcode_file: /data/Metadata/plate_1.gcode, subtask_name: Motor_Hole_Spacing_No_Go_Gauge_for_sending
2026-04-29 11:26:43,710 DEBUG [backend.app.services.bambu_mqtt] [[SERIAL]] AMS dict fields: {'ams_exist_bits': '1', 'ams_exist_bits_raw': '1', 'cali_id': 0, 'cali_stat': 0, 'insert_flag': True, 'power_on_flag': False, 'tray_exist_bits': 'f', 'tray_is_bbl_bits': 'f', 'tray_now': '255', 'tray_pre': '255', 'tray_read_done_bits': 'f', 'tray_reading_bits': '0', 'tray_tar': '255', 'unbind_ams_stat': 0, 'version': 30818}
2026-04-29 11:26:43,711 DEBUG [backend.app.services.bambu_mqtt] [[SERIAL]] tray_now updated: 255
2026-04-29 11:26:43,711 DEBUG [backend.app.services.bambu_mqtt] [[SERIAL]] Merged AMS data: 1 new units, 1 total
2026-04-29 11:26:43,711 DEBUG [backend.app.services.bambu_mqtt] [[SERIAL]] AMS 0 info=0x1001 -> extruder 0
2026-04-29 11:26:43,711 DEBUG [backend.app.services.bambu_mqtt] [[SERIAL]] ams_extruder_map: {'0': 0}
2026-04-29 11:26:43,711 DEBUG [backend.app.services.bambu_mqtt] [[SERIAL]] ams_status: 0 (main=0, sub=0)
2026-04-29 11:26:43,711 DEBUG [backend.app.services.bambu_mqtt] [[SERIAL]] Received command response: push_status
2026-04-29 11:26:43,711 DEBUG [backend.app.services.bambu_mqtt] [[SERIAL]] device.extruder.state=1 (switch_state bits 12-14: 0)
2026-04-29 11:26:43,711 DEBUG [backend.app.services.bambu_mqtt] [[SERIAL]] info.temp direct: 26°C (heater OFF)
2026-04-29 11:26:43,712 DEBUG [backend.app.services.bambu_mqtt] [[SERIAL]] ctc_info keys: ['temp']
2026-04-29 11:26:43,712 DEBUG [backend.app.services.bambu_mqtt] [[SERIAL]] Chamber heating calculated: target=0.0, current=26.0, heating=False, respect_local=False
2026-04-29 11:26:43,712 DEBUG [backend.app.services.bambu_mqtt] [[SERIAL]] Chamber temp updated to: 26.0, target: 0.0, heating: False
2026-04-29 11:26:43,712 DEBUG [backend.app.services.bambu_mqtt] [[SERIAL]] HMS data received: []
2026-04-29 11:26:43,712 DEBUG [backend.app.services.bambu_mqtt] [[SERIAL]] ipcam field: {'agora_service': 'disable', 'brtc_service': 'enable', 'bs_state': 0, 'ipcam_dev': '1', 'ipcam_record': 'disable', 'laser_preview_res': 7, 'mode_bits': 2, 'resolution': '720p', 'rtsp_url': 'rtsps://[IP]:322/streaming/live/1', 'timelapse': 'disable', 'tl_store_hpd_type': 2, 'tl_store_path_type': 2, 'tutk_server': 'disable'}
2026-04-29 11:26:43,712 DEBUG [backend.app.services.bambu_mqtt] [[SERIAL]] wifi_signal received: -68dBm
2026-04-29 11:26:43,712 DEBUG [backend.app.services.bambu_mqtt] [[SERIAL]] lights_report: [{'mode': 'on', 'node': 'chamber_light'}, {'mode': 'flashing', 'node': 'work_light'}]
2026-04-29 11:26:43,713 DEBUG [backend.app.services.bambu_mqtt] [[SERIAL]] MQTT mapping field: [65535, 1, 65535, 65535, 0]
2026-04-29 11:26:43,713 DEBUG [backend.app.services.bambu_mqtt] [[SERIAL]] gcode_state: FINISH -> FINISH, file: /data/Metadata/plate_1.gcode, subtask: Motor_Hole_Spacing_No_Go_Gauge_for_sending
2026-04-29 11:26:43,715 DEBUG [backend.app.services.bambu_mqtt] [[SERIAL]] Found xcam inside print data: {'allow_skip_parts': False, 'buildplate_marker_detector': False, 'first_layer_inspector': False, 'halt_print_sensitivity': 'medium', 'print_halt': True, 'printing_monitor': True, 'spaghetti_detector': True}
2026-04-29 11:26:43,715 DEBUG [backend.app.services.bambu_mqtt] [[SERIAL]] Parsing xcam data - all fields: ['allow_skip_parts', 'buildplate_marker_detector', 'first_layer_inspector', 'halt_print_sensitivity', 'print_halt', 'printing_monitor', 'spaghetti_detector']
2026-04-29 11:26:43,715 DEBUG [backend.app.services.bambu_mqtt] [[SERIAL]] Received gcode_state: FINISH, gcode_file: /data/Metadata/plate_1.gcode, subtask_name: 22133021 v1
2026-04-29 11:26:43,715 DEBUG [backend.app.services.bambu_mqtt] [[SERIAL]] AMS dict fields: {'ams_exist_bits': '1', 'ams_exist_bits_raw': '1', 'cali_id': 0, 'cali_stat': 0, 'insert_flag': True, 'power_on_flag': False, 'tray_exist_bits': '9', 'tray_is_bbl_bits': '9', 'tray_now': '255', 'tray_pre': '255', 'tray_read_done_bits': '9', 'tray_reading_bits': '0', 'tray_tar': '255', 'unbind_ams_stat': 0, 'version': 12105}
2026-04-29 11:26:43,715 DEBUG [backend.app.services.bambu_mqtt] [[SERIAL]] tray_now updated: 255
2026-04-29 11:26:43,716 DEBUG [backend.app.services.bambu_mqtt] [[SERIAL]] Merged AMS data: 1 new units, 1 total
2026-04-29 11:26:43,716 DEBUG [backend.app.services.bambu_mqtt] [[SERIAL]] AMS 0 info=0x1001 -> extruder 0
2026-04-29 11:26:43,716 DEBUG [backend.app.services.bambu_mqtt] [[SERIAL]] ams_extruder_map: {'0': 0}
2026-04-29 11:26:43,716 DEBUG [backend.app.services.bambu_mqtt] [[SERIAL]] ams_status: 0 (main=0, sub=0)
2026-04-29 11:26:43,716 DEBUG [backend.app.services.bambu_mqtt] [[SERIAL]] Received command response: push_status
2026-04-29 11:26:43,716 DEBUG [backend.app.services.bambu_mqtt] [[SERIAL]] device.extruder.state=1 (switch_state bits 12-14: 0)
2026-04-29 11:26:43,717 DEBUG [backend.app.services.bambu_mqtt] [[SERIAL]] info.temp direct: 25°C (heater OFF)
2026-04-29 11:26:43,717 DEBUG [backend.app.services.bambu_mqtt] [[SERIAL]] ctc_info keys: ['temp']
2026-04-29 11:26:43,717 DEBUG [backend.app.services.bambu_mqtt] [[SERIAL]] Chamber heating calculated: target=0.0, current=25.0, heating=False, respect_local=False
2026-04-29 11:26:43,717 DEBUG [backend.app.services.bambu_mqtt] [[SERIAL]] Chamber temp updated to: 25.0, target: 0.0, heating: False
2026-04-29 11:26:43,717 DEBUG [backend.app.services.bambu_mqtt] [[SERIAL]] HMS data received: []
2026-04-29 11:26:43,718 DEBUG [backend.app.services.bambu_mqtt] [[SERIAL]] ipcam field: {'agora_service': 'disable', 'brtc_service': 'enable', 'bs_state': 0, 'ipcam_dev': '1', 'ipcam_record': 'enable', 'laser_preview_res': 7, 'mode_bits': 2, 'resolution': '720p', 'rtsp_url': 'rtsps://[IP]:322/streaming/live/1', 'timelapse': 'disable', 'tl_store_hpd_type': 2, 'tl_store_path_type': 2, 'tutk_server': 'disable'}
2026-04-29 11:26:43,718 DEBUG [backend.app.services.bambu_mqtt] [[SERIAL]] wifi_signal received: -76dBm
2026-04-29 11:26:43,718 DEBUG [backend.app.services.bambu_mqtt] [[SERIAL]] lights_report: [{'mode': 'on', 'node': 'chamber_light'}, {'mode': 'flashing', 'node': 'work_light'}]
2026-04-29 11:26:43,718 DEBUG [backend.app.services.bambu_mqtt] [[SERIAL]] MQTT mapping field: [0]
2026-04-29 11:26:43,718 DEBUG [backend.app.services.bambu_mqtt] [[SERIAL]] gcode_state: FINISH -> FINISH, file: /data/Metadata/plate_1.gcode, subtask: 22133021 v1
2026-04-29 11:26:43,903 DEBUG [backend.app.services.bambu_mqtt] [[SERIAL]] Found xcam inside print data: {'allow_skip_parts': False, 'buildplate_marker_detector': False, 'first_layer_inspector': False, 'halt_print_sensitivity': 'medium', 'print_halt': True, 'printing_monitor': False, 'spaghetti_detector': False}
2026-04-29 11:26:43,903 DEBUG [backend.app.services.bambu_mqtt] [[SERIAL]] Parsing xcam data - all fields: ['allow_skip_parts', 'buildplate_marker_detector', 'first_layer_inspector', 'halt_print_sensitivity', 'print_halt', 'printing_monitor', 'spaghetti_detector']
2026-04-29 11:26:43,904 DEBUG [backend.app.services.bambu_mqtt] [[SERIAL]] Received gcode_state: FINISH, gcode_file: /data/Metadata/plate_1.gcode, subtask_name: 22133021 v1
2026-04-29 11:26:43,904 DEBUG [backend.app.services.bambu_mqtt] [[SERIAL]] AMS dict fields: {'ams_exist_bits': '1', 'ams_exist_bits_raw': '1', 'cali_id': 0, 'cali_stat': 0, 'insert_flag': True, 'power_on_flag': False, 'tray_exist_bits': '5', 'tray_is_bbl_bits': '5', 'tray_now': '255', 'tray_pre': '255', 'tray_read_done_bits': '5', 'tray_reading_bits': '0', 'tray_tar': '255', 'unbind_ams_stat': 0, 'version': 16922}
2026-04-29 11:26:43,904 DEBUG [backend.app.services.bambu_mqtt] [[SERIAL]] tray_now updated: 255
2026-04-29 11:26:43,906 DEBUG [backend.app.services.bambu_mqtt] [[SERIAL]] Merged AMS data: 1 new units, 1 total
2026-04-29 11:26:43,906 DEBUG [backend.app.services.bambu_mqtt] [[SERIAL]] AMS 0 info=0x1001 -> extruder 0
2026-04-29 11:26:43,906 DEBUG [backend.app.services.bambu_mqtt] [[SERIAL]] ams_extruder_map: {'0': 0}
2026-04-29 11:26:43,907 DEBUG [backend.app.services.bambu_mqtt] [[SERIAL]] ams_status: 0 (main=0, sub=0)
2026-04-29 11:26:43,907 DEBUG [backend.app.services.bambu_mqtt] [[SERIAL]] Received command response: push_status
2026-04-29 11:26:43,907 DEBUG [backend.app.services.bambu_mqtt] [[SERIAL]] device.extruder.state=1 (switch_state bits 12-14: 0)
2026-04-29 11:26:43,908 DEBUG [backend.app.services.bambu_mqtt] [[SERIAL]] info.temp direct: 26°C (heater OFF)
2026-04-29 11:26:43,909 DEBUG [backend.app.services.bambu_mqtt] [[SERIAL]] ctc_info keys: ['temp']
2026-04-29 11:26:43,910 DEBUG [backend.app.services.bambu_mqtt] [[SERIAL]] Chamber heating calculated: target=0.0, current=26.0, heating=False, respect_local=False
2026-04-29 11:26:43,910 DEBUG [backend.app.services.bambu_mqtt] [[SERIAL]] Chamber temp updated to: 26.0, target: 0.0, heating: False
2026-04-29 11:26:43,910 DEBUG [backend.app.services.bambu_mqtt] [[SERIAL]] HMS data received: []
2026-04-29 11:26:43,910 DEBUG [backend.app.services.bambu_mqtt] [[SERIAL]] ipcam field: {'agora_service': 'disable', 'brtc_service': 'enable', 'bs_state': 0, 'ipcam_dev': '1', 'ipcam_record': 'disable', 'laser_preview_res': 7, 'mode_bits': 2, 'resolution': '720p', 'rtsp_url': 'rtsps://[IP]:322/streaming/live/1', 'timelapse': 'disable', 'tl_store_hpd_type': 2, 'tl_store_path_type': 2, 'tutk_server': 'disable'}
2026-04-29 11:26:43,910 DEBUG [backend.app.services.bambu_mqtt] [[SERIAL]] wifi_signal received: -72dBm
2026-04-29 11:26:43,911 DEBUG [backend.app.services.bambu_mqtt] [[SERIAL]] lights_report: [{'mode': 'on', 'node': 'chamber_light'}, {'mode': 'flashing', 'node': 'work_light'}]
2026-04-29 11:26:43,911 DEBUG [backend.app.services.bambu_mqtt] [[SERIAL]] MQTT mapping field: [0]
2026-04-29 11:26:43,911 DEBUG [backend.app.services.bambu_mqtt] [[SERIAL]] gcode_state: FINISH -> FINISH, file: /data/Metadata/plate_1.gcode, subtask: 22133021 v1
2026-04-29 11:26:44,366 DEBUG [backend.app.services.bambu_mqtt] [[SERIAL]] Found xcam inside print data: {'allow_skip_parts': False, 'buildplate_marker_detector': True, 'cfg': 1772855, 'first_layer_inspector': True, 'halt_print_sensitivity': 'medium', 'print_halt': True, 'printing_monitor': True, 'spaghetti_detector': True}
2026-04-29 11:26:44,367 DEBUG [backend.app.services.bambu_mqtt] [[SERIAL]] Parsing xcam data - all fields: ['allow_skip_parts', 'buildplate_marker_detector', 'cfg', 'first_layer_inspector', 'halt_print_sensitivity', 'print_halt', 'printing_monitor', 'spaghetti_detector']
2026-04-29 11:26:44,367 DEBUG [backend.app.services.bambu_mqtt] [[SERIAL]] xcam cfg bitmask: 1772855 (binary: 0b110110000110100110111)
2026-04-29 11:26:44,367 DEBUG [backend.app.services.bambu_mqtt] [[SERIAL]] Received gcode_state: FINISH, gcode_file: /data/Metadata/plate_1.gcode, subtask_name: 1_on_1_Vapor_Smoothing_v24
2026-04-29 11:26:44,367 DEBUG [backend.app.services.bambu_mqtt] [[SERIAL]] AMS dict fields: {'ams_exist_bits': '3', 'ams_exist_bits_raw': '3', 'cali_id': 255, 'cali_stat': 0, 'insert_flag': True, 'power_on_flag': False, 'tray_exist_bits': 'be', 'tray_hall_out_bits': '0', 'tray_is_bbl_bits': 'be', 'tray_now': '0', 'tray_pre': '0', 'tray_read_done_bits': 'be', 'tray_reading_bits': '0', 'tray_tar': '255', 'unbind_ams_stat': 0, 'version': 55847}
2026-04-29 11:26:44,367 DEBUG [backend.app.services.bambu_mqtt] [[SERIAL]] H2D tray_now: ams.tray_now slot 0 != snow slot -1, using snow value 254
2026-04-29 11:26:44,367 DEBUG [backend.app.services.bambu_mqtt] [[SERIAL]] tray_now updated: 254
2026-04-29 11:26:44,368 DEBUG [backend.app.services.bambu_mqtt] [[SERIAL]] Merged AMS data: 2 new units, 2 total
2026-04-29 11:26:44,368 DEBUG [backend.app.services.bambu_mqtt] [[SERIAL]] AMS 0 info=0x10001003 -> extruder 0
2026-04-29 11:26:44,368 DEBUG [backend.app.services.bambu_mqtt] [[SERIAL]] AMS 1 info=0x10001103 -> extruder 1
2026-04-29 11:26:44,368 DEBUG [backend.app.services.bambu_mqtt] [[SERIAL]] ams_extruder_map: {'0': 0, '1': 1}
2026-04-29 11:26:44,368 DEBUG [backend.app.services.bambu_mqtt] [[SERIAL]] ams_status: 0 (main=0, sub=0)
2026-04-29 11:26:44,368 DEBUG [backend.app.services.bambu_mqtt] [[SERIAL]] Received command response: push_status
2026-04-29 11:26:44,368 DEBUG [backend.app.services.bambu_mqtt] [[SERIAL]] device.extruder.state=2 (switch_state bits 12-14: 0)
2026-04-29 11:26:44,369 DEBUG [backend.app.services.bambu_mqtt] [[SERIAL]] info.temp direct: 26°C (heater OFF)
2026-04-29 11:26:44,369 DEBUG [backend.app.services.bambu_mqtt] [[SERIAL]] ctc_info keys: ['temp']
2026-04-29 11:26:44,369 DEBUG [backend.app.services.bambu_mqtt] [[SERIAL]] Chamber heating calculated: target=0.0, current=26.0, heating=False, respect_local=False
2026-04-29 11:26:44,369 DEBUG [backend.app.services.bambu_mqtt] [[SERIAL]] Chamber temp updated to: 26.0, target: 0.0, heating: False
2026-04-29 11:26:44,369 DEBUG [backend.app.services.bambu_mqtt] [[SERIAL]] HMS data received: [{'attr': 83952640, 'code': 196610}, {'attr': 83952640, 'code': 196612}, {'attr': 83886592, 'code': 196618}, {'attr': 83887360, 'code': 65543}]
2026-04-29 11:26:44,369 DEBUG [backend.app.services.bambu_mqtt] [[SERIAL]] ipcam field: {'agora_service': 'disable', 'brtc_service': 'enable', 'bs_state': 0, 'cap_pic_enable': 'invalid', 'ipcam_dev': '1', 'ipcam_record': 'disable', 'laser_preview_res': 5, 'mode_bits': 2, 'resolution': '1080p', 'rtsp_url': 'rtsps://[IP]:322/streaming/live/1', 'timelapse': 'disable', 'tl_store_hpd_type': 2, 'tl_store_path_type': 2, 'tutk_server': 'disable'}
2026-04-29 11:26:44,370 DEBUG [backend.app.services.bambu_mqtt] [[SERIAL]] wifi_signal received: -73dBm
2026-04-29 11:26:44,370 DEBUG [backend.app.services.bambu_mqtt] [[SERIAL]] lights_report: [{'mode': 'on', 'node': 'chamber_light'}, {'mode': 'flashing', 'node': 'work_light'}, {'mode': 'on', 'node': 'chamber_light2'}]
2026-04-29 11:26:44,370 DEBUG [backend.app.services.bambu_mqtt] [[SERIAL]] MQTT mapping field: [65535, 65535, 65535, 65535, 65280]
2026-04-29 11:26:44,370 DEBUG [backend.app.services.bambu_mqtt] [[SERIAL]] gcode_state: FINISH -> FINISH, file: /data/Metadata/plate_1.gcode, subtask: 1_on_1_Vapor_Smoothing_v24
2026-04-29 11:26:44,434 DEBUG [backend.app.services.bambu_mqtt] [[SERIAL]] Found xcam inside print data: {'allow_skip_parts': False, 'buildplate_marker_detector': False, 'first_layer_inspector': False, 'halt_print_sensitivity': 'medium', 'print_halt': True, 'printing_monitor': True, 'spaghetti_detector': True}
2026-04-29 11:26:44,434 DEBUG [backend.app.services.bambu_mqtt] [[SERIAL]] Parsing xcam data - all fields: ['allow_skip_parts', 'buildplate_marker_detector', 'first_layer_inspector', 'halt_print_sensitivity', 'print_halt', 'printing_monitor', 'spaghetti_detector']
2026-04-29 11:26:44,434 DEBUG [backend.app.services.bambu_mqtt] [[SERIAL]] Received gcode_state: FINISH, gcode_file: /data/Metadata/plate_1.gcode, subtask_name: 24100011 v2
2026-04-29 11:26:44,434 DEBUG [backend.app.services.bambu_mqtt] [[SERIAL]] AMS dict fields: {'ams_exist_bits': '1', 'ams_exist_bits_raw': '1', 'cali_id': 0, 'cali_stat': 0, 'insert_flag': True, 'power_on_flag': False, 'tray_exist_bits': 'd', 'tray_is_bbl_bits': 'd', 'tray_now': '255', 'tray_pre': '255', 'tray_read_done_bits': 'd', 'tray_reading_bits': '0', 'tray_tar': '255', 'unbind_ams_stat': 0, 'version': 1576}
2026-04-29 11:26:44,434 DEBUG [backend.app.services.bambu_mqtt] [[SERIAL]] tray_now updated: 255
2026-04-29 11:26:44,434 DEBUG [backend.app.services.bambu_mqtt] [[SERIAL]] Merged AMS data: 1 new units, 1 total
2026-04-29 11:26:44,434 DEBUG [backend.app.services.bambu_mqtt] [[SERIAL]] AMS 0 info=0x1001 -> extruder 0
2026-04-29 11:26:44,434 DEBUG [backend.app.services.bambu_mqtt] [[SERIAL]] ams_extruder_map: {'0': 0}
2026-04-29 11:26:44,435 DEBUG [backend.app.services.bambu_mqtt] [[SERIAL]] ams_status: 0 (main=0, sub=0)
2026-04-29 11:26:44,435 DEBUG [backend.app.services.bambu_mqtt] [[SERIAL]] Received command response: push_status
2026-04-29 11:26:44,435 DEBUG [backend.app.services.bambu_mqtt] [[SERIAL]] device.extruder.state=1 (switch_state bits 12-14: 0)
2026-04-29 11:26:44,435 DEBUG [backend.app.services.bambu_mqtt] [[SERIAL]] info.temp direct: 26°C (heater OFF)
2026-04-29 11:26:44,435 DEBUG [backend.app.services.bambu_mqtt] [[SERIAL]] ctc_info keys: ['temp']
2026-04-29 11:26:44,435 DEBUG [backend.app.services.bambu_mqtt] [[SERIAL]] Chamber heating calculated: target=0.0, current=26.0, heating=False, respect_local=False
2026-04-29 11:26:44,436 DEBUG [backend.app.services.bambu_mqtt] [[SERIAL]] Chamber temp updated to: 26.0, target: 0.0, heating: False
2026-04-29 11:26:44,436 DEBUG [backend.app.services.bambu_mqtt] [[SERIAL]] HMS data received: []
2026-04-29 11:26:44,436 DEBUG [backend.app.services.bambu_mqtt] [[SERIAL]] ipcam field: {'agora_service': 'disable', 'brtc_service': 'enable', 'bs_state': 0, 'ipcam_dev': '1', 'ipcam_record': 'enable', 'laser_preview_res': 7, 'mode_bits': 2, 'resolution': '720p', 'rtsp_url': 'rtsps://[IP]:322/streaming/live/1', 'timelapse': 'disable', 'tl_store_hpd_type': 2, 'tl_store_path_type': 2, 'tutk_server': 'disable'}
2026-04-29 11:26:44,436 DEBUG [backend.app.services.bambu_mqtt] [[SERIAL]] wifi_signal received: -69dBm
2026-04-29 11:26:44,436 DEBUG [backend.app.services.bambu_mqtt] [[SERIAL]] lights_report: [{'mode': 'on', 'node': 'chamber_light'}, {'mode': 'flashing', 'node': 'work_light'}]
2026-04-29 11:26:44,436 DEBUG [backend.app.services.bambu_mqtt] [[SERIAL]] MQTT mapping field: [65535, 65535, 65535, 0]
2026-04-29 11:26:44,437 DEBUG [backend.app.services.bambu_mqtt] [[SERIAL]] gcode_state: FINISH -> FINISH, file: /data/Metadata/plate_1.gcode, subtask: 24100011 v2
2026-04-29 11:26:44,594 DEBUG [backend.app.services.bambu_mqtt] [[SERIAL]] Found xcam inside print data: {'allow_skip_parts': False, 'buildplate_marker_detector': False, 'first_layer_inspector': False, 'halt_print_sensitivity': 'low', 'print_halt': True, 'printing_monitor': True, 'spaghetti_detector': True}
2026-04-29 11:26:44,594 DEBUG [backend.app.services.bambu_mqtt] [[SERIAL]] Parsing xcam data - all fields: ['allow_skip_parts', 'buildplate_marker_detector', 'first_layer_inspector', 'halt_print_sensitivity', 'print_halt', 'printing_monitor', 'spaghetti_detector']
2026-04-29 11:26:44,594 DEBUG [backend.app.services.bambu_mqtt] [[SERIAL]] Received gcode_state: FINISH, gcode_file: /data/Metadata/plate_1.gcode, subtask_name: 04153011 v6
2026-04-29 11:26:44,594 DEBUG [backend.app.services.bambu_mqtt] [[SERIAL]] AMS dict fields: {'ams_exist_bits': '1', 'ams_exist_bits_raw': '1', 'cali_id': 0, 'cali_stat': 0, 'insert_flag': True, 'power_on_flag': False, 'tray_exist_bits': '6', 'tray_is_bbl_bits': '6', 'tray_now': '255', 'tray_pre': '255', 'tray_read_done_bits': '6', 'tray_reading_bits': '0', 'tray_tar': '255', 'unbind_ams_stat': 0, 'version': 2562}
2026-04-29 11:26:44,595 DEBUG [backend.app.services.bambu_mqtt] [[SERIAL]] tray_now updated: 255
2026-04-29 11:26:44,595 DEBUG [backend.app.services.bambu_mqtt] [[SERIAL]] Merged AMS data: 1 new units, 1 total
2026-04-29 11:26:44,595 DEBUG [backend.app.services.bambu_mqtt] [[SERIAL]] AMS 0 info=0x1001 -> extruder 0
2026-04-29 11:26:44,595 DEBUG [backend.app.services.bambu_mqtt] [[SERIAL]] ams_extruder_map: {'0': 0}
2026-04-29 11:26:44,595 DEBUG [backend.app.services.bambu_mqtt] [[SERIAL]] ams_status: 0 (main=0, sub=0)
2026-04-29 11:26:44,595 DEBUG [backend.app.services.bambu_mqtt] [[SERIAL]] Received command response: push_status
2026-04-29 11:26:44,595 DEBUG [backend.app.services.bambu_mqtt] [[SERIAL]] device.extruder.state=1 (switch_state bits 12-14: 0)
2026-04-29 11:26:44,595 DEBUG [backend.app.services.bambu_mqtt] [[SERIAL]] info.temp direct: 26°C (heater OFF)
2026-04-29 11:26:44,595 DEBUG [backend.app.services.bambu_mqtt] [[SERIAL]] ctc_info keys: ['temp']
2026-04-29 11:26:44,596 DEBUG [backend.app.services.bambu_mqtt] [[SERIAL]] Chamber heating calculated: target=0.0, current=26.0, heating=False, respect_local=False
2026-04-29 11:26:44,596 DEBUG [backend.app.services.bambu_mqtt] [[SERIAL]] Chamber temp updated to: 26.0, target: 0.0, heating: False
2026-04-29 11:26:44,596 DEBUG [backend.app.services.bambu_mqtt] [[SERIAL]] HMS data received: []
2026-04-29 11:26:44,596 DEBUG [backend.app.services.bambu_mqtt] [[SERIAL]] ipcam field: {'agora_service': 'disable', 'brtc_service': 'enable', 'bs_state': 0, 'ipcam_dev': '1', 'ipcam_record': 'disable', 'laser_preview_res': 7, 'mode_bits': 2, 'resolution': '720p', 'rtsp_url': 'rtsps://[IP]:322/streaming/live/1', 'timelapse': 'disable', 'tl_store_hpd_type': 2, 'tl_store_path_type': 2, 'tutk_server': 'disable'}
2026-04-29 11:26:44,596 DEBUG [backend.app.services.bambu_mqtt] [[SERIAL]] wifi_signal received: -73dBm
2026-04-29 11:26:44,596 DEBUG [backend.app.services.bambu_mqtt] [[SERIAL]] lights_report: [{'mode': 'on', 'node': 'chamber_light'}, {'mode': 'flashing', 'node': 'work_light'}]
2026-04-29 11:26:44,597 DEBUG [backend.app.services.bambu_mqtt] [[SERIAL]] MQTT mapping field: [1]
2026-04-29 11:26:44,597 DEBUG [backend.app.services.bambu_mqtt] [[SERIAL]] gcode_state: FINISH -> FINISH, file: /data/Metadata/plate_1.gcode, subtask: 04153011 v6