2026-04-17 21:52:44,457 DEBUG [backend.app.services.bambu_mqtt] [[SERIAL]] ipcam field: {'agora_service': 'disable', 'brtc_service': 'enable', 'bs_state': 0, 'cap_pic_enable': 'invalid', 'ipcam_dev': '1', 'ipcam_record': 'enable', 'laser_preview_res': 7, 'liveview_preview': True, 'mode_bits': 2, 'resolution': '1080p', 'rtsp_url': 'rtsps://[IP]:322/streaming/live/1', 'timelapse': 'disable', 'tl_external_free_kb': 18511296, 'tl_external_total_kb': 30298432, 'tl_internal_free_kb': 962560, 'tl_internal_total_kb': 962560, 'tl_store_hpd_type': 2, 'tl_store_path_type': 2, 'tutk_server': 'disable'}
2026-04-17 21:52:44,457 DEBUG [backend.app.services.bambu_mqtt] [[SERIAL]] wifi_signal received: -68dBm
2026-04-17 21:52:44,457 DEBUG [backend.app.services.bambu_mqtt] [[SERIAL]] lights_report: [{'mode': 'off', 'node': 'chamber_light'}, {'mode': 'flashing', 'node': 'work_light'}]
2026-04-17 21:52:44,457 DEBUG [backend.app.services.bambu_mqtt] [[SERIAL]] MQTT mapping field: [0]
2026-04-17 21:52:44,457 DEBUG [backend.app.services.bambu_mqtt] [[SERIAL]] gcode_state: FINISH -> FINISH, file: /data/Metadata/plate_1.gcode, subtask: 0.2mm layer, 2 walls, 15% infill
2026-04-17 21:52:45,754 DEBUG [backend.app.services.bambu_mqtt] [[SERIAL]] Found xcam inside print data: {'allow_skip_parts': False, 'buildplate_marker_detector': True, 'cfg': 8107735, 'first_layer_inspector': True, 'halt_print_sensitivity': 'medium', 'print_halt': True, 'printing_monitor': True, 'spaghetti_detector': True}
2026-04-17 21:52:45,755 DEBUG [backend.app.services.bambu_mqtt] [[SERIAL]] Parsing xcam data - all fields: ['allow_skip_parts', 'buildplate_marker_detector', 'cfg', 'first_layer_inspector', 'halt_print_sensitivity', 'print_halt', 'printing_monitor', 'spaghetti_detector']
2026-04-17 21:52:45,755 DEBUG [backend.app.services.bambu_mqtt] [[SERIAL]] xcam cfg bitmask: 8107735 (binary: 0b11110111011011011010111)
2026-04-17 21:52:45,755 DEBUG [backend.app.services.bambu_mqtt] [[SERIAL]] Received gcode_state: FINISH, gcode_file: /data/Metadata/plate_1.gcode, subtask_name: 0.2mm layer, 2 walls, 15% infill
2026-04-17 21:52:45,755 DEBUG [backend.app.services.bambu_mqtt] [[SERIAL]] AMS dict fields: {'ams_exist_bits': '1', 'ams_exist_bits_raw': '1', 'cali_id': 255, 'cali_stat': 0, 'cfs': [], 'insert_flag': True, 'power_on_flag': True, 'tray_exist_bits': 'e', 'tray_hall_out_bits': '0', 'tray_is_bbl_bits': 'e', 'tray_now': '255', 'tray_pre': '255', 'tray_read_done_bits': 'e', 'tray_reading_bits': '0', 'tray_tar': '255', 'unbind_ams_stat': 0, 'version': 5587}
2026-04-17 21:52:45,756 DEBUG [backend.app.services.bambu_mqtt] [[SERIAL]] tray_now updated: 255
2026-04-17 21:52:45,756 DEBUG [backend.app.services.bambu_mqtt] [[SERIAL]] Merged AMS data: 1 new units, 1 total
2026-04-17 21:52:45,756 DEBUG [backend.app.services.bambu_mqtt] [[SERIAL]] AMS 0 info=0x10001003 -> extruder 0
2026-04-17 21:52:45,757 DEBUG [backend.app.services.bambu_mqtt] [[SERIAL]] ams_extruder_map: {'0': 0}
2026-04-17 21:52:45,757 DEBUG [backend.app.services.bambu_mqtt] [[SERIAL]] ams_status: 0 (main=0, sub=0)
2026-04-17 21:52:45,757 DEBUG [backend.app.services.bambu_mqtt] [[SERIAL]] Received command response: push_status
2026-04-17 21:52:45,757 DEBUG [backend.app.services.bambu_mqtt] [[SERIAL]] device.extruder.state=1 (switch_state bits 12-14: 0)
2026-04-17 21:52:45,758 DEBUG [backend.app.services.bambu_mqtt] [[SERIAL]] info.temp direct: 30°C (heater OFF)
2026-04-17 21:52:45,758 DEBUG [backend.app.services.bambu_mqtt] [[SERIAL]] ctc_info keys: ['temp']
2026-04-17 21:52:45,758 DEBUG [backend.app.services.bambu_mqtt] [[SERIAL]] Chamber heating calculated: target=0.0, current=30.0, heating=False, respect_local=False
2026-04-17 21:52:45,758 DEBUG [backend.app.services.bambu_mqtt] [[SERIAL]] Chamber temp updated to: 30.0, target: 0.0, heating: False
2026-04-17 21:52:45,758 DEBUG [backend.app.services.bambu_mqtt] [[SERIAL]] HMS data received: [{'attr': 83952640, 'code': 196610, 'ts_boot': 30004, 'ts_unix': '20260414210407'}, {'attr': 83887616, 'code': 131184, 'ts_boot': 101809, 'ts_unix': '20260414210611'}]
2026-04-17 21:52:45,758 DEBUG [backend.app.services.bambu_mqtt] [[SERIAL]] ipcam field: {'agora_service': 'disable', 'brtc_service': 'enable', 'bs_state': 0, 'cap_pic_enable': 'invalid', 'ipcam_dev': '1', 'ipcam_record': 'enable', 'laser_preview_res': 7, 'liveview_preview': True, 'mode_bits': 2, 'resolution': '1080p', 'rtsp_url': 'rtsps://[IP]:322/streaming/live/1', 'timelapse': 'disable', 'tl_external_free_kb': 18511296, 'tl_external_total_kb': 30298432, 'tl_internal_free_kb': 962560, 'tl_internal_total_kb': 962560, 'tl_store_hpd_type': 2, 'tl_store_path_type': 2, 'tutk_server': 'disable'}
2026-04-17 21:52:45,758 DEBUG [backend.app.services.bambu_mqtt] [[SERIAL]] wifi_signal received: -68dBm
2026-04-17 21:52:45,758 DEBUG [backend.app.services.bambu_mqtt] [[SERIAL]] lights_report: [{'mode': 'off', 'node': 'chamber_light'}, {'mode': 'flashing', 'node': 'work_light'}]
2026-04-17 21:52:45,758 DEBUG [backend.app.services.bambu_mqtt] [[SERIAL]] MQTT mapping field: [0]
2026-04-17 21:52:45,758 DEBUG [backend.app.services.bambu_mqtt] [[SERIAL]] gcode_state: FINISH -> FINISH, file: /data/Metadata/plate_1.gcode, subtask: 0.2mm layer, 2 walls, 15% infill
2026-04-17 21:52:47,142 DEBUG [backend.app.services.bambu_mqtt] [[SERIAL]] Found xcam inside print data: {'allow_skip_parts': False, 'buildplate_marker_detector': True, 'cfg': 8107735, 'first_layer_inspector': True, 'halt_print_sensitivity': 'medium', 'print_halt': True, 'printing_monitor': True, 'spaghetti_detector': True}
2026-04-17 21:52:47,142 DEBUG [backend.app.services.bambu_mqtt] [[SERIAL]] Parsing xcam data - all fields: ['allow_skip_parts', 'buildplate_marker_detector', 'cfg', 'first_layer_inspector', 'halt_print_sensitivity', 'print_halt', 'printing_monitor', 'spaghetti_detector']
2026-04-17 21:52:47,142 DEBUG [backend.app.services.bambu_mqtt] [[SERIAL]] xcam cfg bitmask: 8107735 (binary: 0b11110111011011011010111)
2026-04-17 21:52:47,143 DEBUG [backend.app.services.bambu_mqtt] [[SERIAL]] Received gcode_state: FINISH, gcode_file: /data/Metadata/plate_1.gcode, subtask_name: 0.2mm layer, 2 walls, 15% infill
2026-04-17 21:52:47,143 DEBUG [backend.app.services.bambu_mqtt] [[SERIAL]] AMS dict fields: {'ams_exist_bits': '1', 'ams_exist_bits_raw': '1', 'cali_id': 255, 'cali_stat': 0, 'cfs': [], 'insert_flag': True, 'power_on_flag': True, 'tray_exist_bits': 'e', 'tray_hall_out_bits': '0', 'tray_is_bbl_bits': 'e', 'tray_now': '255', 'tray_pre': '255', 'tray_read_done_bits': 'e', 'tray_reading_bits': '0', 'tray_tar': '255', 'unbind_ams_stat': 0, 'version': 5587}
2026-04-17 21:52:47,143 DEBUG [backend.app.services.bambu_mqtt] [[SERIAL]] tray_now updated: 255
2026-04-17 21:52:47,144 DEBUG [backend.app.services.bambu_mqtt] [[SERIAL]] Merged AMS data: 1 new units, 1 total
2026-04-17 21:52:47,144 DEBUG [backend.app.services.bambu_mqtt] [[SERIAL]] AMS 0 info=0x10001003 -> extruder 0
2026-04-17 21:52:47,144 DEBUG [backend.app.services.bambu_mqtt] [[SERIAL]] ams_extruder_map: {'0': 0}
2026-04-17 21:52:47,144 DEBUG [backend.app.services.bambu_mqtt] [[SERIAL]] ams_status: 0 (main=0, sub=0)
2026-04-17 21:52:47,145 DEBUG [backend.app.services.bambu_mqtt] [[SERIAL]] Received command response: push_status
2026-04-17 21:52:47,145 DEBUG [backend.app.services.bambu_mqtt] [[SERIAL]] device.extruder.state=1 (switch_state bits 12-14: 0)
2026-04-17 21:52:47,145 DEBUG [backend.app.services.bambu_mqtt] [[SERIAL]] info.temp direct: 30°C (heater OFF)
2026-04-17 21:52:47,145 DEBUG [backend.app.services.bambu_mqtt] [[SERIAL]] ctc_info keys: ['temp']
2026-04-17 21:52:47,146 DEBUG [backend.app.services.bambu_mqtt] [[SERIAL]] Chamber heating calculated: target=0.0, current=30.0, heating=False, respect_local=False
2026-04-17 21:52:47,146 DEBUG [backend.app.services.bambu_mqtt] [[SERIAL]] Chamber temp updated to: 30.0, target: 0.0, heating: False
2026-04-17 21:52:47,146 DEBUG [backend.app.services.bambu_mqtt] [[SERIAL]] HMS data received: [{'attr': 83952640, 'code': 196610, 'ts_boot': 30004, 'ts_unix': '20260414210407'}, {'attr': 83887616, 'code': 131184, 'ts_boot': 101809, 'ts_unix': '20260414210611'}]
2026-04-17 21:52:47,146 DEBUG [backend.app.services.bambu_mqtt] [[SERIAL]] ipcam field: {'agora_service': 'disable', 'brtc_service': 'enable', 'bs_state': 0, 'cap_pic_enable': 'invalid', 'ipcam_dev': '1', 'ipcam_record': 'enable', 'laser_preview_res': 7, 'liveview_preview': True, 'mode_bits': 2, 'resolution': '1080p', 'rtsp_url': 'rtsps://[IP]:322/streaming/live/1', 'timelapse': 'disable', 'tl_external_free_kb': 18511296, 'tl_external_total_kb': 30298432, 'tl_internal_free_kb': 962560, 'tl_internal_total_kb': 962560, 'tl_store_hpd_type': 2, 'tl_store_path_type': 2, 'tutk_server': 'disable'}
2026-04-17 21:52:47,146 DEBUG [backend.app.services.bambu_mqtt] [[SERIAL]] wifi_signal received: -68dBm
2026-04-17 21:52:47,146 DEBUG [backend.app.services.bambu_mqtt] [[SERIAL]] lights_report: [{'mode': 'off', 'node': 'chamber_light'}, {'mode': 'flashing', 'node': 'work_light'}]
2026-04-17 21:52:47,146 DEBUG [backend.app.services.bambu_mqtt] [[SERIAL]] MQTT mapping field: [0]
2026-04-17 21:52:47,146 DEBUG [backend.app.services.bambu_mqtt] [[SERIAL]] gcode_state: FINISH -> FINISH, file: /data/Metadata/plate_1.gcode, subtask: 0.2mm layer, 2 walls, 15% infill
2026-04-17 21:52:48,389 DEBUG [backend.app.services.bambu_mqtt] [[SERIAL]] Found xcam inside print data: {'allow_skip_parts': False, 'buildplate_marker_detector': True, 'cfg': 8107735, 'first_layer_inspector': True, 'halt_print_sensitivity': 'medium', 'print_halt': True, 'printing_monitor': True, 'spaghetti_detector': True}
2026-04-17 21:52:48,389 DEBUG [backend.app.services.bambu_mqtt] [[SERIAL]] Parsing xcam data - all fields: ['allow_skip_parts', 'buildplate_marker_detector', 'cfg', 'first_layer_inspector', 'halt_print_sensitivity', 'print_halt', 'printing_monitor', 'spaghetti_detector']
2026-04-17 21:52:48,389 DEBUG [backend.app.services.bambu_mqtt] [[SERIAL]] xcam cfg bitmask: 8107735 (binary: 0b11110111011011011010111)
2026-04-17 21:52:48,389 DEBUG [backend.app.services.bambu_mqtt] [[SERIAL]] Received gcode_state: FINISH, gcode_file: /data/Metadata/plate_1.gcode, subtask_name: 0.2mm layer, 2 walls, 15% infill
2026-04-17 21:52:48,389 DEBUG [backend.app.services.bambu_mqtt] [[SERIAL]] AMS dict fields: {'ams_exist_bits': '1', 'ams_exist_bits_raw': '1', 'cali_id': 255, 'cali_stat': 0, 'cfs': [], 'insert_flag': True, 'power_on_flag': True, 'tray_exist_bits': 'e', 'tray_hall_out_bits': '0', 'tray_is_bbl_bits': 'e', 'tray_now': '255', 'tray_pre': '255', 'tray_read_done_bits': 'e', 'tray_reading_bits': '0', 'tray_tar': '255', 'unbind_ams_stat': 0, 'version': 5587}
2026-04-17 21:52:48,389 DEBUG [backend.app.services.bambu_mqtt] [[SERIAL]] tray_now updated: 255
2026-04-17 21:52:48,390 DEBUG [backend.app.services.bambu_mqtt] [[SERIAL]] Merged AMS data: 1 new units, 1 total
2026-04-17 21:52:48,390 DEBUG [backend.app.services.bambu_mqtt] [[SERIAL]] AMS 0 info=0x10001003 -> extruder 0
2026-04-17 21:52:48,390 DEBUG [backend.app.services.bambu_mqtt] [[SERIAL]] ams_extruder_map: {'0': 0}
2026-04-17 21:52:48,390 DEBUG [backend.app.services.bambu_mqtt] [[SERIAL]] ams_status: 0 (main=0, sub=0)
2026-04-17 21:52:48,390 DEBUG [backend.app.services.bambu_mqtt] [[SERIAL]] Received command response: push_status
2026-04-17 21:52:48,390 DEBUG [backend.app.services.bambu_mqtt] [[SERIAL]] device.extruder.state=1 (switch_state bits 12-14: 0)
2026-04-17 21:52:48,390 DEBUG [backend.app.services.bambu_mqtt] [[SERIAL]] info.temp direct: 30°C (heater OFF)
2026-04-17 21:52:48,390 DEBUG [backend.app.services.bambu_mqtt] [[SERIAL]] ctc_info keys: ['temp']
2026-04-17 21:52:48,390 DEBUG [backend.app.services.bambu_mqtt] [[SERIAL]] Chamber heating calculated: target=0.0, current=30.0, heating=False, respect_local=False
2026-04-17 21:52:48,390 DEBUG [backend.app.services.bambu_mqtt] [[SERIAL]] Chamber temp updated to: 30.0, target: 0.0, heating: False
2026-04-17 21:52:48,390 DEBUG [backend.app.services.bambu_mqtt] [[SERIAL]] HMS data received: [{'attr': 83952640, 'code': 196610, 'ts_boot': 30004, 'ts_unix': '20260414210407'}, {'attr': 83887616, 'code': 131184, 'ts_boot': 101809, 'ts_unix': '20260414210611'}]
2026-04-17 21:52:48,390 DEBUG [backend.app.services.bambu_mqtt] [[SERIAL]] ipcam field: {'agora_service': 'disable', 'brtc_service': 'enable', 'bs_state': 0, 'cap_pic_enable': 'invalid', 'ipcam_dev': '1', 'ipcam_record': 'enable', 'laser_preview_res': 7, 'liveview_preview': True, 'mode_bits': 2, 'resolution': '1080p', 'rtsp_url': 'rtsps://[IP]:322/streaming/live/1', 'timelapse': 'disable', 'tl_external_free_kb': 18511296, 'tl_external_total_kb': 30298432, 'tl_internal_free_kb': 962560, 'tl_internal_total_kb': 962560, 'tl_store_hpd_type': 2, 'tl_store_path_type': 2, 'tutk_server': 'disable'}
2026-04-17 21:52:48,390 DEBUG [backend.app.services.bambu_mqtt] [[SERIAL]] wifi_signal received: -68dBm
2026-04-17 21:52:48,390 DEBUG [backend.app.services.bambu_mqtt] [[SERIAL]] lights_report: [{'mode': 'off', 'node': 'chamber_light'}, {'mode': 'flashing', 'node': 'work_light'}]
2026-04-17 21:52:48,390 DEBUG [backend.app.services.bambu_mqtt] [[SERIAL]] MQTT mapping field: [0]
2026-04-17 21:52:48,391 DEBUG [backend.app.services.bambu_mqtt] [[SERIAL]] gcode_state: FINISH -> FINISH, file: /data/Metadata/plate_1.gcode, subtask: 0.2mm layer, 2 walls, 15% infill
2026-04-17 21:52:48,707 DEBUG [backend.app.api.routes.library] Failed to extract metadata from external 3mf /nas/123.3mf: 'ThreeMFParser' object has no attribute 'extract_thumbnail'
2026-04-17 21:52:48,709 ERROR [sqlalchemy.pool.impl.AsyncAdaptedQueuePool] Exception terminating connection <AdaptedConnection <aiosqlite.core.Connection object at 0x7fde653582d0>>
Traceback (most recent call last):
  File "/usr/local/lib/python3.13/site-packages/sqlalchemy/pool/base.py", line 373, in _close_connection
    self._dialect.do_terminate(connection)
    ~~~~~~~~~~~~~~~~~~~~~~~~~~^^^^^^^^^^^^
  File "/usr/local/lib/python3.13/site-packages/sqlalchemy/dialects/sqlite/aiosqlite.py", line 479, in do_terminate
    dbapi_connection.terminate()
    ~~~~~~~~~~~~~~~~~~~~~~~~~~^^
  File "/usr/local/lib/python3.13/site-packages/sqlalchemy/connectors/asyncio.py", line 402, in terminate
    self.await_(asyncio.shield(self._terminate_graceful_close()))  # type: ignore[attr-defined] # noqa: E501
    ~~~~~~~~~~~^^^^^^^^^^^^^^^^^^^^^^^^^^^^^^^^^^^^^^^^^^^^^^^^^^
  File "/usr/local/lib/python3.13/site-packages/sqlalchemy/util/_concurrency_py3k.py", line 132, in await_only
    return current.parent.switch(awaitable)  # type: ignore[no-any-return,attr-defined] # noqa: E501
           ~~~~~~~~~~~~~~~~~~~~~^^^^^^^^^^^
  File "/usr/local/lib/python3.13/site-packages/sqlalchemy/util/_concurrency_py3k.py", line 196, in greenlet_spawn
    value = await result
            ^^^^^^^^^^^^
asyncio.exceptions.CancelledError: Cancelled via cancel scope 7fde173ed790 by <Task pending name='Task-7389' coro=<RequestResponseCycle.run_asgi() running at /usr/local/lib/python3.13/site-packages/uvicorn/protocols/http/httptools_impl.py:416> cb=[set.discard()]>
2026-04-17 21:52:49,655 DEBUG [backend.app.services.bambu_mqtt] [[SERIAL]] Found xcam inside print data: {'allow_skip_parts': False, 'buildplate_marker_detector': True, 'cfg': 8107735, 'first_layer_inspector': True, 'halt_print_sensitivity': 'medium', 'print_halt': True, 'printing_monitor': True, 'spaghetti_detector': True}
2026-04-17 21:52:49,655 DEBUG [backend.app.services.bambu_mqtt] [[SERIAL]] Parsing xcam data - all fields: ['allow_skip_parts', 'buildplate_marker_detector', 'cfg', 'first_layer_inspector', 'halt_print_sensitivity', 'print_halt', 'printing_monitor', 'spaghetti_detector']
2026-04-17 21:52:49,655 DEBUG [backend.app.services.bambu_mqtt] [[SERIAL]] xcam cfg bitmask: 8107735 (binary: 0b11110111011011011010111)
2026-04-17 21:52:49,655 DEBUG [backend.app.services.bambu_mqtt] [[SERIAL]] Received gcode_state: FINISH, gcode_file: /data/Metadata/plate_1.gcode, subtask_name: 0.2mm layer, 2 walls, 15% infill
2026-04-17 21:52:49,656 DEBUG [backend.app.services.bambu_mqtt] [[SERIAL]] AMS dict fields: {'ams_exist_bits': '1', 'ams_exist_bits_raw': '1', 'cali_id': 255, 'cali_stat': 0, 'cfs': [], 'insert_flag': True, 'power_on_flag': True, 'tray_exist_bits': 'e', 'tray_hall_out_bits': '0', 'tray_is_bbl_bits': 'e', 'tray_now': '255', 'tray_pre': '255', 'tray_read_done_bits': 'e', 'tray_reading_bits': '0', 'tray_tar': '255', 'unbind_ams_stat': 0, 'version': 5587}
2026-04-17 21:52:49,656 DEBUG [backend.app.services.bambu_mqtt] [[SERIAL]] tray_now updated: 255
2026-04-17 21:52:49,656 DEBUG [backend.app.services.bambu_mqtt] [[SERIAL]] Merged AMS data: 1 new units, 1 total
2026-04-17 21:52:49,656 DEBUG [backend.app.services.bambu_mqtt] [[SERIAL]] AMS 0 info=0x10001003 -> extruder 0
2026-04-17 21:52:49,656 DEBUG [backend.app.services.bambu_mqtt] [[SERIAL]] ams_extruder_map: {'0': 0}
2026-04-17 21:52:49,657 DEBUG [backend.app.services.bambu_mqtt] [[SERIAL]] ams_status: 0 (main=0, sub=0)
2026-04-17 21:52:49,657 DEBUG [backend.app.services.bambu_mqtt] [[SERIAL]] Received command response: push_status
2026-04-17 21:52:49,657 DEBUG [backend.app.services.bambu_mqtt] [[SERIAL]] device.extruder.state=1 (switch_state bits 12-14: 0)
2026-04-17 21:52:49,657 DEBUG [backend.app.services.bambu_mqtt] [[SERIAL]] info.temp direct: 30°C (heater OFF)
2026-04-17 21:52:49,657 DEBUG [backend.app.services.bambu_mqtt] [[SERIAL]] ctc_info keys: ['temp']
2026-04-17 21:52:49,658 DEBUG [backend.app.services.bambu_mqtt] [[SERIAL]] Chamber heating calculated: target=0.0, current=30.0, heating=False, respect_local=False
2026-04-17 21:52:49,658 DEBUG [backend.app.services.bambu_mqtt] [[SERIAL]] Chamber temp updated to: 30.0, target: 0.0, heating: False
2026-04-17 21:52:49,658 DEBUG [backend.app.services.bambu_mqtt] [[SERIAL]] HMS data received: [{'attr': 83952640, 'code': 196610, 'ts_boot': 30004, 'ts_unix': '20260414210407'}, {'attr': 83887616, 'code': 131184, 'ts_boot': 101809, 'ts_unix': '20260414210611'}]
2026-04-17 21:52:49,658 DEBUG [backend.app.services.bambu_mqtt] [[SERIAL]] ipcam field: {'agora_service': 'disable', 'brtc_service': 'enable', 'bs_state': 0, 'cap_pic_enable': 'invalid', 'ipcam_dev': '1', 'ipcam_record': 'enable', 'laser_preview_res': 7, 'liveview_preview': True, 'mode_bits': 2, 'resolution': '1080p', 'rtsp_url': 'rtsps://[IP]:322/streaming/live/1', 'timelapse': 'disable', 'tl_external_free_kb': 18511296, 'tl_external_total_kb': 30298432, 'tl_internal_free_kb': 962560, 'tl_internal_total_kb': 962560, 'tl_store_hpd_type': 2, 'tl_store_path_type': 2, 'tutk_server': 'disable'}
2026-04-17 21:52:49,658 DEBUG [backend.app.services.bambu_mqtt] [[SERIAL]] wifi_signal received: -68dBm
2026-04-17 21:52:49,659 DEBUG [backend.app.services.bambu_mqtt] [[SERIAL]] lights_report: [{'mode': 'off', 'node': 'chamber_light'}, {'mode': 'flashing', 'node': 'work_light'}]
2026-04-17 21:52:49,659 DEBUG [backend.app.services.bambu_mqtt] [[SERIAL]] MQTT mapping field: [0]
2026-04-17 21:52:49,659 DEBUG [backend.app.services.bambu_mqtt] [[SERIAL]] gcode_state: FINISH -> FINISH, file: /data/Metadata/plate_1.gcode, subtask: 0.2mm layer, 2 walls, 15% infill
2026-04-17 21:52:51,178 DEBUG [backend.app.services.bambu_mqtt] [[SERIAL]] Found xcam inside print data: {'allow_skip_parts': False, 'buildplate_marker_detector': True, 'cfg': 8107735, 'first_layer_inspector': True, 'halt_print_sensitivity': 'medium', 'print_halt': True, 'printing_monitor': True, 'spaghetti_detector': True}
2026-04-17 21:52:51,178 DEBUG [backend.app.services.bambu_mqtt] [[SERIAL]] Parsing xcam data - all fields: ['allow_skip_parts', 'buildplate_marker_detector', 'cfg', 'first_layer_inspector', 'halt_print_sensitivity', 'print_halt', 'printing_monitor', 'spaghetti_detector']
2026-04-17 21:52:51,178 DEBUG [backend.app.services.bambu_mqtt] [[SERIAL]] xcam cfg bitmask: 8107735 (binary: 0b11110111011011011010111)
2026-04-17 21:52:51,178 DEBUG [backend.app.services.bambu_mqtt] [[SERIAL]] Received gcode_state: FINISH, gcode_file: /data/Metadata/plate_1.gcode, subtask_name: 0.2mm layer, 2 walls, 15% infill
2026-04-17 21:52:51,178 DEBUG [backend.app.services.bambu_mqtt] [[SERIAL]] AMS dict fields: {'ams_exist_bits': '1', 'ams_exist_bits_raw': '1', 'cali_id': 255, 'cali_stat': 0, 'cfs': [], 'insert_flag': True, 'power_on_flag': True, 'tray_exist_bits': 'e', 'tray_hall_out_bits': '0', 'tray_is_bbl_bits': 'e', 'tray_now': '255', 'tray_pre': '255', 'tray_read_done_bits': 'e', 'tray_reading_bits': '0', 'tray_tar': '255', 'unbind_ams_stat': 0, 'version': 5587}
2026-04-17 21:52:51,179 DEBUG [backend.app.services.bambu_mqtt] [[SERIAL]] tray_now updated: 255
2026-04-17 21:52:51,179 DEBUG [backend.app.services.bambu_mqtt] [[SERIAL]] Merged AMS data: 1 new units, 1 total
2026-04-17 21:52:51,179 DEBUG [backend.app.services.bambu_mqtt] [[SERIAL]] AMS 0 info=0x10001003 -> extruder 0
2026-04-17 21:52:51,179 DEBUG [backend.app.services.bambu_mqtt] [[SERIAL]] ams_extruder_map: {'0': 0}
2026-04-17 21:52:51,179 DEBUG [backend.app.services.bambu_mqtt] [[SERIAL]] ams_status: 0 (main=0, sub=0)
2026-04-17 21:52:51,179 DEBUG [backend.app.services.bambu_mqtt] [[SERIAL]] Received command response: push_status
2026-04-17 21:52:51,180 DEBUG [backend.app.services.bambu_mqtt] [[SERIAL]] device.extruder.state=1 (switch_state bits 12-14: 0)
2026-04-17 21:52:51,180 DEBUG [backend.app.services.bambu_mqtt] [[SERIAL]] info.temp direct: 30°C (heater OFF)
2026-04-17 21:52:51,180 DEBUG [backend.app.services.bambu_mqtt] [[SERIAL]] ctc_info keys: ['temp']
2026-04-17 21:52:51,180 DEBUG [backend.app.services.bambu_mqtt] [[SERIAL]] Chamber heating calculated: target=0.0, current=30.0, heating=False, respect_local=False
2026-04-17 21:52:51,180 DEBUG [backend.app.services.bambu_mqtt] [[SERIAL]] Chamber temp updated to: 30.0, target: 0.0, heating: False
2026-04-17 21:52:51,181 DEBUG [backend.app.services.bambu_mqtt] [[SERIAL]] HMS data received: [{'attr': 83952640, 'code': 196610, 'ts_boot': 30004, 'ts_unix': '20260414210407'}, {'attr': 83887616, 'code': 131184, 'ts_boot': 101809, 'ts_unix': '20260414210611'}]
2026-04-17 21:52:51,181 DEBUG [backend.app.services.bambu_mqtt] [[SERIAL]] ipcam field: {'agora_service': 'disable', 'brtc_service': 'enable', 'bs_state': 0, 'cap_pic_enable': 'invalid', 'ipcam_dev': '1', 'ipcam_record': 'enable', 'laser_preview_res': 7, 'liveview_preview': True, 'mode_bits': 2, 'resolution': '1080p', 'rtsp_url': 'rtsps://[IP]:322/streaming/live/1', 'timelapse': 'disable', 'tl_external_free_kb': 18511296, 'tl_external_total_kb': 30298432, 'tl_internal_free_kb': 962560, 'tl_internal_total_kb': 962560, 'tl_store_hpd_type': 2, 'tl_store_path_type': 2, 'tutk_server': 'disable'}
2026-04-17 21:52:51,181 DEBUG [backend.app.services.bambu_mqtt] [[SERIAL]] wifi_signal received: -68dBm
2026-04-17 21:52:51,181 DEBUG [backend.app.services.bambu_mqtt] [[SERIAL]] lights_report: [{'mode': 'off', 'node': 'chamber_light'}, {'mode': 'flashing', 'node': 'work_light'}]
2026-04-17 21:52:51,181 DEBUG [backend.app.services.bambu_mqtt] [[SERIAL]] MQTT mapping field: [0]
2026-04-17 21:52:51,182 DEBUG [backend.app.services.bambu_mqtt] [[SERIAL]] gcode_state: FINISH -> FINISH, file: /data/Metadata/plate_1.gcode, subtask: 0.2mm layer, 2 walls, 15% infill
2026-04-17 21:52:52,663 DEBUG [backend.app.services.bambu_mqtt] [[SERIAL]] Found xcam inside print data: {'allow_skip_parts': False, 'buildplate_marker_detector': True, 'cfg': 8107735, 'first_layer_inspector': True, 'halt_print_sensitivity': 'medium', 'print_halt': True, 'printing_monitor': True, 'spaghetti_detector': True}
2026-04-17 21:52:52,663 DEBUG [backend.app.services.bambu_mqtt] [[SERIAL]] Parsing xcam data - all fields: ['allow_skip_parts', 'buildplate_marker_detector', 'cfg', 'first_layer_inspector', 'halt_print_sensitivity', 'print_halt', 'printing_monitor', 'spaghetti_detector']
2026-04-17 21:52:52,663 DEBUG [backend.app.services.bambu_mqtt] [[SERIAL]] xcam cfg bitmask: 8107735 (binary: 0b11110111011011011010111)
2026-04-17 21:52:52,663 DEBUG [backend.app.services.bambu_mqtt] [[SERIAL]] Received gcode_state: FINISH, gcode_file: /data/Metadata/plate_1.gcode, subtask_name: 0.2mm layer, 2 walls, 15% infill
2026-04-17 21:52:52,663 DEBUG [backend.app.services.bambu_mqtt] [[SERIAL]] AMS dict fields: {'ams_exist_bits': '1', 'ams_exist_bits_raw': '1', 'cali_id': 255, 'cali_stat': 0, 'cfs': [], 'insert_flag': True, 'power_on_flag': True, 'tray_exist_bits': 'e', 'tray_hall_out_bits': '0', 'tray_is_bbl_bits': 'e', 'tray_now': '255', 'tray_pre': '255', 'tray_read_done_bits': 'e', 'tray_reading_bits': '0', 'tray_tar': '255', 'unbind_ams_stat': 0, 'version': 5587}
2026-04-17 21:52:52,663 DEBUG [backend.app.services.bambu_mqtt] [[SERIAL]] tray_now updated: 255
2026-04-17 21:52:52,663 DEBUG [backend.app.services.bambu_mqtt] [[SERIAL]] Merged AMS data: 1 new units, 1 total
2026-04-17 21:52:52,664 DEBUG [backend.app.services.bambu_mqtt] [[SERIAL]] AMS 0 info=0x10001003 -> extruder 0
2026-04-17 21:52:52,664 DEBUG [backend.app.services.bambu_mqtt] [[SERIAL]] ams_extruder_map: {'0': 0}
2026-04-17 21:52:52,664 DEBUG [backend.app.services.bambu_mqtt] [[SERIAL]] ams_status: 0 (main=0, sub=0)
2026-04-17 21:52:52,664 DEBUG [backend.app.services.bambu_mqtt] [[SERIAL]] Received command response: push_status
2026-04-17 21:52:52,664 DEBUG [backend.app.services.bambu_mqtt] [[SERIAL]] device.extruder.state=1 (switch_state bits 12-14: 0)
2026-04-17 21:52:52,664 DEBUG [backend.app.services.bambu_mqtt] [[SERIAL]] info.temp direct: 30°C (heater OFF)
2026-04-17 21:52:52,664 DEBUG [backend.app.services.bambu_mqtt] [[SERIAL]] ctc_info keys: ['temp']
2026-04-17 21:52:52,664 DEBUG [backend.app.services.bambu_mqtt] [[SERIAL]] Chamber heating calculated: target=0.0, current=30.0, heating=False, respect_local=False
2026-04-17 21:52:52,664 DEBUG [backend.app.services.bambu_mqtt] [[SERIAL]] Chamber temp updated to: 30.0, target: 0.0, heating: False
2026-04-17 21:52:52,664 DEBUG [backend.app.services.bambu_mqtt] [[SERIAL]] HMS data received: [{'attr': 83952640, 'code': 196610, 'ts_boot': 30004, 'ts_unix': '20260414210407'}, {'attr': 83887616, 'code': 131184, 'ts_boot': 101809, 'ts_unix': '20260414210611'}]
2026-04-17 21:52:52,664 DEBUG [backend.app.services.bambu_mqtt] [[SERIAL]] ipcam field: {'agora_service': 'disable', 'brtc_service': 'enable', 'bs_state': 0, 'cap_pic_enable': 'invalid', 'ipcam_dev': '1', 'ipcam_record': 'enable', 'laser_preview_res': 7, 'liveview_preview': True, 'mode_bits': 2, 'resolution': '1080p', 'rtsp_url': 'rtsps://[IP]:322/streaming/live/1', 'timelapse': 'disable', 'tl_external_free_kb': 18511296, 'tl_external_total_kb': 30298432, 'tl_internal_free_kb': 962560, 'tl_internal_total_kb': 962560, 'tl_store_hpd_type': 2, 'tl_store_path_type': 2, 'tutk_server': 'disable'}
2026-04-17 21:52:52,664 DEBUG [backend.app.services.bambu_mqtt] [[SERIAL]] wifi_signal received: -68dBm
2026-04-17 21:52:52,664 DEBUG [backend.app.services.bambu_mqtt] [[SERIAL]] lights_report: [{'mode': 'off', 'node': 'chamber_light'}, {'mode': 'flashing', 'node': 'work_light'}]
2026-04-17 21:52:52,664 DEBUG [backend.app.services.bambu_mqtt] [[SERIAL]] MQTT mapping field: [0]
2026-04-17 21:52:52,664 DEBUG [backend.app.services.bambu_mqtt] [[SERIAL]] gcode_state: FINISH -> FINISH, file: /data/Metadata/plate_1.gcode, subtask: 0.2mm layer, 2 walls, 15% infill
2026-04-17 21:52:53,918 DEBUG [backend.app.services.bambu_mqtt] [[SERIAL]] Found xcam inside print data: {'allow_skip_parts': False, 'buildplate_marker_detector': True, 'cfg': 8107735, 'first_layer_inspector': True, 'halt_print_sensitivity': 'medium', 'print_halt': True, 'printing_monitor': True, 'spaghetti_detector': True}
2026-04-17 21:52:53,918 DEBUG [backend.app.services.bambu_mqtt] [[SERIAL]] Parsing xcam data - all fields: ['allow_skip_parts', 'buildplate_marker_detector', 'cfg', 'first_layer_inspector', 'halt_print_sensitivity', 'print_halt', 'printing_monitor', 'spaghetti_detector']
2026-04-17 21:52:53,918 DEBUG [backend.app.services.bambu_mqtt] [[SERIAL]] xcam cfg bitmask: 8107735 (binary: 0b11110111011011011010111)
2026-04-17 21:52:53,918 DEBUG [backend.app.services.bambu_mqtt] [[SERIAL]] Received gcode_state: FINISH, gcode_file: /data/Metadata/plate_1.gcode, subtask_name: 0.2mm layer, 2 walls, 15% infill
2026-04-17 21:52:53,918 DEBUG [backend.app.services.bambu_mqtt] [[SERIAL]] AMS dict fields: {'ams_exist_bits': '1', 'ams_exist_bits_raw': '1', 'cali_id': 255, 'cali_stat': 0, 'cfs': [], 'insert_flag': True, 'power_on_flag': True, 'tray_exist_bits': 'e', 'tray_hall_out_bits': '0', 'tray_is_bbl_bits': 'e', 'tray_now': '255', 'tray_pre': '255', 'tray_read_done_bits': 'e', 'tray_reading_bits': '0', 'tray_tar': '255', 'unbind_ams_stat': 0, 'version': 5587}
2026-04-17 21:52:53,918 DEBUG [backend.app.services.bambu_mqtt] [[SERIAL]] tray_now updated: 255
2026-04-17 21:52:53,918 DEBUG [backend.app.services.bambu_mqtt] [[SERIAL]] Merged AMS data: 1 new units, 1 total
2026-04-17 21:52:53,919 DEBUG [backend.app.services.bambu_mqtt] [[SERIAL]] AMS 0 info=0x10001003 -> extruder 0
2026-04-17 21:52:53,919 DEBUG [backend.app.services.bambu_mqtt] [[SERIAL]] ams_extruder_map: {'0': 0}
2026-04-17 21:52:53,919 DEBUG [backend.app.services.bambu_mqtt] [[SERIAL]] ams_status: 0 (main=0, sub=0)
2026-04-17 21:52:53,919 DEBUG [backend.app.services.bambu_mqtt] [[SERIAL]] Received command response: push_status
2026-04-17 21:52:53,919 DEBUG [backend.app.services.bambu_mqtt] [[SERIAL]] device.extruder.state=1 (switch_state bits 12-14: 0)
2026-04-17 21:52:53,919 DEBUG [backend.app.services.bambu_mqtt] [[SERIAL]] info.temp direct: 30°C (heater OFF)
2026-04-17 21:52:53,919 DEBUG [backend.app.services.bambu_mqtt] [[SERIAL]] ctc_info keys: ['temp']
2026-04-17 21:52:53,919 DEBUG [backend.app.services.bambu_mqtt] [[SERIAL]] Chamber heating calculated: target=0.0, current=30.0, heating=False, respect_local=False
2026-04-17 21:52:53,919 DEBUG [backend.app.services.bambu_mqtt] [[SERIAL]] Chamber temp updated to: 30.0, target: 0.0, heating: False
2026-04-17 21:52:53,919 DEBUG [backend.app.services.bambu_mqtt] [[SERIAL]] HMS data received: [{'attr': 83952640, 'code': 196610, 'ts_boot': 30004, 'ts_unix': '20260414210407'}, {'attr': 83887616, 'code': 131184, 'ts_boot': 101809, 'ts_unix': '20260414210611'}]
2026-04-17 21:52:53,919 DEBUG [backend.app.services.bambu_mqtt] [[SERIAL]] ipcam field: {'agora_service': 'disable', 'brtc_service': 'enable', 'bs_state': 0, 'cap_pic_enable': 'invalid', 'ipcam_dev': '1', 'ipcam_record': 'enable', 'laser_preview_res': 7, 'liveview_preview': True, 'mode_bits': 2, 'resolution': '1080p', 'rtsp_url': 'rtsps://[IP]:322/streaming/live/1', 'timelapse': 'disable', 'tl_external_free_kb': 18511296, 'tl_external_total_kb': 30298432, 'tl_internal_free_kb': 962560, 'tl_internal_total_kb': 962560, 'tl_store_hpd_type': 2, 'tl_store_path_type': 2, 'tutk_server': 'disable'}
2026-04-17 21:52:53,919 DEBUG [backend.app.services.bambu_mqtt] [[SERIAL]] wifi_signal received: -68dBm
2026-04-17 21:52:53,919 DEBUG [backend.app.services.bambu_mqtt] [[SERIAL]] lights_report: [{'mode': 'off', 'node': 'chamber_light'}, {'mode': 'flashing', 'node': 'work_light'}]
2026-04-17 21:52:53,919 DEBUG [backend.app.services.bambu_mqtt] [[SERIAL]] MQTT mapping field: [0]
2026-04-17 21:52:53,920 DEBUG [backend.app.services.bambu_mqtt] [[SERIAL]] gcode_state: FINISH -> FINISH, file: /data/Metadata/plate_1.gcode, subtask: 0.2mm layer, 2 walls, 15% infill
2026-04-17 21:52:55,168 DEBUG [backend.app.services.bambu_mqtt] [[SERIAL]] Found xcam inside print data: {'allow_skip_parts': False, 'buildplate_marker_detector': True, 'cfg': 8107735, 'first_layer_inspector': True, 'halt_print_sensitivity': 'medium', 'print_halt': True, 'printing_monitor': True, 'spaghetti_detector': True}
2026-04-17 21:52:55,168 DEBUG [backend.app.services.bambu_mqtt] [[SERIAL]] Parsing xcam data - all fields: ['allow_skip_parts', 'buildplate_marker_detector', 'cfg', 'first_layer_inspector', 'halt_print_sensitivity', 'print_halt', 'printing_monitor', 'spaghetti_detector']
2026-04-17 21:52:55,168 DEBUG [backend.app.services.bambu_mqtt] [[SERIAL]] xcam cfg bitmask: 8107735 (binary: 0b11110111011011011010111)
2026-04-17 21:52:55,169 DEBUG [backend.app.services.bambu_mqtt] [[SERIAL]] Received gcode_state: FINISH, gcode_file: /data/Metadata/plate_1.gcode, subtask_name: 0.2mm layer, 2 walls, 15% infill
2026-04-17 21:52:55,169 DEBUG [backend.app.services.bambu_mqtt] [[SERIAL]] AMS dict fields: {'ams_exist_bits': '1', 'ams_exist_bits_raw': '1', 'cali_id': 255, 'cali_stat': 0, 'cfs': [], 'insert_flag': True, 'power_on_flag': True, 'tray_exist_bits': 'e', 'tray_hall_out_bits': '0', 'tray_is_bbl_bits': 'e', 'tray_now': '255', 'tray_pre': '255', 'tray_read_done_bits': 'e', 'tray_reading_bits': '0', 'tray_tar': '255', 'unbind_ams_stat': 0, 'version': 5587}
2026-04-17 21:52:55,169 DEBUG [backend.app.services.bambu_mqtt] [[SERIAL]] tray_now updated: 255
2026-04-17 21:52:55,169 DEBUG [backend.app.services.bambu_mqtt] [[SERIAL]] Merged AMS data: 1 new units, 1 total
2026-04-17 21:52:55,170 DEBUG [backend.app.services.bambu_mqtt] [[SERIAL]] AMS 0 info=0x10001003 -> extruder 0
2026-04-17 21:52:55,170 DEBUG [backend.app.services.bambu_mqtt] [[SERIAL]] ams_extruder_map: {'0': 0}
2026-04-17 21:52:55,170 DEBUG [backend.app.services.bambu_mqtt] [[SERIAL]] ams_status: 0 (main=0, sub=0)
2026-04-17 21:52:55,170 DEBUG [backend.app.services.bambu_mqtt] [[SERIAL]] Received command response: push_status
2026-04-17 21:52:55,170 DEBUG [backend.app.services.bambu_mqtt] [[SERIAL]] device.extruder.state=1 (switch_state bits 12-14: 0)
2026-04-17 21:52:55,171 DEBUG [backend.app.services.bambu_mqtt] [[SERIAL]] info.temp direct: 30°C (heater OFF)
2026-04-17 21:52:55,171 DEBUG [backend.app.services.bambu_mqtt] [[SERIAL]] ctc_info keys: ['temp']
2026-04-17 21:52:55,171 DEBUG [backend.app.services.bambu_mqtt] [[SERIAL]] Chamber heating calculated: target=0.0, current=30.0, heating=False, respect_local=False
2026-04-17 21:52:55,171 DEBUG [backend.app.services.bambu_mqtt] [[SERIAL]] Chamber temp updated to: 30.0, target: 0.0, heating: False
2026-04-17 21:52:55,171 DEBUG [backend.app.services.bambu_mqtt] [[SERIAL]] HMS data received: [{'attr': 83952640, 'code': 196610, 'ts_boot': 30004, 'ts_unix': '20260414210407'}, {'attr': 83887616, 'code': 131184, 'ts_boot': 101809, 'ts_unix': '20260414210611'}]
2026-04-17 21:52:55,171 DEBUG [backend.app.services.bambu_mqtt] [[SERIAL]] ipcam field: {'agora_service': 'disable', 'brtc_service': 'enable', 'bs_state': 0, 'cap_pic_enable': 'invalid', 'ipcam_dev': '1', 'ipcam_record': 'enable', 'laser_preview_res': 7, 'liveview_preview': True, 'mode_bits': 2, 'resolution': '1080p', 'rtsp_url': 'rtsps://[IP]:322/streaming/live/1', 'timelapse': 'disable', 'tl_external_free_kb': 18511296, 'tl_external_total_kb': 30298432, 'tl_internal_free_kb': 962560, 'tl_internal_total_kb': 962560, 'tl_store_hpd_type': 2, 'tl_store_path_type': 2, 'tutk_server': 'disable'}
2026-04-17 21:52:55,172 DEBUG [backend.app.services.bambu_mqtt] [[SERIAL]] wifi_signal received: -68dBm
2026-04-17 21:52:55,172 DEBUG [backend.app.services.bambu_mqtt] [[SERIAL]] lights_report: [{'mode': 'off', 'node': 'chamber_light'}, {'mode': 'flashing', 'node': 'work_light'}]
2026-04-17 21:52:55,172 DEBUG [backend.app.services.bambu_mqtt] [[SERIAL]] MQTT mapping field: [0]
2026-04-17 21:52:55,172 DEBUG [backend.app.services.bambu_mqtt] [[SERIAL]] gcode_state: FINISH -> FINISH, file: /data/Metadata/plate_1.gcode, subtask: 0.2mm layer, 2 walls, 15% infill