2026-04-21 17:22:29,636 DEBUG [backend.app.services.bambu_mqtt] [[SERIAL]] print_error: 83935248 (0x0500c010) -> short_code=0500_C010
2026-04-21 17:22:29,636 DEBUG [backend.app.services.bambu_mqtt] [[SERIAL]] wifi_signal received: -44dBm
2026-04-21 17:22:29,640 INFO [backend.app.main] [SNAPSHOT] Capturing fresh frame for printer 2
2026-04-21 17:22:29,640 INFO [backend.app.services.camera] Capturing camera frame bytes from [IP] using chamber image protocol (model: A1 Mini)
2026-04-21 17:22:30,528 DEBUG [backend.app.services.bambu_mqtt] [[SERIAL]] Found xcam inside print data: {'allow_skip_parts': False, 'buildplate_marker_detector': True, 'cfg': 1797559, 'first_layer_inspector': True, 'halt_print_sensitivity': 'medium', 'print_halt': True, 'printing_monitor': True, 'spaghetti_detector': True}
2026-04-21 17:22:30,528 DEBUG [backend.app.services.bambu_mqtt] [[SERIAL]] Parsing xcam data - all fields: ['allow_skip_parts', 'buildplate_marker_detector', 'cfg', 'first_layer_inspector', 'halt_print_sensitivity', 'print_halt', 'printing_monitor', 'spaghetti_detector']
2026-04-21 17:22:30,528 DEBUG [backend.app.services.bambu_mqtt] [[SERIAL]] xcam cfg bitmask: 1797559 (binary: 0b110110110110110110111)
2026-04-21 17:22:30,528 DEBUG [backend.app.services.bambu_mqtt] [[SERIAL]] Received gcode_state: RUNNING, gcode_file: /data/Metadata/plate_1.gcode, subtask_name: MTG_Commander_Deck_Box_–_Lockable
2026-04-21 17:22:30,529 DEBUG [backend.app.services.bambu_mqtt] [[SERIAL]] AMS dict fields: {'ams_exist_bits': '1', 'ams_exist_bits_raw': '1', 'cali_id': 255, 'cali_stat': 0, 'insert_flag': True, 'power_on_flag': True, 'tray_exist_bits': 'e', 'tray_hall_out_bits': '4', 'tray_is_bbl_bits': 'e', 'tray_now': '2', 'tray_pre': '2', 'tray_read_done_bits': 'e', 'tray_reading_bits': '0', 'tray_tar': '2', 'unbind_ams_stat': 0, 'version': 44855}
2026-04-21 17:22:30,529 DEBUG [backend.app.services.bambu_mqtt] [[SERIAL]] tray_now updated: 2
2026-04-21 17:22:30,529 DEBUG [backend.app.services.bambu_mqtt] [[SERIAL]] Merged AMS data: 1 new units, 1 total
2026-04-21 17:22:30,529 DEBUG [backend.app.services.bambu_mqtt] [[SERIAL]] AMS 0 info=0x10001003 -> extruder 0
2026-04-21 17:22:30,529 DEBUG [backend.app.services.bambu_mqtt] [[SERIAL]] ams_extruder_map: {'0': 0}
2026-04-21 17:22:30,530 DEBUG [backend.app.services.bambu_mqtt] [[SERIAL]] ams_status: 768 (main=3, sub=0)
2026-04-21 17:22:30,530 DEBUG [backend.app.services.bambu_mqtt] [[SERIAL]] Received command response: push_status
2026-04-21 17:22:30,530 DEBUG [backend.app.services.bambu_mqtt] [[SERIAL]] device.extruder.state=1 (switch_state bits 12-14: 0)
2026-04-21 17:22:30,530 DEBUG [backend.app.services.bambu_mqtt] [[SERIAL]] info.temp direct: 28°C (heater OFF)
2026-04-21 17:22:30,530 DEBUG [backend.app.services.bambu_mqtt] [[SERIAL]] ctc_info keys: ['temp']
2026-04-21 17:22:30,530 DEBUG [backend.app.services.bambu_mqtt] [[SERIAL]] Chamber heating calculated: target=0.0, current=28.0, heating=False, respect_local=False
2026-04-21 17:22:30,531 DEBUG [backend.app.services.bambu_mqtt] [[SERIAL]] Chamber temp updated to: 28.0, target: 0.0, heating: False
2026-04-21 17:22:30,531 DEBUG [backend.app.services.bambu_mqtt] [[SERIAL]] HMS data received: [{'attr': 201326848, 'code': 131099}, {'attr': 83886592, 'code': 196618}]
2026-04-21 17:22:30,531 DEBUG [backend.app.services.bambu_mqtt] [[SERIAL]] ipcam field: {'agora_service': 'disable', 'brtc_service': 'enable', 'bs_state': 0, 'cap_pic_enable': 'invalid', 'ipcam_dev': '1', 'ipcam_record': 'enable', 'laser_preview_res': 4, 'mode_bits': 2, 'resolution': '1080p', 'rtsp_url': 'rtsps://[IP]:322/streaming/live/1', 'timelapse': 'enable', 'tl_store_hpd_type': 2, 'tl_store_path_type': 2, 'tutk_server': 'disable'}
2026-04-21 17:22:30,531 DEBUG [backend.app.services.bambu_mqtt] [[SERIAL]] Timelapse detected during print (from ipcam)
2026-04-21 17:22:30,532 DEBUG [backend.app.services.bambu_mqtt] [[SERIAL]] wifi_signal received: -41dBm
2026-04-21 17:22:30,532 DEBUG [backend.app.services.bambu_mqtt] [[SERIAL]] lights_report: [{'mode': 'on', 'node': 'chamber_light'}, {'mode': 'flashing', 'node': 'work_light'}, {'mode': 'on', 'node': 'chamber_light2'}]
2026-04-21 17:22:30,532 DEBUG [backend.app.services.bambu_mqtt] [[SERIAL]] MQTT mapping field: [65535, 2]
2026-04-21 17:22:30,532 DEBUG [backend.app.services.bambu_mqtt] [[SERIAL]] gcode_state: RUNNING -> RUNNING, file: /data/Metadata/plate_1.gcode, subtask: MTG_Commander_Deck_Box_–_Lockable
2026-04-21 17:22:31,794 DEBUG [backend.app.services.bambu_mqtt] [[SERIAL]] Found xcam inside print data: {'allow_skip_parts': False, 'buildplate_marker_detector': True, 'cfg': 1797559, 'first_layer_inspector': True, 'halt_print_sensitivity': 'medium', 'print_halt': True, 'printing_monitor': True, 'spaghetti_detector': True}
2026-04-21 17:22:31,794 DEBUG [backend.app.services.bambu_mqtt] [[SERIAL]] Parsing xcam data - all fields: ['allow_skip_parts', 'buildplate_marker_detector', 'cfg', 'first_layer_inspector', 'halt_print_sensitivity', 'print_halt', 'printing_monitor', 'spaghetti_detector']
2026-04-21 17:22:31,794 DEBUG [backend.app.services.bambu_mqtt] [[SERIAL]] xcam cfg bitmask: 1797559 (binary: 0b110110110110110110111)
2026-04-21 17:22:31,794 DEBUG [backend.app.services.bambu_mqtt] [[SERIAL]] Received gcode_state: RUNNING, gcode_file: /data/Metadata/plate_1.gcode, subtask_name: MTG_Commander_Deck_Box_–_Lockable
2026-04-21 17:22:31,795 DEBUG [backend.app.services.bambu_mqtt] [[SERIAL]] AMS dict fields: {'ams_exist_bits': '1', 'ams_exist_bits_raw': '1', 'cali_id': 255, 'cali_stat': 0, 'insert_flag': True, 'power_on_flag': True, 'tray_exist_bits': 'e', 'tray_hall_out_bits': '4', 'tray_is_bbl_bits': 'e', 'tray_now': '2', 'tray_pre': '2', 'tray_read_done_bits': 'e', 'tray_reading_bits': '0', 'tray_tar': '2', 'unbind_ams_stat': 0, 'version': 44855}
2026-04-21 17:22:31,795 DEBUG [backend.app.services.bambu_mqtt] [[SERIAL]] tray_now updated: 2
2026-04-21 17:22:31,795 DEBUG [backend.app.services.bambu_mqtt] [[SERIAL]] Merged AMS data: 1 new units, 1 total
2026-04-21 17:22:31,795 DEBUG [backend.app.services.bambu_mqtt] [[SERIAL]] AMS 0 info=0x10001003 -> extruder 0
2026-04-21 17:22:31,795 DEBUG [backend.app.services.bambu_mqtt] [[SERIAL]] ams_extruder_map: {'0': 0}
2026-04-21 17:22:31,796 DEBUG [backend.app.services.bambu_mqtt] [[SERIAL]] ams_status: 768 (main=3, sub=0)
2026-04-21 17:22:31,796 DEBUG [backend.app.services.bambu_mqtt] [[SERIAL]] Received command response: push_status
2026-04-21 17:22:31,796 DEBUG [backend.app.services.bambu_mqtt] [[SERIAL]] device.extruder.state=1 (switch_state bits 12-14: 0)
2026-04-21 17:22:31,796 DEBUG [backend.app.services.bambu_mqtt] [[SERIAL]] info.temp direct: 28°C (heater OFF)
2026-04-21 17:22:31,796 DEBUG [backend.app.services.bambu_mqtt] [[SERIAL]] ctc_info keys: ['temp']
2026-04-21 17:22:31,797 DEBUG [backend.app.services.bambu_mqtt] [[SERIAL]] Chamber heating calculated: target=0.0, current=28.0, heating=False, respect_local=False
2026-04-21 17:22:31,797 DEBUG [backend.app.services.bambu_mqtt] [[SERIAL]] Chamber temp updated to: 28.0, target: 0.0, heating: False
2026-04-21 17:22:31,797 DEBUG [backend.app.services.bambu_mqtt] [[SERIAL]] HMS data received: [{'attr': 201326848, 'code': 131099}, {'attr': 83886592, 'code': 196618}]
2026-04-21 17:22:31,797 DEBUG [backend.app.services.bambu_mqtt] [[SERIAL]] ipcam field: {'agora_service': 'disable', 'brtc_service': 'enable', 'bs_state': 0, 'cap_pic_enable': 'invalid', 'ipcam_dev': '1', 'ipcam_record': 'enable', 'laser_preview_res': 4, 'mode_bits': 2, 'resolution': '1080p', 'rtsp_url': 'rtsps://[IP]:322/streaming/live/1', 'timelapse': 'enable', 'tl_store_hpd_type': 2, 'tl_store_path_type': 2, 'tutk_server': 'disable'}
2026-04-21 17:22:31,797 DEBUG [backend.app.services.bambu_mqtt] [[SERIAL]] Timelapse detected during print (from ipcam)
2026-04-21 17:22:31,797 DEBUG [backend.app.services.bambu_mqtt] [[SERIAL]] wifi_signal received: -41dBm
2026-04-21 17:22:31,798 DEBUG [backend.app.services.bambu_mqtt] [[SERIAL]] lights_report: [{'mode': 'on', 'node': 'chamber_light'}, {'mode': 'flashing', 'node': 'work_light'}, {'mode': 'on', 'node': 'chamber_light2'}]
2026-04-21 17:22:31,798 DEBUG [backend.app.services.bambu_mqtt] [[SERIAL]] MQTT mapping field: [65535, 2]
2026-04-21 17:22:31,798 DEBUG [backend.app.services.bambu_mqtt] [[SERIAL]] gcode_state: RUNNING -> RUNNING, file: /data/Metadata/plate_1.gcode, subtask: MTG_Commander_Deck_Box_–_Lockable
2026-04-21 17:22:31,839 DEBUG [backend.app.services.camera] Chamber image: received 61762 bytes
2026-04-21 17:22:31,843 INFO [backend.app.main] [SNAPSHOT] Fresh camera frame: 61762 bytes
2026-04-21 17:22:32,029 INFO [backend.app.services.notification_service] Sent notification via Notification HA
2026-04-21 17:22:32,030 INFO [backend.app.main] [HMS] Sent notification for 1 error(s) on printer 2
2026-04-21 17:22:32,905 DEBUG [backend.app.services.bambu_mqtt] [[SERIAL]] Found xcam inside print data: {'allow_skip_parts': False, 'buildplate_marker_detector': True, 'cfg': 1797559, 'first_layer_inspector': True, 'halt_print_sensitivity': 'medium', 'print_halt': True, 'printing_monitor': True, 'spaghetti_detector': True}
2026-04-21 17:22:32,906 DEBUG [backend.app.services.bambu_mqtt] [[SERIAL]] Parsing xcam data - all fields: ['allow_skip_parts', 'buildplate_marker_detector', 'cfg', 'first_layer_inspector', 'halt_print_sensitivity', 'print_halt', 'printing_monitor', 'spaghetti_detector']
2026-04-21 17:22:32,906 DEBUG [backend.app.services.bambu_mqtt] [[SERIAL]] xcam cfg bitmask: 1797559 (binary: 0b110110110110110110111)
2026-04-21 17:22:32,906 DEBUG [backend.app.services.bambu_mqtt] [[SERIAL]] Received gcode_state: RUNNING, gcode_file: /data/Metadata/plate_1.gcode, subtask_name: MTG_Commander_Deck_Box_–_Lockable
2026-04-21 17:22:32,906 DEBUG [backend.app.services.bambu_mqtt] [[SERIAL]] AMS dict fields: {'ams_exist_bits': '1', 'ams_exist_bits_raw': '1', 'cali_id': 255, 'cali_stat': 0, 'insert_flag': True, 'power_on_flag': True, 'tray_exist_bits': 'e', 'tray_hall_out_bits': '4', 'tray_is_bbl_bits': 'e', 'tray_now': '2', 'tray_pre': '2', 'tray_read_done_bits': 'e', 'tray_reading_bits': '0', 'tray_tar': '2', 'unbind_ams_stat': 0, 'version': 44855}
2026-04-21 17:22:32,906 DEBUG [backend.app.services.bambu_mqtt] [[SERIAL]] tray_now updated: 2
2026-04-21 17:22:32,906 DEBUG [backend.app.services.bambu_mqtt] [[SERIAL]] Merged AMS data: 1 new units, 1 total
2026-04-21 17:22:32,906 DEBUG [backend.app.services.bambu_mqtt] [[SERIAL]] AMS 0 info=0x10001003 -> extruder 0
2026-04-21 17:22:32,907 DEBUG [backend.app.services.bambu_mqtt] [[SERIAL]] ams_extruder_map: {'0': 0}
2026-04-21 17:22:32,907 DEBUG [backend.app.services.bambu_mqtt] [[SERIAL]] ams_status: 768 (main=3, sub=0)
2026-04-21 17:22:32,907 DEBUG [backend.app.services.bambu_mqtt] [[SERIAL]] Received command response: push_status
2026-04-21 17:22:32,907 DEBUG [backend.app.services.bambu_mqtt] [[SERIAL]] device.extruder.state=1 (switch_state bits 12-14: 0)
2026-04-21 17:22:32,907 DEBUG [backend.app.services.bambu_mqtt] [[SERIAL]] info.temp direct: 28°C (heater OFF)
2026-04-21 17:22:32,907 DEBUG [backend.app.services.bambu_mqtt] [[SERIAL]] ctc_info keys: ['temp']
2026-04-21 17:22:32,907 DEBUG [backend.app.services.bambu_mqtt] [[SERIAL]] Chamber heating calculated: target=0.0, current=28.0, heating=False, respect_local=False
2026-04-21 17:22:32,908 DEBUG [backend.app.services.bambu_mqtt] [[SERIAL]] Chamber temp updated to: 28.0, target: 0.0, heating: False
2026-04-21 17:22:32,908 DEBUG [backend.app.services.bambu_mqtt] [[SERIAL]] HMS data received: [{'attr': 201326848, 'code': 131099}, {'attr': 83886592, 'code': 196618}]
2026-04-21 17:22:32,908 DEBUG [backend.app.services.bambu_mqtt] [[SERIAL]] ipcam field: {'agora_service': 'disable', 'brtc_service': 'enable', 'bs_state': 0, 'cap_pic_enable': 'invalid', 'ipcam_dev': '1', 'ipcam_record': 'enable', 'laser_preview_res': 4, 'mode_bits': 2, 'resolution': '1080p', 'rtsp_url': 'rtsps://[IP]:322/streaming/live/1', 'timelapse': 'enable', 'tl_store_hpd_type': 2, 'tl_store_path_type': 2, 'tutk_server': 'disable'}
2026-04-21 17:22:32,908 DEBUG [backend.app.services.bambu_mqtt] [[SERIAL]] Timelapse detected during print (from ipcam)
2026-04-21 17:22:32,908 DEBUG [backend.app.services.bambu_mqtt] [[SERIAL]] wifi_signal received: -41dBm
2026-04-21 17:22:32,909 DEBUG [backend.app.services.bambu_mqtt] [[SERIAL]] lights_report: [{'mode': 'on', 'node': 'chamber_light'}, {'mode': 'flashing', 'node': 'work_light'}, {'mode': 'on', 'node': 'chamber_light2'}]
2026-04-21 17:22:32,909 DEBUG [backend.app.services.bambu_mqtt] [[SERIAL]] MQTT mapping field: [65535, 2]
2026-04-21 17:22:32,909 DEBUG [backend.app.services.bambu_mqtt] [[SERIAL]] gcode_state: RUNNING -> RUNNING, file: /data/Metadata/plate_1.gcode, subtask: MTG_Commander_Deck_Box_–_Lockable
2026-04-21 17:22:33,664 DEBUG [backend.app.services.bambu_mqtt] [[SERIAL]] Received command response: push_status
2026-04-21 17:22:34,168 DEBUG [backend.app.services.bambu_mqtt] [[SERIAL]] Found xcam inside print data: {'allow_skip_parts': False, 'buildplate_marker_detector': True, 'cfg': 1797559, 'first_layer_inspector': True, 'halt_print_sensitivity': 'medium', 'print_halt': True, 'printing_monitor': True, 'spaghetti_detector': True}
2026-04-21 17:22:34,168 DEBUG [backend.app.services.bambu_mqtt] [[SERIAL]] Parsing xcam data - all fields: ['allow_skip_parts', 'buildplate_marker_detector', 'cfg', 'first_layer_inspector', 'halt_print_sensitivity', 'print_halt', 'printing_monitor', 'spaghetti_detector']
2026-04-21 17:22:34,168 DEBUG [backend.app.services.bambu_mqtt] [[SERIAL]] xcam cfg bitmask: 1797559 (binary: 0b110110110110110110111)
2026-04-21 17:22:34,169 DEBUG [backend.app.services.bambu_mqtt] [[SERIAL]] Received gcode_state: RUNNING, gcode_file: /data/Metadata/plate_1.gcode, subtask_name: MTG_Commander_Deck_Box_–_Lockable
2026-04-21 17:22:34,169 DEBUG [backend.app.services.bambu_mqtt] [[SERIAL]] AMS dict fields: {'ams_exist_bits': '1', 'ams_exist_bits_raw': '1', 'cali_id': 255, 'cali_stat': 0, 'insert_flag': True, 'power_on_flag': True, 'tray_exist_bits': 'e', 'tray_hall_out_bits': '4', 'tray_is_bbl_bits': 'e', 'tray_now': '2', 'tray_pre': '2', 'tray_read_done_bits': 'e', 'tray_reading_bits': '0', 'tray_tar': '2', 'unbind_ams_stat': 0, 'version': 44855}
2026-04-21 17:22:34,169 DEBUG [backend.app.services.bambu_mqtt] [[SERIAL]] tray_now updated: 2
2026-04-21 17:22:34,169 DEBUG [backend.app.services.bambu_mqtt] [[SERIAL]] Merged AMS data: 1 new units, 1 total
2026-04-21 17:22:34,169 DEBUG [backend.app.services.bambu_mqtt] [[SERIAL]] AMS 0 info=0x10001003 -> extruder 0
2026-04-21 17:22:34,169 DEBUG [backend.app.services.bambu_mqtt] [[SERIAL]] ams_extruder_map: {'0': 0}
2026-04-21 17:22:34,169 DEBUG [backend.app.services.bambu_mqtt] [[SERIAL]] ams_status: 768 (main=3, sub=0)
2026-04-21 17:22:34,170 DEBUG [backend.app.services.bambu_mqtt] [[SERIAL]] Received command response: push_status
2026-04-21 17:22:34,170 DEBUG [backend.app.services.bambu_mqtt] [[SERIAL]] device.extruder.state=1 (switch_state bits 12-14: 0)
2026-04-21 17:22:34,170 DEBUG [backend.app.services.bambu_mqtt] [[SERIAL]] info.temp direct: 28°C (heater OFF)
2026-04-21 17:22:34,170 DEBUG [backend.app.services.bambu_mqtt] [[SERIAL]] ctc_info keys: ['temp']
2026-04-21 17:22:34,170 DEBUG [backend.app.services.bambu_mqtt] [[SERIAL]] Chamber heating calculated: target=0.0, current=28.0, heating=False, respect_local=False
2026-04-21 17:22:34,170 DEBUG [backend.app.services.bambu_mqtt] [[SERIAL]] Chamber temp updated to: 28.0, target: 0.0, heating: False
2026-04-21 17:22:34,171 DEBUG [backend.app.services.bambu_mqtt] [[SERIAL]] HMS data received: [{'attr': 201326848, 'code': 131099}, {'attr': 83886592, 'code': 196618}]
2026-04-21 17:22:34,171 DEBUG [backend.app.services.bambu_mqtt] [[SERIAL]] ipcam field: {'agora_service': 'disable', 'brtc_service': 'enable', 'bs_state': 0, 'cap_pic_enable': 'invalid', 'ipcam_dev': '1', 'ipcam_record': 'enable', 'laser_preview_res': 4, 'mode_bits': 2, 'resolution': '1080p', 'rtsp_url': 'rtsps://[IP]:322/streaming/live/1', 'timelapse': 'enable', 'tl_store_hpd_type': 2, 'tl_store_path_type': 2, 'tutk_server': 'disable'}
2026-04-21 17:22:34,171 DEBUG [backend.app.services.bambu_mqtt] [[SERIAL]] Timelapse detected during print (from ipcam)
2026-04-21 17:22:34,171 DEBUG [backend.app.services.bambu_mqtt] [[SERIAL]] wifi_signal received: -41dBm
2026-04-21 17:22:34,171 DEBUG [backend.app.services.bambu_mqtt] [[SERIAL]] lights_report: [{'mode': 'on', 'node': 'chamber_light'}, {'mode': 'flashing', 'node': 'work_light'}, {'mode': 'on', 'node': 'chamber_light2'}]
2026-04-21 17:22:34,172 DEBUG [backend.app.services.bambu_mqtt] [[SERIAL]] MQTT mapping field: [65535, 2]
2026-04-21 17:22:34,172 DEBUG [backend.app.services.bambu_mqtt] [[SERIAL]] gcode_state: RUNNING -> RUNNING, file: /data/Metadata/plate_1.gcode, subtask: MTG_Commander_Deck_Box_–_Lockable
2026-04-21 17:22:35,195 INFO [backend.app.api.routes.printers] Detected plate number 1 from gcode_file: /data/Metadata/plate_1.gcode
2026-04-21 17:22:35,201 INFO [backend.app.api.routes.printers] Detected plate number 1 from gcode_file: /data/Metadata/plate_1.gcode
2026-04-21 17:22:35,293 DEBUG [backend.app.services.bambu_mqtt] [[SERIAL]] Found xcam inside print data: {'allow_skip_parts': False, 'buildplate_marker_detector': True, 'cfg': 1797559, 'first_layer_inspector': True, 'halt_print_sensitivity': 'medium', 'print_halt': True, 'printing_monitor': True, 'spaghetti_detector': True}
2026-04-21 17:22:35,294 DEBUG [backend.app.services.bambu_mqtt] [[SERIAL]] Parsing xcam data - all fields: ['allow_skip_parts', 'buildplate_marker_detector', 'cfg', 'first_layer_inspector', 'halt_print_sensitivity', 'print_halt', 'printing_monitor', 'spaghetti_detector']
2026-04-21 17:22:35,294 DEBUG [backend.app.services.bambu_mqtt] [[SERIAL]] xcam cfg bitmask: 1797559 (binary: 0b110110110110110110111)
2026-04-21 17:22:35,294 DEBUG [backend.app.services.bambu_mqtt] [[SERIAL]] Received gcode_state: RUNNING, gcode_file: /data/Metadata/plate_1.gcode, subtask_name: MTG_Commander_Deck_Box_–_Lockable
2026-04-21 17:22:35,294 DEBUG [backend.app.services.bambu_mqtt] [[SERIAL]] AMS dict fields: {'ams_exist_bits': '1', 'ams_exist_bits_raw': '1', 'cali_id': 255, 'cali_stat': 0, 'insert_flag': True, 'power_on_flag': True, 'tray_exist_bits': 'e', 'tray_hall_out_bits': '4', 'tray_is_bbl_bits': 'e', 'tray_now': '2', 'tray_pre': '2', 'tray_read_done_bits': 'e', 'tray_reading_bits': '0', 'tray_tar': '2', 'unbind_ams_stat': 0, 'version': 44856}
2026-04-21 17:22:35,296 DEBUG [backend.app.services.bambu_mqtt] [[SERIAL]] tray_now updated: 2
2026-04-21 17:22:35,298 DEBUG [backend.app.services.bambu_mqtt] [[SERIAL]] Merged AMS data: 1 new units, 1 total
2026-04-21 17:22:35,298 DEBUG [backend.app.services.bambu_mqtt] [[SERIAL]] AMS 0 info=0x10001003 -> extruder 0
2026-04-21 17:22:35,299 DEBUG [backend.app.services.bambu_mqtt] [[SERIAL]] ams_extruder_map: {'0': 0}
2026-04-21 17:22:35,299 DEBUG [backend.app.services.bambu_mqtt] [[SERIAL]] ams_status: 768 (main=3, sub=0)
2026-04-21 17:22:35,300 DEBUG [backend.app.services.bambu_mqtt] [[SERIAL]] Received command response: push_status
2026-04-21 17:22:35,303 DEBUG [backend.app.services.bambu_mqtt] [[SERIAL]] device.extruder.state=1 (switch_state bits 12-14: 0)
2026-04-21 17:22:35,303 DEBUG [backend.app.services.bambu_mqtt] [[SERIAL]] info.temp direct: 28°C (heater OFF)
2026-04-21 17:22:35,303 DEBUG [backend.app.services.bambu_mqtt] [[SERIAL]] ctc_info keys: ['temp']
2026-04-21 17:22:35,304 DEBUG [backend.app.services.bambu_mqtt] [[SERIAL]] Chamber heating calculated: target=0.0, current=28.0, heating=False, respect_local=False
2026-04-21 17:22:35,304 DEBUG [backend.app.services.bambu_mqtt] [[SERIAL]] Chamber temp updated to: 28.0, target: 0.0, heating: False
2026-04-21 17:22:35,305 DEBUG [backend.app.services.bambu_mqtt] [[SERIAL]] HMS data received: [{'attr': 201326848, 'code': 131099}, {'attr': 83886592, 'code': 196618}]
2026-04-21 17:22:35,305 DEBUG [backend.app.services.bambu_mqtt] [[SERIAL]] ipcam field: {'agora_service': 'disable', 'brtc_service': 'enable', 'bs_state': 0, 'cap_pic_enable': 'invalid', 'ipcam_dev': '1', 'ipcam_record': 'enable', 'laser_preview_res': 4, 'mode_bits': 2, 'resolution': '1080p', 'rtsp_url': 'rtsps://[IP]:322/streaming/live/1', 'timelapse': 'enable', 'tl_store_hpd_type': 2, 'tl_store_path_type': 2, 'tutk_server': 'disable'}
2026-04-21 17:22:35,306 DEBUG [backend.app.services.bambu_mqtt] [[SERIAL]] Timelapse detected during print (from ipcam)
2026-04-21 17:22:35,307 DEBUG [backend.app.services.bambu_mqtt] [[SERIAL]] wifi_signal received: -41dBm
2026-04-21 17:22:35,307 DEBUG [backend.app.services.bambu_mqtt] [[SERIAL]] lights_report: [{'mode': 'on', 'node': 'chamber_light'}, {'mode': 'flashing', 'node': 'work_light'}, {'mode': 'on', 'node': 'chamber_light2'}]
2026-04-21 17:22:35,307 DEBUG [backend.app.services.bambu_mqtt] [[SERIAL]] MQTT mapping field: [65535, 2]
2026-04-21 17:22:35,308 DEBUG [backend.app.services.bambu_mqtt] [[SERIAL]] gcode_state: RUNNING -> RUNNING, file: /data/Metadata/plate_1.gcode, subtask: MTG_Commander_Deck_Box_–_Lockable
2026-04-21 17:22:35,670 DEBUG [backend.app.services.bambu_mqtt] [[SERIAL]] Received command response: push_status
2026-04-21 17:22:35,670 DEBUG [backend.app.services.bambu_mqtt] [[SERIAL]] wifi_signal received: -43dBm
2026-04-21 17:22:36,534 DEBUG [backend.app.services.bambu_mqtt] [[SERIAL]] Found xcam inside print data: {'allow_skip_parts': False, 'buildplate_marker_detector': True, 'cfg': 1797559, 'first_layer_inspector': True, 'halt_print_sensitivity': 'medium', 'print_halt': True, 'printing_monitor': True, 'spaghetti_detector': True}
2026-04-21 17:22:36,534 DEBUG [backend.app.services.bambu_mqtt] [[SERIAL]] Parsing xcam data - all fields: ['allow_skip_parts', 'buildplate_marker_detector', 'cfg', 'first_layer_inspector', 'halt_print_sensitivity', 'print_halt', 'printing_monitor', 'spaghetti_detector']
2026-04-21 17:22:36,534 DEBUG [backend.app.services.bambu_mqtt] [[SERIAL]] xcam cfg bitmask: 1797559 (binary: 0b110110110110110110111)
2026-04-21 17:22:36,535 DEBUG [backend.app.services.bambu_mqtt] [[SERIAL]] Received gcode_state: RUNNING, gcode_file: /data/Metadata/plate_1.gcode, subtask_name: MTG_Commander_Deck_Box_–_Lockable
2026-04-21 17:22:36,535 DEBUG [backend.app.services.bambu_mqtt] [[SERIAL]] AMS dict fields: {'ams_exist_bits': '1', 'ams_exist_bits_raw': '1', 'cali_id': 255, 'cali_stat': 0, 'insert_flag': True, 'power_on_flag': True, 'tray_exist_bits': 'e', 'tray_hall_out_bits': '4', 'tray_is_bbl_bits': 'e', 'tray_now': '2', 'tray_pre': '2', 'tray_read_done_bits': 'e', 'tray_reading_bits': '0', 'tray_tar': '2', 'unbind_ams_stat': 0, 'version': 44856}
2026-04-21 17:22:36,535 DEBUG [backend.app.services.bambu_mqtt] [[SERIAL]] tray_now updated: 2
2026-04-21 17:22:36,535 DEBUG [backend.app.services.bambu_mqtt] [[SERIAL]] Merged AMS data: 1 new units, 1 total
2026-04-21 17:22:36,535 DEBUG [backend.app.services.bambu_mqtt] [[SERIAL]] AMS 0 info=0x10001003 -> extruder 0
2026-04-21 17:22:36,535 DEBUG [backend.app.services.bambu_mqtt] [[SERIAL]] ams_extruder_map: {'0': 0}
2026-04-21 17:22:36,535 DEBUG [backend.app.services.bambu_mqtt] [[SERIAL]] ams_status: 768 (main=3, sub=0)
2026-04-21 17:22:36,536 DEBUG [backend.app.services.bambu_mqtt] [[SERIAL]] Received command response: push_status
2026-04-21 17:22:36,536 DEBUG [backend.app.services.bambu_mqtt] [[SERIAL]] device.extruder.state=1 (switch_state bits 12-14: 0)
2026-04-21 17:22:36,536 DEBUG [backend.app.services.bambu_mqtt] [[SERIAL]] info.temp direct: 28°C (heater OFF)
2026-04-21 17:22:36,536 DEBUG [backend.app.services.bambu_mqtt] [[SERIAL]] ctc_info keys: ['temp']
2026-04-21 17:22:36,536 DEBUG [backend.app.services.bambu_mqtt] [[SERIAL]] Chamber heating calculated: target=0.0, current=28.0, heating=False, respect_local=False
2026-04-21 17:22:36,537 DEBUG [backend.app.services.bambu_mqtt] [[SERIAL]] Chamber temp updated to: 28.0, target: 0.0, heating: False
2026-04-21 17:22:36,537 DEBUG [backend.app.services.bambu_mqtt] [[SERIAL]] HMS data received: [{'attr': 201326848, 'code': 131099}, {'attr': 83886592, 'code': 196618}]
2026-04-21 17:22:36,537 DEBUG [backend.app.services.bambu_mqtt] [[SERIAL]] ipcam field: {'agora_service': 'disable', 'brtc_service': 'enable', 'bs_state': 0, 'cap_pic_enable': 'invalid', 'ipcam_dev': '1', 'ipcam_record': 'enable', 'laser_preview_res': 4, 'mode_bits': 2, 'resolution': '1080p', 'rtsp_url': 'rtsps://[IP]:322/streaming/live/1', 'timelapse': 'enable', 'tl_store_hpd_type': 2, 'tl_store_path_type': 2, 'tutk_server': 'disable'}
2026-04-21 17:22:36,537 DEBUG [backend.app.services.bambu_mqtt] [[SERIAL]] Timelapse detected during print (from ipcam)
2026-04-21 17:22:36,537 DEBUG [backend.app.services.bambu_mqtt] [[SERIAL]] wifi_signal received: -41dBm
2026-04-21 17:22:36,537 DEBUG [backend.app.services.bambu_mqtt] [[SERIAL]] lights_report: [{'mode': 'on', 'node': 'chamber_light'}, {'mode': 'flashing', 'node': 'work_light'}, {'mode': 'on', 'node': 'chamber_light2'}]
2026-04-21 17:22:36,538 DEBUG [backend.app.services.bambu_mqtt] [[SERIAL]] MQTT mapping field: [65535, 2]
2026-04-21 17:22:36,538 DEBUG [backend.app.services.bambu_mqtt] [[SERIAL]] gcode_state: RUNNING -> RUNNING, file: /data/Metadata/plate_1.gcode, subtask: MTG_Commander_Deck_Box_–_Lockable
2026-04-21 17:22:37,692 DEBUG [backend.app.services.bambu_mqtt] [[SERIAL]] Received command response: push_status
2026-04-21 17:22:37,692 DEBUG [backend.app.services.bambu_mqtt] [[SERIAL]] wifi_signal received: -46dBm
2026-04-21 17:22:37,998 DEBUG [backend.app.services.bambu_mqtt] [[SERIAL]] Found xcam inside print data: {'allow_skip_parts': False, 'buildplate_marker_detector': True, 'cfg': 1797559, 'first_layer_inspector': True, 'halt_print_sensitivity': 'medium', 'print_halt': True, 'printing_monitor': True, 'spaghetti_detector': True}
2026-04-21 17:22:37,998 DEBUG [backend.app.services.bambu_mqtt] [[SERIAL]] Parsing xcam data - all fields: ['allow_skip_parts', 'buildplate_marker_detector', 'cfg', 'first_layer_inspector', 'halt_print_sensitivity', 'print_halt', 'printing_monitor', 'spaghetti_detector']
2026-04-21 17:22:37,998 DEBUG [backend.app.services.bambu_mqtt] [[SERIAL]] xcam cfg bitmask: 1797559 (binary: 0b110110110110110110111)
2026-04-21 17:22:37,998 DEBUG [backend.app.services.bambu_mqtt] [[SERIAL]] Received gcode_state: RUNNING, gcode_file: /data/Metadata/plate_1.gcode, subtask_name: MTG_Commander_Deck_Box_–_Lockable
2026-04-21 17:22:37,999 DEBUG [backend.app.services.bambu_mqtt] [[SERIAL]] AMS dict fields: {'ams_exist_bits': '1', 'ams_exist_bits_raw': '1', 'cali_id': 255, 'cali_stat': 0, 'insert_flag': True, 'power_on_flag': True, 'tray_exist_bits': 'e', 'tray_hall_out_bits': '4', 'tray_is_bbl_bits': 'e', 'tray_now': '2', 'tray_pre': '2', 'tray_read_done_bits': 'e', 'tray_reading_bits': '0', 'tray_tar': '2', 'unbind_ams_stat': 0, 'version': 44857}
2026-04-21 17:22:37,999 DEBUG [backend.app.services.bambu_mqtt] [[SERIAL]] tray_now updated: 2
2026-04-21 17:22:37,999 DEBUG [backend.app.services.bambu_mqtt] [[SERIAL]] Merged AMS data: 1 new units, 1 total
2026-04-21 17:22:37,999 DEBUG [backend.app.services.bambu_mqtt] [[SERIAL]] AMS 0 info=0x10001003 -> extruder 0
2026-04-21 17:22:37,999 DEBUG [backend.app.services.bambu_mqtt] [[SERIAL]] ams_extruder_map: {'0': 0}
2026-04-21 17:22:37,999 DEBUG [backend.app.services.bambu_mqtt] [[SERIAL]] ams_status: 768 (main=3, sub=0)
2026-04-21 17:22:37,999 DEBUG [backend.app.services.bambu_mqtt] [[SERIAL]] Received command response: push_status
2026-04-21 17:22:37,999 DEBUG [backend.app.services.bambu_mqtt] [[SERIAL]] device.extruder.state=1 (switch_state bits 12-14: 0)
2026-04-21 17:22:37,999 DEBUG [backend.app.services.bambu_mqtt] [[SERIAL]] info.temp direct: 28°C (heater OFF)
2026-04-21 17:22:38,000 DEBUG [backend.app.services.bambu_mqtt] [[SERIAL]] ctc_info keys: ['temp']
2026-04-21 17:22:38,000 DEBUG [backend.app.services.bambu_mqtt] [[SERIAL]] Chamber heating calculated: target=0.0, current=28.0, heating=False, respect_local=False
2026-04-21 17:22:38,000 DEBUG [backend.app.services.bambu_mqtt] [[SERIAL]] Chamber temp updated to: 28.0, target: 0.0, heating: False
2026-04-21 17:22:38,000 DEBUG [backend.app.services.bambu_mqtt] [[SERIAL]] HMS data received: [{'attr': 201326848, 'code': 131099}, {'attr': 83886592, 'code': 196618}]
2026-04-21 17:22:38,000 DEBUG [backend.app.services.bambu_mqtt] [[SERIAL]] ipcam field: {'agora_service': 'disable', 'brtc_service': 'enable', 'bs_state': 0, 'cap_pic_enable': 'invalid', 'ipcam_dev': '1', 'ipcam_record': 'enable', 'laser_preview_res': 4, 'mode_bits': 2, 'resolution': '1080p', 'rtsp_url': 'rtsps://[IP]:322/streaming/live/1', 'timelapse': 'enable', 'tl_store_hpd_type': 2, 'tl_store_path_type': 2, 'tutk_server': 'disable'}
2026-04-21 17:22:38,001 DEBUG [backend.app.services.bambu_mqtt] [[SERIAL]] Timelapse detected during print (from ipcam)
2026-04-21 17:22:38,001 DEBUG [backend.app.services.bambu_mqtt] [[SERIAL]] wifi_signal received: -41dBm
2026-04-21 17:22:38,001 DEBUG [backend.app.services.bambu_mqtt] [[SERIAL]] lights_report: [{'mode': 'on', 'node': 'chamber_light'}, {'mode': 'flashing', 'node': 'work_light'}, {'mode': 'on', 'node': 'chamber_light2'}]
2026-04-21 17:22:38,001 DEBUG [backend.app.services.bambu_mqtt] [[SERIAL]] MQTT mapping field: [65535, 2]
2026-04-21 17:22:38,001 DEBUG [backend.app.services.bambu_mqtt] [[SERIAL]] gcode_state: RUNNING -> RUNNING, file: /data/Metadata/plate_1.gcode, subtask: MTG_Commander_Deck_Box_–_Lockable
2026-04-21 17:22:39,111 DEBUG [backend.app.services.bambu_mqtt] [[SERIAL]] Found xcam inside print data: {'allow_skip_parts': False, 'buildplate_marker_detector': True, 'cfg': 1797559, 'first_layer_inspector': True, 'halt_print_sensitivity': 'medium', 'print_halt': True, 'printing_monitor': True, 'spaghetti_detector': True}
2026-04-21 17:22:39,111 DEBUG [backend.app.services.bambu_mqtt] [[SERIAL]] Parsing xcam data - all fields: ['allow_skip_parts', 'buildplate_marker_detector', 'cfg', 'first_layer_inspector', 'halt_print_sensitivity', 'print_halt', 'printing_monitor', 'spaghetti_detector']
2026-04-21 17:22:39,111 DEBUG [backend.app.services.bambu_mqtt] [[SERIAL]] xcam cfg bitmask: 1797559 (binary: 0b110110110110110110111)
2026-04-21 17:22:39,111 DEBUG [backend.app.services.bambu_mqtt] [[SERIAL]] Received gcode_state: RUNNING, gcode_file: /data/Metadata/plate_1.gcode, subtask_name: MTG_Commander_Deck_Box_–_Lockable
2026-04-21 17:22:39,111 DEBUG [backend.app.services.bambu_mqtt] [[SERIAL]] AMS dict fields: {'ams_exist_bits': '1', 'ams_exist_bits_raw': '1', 'cali_id': 255, 'cali_stat': 0, 'insert_flag': True, 'power_on_flag': True, 'tray_exist_bits': 'e', 'tray_hall_out_bits': '4', 'tray_is_bbl_bits': 'e', 'tray_now': '2', 'tray_pre': '2', 'tray_read_done_bits': 'e', 'tray_reading_bits': '0', 'tray_tar': '2', 'unbind_ams_stat': 0, 'version': 44857}
2026-04-21 17:22:39,112 DEBUG [backend.app.services.bambu_mqtt] [[SERIAL]] tray_now updated: 2
2026-04-21 17:22:39,112 DEBUG [backend.app.services.bambu_mqtt] [[SERIAL]] Merged AMS data: 1 new units, 1 total
2026-04-21 17:22:39,112 DEBUG [backend.app.services.bambu_mqtt] [[SERIAL]] AMS 0 info=0x10001003 -> extruder 0
2026-04-21 17:22:39,112 DEBUG [backend.app.services.bambu_mqtt] [[SERIAL]] ams_extruder_map: {'0': 0}
2026-04-21 17:22:39,112 DEBUG [backend.app.services.bambu_mqtt] [[SERIAL]] ams_status: 768 (main=3, sub=0)
2026-04-21 17:22:39,112 DEBUG [backend.app.services.bambu_mqtt] [[SERIAL]] Received command response: push_status
2026-04-21 17:22:39,112 DEBUG [backend.app.services.bambu_mqtt] [[SERIAL]] device.extruder.state=1 (switch_state bits 12-14: 0)
2026-04-21 17:22:39,112 DEBUG [backend.app.services.bambu_mqtt] [[SERIAL]] info.temp direct: 28°C (heater OFF)
2026-04-21 17:22:39,112 DEBUG [backend.app.services.bambu_mqtt] [[SERIAL]] ctc_info keys: ['temp']
2026-04-21 17:22:39,113 DEBUG [backend.app.services.bambu_mqtt] [[SERIAL]] Chamber heating calculated: target=0.0, current=28.0, heating=False, respect_local=False
2026-04-21 17:22:39,113 DEBUG [backend.app.services.bambu_mqtt] [[SERIAL]] Chamber temp updated to: 28.0, target: 0.0, heating: False
2026-04-21 17:22:39,113 DEBUG [backend.app.services.bambu_mqtt] [[SERIAL]] HMS data received: [{'attr': 201326848, 'code': 131099}, {'attr': 83886592, 'code': 196618}]
2026-04-21 17:22:39,113 DEBUG [backend.app.services.bambu_mqtt] [[SERIAL]] ipcam field: {'agora_service': 'disable', 'brtc_service': 'enable', 'bs_state': 0, 'cap_pic_enable': 'invalid', 'ipcam_dev': '1', 'ipcam_record': 'enable', 'laser_preview_res': 4, 'mode_bits': 2, 'resolution': '1080p', 'rtsp_url': 'rtsps://[IP]:322/streaming/live/1', 'timelapse': 'enable', 'tl_store_hpd_type': 2, 'tl_store_path_type': 2, 'tutk_server': 'disable'}
2026-04-21 17:22:39,113 DEBUG [backend.app.services.bambu_mqtt] [[SERIAL]] Timelapse detected during print (from ipcam)
2026-04-21 17:22:39,113 DEBUG [backend.app.services.bambu_mqtt] [[SERIAL]] wifi_signal received: -41dBm
2026-04-21 17:22:39,113 DEBUG [backend.app.services.bambu_mqtt] [[SERIAL]] lights_report: [{'mode': 'on', 'node': 'chamber_light'}, {'mode': 'flashing', 'node': 'work_light'}, {'mode': 'on', 'node': 'chamber_light2'}]
2026-04-21 17:22:39,114 DEBUG [backend.app.services.bambu_mqtt] [[SERIAL]] MQTT mapping field: [65535, 2]
2026-04-21 17:22:39,114 DEBUG [backend.app.services.bambu_mqtt] [[SERIAL]] gcode_state: RUNNING -> RUNNING, file: /data/Metadata/plate_1.gcode, subtask: MTG_Commander_Deck_Box_–_Lockable
2026-04-21 17:22:39,701 DEBUG [backend.app.services.bambu_mqtt] [[SERIAL]] Received command response: push_status