2026-05-11 20:34:24,942 DEBUG [backend.app.services.bambu_mqtt] [-] [[SERIAL]] wifi_signal received: -43dBm
2026-05-11 20:34:24,942 DEBUG [backend.app.services.bambu_mqtt] [-] [[SERIAL]] lights_report: [{'mode': 'on', 'node': 'chamber_light'}, {'mode': 'flashing', 'node': 'work_light'}]
2026-05-11 20:34:24,942 DEBUG [backend.app.services.bambu_mqtt] [-] [[SERIAL]] MQTT mapping field: [257, 256]
2026-05-11 20:34:24,942 DEBUG [backend.app.services.bambu_mqtt] [-] [[SERIAL]] gcode_state: RUNNING -> RUNNING, file: /data/Metadata/plate_1.gcode, subtask: Bambutton_P1S_0.2_Standard_withtool
2026-05-11 20:34:26,035 DEBUG [backend.app.services.bambu_mqtt] [-] [[SERIAL]] Found xcam inside print data: {'allow_skip_parts': False, 'buildplate_marker_detector': True, 'cfg': 8089015, 'first_layer_inspector': True, 'halt_print_sensitivity': 'medium', 'print_halt': True, 'printing_monitor': True, 'spaghetti_detector': True}
2026-05-11 20:34:26,035 DEBUG [backend.app.services.bambu_mqtt] [-] [[SERIAL]] Parsing xcam data - all fields: ['allow_skip_parts', 'buildplate_marker_detector', 'cfg', 'first_layer_inspector', 'halt_print_sensitivity', 'print_halt', 'printing_monitor', 'spaghetti_detector']
2026-05-11 20:34:26,035 DEBUG [backend.app.services.bambu_mqtt] [-] [[SERIAL]] xcam cfg bitmask: 8089015 (binary: 0b11110110110110110110111)
2026-05-11 20:34:26,035 DEBUG [backend.app.services.bambu_mqtt] [-] [[SERIAL]] Received gcode_state: RUNNING, gcode_file: /data/Metadata/plate_1.gcode, subtask_name: Bambutton_P1S_0.2_Standard_withtool
2026-05-11 20:34:26,035 DEBUG [backend.app.services.bambu_mqtt] [-] [[SERIAL]] AMS dict fields: {'ams_exist_bits': '13', 'ams_exist_bits_raw': '13', 'cali_id': 255, 'cali_stat': 0, 'cfs': [2, 9, 14, 5, 7], 'insert_flag': True, 'power_on_flag': True, 'tray_exist_bits': '37', 'tray_hall_out_bits': '20', 'tray_is_bbl_bits': '37', 'tray_now': '1', 'tray_pre': '1', 'tray_read_done_bits': '37', 'tray_reading_bits': '0', 'tray_tar': '1', 'unbind_ams_stat': 0, 'version': 353}
2026-05-11 20:34:26,035 DEBUG [backend.app.services.bambu_mqtt] [-] [[SERIAL]] tray_now updated: 5
2026-05-11 20:34:26,036 DEBUG [backend.app.services.bambu_mqtt] [-] [[SERIAL]] Merged AMS data: 3 new units, 3 total
2026-05-11 20:34:26,036 DEBUG [backend.app.services.bambu_mqtt] [-] [[SERIAL]] ams_status: 768 (main=3, sub=0)
2026-05-11 20:34:26,036 DEBUG [backend.app.services.bambu_mqtt] [-] [[SERIAL]] Received command response: push_status
2026-05-11 20:34:26,036 DEBUG [backend.app.services.bambu_mqtt] [-] [[SERIAL]] device.extruder.state=33042 (switch_state bits 12-14: 0)
2026-05-11 20:34:26,036 DEBUG [backend.app.services.bambu_mqtt] [-] [[SERIAL]] info.temp direct: 42°C (heater OFF)
2026-05-11 20:34:26,036 DEBUG [backend.app.services.bambu_mqtt] [-] [[SERIAL]] ctc_info keys: ['temp']
2026-05-11 20:34:26,036 DEBUG [backend.app.services.bambu_mqtt] [-] [[SERIAL]] Chamber heating calculated: target=0.0, current=42.0, heating=False, respect_local=False
2026-05-11 20:34:26,036 DEBUG [backend.app.services.bambu_mqtt] [-] [[SERIAL]] Chamber temp updated to: 42.0, target: 0.0, heating: False
2026-05-11 20:34:26,036 DEBUG [backend.app.services.bambu_mqtt] [-] [[SERIAL]] HMS data received: [{'attr': 83887616, 'code': 131184, 'ts_boot': 24977, 'ts_unix': '20260512013405'}, {'attr': 201326848, 'code': 131099, 'ts_boot': 382147, 'ts_unix': '20260512014002'}, {'attr': 83886848, 'code': 131091, 'ts_boot': 413116, 'ts_unix': '20260512014033'}]
2026-05-11 20:34:26,036 DEBUG [backend.app.services.bambu_mqtt] [-] [[SERIAL]] ipcam field: {'agora_service': 'disable', 'brtc_service': 'enable', 'bs_state': 0, 'cap_pic_enable': 'invalid', 'ipcam_dev': '1', 'ipcam_record': 'enable', 'laser_preview_res': 7, 'liveview_preview': True, 'mode_bits': 2, 'resolution': '1080p', 'rtsp_url': 'rtsps://[IP]:322/streaming/live/1', 'timelapse': 'enable', 'tl_external_free_kb': 4035520, 'tl_external_total_kb': 30058880, 'tl_internal_free_kb': 746763, 'tl_internal_total_kb': 962560, 'tl_store_hpd_type': 2, 'tl_store_path_type': 2, 'tutk_server': 'disable'}
2026-05-11 20:34:26,037 DEBUG [backend.app.services.bambu_mqtt] [-] [[SERIAL]] Timelapse detected during print (from ipcam)
2026-05-11 20:34:26,037 DEBUG [backend.app.services.bambu_mqtt] [-] [[SERIAL]] wifi_signal received: -43dBm
2026-05-11 20:34:26,037 DEBUG [backend.app.services.bambu_mqtt] [-] [[SERIAL]] lights_report: [{'mode': 'on', 'node': 'chamber_light'}, {'mode': 'flashing', 'node': 'work_light'}]
2026-05-11 20:34:26,037 DEBUG [backend.app.services.bambu_mqtt] [-] [[SERIAL]] MQTT mapping field: [257, 256]
2026-05-11 20:34:26,037 DEBUG [backend.app.services.bambu_mqtt] [-] [[SERIAL]] gcode_state: RUNNING -> RUNNING, file: /data/Metadata/plate_1.gcode, subtask: Bambutton_P1S_0.2_Standard_withtool
2026-05-11 20:34:26,696 DEBUG [backend.app.services.camera] [-] TLS proxy for [IP]:322 listening on [IP]:35977
2026-05-11 20:34:26,696 INFO [backend.app.services.camera] [-] Capturing camera frame bytes from [IP] using RTSP (model: [PRINTER])
2026-05-11 20:34:28,703 DEBUG [backend.app.services.bambu_mqtt] [-] [[SERIAL]] Found xcam inside print data: {'allow_skip_parts': False, 'buildplate_marker_detector': True, 'cfg': 8089015, 'first_layer_inspector': True, 'halt_print_sensitivity': 'medium', 'print_halt': True, 'printing_monitor': True, 'spaghetti_detector': True}
2026-05-11 20:34:28,705 DEBUG [backend.app.services.bambu_mqtt] [-] [[SERIAL]] Parsing xcam data - all fields: ['allow_skip_parts', 'buildplate_marker_detector', 'cfg', 'first_layer_inspector', 'halt_print_sensitivity', 'print_halt', 'printing_monitor', 'spaghetti_detector']
2026-05-11 20:34:28,705 DEBUG [backend.app.services.bambu_mqtt] [-] [[SERIAL]] xcam cfg bitmask: 8089015 (binary: 0b11110110110110110110111)
2026-05-11 20:34:28,710 DEBUG [backend.app.services.bambu_mqtt] [-] [[SERIAL]] Received gcode_state: RUNNING, gcode_file: /data/Metadata/plate_1.gcode, subtask_name: Bambutton_P1S_0.2_Standard_withtool
2026-05-11 20:34:28,710 DEBUG [backend.app.services.bambu_mqtt] [-] [[SERIAL]] AMS dict fields: {'ams_exist_bits': '13', 'ams_exist_bits_raw': '13', 'cali_id': 255, 'cali_stat': 0, 'cfs': [2, 9, 14, 5, 7], 'insert_flag': True, 'power_on_flag': True, 'tray_exist_bits': '37', 'tray_hall_out_bits': '20', 'tray_is_bbl_bits': '37', 'tray_now': '1', 'tray_pre': '1', 'tray_read_done_bits': '37', 'tray_reading_bits': '0', 'tray_tar': '1', 'unbind_ams_stat': 0, 'version': 353}
2026-05-11 20:34:28,710 DEBUG [backend.app.services.bambu_mqtt] [-] [[SERIAL]] tray_now updated: 5
2026-05-11 20:34:28,710 DEBUG [backend.app.services.bambu_mqtt] [-] [[SERIAL]] Merged AMS data: 3 new units, 3 total
2026-05-11 20:34:28,711 DEBUG [backend.app.services.bambu_mqtt] [-] [[SERIAL]] ams_status: 768 (main=3, sub=0)
2026-05-11 20:34:28,711 DEBUG [backend.app.services.bambu_mqtt] [-] [[SERIAL]] Received command response: push_status
2026-05-11 20:34:28,711 DEBUG [backend.app.services.bambu_mqtt] [-] [[SERIAL]] device.extruder.state=33042 (switch_state bits 12-14: 0)
2026-05-11 20:34:28,711 DEBUG [backend.app.services.bambu_mqtt] [-] [[SERIAL]] info.temp direct: 42°C (heater OFF)
2026-05-11 20:34:28,711 DEBUG [backend.app.services.bambu_mqtt] [-] [[SERIAL]] ctc_info keys: ['temp']
2026-05-11 20:34:28,711 DEBUG [backend.app.services.bambu_mqtt] [-] [[SERIAL]] Chamber heating calculated: target=0.0, current=42.0, heating=False, respect_local=False
2026-05-11 20:34:28,711 DEBUG [backend.app.services.bambu_mqtt] [-] [[SERIAL]] Chamber temp updated to: 42.0, target: 0.0, heating: False
2026-05-11 20:34:28,711 DEBUG [backend.app.services.bambu_mqtt] [-] [[SERIAL]] HMS data received: [{'attr': 83887616, 'code': 131184, 'ts_boot': 24977, 'ts_unix': '20260512013405'}, {'attr': 201326848, 'code': 131099, 'ts_boot': 382147, 'ts_unix': '20260512014002'}, {'attr': 83886848, 'code': 131091, 'ts_boot': 413116, 'ts_unix': '20260512014033'}]
2026-05-11 20:34:28,712 DEBUG [backend.app.services.bambu_mqtt] [-] [[SERIAL]] ipcam field: {'agora_service': 'disable', 'brtc_service': 'enable', 'bs_state': 0, 'cap_pic_enable': 'invalid', 'ipcam_dev': '1', 'ipcam_record': 'enable', 'laser_preview_res': 7, 'liveview_preview': True, 'mode_bits': 2, 'resolution': '1080p', 'rtsp_url': 'rtsps://[IP]:322/streaming/live/1', 'timelapse': 'enable', 'tl_external_free_kb': 4034496, 'tl_external_total_kb': 30058880, 'tl_internal_free_kb': 746763, 'tl_internal_total_kb': 962560, 'tl_store_hpd_type': 2, 'tl_store_path_type': 2, 'tutk_server': 'disable'}
2026-05-11 20:34:28,712 DEBUG [backend.app.services.bambu_mqtt] [-] [[SERIAL]] Timelapse detected during print (from ipcam)
2026-05-11 20:34:28,712 DEBUG [backend.app.services.bambu_mqtt] [-] [[SERIAL]] wifi_signal received: -43dBm
2026-05-11 20:34:28,712 DEBUG [backend.app.services.bambu_mqtt] [-] [[SERIAL]] lights_report: [{'mode': 'on', 'node': 'chamber_light'}, {'mode': 'flashing', 'node': 'work_light'}]
2026-05-11 20:34:28,712 DEBUG [backend.app.services.bambu_mqtt] [-] [[SERIAL]] MQTT mapping field: [257, 256]
2026-05-11 20:34:28,714 DEBUG [backend.app.services.bambu_mqtt] [-] [[SERIAL]] gcode_state: RUNNING -> RUNNING, file: /data/Metadata/plate_1.gcode, subtask: Bambutton_P1S_0.2_Standard_withtool
2026-05-11 20:34:29,409 INFO [backend.app.services.camera] [-] Successfully captured camera frame bytes: 160996 bytes
2026-05-11 20:34:29,755 DEBUG [backend.app.services.bambu_mqtt] [-] [[SERIAL]] Found xcam inside print data: {'allow_skip_parts': False, 'buildplate_marker_detector': True, 'cfg': 8089015, 'first_layer_inspector': True, 'halt_print_sensitivity': 'medium', 'print_halt': True, 'printing_monitor': True, 'spaghetti_detector': True}
2026-05-11 20:34:29,756 DEBUG [backend.app.services.bambu_mqtt] [-] [[SERIAL]] Parsing xcam data - all fields: ['allow_skip_parts', 'buildplate_marker_detector', 'cfg', 'first_layer_inspector', 'halt_print_sensitivity', 'print_halt', 'printing_monitor', 'spaghetti_detector']
2026-05-11 20:34:29,756 DEBUG [backend.app.services.bambu_mqtt] [-] [[SERIAL]] xcam cfg bitmask: 8089015 (binary: 0b11110110110110110110111)
2026-05-11 20:34:29,756 DEBUG [backend.app.services.bambu_mqtt] [-] [[SERIAL]] Received gcode_state: RUNNING, gcode_file: /data/Metadata/plate_1.gcode, subtask_name: Bambutton_P1S_0.2_Standard_withtool
2026-05-11 20:34:29,756 DEBUG [backend.app.services.bambu_mqtt] [-] [[SERIAL]] AMS dict fields: {'ams_exist_bits': '13', 'ams_exist_bits_raw': '13', 'cali_id': 255, 'cali_stat': 0, 'cfs': [2, 9, 14, 5, 7], 'insert_flag': True, 'power_on_flag': True, 'tray_exist_bits': '37', 'tray_hall_out_bits': '20', 'tray_is_bbl_bits': '37', 'tray_now': '1', 'tray_pre': '1', 'tray_read_done_bits': '37', 'tray_reading_bits': '0', 'tray_tar': '1', 'unbind_ams_stat': 0, 'version': 353}
2026-05-11 20:34:29,756 DEBUG [backend.app.services.bambu_mqtt] [-] [[SERIAL]] tray_now updated: 5
2026-05-11 20:34:29,756 DEBUG [backend.app.services.bambu_mqtt] [-] [[SERIAL]] Merged AMS data: 3 new units, 3 total
2026-05-11 20:34:29,756 DEBUG [backend.app.services.bambu_mqtt] [-] [[SERIAL]] ams_status: 768 (main=3, sub=0)
2026-05-11 20:34:29,756 DEBUG [backend.app.services.bambu_mqtt] [-] [[SERIAL]] Received command response: push_status
2026-05-11 20:34:29,756 DEBUG [backend.app.services.bambu_mqtt] [-] [[SERIAL]] device.extruder.state=33042 (switch_state bits 12-14: 0)
2026-05-11 20:34:29,756 DEBUG [backend.app.services.bambu_mqtt] [-] [[SERIAL]] info.temp direct: 42°C (heater OFF)
2026-05-11 20:34:29,756 DEBUG [backend.app.services.bambu_mqtt] [-] [[SERIAL]] ctc_info keys: ['temp']
2026-05-11 20:34:29,756 DEBUG [backend.app.services.bambu_mqtt] [-] [[SERIAL]] Chamber heating calculated: target=0.0, current=42.0, heating=False, respect_local=False
2026-05-11 20:34:29,756 DEBUG [backend.app.services.bambu_mqtt] [-] [[SERIAL]] Chamber temp updated to: 42.0, target: 0.0, heating: False
2026-05-11 20:34:29,757 DEBUG [backend.app.services.bambu_mqtt] [-] [[SERIAL]] HMS data received: [{'attr': 83887616, 'code': 131184, 'ts_boot': 24977, 'ts_unix': '20260512013405'}, {'attr': 201326848, 'code': 131099, 'ts_boot': 382147, 'ts_unix': '20260512014002'}, {'attr': 83886848, 'code': 131091, 'ts_boot': 413116, 'ts_unix': '20260512014033'}]
2026-05-11 20:34:29,757 DEBUG [backend.app.services.bambu_mqtt] [-] [[SERIAL]] ipcam field: {'agora_service': 'disable', 'brtc_service': 'enable', 'bs_state': 0, 'cap_pic_enable': 'invalid', 'ipcam_dev': '1', 'ipcam_record': 'enable', 'laser_preview_res': 7, 'liveview_preview': True, 'mode_bits': 2, 'resolution': '1080p', 'rtsp_url': 'rtsps://[IP]:322/streaming/live/1', 'timelapse': 'enable', 'tl_external_free_kb': 4034496, 'tl_external_total_kb': 30058880, 'tl_internal_free_kb': 746763, 'tl_internal_total_kb': 962560, 'tl_store_hpd_type': 2, 'tl_store_path_type': 2, 'tutk_server': 'disable'}
2026-05-11 20:34:29,757 DEBUG [backend.app.services.bambu_mqtt] [-] [[SERIAL]] Timelapse detected during print (from ipcam)
2026-05-11 20:34:29,757 DEBUG [backend.app.services.bambu_mqtt] [-] [[SERIAL]] wifi_signal received: -43dBm
2026-05-11 20:34:29,757 DEBUG [backend.app.services.bambu_mqtt] [-] [[SERIAL]] lights_report: [{'mode': 'on', 'node': 'chamber_light'}, {'mode': 'flashing', 'node': 'work_light'}]
2026-05-11 20:34:29,757 DEBUG [backend.app.services.bambu_mqtt] [-] [[SERIAL]] MQTT mapping field: [257, 256]
2026-05-11 20:34:29,757 DEBUG [backend.app.services.bambu_mqtt] [-] [[SERIAL]] gcode_state: RUNNING -> RUNNING, file: /data/Metadata/plate_1.gcode, subtask: Bambutton_P1S_0.2_Standard_withtool
2026-05-11 20:34:30,797 DEBUG [backend.app.services.bambu_mqtt] [-] [[SERIAL]] Found xcam inside print data: {'allow_skip_parts': False, 'buildplate_marker_detector': True, 'cfg': 8089015, 'first_layer_inspector': True, 'halt_print_sensitivity': 'medium', 'print_halt': True, 'printing_monitor': True, 'spaghetti_detector': True}
2026-05-11 20:34:30,797 DEBUG [backend.app.services.bambu_mqtt] [-] [[SERIAL]] Parsing xcam data - all fields: ['allow_skip_parts', 'buildplate_marker_detector', 'cfg', 'first_layer_inspector', 'halt_print_sensitivity', 'print_halt', 'printing_monitor', 'spaghetti_detector']
2026-05-11 20:34:30,797 DEBUG [backend.app.services.bambu_mqtt] [-] [[SERIAL]] xcam cfg bitmask: 8089015 (binary: 0b11110110110110110110111)
2026-05-11 20:34:30,797 DEBUG [backend.app.services.bambu_mqtt] [-] [[SERIAL]] Received gcode_state: RUNNING, gcode_file: /data/Metadata/plate_1.gcode, subtask_name: Bambutton_P1S_0.2_Standard_withtool
2026-05-11 20:34:30,798 DEBUG [backend.app.services.bambu_mqtt] [-] [[SERIAL]] AMS dict fields: {'ams_exist_bits': '13', 'ams_exist_bits_raw': '13', 'cali_id': 255, 'cali_stat': 0, 'cfs': [2, 9, 14, 5, 7], 'insert_flag': True, 'power_on_flag': True, 'tray_exist_bits': '37', 'tray_hall_out_bits': '20', 'tray_is_bbl_bits': '37', 'tray_now': '1', 'tray_pre': '1', 'tray_read_done_bits': '37', 'tray_reading_bits': '0', 'tray_tar': '1', 'unbind_ams_stat': 0, 'version': 353}
2026-05-11 20:34:30,798 DEBUG [backend.app.services.bambu_mqtt] [-] [[SERIAL]] tray_now updated: 5
2026-05-11 20:34:30,798 DEBUG [backend.app.services.bambu_mqtt] [-] [[SERIAL]] Merged AMS data: 3 new units, 3 total
2026-05-11 20:34:30,798 DEBUG [backend.app.services.bambu_mqtt] [-] [[SERIAL]] ams_status: 768 (main=3, sub=0)
2026-05-11 20:34:30,798 DEBUG [backend.app.services.bambu_mqtt] [-] [[SERIAL]] Received command response: push_status
2026-05-11 20:34:30,798 DEBUG [backend.app.services.bambu_mqtt] [-] [[SERIAL]] device.extruder.state=33042 (switch_state bits 12-14: 0)
2026-05-11 20:34:30,798 DEBUG [backend.app.services.bambu_mqtt] [-] [[SERIAL]] info.temp direct: 42°C (heater OFF)
2026-05-11 20:34:30,798 DEBUG [backend.app.services.bambu_mqtt] [-] [[SERIAL]] ctc_info keys: ['temp']
2026-05-11 20:34:30,798 DEBUG [backend.app.services.bambu_mqtt] [-] [[SERIAL]] Chamber heating calculated: target=0.0, current=42.0, heating=False, respect_local=False
2026-05-11 20:34:30,798 DEBUG [backend.app.services.bambu_mqtt] [-] [[SERIAL]] Chamber temp updated to: 42.0, target: 0.0, heating: False
2026-05-11 20:34:30,798 DEBUG [backend.app.services.bambu_mqtt] [-] [[SERIAL]] HMS data received: [{'attr': 83887616, 'code': 131184, 'ts_boot': 24977, 'ts_unix': '20260512013405'}, {'attr': 201326848, 'code': 131099, 'ts_boot': 382147, 'ts_unix': '20260512014002'}, {'attr': 83886848, 'code': 131091, 'ts_boot': 413116, 'ts_unix': '20260512014033'}]
2026-05-11 20:34:30,798 DEBUG [backend.app.services.bambu_mqtt] [-] [[SERIAL]] ipcam field: {'agora_service': 'disable', 'brtc_service': 'enable', 'bs_state': 0, 'cap_pic_enable': 'invalid', 'ipcam_dev': '1', 'ipcam_record': 'enable', 'laser_preview_res': 7, 'liveview_preview': True, 'mode_bits': 2, 'resolution': '1080p', 'rtsp_url': 'rtsps://[IP]:322/streaming/live/1', 'timelapse': 'enable', 'tl_external_free_kb': 4033472, 'tl_external_total_kb': 30058880, 'tl_internal_free_kb': 746763, 'tl_internal_total_kb': 962560, 'tl_store_hpd_type': 2, 'tl_store_path_type': 2, 'tutk_server': 'disable'}
2026-05-11 20:34:30,799 DEBUG [backend.app.services.bambu_mqtt] [-] [[SERIAL]] Timelapse detected during print (from ipcam)
2026-05-11 20:34:30,799 DEBUG [backend.app.services.bambu_mqtt] [-] [[SERIAL]] wifi_signal received: -43dBm
2026-05-11 20:34:30,799 DEBUG [backend.app.services.bambu_mqtt] [-] [[SERIAL]] lights_report: [{'mode': 'on', 'node': 'chamber_light'}, {'mode': 'flashing', 'node': 'work_light'}]
2026-05-11 20:34:30,799 DEBUG [backend.app.services.bambu_mqtt] [-] [[SERIAL]] MQTT mapping field: [257, 256]
2026-05-11 20:34:30,799 DEBUG [backend.app.services.bambu_mqtt] [-] [[SERIAL]] gcode_state: RUNNING -> RUNNING, file: /data/Metadata/plate_1.gcode, subtask: Bambutton_P1S_0.2_Standard_withtool
2026-05-11 20:34:31,021 DEBUG [backend.app.main] [-] [[PRINTER]] Runtime tracking: added 30s, total=15254s (4.24h)
2026-05-11 20:34:31,030 DEBUG [backend.app.main] [-] Updated runtime for 1 printer(s)
2026-05-11 20:34:32,057 DEBUG [backend.app.services.bambu_mqtt] [-] [[SERIAL]] Found xcam inside print data: {'allow_skip_parts': False, 'buildplate_marker_detector': True, 'cfg': 8089015, 'first_layer_inspector': True, 'halt_print_sensitivity': 'medium', 'print_halt': True, 'printing_monitor': True, 'spaghetti_detector': True}
2026-05-11 20:34:32,057 DEBUG [backend.app.services.bambu_mqtt] [-] [[SERIAL]] Parsing xcam data - all fields: ['allow_skip_parts', 'buildplate_marker_detector', 'cfg', 'first_layer_inspector', 'halt_print_sensitivity', 'print_halt', 'printing_monitor', 'spaghetti_detector']
2026-05-11 20:34:32,057 DEBUG [backend.app.services.bambu_mqtt] [-] [[SERIAL]] xcam cfg bitmask: 8089015 (binary: 0b11110110110110110110111)
2026-05-11 20:34:32,057 DEBUG [backend.app.services.bambu_mqtt] [-] [[SERIAL]] Received gcode_state: RUNNING, gcode_file: /data/Metadata/plate_1.gcode, subtask_name: Bambutton_P1S_0.2_Standard_withtool
2026-05-11 20:34:32,057 DEBUG [backend.app.services.bambu_mqtt] [-] [[SERIAL]] AMS dict fields: {'ams_exist_bits': '13', 'ams_exist_bits_raw': '13', 'cali_id': 255, 'cali_stat': 0, 'cfs': [2, 9, 14, 5, 7], 'insert_flag': True, 'power_on_flag': True, 'tray_exist_bits': '37', 'tray_hall_out_bits': '20', 'tray_is_bbl_bits': '37', 'tray_now': '1', 'tray_pre': '1', 'tray_read_done_bits': '37', 'tray_reading_bits': '0', 'tray_tar': '1', 'unbind_ams_stat': 0, 'version': 353}
2026-05-11 20:34:32,057 DEBUG [backend.app.services.bambu_mqtt] [-] [[SERIAL]] tray_now updated: 5
2026-05-11 20:34:32,057 DEBUG [backend.app.services.bambu_mqtt] [-] [[SERIAL]] Merged AMS data: 3 new units, 3 total
2026-05-11 20:34:32,057 DEBUG [backend.app.services.bambu_mqtt] [-] [[SERIAL]] ams_status: 768 (main=3, sub=0)
2026-05-11 20:34:32,057 DEBUG [backend.app.services.bambu_mqtt] [-] [[SERIAL]] Received command response: push_status
2026-05-11 20:34:32,058 DEBUG [backend.app.services.bambu_mqtt] [-] [[SERIAL]] device.extruder.state=33042 (switch_state bits 12-14: 0)
2026-05-11 20:34:32,058 DEBUG [backend.app.services.bambu_mqtt] [-] [[SERIAL]] info.temp direct: 42°C (heater OFF)
2026-05-11 20:34:32,058 DEBUG [backend.app.services.bambu_mqtt] [-] [[SERIAL]] ctc_info keys: ['temp']
2026-05-11 20:34:32,058 DEBUG [backend.app.services.bambu_mqtt] [-] [[SERIAL]] Chamber heating calculated: target=0.0, current=42.0, heating=False, respect_local=False
2026-05-11 20:34:32,058 DEBUG [backend.app.services.bambu_mqtt] [-] [[SERIAL]] Chamber temp updated to: 42.0, target: 0.0, heating: False
2026-05-11 20:34:32,058 DEBUG [backend.app.services.bambu_mqtt] [-] [[SERIAL]] HMS data received: [{'attr': 83887616, 'code': 131184, 'ts_boot': 24977, 'ts_unix': '20260512013405'}, {'attr': 201326848, 'code': 131099, 'ts_boot': 382147, 'ts_unix': '20260512014002'}, {'attr': 83886848, 'code': 131091, 'ts_boot': 413116, 'ts_unix': '20260512014033'}]
2026-05-11 20:34:32,058 DEBUG [backend.app.services.bambu_mqtt] [-] [[SERIAL]] ipcam field: {'agora_service': 'disable', 'brtc_service': 'enable', 'bs_state': 0, 'cap_pic_enable': 'invalid', 'ipcam_dev': '1', 'ipcam_record': 'enable', 'laser_preview_res': 7, 'liveview_preview': True, 'mode_bits': 2, 'resolution': '1080p', 'rtsp_url': 'rtsps://[IP]:322/streaming/live/1', 'timelapse': 'enable', 'tl_external_free_kb': 4032448, 'tl_external_total_kb': 30058880, 'tl_internal_free_kb': 746763, 'tl_internal_total_kb': 962560, 'tl_store_hpd_type': 2, 'tl_store_path_type': 2, 'tutk_server': 'disable'}
2026-05-11 20:34:32,058 DEBUG [backend.app.services.bambu_mqtt] [-] [[SERIAL]] Timelapse detected during print (from ipcam)
2026-05-11 20:34:32,058 DEBUG [backend.app.services.bambu_mqtt] [-] [[SERIAL]] wifi_signal received: -43dBm
2026-05-11 20:34:32,058 DEBUG [backend.app.services.bambu_mqtt] [-] [[SERIAL]] lights_report: [{'mode': 'on', 'node': 'chamber_light'}, {'mode': 'flashing', 'node': 'work_light'}]
2026-05-11 20:34:32,059 DEBUG [backend.app.services.bambu_mqtt] [-] [[SERIAL]] MQTT mapping field: [257, 256]
2026-05-11 20:34:32,059 DEBUG [backend.app.services.bambu_mqtt] [-] [[SERIAL]] gcode_state: RUNNING -> RUNNING, file: /data/Metadata/plate_1.gcode, subtask: Bambutton_P1S_0.2_Standard_withtool
2026-05-11 20:34:33,150 DEBUG [backend.app.services.bambu_mqtt] [-] [[SERIAL]] Found xcam inside print data: {'allow_skip_parts': False, 'buildplate_marker_detector': True, 'cfg': 8089015, 'first_layer_inspector': True, 'halt_print_sensitivity': 'medium', 'print_halt': True, 'printing_monitor': True, 'spaghetti_detector': True}
2026-05-11 20:34:33,150 DEBUG [backend.app.services.bambu_mqtt] [-] [[SERIAL]] Parsing xcam data - all fields: ['allow_skip_parts', 'buildplate_marker_detector', 'cfg', 'first_layer_inspector', 'halt_print_sensitivity', 'print_halt', 'printing_monitor', 'spaghetti_detector']
2026-05-11 20:34:33,150 DEBUG [backend.app.services.bambu_mqtt] [-] [[SERIAL]] xcam cfg bitmask: 8089015 (binary: 0b11110110110110110110111)
2026-05-11 20:34:33,150 DEBUG [backend.app.services.bambu_mqtt] [-] [[SERIAL]] Received gcode_state: RUNNING, gcode_file: /data/Metadata/plate_1.gcode, subtask_name: Bambutton_P1S_0.2_Standard_withtool
2026-05-11 20:34:33,150 DEBUG [backend.app.services.bambu_mqtt] [-] [[SERIAL]] AMS dict fields: {'ams_exist_bits': '13', 'ams_exist_bits_raw': '13', 'cali_id': 255, 'cali_stat': 0, 'cfs': [2, 9, 14, 5, 7], 'insert_flag': True, 'power_on_flag': True, 'tray_exist_bits': '37', 'tray_hall_out_bits': '20', 'tray_is_bbl_bits': '37', 'tray_now': '1', 'tray_pre': '1', 'tray_read_done_bits': '37', 'tray_reading_bits': '0', 'tray_tar': '1', 'unbind_ams_stat': 0, 'version': 353}
2026-05-11 20:34:33,150 DEBUG [backend.app.services.bambu_mqtt] [-] [[SERIAL]] tray_now updated: 5
2026-05-11 20:34:33,150 DEBUG [backend.app.services.bambu_mqtt] [-] [[SERIAL]] Merged AMS data: 3 new units, 3 total
2026-05-11 20:34:33,150 DEBUG [backend.app.services.bambu_mqtt] [-] [[SERIAL]] ams_status: 768 (main=3, sub=0)
2026-05-11 20:34:33,150 DEBUG [backend.app.services.bambu_mqtt] [-] [[SERIAL]] Received command response: push_status
2026-05-11 20:34:33,151 DEBUG [backend.app.services.bambu_mqtt] [-] [[SERIAL]] device.extruder.state=33042 (switch_state bits 12-14: 0)
2026-05-11 20:34:33,151 DEBUG [backend.app.services.bambu_mqtt] [-] [[SERIAL]] info.temp direct: 42°C (heater OFF)
2026-05-11 20:34:33,151 DEBUG [backend.app.services.bambu_mqtt] [-] [[SERIAL]] ctc_info keys: ['temp']
2026-05-11 20:34:33,151 DEBUG [backend.app.services.bambu_mqtt] [-] [[SERIAL]] Chamber heating calculated: target=0.0, current=42.0, heating=False, respect_local=False
2026-05-11 20:34:33,151 DEBUG [backend.app.services.bambu_mqtt] [-] [[SERIAL]] Chamber temp updated to: 42.0, target: 0.0, heating: False
2026-05-11 20:34:33,151 DEBUG [backend.app.services.bambu_mqtt] [-] [[SERIAL]] HMS data received: [{'attr': 83887616, 'code': 131184, 'ts_boot': 24977, 'ts_unix': '20260512013405'}, {'attr': 201326848, 'code': 131099, 'ts_boot': 382147, 'ts_unix': '20260512014002'}, {'attr': 83886848, 'code': 131091, 'ts_boot': 413116, 'ts_unix': '20260512014033'}]
2026-05-11 20:34:33,151 DEBUG [backend.app.services.bambu_mqtt] [-] [[SERIAL]] ipcam field: {'agora_service': 'disable', 'brtc_service': 'enable', 'bs_state': 0, 'cap_pic_enable': 'invalid', 'ipcam_dev': '1', 'ipcam_record': 'enable', 'laser_preview_res': 7, 'liveview_preview': True, 'mode_bits': 2, 'resolution': '1080p', 'rtsp_url': 'rtsps://[IP]:322/streaming/live/1', 'timelapse': 'enable', 'tl_external_free_kb': 4032448, 'tl_external_total_kb': 30058880, 'tl_internal_free_kb': 746763, 'tl_internal_total_kb': 962560, 'tl_store_hpd_type': 2, 'tl_store_path_type': 2, 'tutk_server': 'disable'}
2026-05-11 20:34:33,151 DEBUG [backend.app.services.bambu_mqtt] [-] [[SERIAL]] Timelapse detected during print (from ipcam)
2026-05-11 20:34:33,151 DEBUG [backend.app.services.bambu_mqtt] [-] [[SERIAL]] wifi_signal received: -43dBm
2026-05-11 20:34:33,151 DEBUG [backend.app.services.bambu_mqtt] [-] [[SERIAL]] lights_report: [{'mode': 'on', 'node': 'chamber_light'}, {'mode': 'flashing', 'node': 'work_light'}]
2026-05-11 20:34:33,152 DEBUG [backend.app.services.bambu_mqtt] [-] [[SERIAL]] MQTT mapping field: [257, 256]
2026-05-11 20:34:33,152 DEBUG [backend.app.services.bambu_mqtt] [-] [[SERIAL]] gcode_state: RUNNING -> RUNNING, file: /data/Metadata/plate_1.gcode, subtask: Bambutton_P1S_0.2_Standard_withtool
2026-05-11 20:34:34,401 DEBUG [backend.app.services.bambu_mqtt] [-] [[SERIAL]] Found xcam inside print data: {'allow_skip_parts': False, 'buildplate_marker_detector': True, 'cfg': 8089015, 'first_layer_inspector': True, 'halt_print_sensitivity': 'medium', 'print_halt': True, 'printing_monitor': True, 'spaghetti_detector': True}
2026-05-11 20:34:34,401 DEBUG [backend.app.services.bambu_mqtt] [-] [[SERIAL]] Parsing xcam data - all fields: ['allow_skip_parts', 'buildplate_marker_detector', 'cfg', 'first_layer_inspector', 'halt_print_sensitivity', 'print_halt', 'printing_monitor', 'spaghetti_detector']
2026-05-11 20:34:34,401 DEBUG [backend.app.services.bambu_mqtt] [-] [[SERIAL]] xcam cfg bitmask: 8089015 (binary: 0b11110110110110110110111)
2026-05-11 20:34:34,401 DEBUG [backend.app.services.bambu_mqtt] [-] [[SERIAL]] Received gcode_state: RUNNING, gcode_file: /data/Metadata/plate_1.gcode, subtask_name: Bambutton_P1S_0.2_Standard_withtool
2026-05-11 20:34:34,401 DEBUG [backend.app.services.bambu_mqtt] [-] [[SERIAL]] AMS dict fields: {'ams_exist_bits': '13', 'ams_exist_bits_raw': '13', 'cali_id': 255, 'cali_stat': 0, 'cfs': [2, 9, 14, 5, 7], 'insert_flag': True, 'power_on_flag': True, 'tray_exist_bits': '37', 'tray_hall_out_bits': '20', 'tray_is_bbl_bits': '37', 'tray_now': '1', 'tray_pre': '1', 'tray_read_done_bits': '37', 'tray_reading_bits': '0', 'tray_tar': '1', 'unbind_ams_stat': 0, 'version': 353}
2026-05-11 20:34:34,401 DEBUG [backend.app.services.bambu_mqtt] [-] [[SERIAL]] tray_now updated: 5
2026-05-11 20:34:34,401 DEBUG [backend.app.services.bambu_mqtt] [-] [[SERIAL]] Merged AMS data: 3 new units, 3 total
2026-05-11 20:34:34,402 DEBUG [backend.app.services.bambu_mqtt] [-] [[SERIAL]] ams_status: 768 (main=3, sub=0)
2026-05-11 20:34:34,402 DEBUG [backend.app.services.bambu_mqtt] [-] [[SERIAL]] Received command response: push_status
2026-05-11 20:34:34,402 DEBUG [backend.app.services.bambu_mqtt] [-] [[SERIAL]] device.extruder.state=33042 (switch_state bits 12-14: 0)
2026-05-11 20:34:34,402 DEBUG [backend.app.services.bambu_mqtt] [-] [[SERIAL]] info.temp direct: 42°C (heater OFF)
2026-05-11 20:34:34,402 DEBUG [backend.app.services.bambu_mqtt] [-] [[SERIAL]] ctc_info keys: ['temp']
2026-05-11 20:34:34,402 DEBUG [backend.app.services.bambu_mqtt] [-] [[SERIAL]] Chamber heating calculated: target=0.0, current=42.0, heating=False, respect_local=False
2026-05-11 20:34:34,402 DEBUG [backend.app.services.bambu_mqtt] [-] [[SERIAL]] Chamber temp updated to: 42.0, target: 0.0, heating: False
2026-05-11 20:34:34,402 DEBUG [backend.app.services.bambu_mqtt] [-] [[SERIAL]] HMS data received: [{'attr': 83887616, 'code': 131184, 'ts_boot': 24977, 'ts_unix': '20260512013405'}, {'attr': 201326848, 'code': 131099, 'ts_boot': 382147, 'ts_unix': '20260512014002'}, {'attr': 83886848, 'code': 131091, 'ts_boot': 413116, 'ts_unix': '20260512014033'}]
2026-05-11 20:34:34,402 DEBUG [backend.app.services.bambu_mqtt] [-] [[SERIAL]] ipcam field: {'agora_service': 'disable', 'brtc_service': 'enable', 'bs_state': 0, 'cap_pic_enable': 'invalid', 'ipcam_dev': '1', 'ipcam_record': 'enable', 'laser_preview_res': 7, 'liveview_preview': True, 'mode_bits': 2, 'resolution': '1080p', 'rtsp_url': 'rtsps://[IP]:322/streaming/live/1', 'timelapse': 'enable', 'tl_external_free_kb': 4031168, 'tl_external_total_kb': 30058880, 'tl_internal_free_kb': 746763, 'tl_internal_total_kb': 962560, 'tl_store_hpd_type': 2, 'tl_store_path_type': 2, 'tutk_server': 'disable'}
2026-05-11 20:34:34,402 DEBUG [backend.app.services.bambu_mqtt] [-] [[SERIAL]] Timelapse detected during print (from ipcam)
2026-05-11 20:34:34,402 DEBUG [backend.app.services.bambu_mqtt] [-] [[SERIAL]] wifi_signal received: -43dBm
2026-05-11 20:34:34,402 DEBUG [backend.app.services.bambu_mqtt] [-] [[SERIAL]] lights_report: [{'mode': 'on', 'node': 'chamber_light'}, {'mode': 'flashing', 'node': 'work_light'}]
2026-05-11 20:34:34,403 DEBUG [backend.app.services.bambu_mqtt] [-] [[SERIAL]] MQTT mapping field: [257, 256]
2026-05-11 20:34:34,403 DEBUG [backend.app.services.bambu_mqtt] [-] [[SERIAL]] gcode_state: RUNNING -> RUNNING, file: /data/Metadata/plate_1.gcode, subtask: Bambutton_P1S_0.2_Standard_withtool
2026-05-11 20:34:35,462 DEBUG [backend.app.services.bambu_mqtt] [-] [[SERIAL]] Found xcam inside print data: {'allow_skip_parts': False, 'buildplate_marker_detector': True, 'cfg': 8089015, 'first_layer_inspector': True, 'halt_print_sensitivity': 'medium', 'print_halt': True, 'printing_monitor': True, 'spaghetti_detector': True}
2026-05-11 20:34:35,462 DEBUG [backend.app.services.bambu_mqtt] [-] [[SERIAL]] Parsing xcam data - all fields: ['allow_skip_parts', 'buildplate_marker_detector', 'cfg', 'first_layer_inspector', 'halt_print_sensitivity', 'print_halt', 'printing_monitor', 'spaghetti_detector']
2026-05-11 20:34:35,463 DEBUG [backend.app.services.bambu_mqtt] [-] [[SERIAL]] xcam cfg bitmask: 8089015 (binary: 0b11110110110110110110111)
2026-05-11 20:34:35,463 DEBUG [backend.app.services.bambu_mqtt] [-] [[SERIAL]] Received gcode_state: RUNNING, gcode_file: /data/Metadata/plate_1.gcode, subtask_name: Bambutton_P1S_0.2_Standard_withtool
2026-05-11 20:34:35,463 DEBUG [backend.app.services.bambu_mqtt] [-] [[SERIAL]] AMS dict fields: {'ams_exist_bits': '13', 'ams_exist_bits_raw': '13', 'cali_id': 255, 'cali_stat': 0, 'cfs': [2, 9, 14, 5, 7], 'insert_flag': True, 'power_on_flag': True, 'tray_exist_bits': '37', 'tray_hall_out_bits': '20', 'tray_is_bbl_bits': '37', 'tray_now': '1', 'tray_pre': '1', 'tray_read_done_bits': '37', 'tray_reading_bits': '0', 'tray_tar': '1', 'unbind_ams_stat': 0, 'version': 353}
2026-05-11 20:34:35,463 DEBUG [backend.app.services.bambu_mqtt] [-] [[SERIAL]] tray_now updated: 5
2026-05-11 20:34:35,463 DEBUG [backend.app.services.bambu_mqtt] [-] [[SERIAL]] Merged AMS data: 3 new units, 3 total
2026-05-11 20:34:35,463 DEBUG [backend.app.services.bambu_mqtt] [-] [[SERIAL]] ams_status: 768 (main=3, sub=0)
2026-05-11 20:34:35,463 DEBUG [backend.app.services.bambu_mqtt] [-] [[SERIAL]] Received command response: push_status
2026-05-11 20:34:35,463 DEBUG [backend.app.services.bambu_mqtt] [-] [[SERIAL]] device.extruder.state=33042 (switch_state bits 12-14: 0)
2026-05-11 20:34:35,463 DEBUG [backend.app.services.bambu_mqtt] [-] [[SERIAL]] info.temp direct: 42°C (heater OFF)
2026-05-11 20:34:35,463 DEBUG [backend.app.services.bambu_mqtt] [-] [[SERIAL]] ctc_info keys: ['temp']
2026-05-11 20:34:35,463 DEBUG [backend.app.services.bambu_mqtt] [-] [[SERIAL]] Chamber heating calculated: target=0.0, current=42.0, heating=False, respect_local=False
2026-05-11 20:34:35,463 DEBUG [backend.app.services.bambu_mqtt] [-] [[SERIAL]] Chamber temp updated to: 42.0, target: 0.0, heating: False
2026-05-11 20:34:35,464 DEBUG [backend.app.services.bambu_mqtt] [-] [[SERIAL]] HMS data received: [{'attr': 83887616, 'code': 131184, 'ts_boot': 24977, 'ts_unix': '20260512013405'}, {'attr': 201326848, 'code': 131099, 'ts_boot': 382147, 'ts_unix': '20260512014002'}, {'attr': 83886848, 'code': 131091, 'ts_boot': 413116, 'ts_unix': '20260512014033'}]
2026-05-11 20:34:35,464 DEBUG [backend.app.services.bambu_mqtt] [-] [[SERIAL]] ipcam field: {'agora_service': 'disable', 'brtc_service': 'enable', 'bs_state': 0, 'cap_pic_enable': 'invalid', 'ipcam_dev': '1', 'ipcam_record': 'enable', 'laser_preview_res': 7, 'liveview_preview': True, 'mode_bits': 2, 'resolution': '1080p', 'rtsp_url': 'rtsps://[IP]:322/streaming/live/1', 'timelapse': 'enable', 'tl_external_free_kb': 4031168, 'tl_external_total_kb': 30058880, 'tl_internal_free_kb': 746763, 'tl_internal_total_kb': 962560, 'tl_store_hpd_type': 2, 'tl_store_path_type': 2, 'tutk_server': 'disable'}
2026-05-11 20:34:35,464 DEBUG [backend.app.services.bambu_mqtt] [-] [[SERIAL]] Timelapse detected during print (from ipcam)
2026-05-11 20:34:35,464 DEBUG [backend.app.services.bambu_mqtt] [-] [[SERIAL]] wifi_signal received: -43dBm
2026-05-11 20:34:35,464 DEBUG [backend.app.services.bambu_mqtt] [-] [[SERIAL]] lights_report: [{'mode': 'on', 'node': 'chamber_light'}, {'mode': 'flashing', 'node': 'work_light'}]
2026-05-11 20:34:35,464 DEBUG [backend.app.services.bambu_mqtt] [-] [[SERIAL]] MQTT mapping field: [257, 256]
2026-05-11 20:34:35,464 DEBUG [backend.app.services.bambu_mqtt] [-] [[SERIAL]] gcode_state: RUNNING -> RUNNING, file: /data/Metadata/plate_1.gcode, subtask: Bambutton_P1S_0.2_Standard_withtool
2026-05-11 20:34:36,806 DEBUG [backend.app.services.bambu_mqtt] [-] [[SERIAL]] Found xcam inside print data: {'allow_skip_parts': False, 'buildplate_marker_detector': True, 'cfg': 8089015, 'first_layer_inspector': True, 'halt_print_sensitivity': 'medium', 'print_halt': True, 'printing_monitor': True, 'spaghetti_detector': True}
2026-05-11 20:34:36,806 DEBUG [backend.app.services.bambu_mqtt] [-] [[SERIAL]] Parsing xcam data - all fields: ['allow_skip_parts', 'buildplate_marker_detector', 'cfg', 'first_layer_inspector', 'halt_print_sensitivity', 'print_halt', 'printing_monitor', 'spaghetti_detector']
2026-05-11 20:34:36,806 DEBUG [backend.app.services.bambu_mqtt] [-] [[SERIAL]] xcam cfg bitmask: 8089015 (binary: 0b11110110110110110110111)
2026-05-11 20:34:36,806 DEBUG [backend.app.services.bambu_mqtt] [-] [[SERIAL]] Received gcode_state: RUNNING, gcode_file: /data/Metadata/plate_1.gcode, subtask_name: Bambutton_P1S_0.2_Standard_withtool
2026-05-11 20:34:36,806 DEBUG [backend.app.services.bambu_mqtt] [-] [[SERIAL]] AMS dict fields: {'ams_exist_bits': '13', 'ams_exist_bits_raw': '13', 'cali_id': 255, 'cali_stat': 0, 'cfs': [2, 9, 14, 5, 7], 'insert_flag': True, 'power_on_flag': True, 'tray_exist_bits': '37', 'tray_hall_out_bits': '20', 'tray_is_bbl_bits': '37', 'tray_now': '1', 'tray_pre': '1', 'tray_read_done_bits': '37', 'tray_reading_bits': '0', 'tray_tar': '1', 'unbind_ams_stat': 0, 'version': 353}
2026-05-11 20:34:36,806 DEBUG [backend.app.services.bambu_mqtt] [-] [[SERIAL]] tray_now updated: 5
2026-05-11 20:34:36,806 DEBUG [backend.app.services.bambu_mqtt] [-] [[SERIAL]] Merged AMS data: 3 new units, 3 total
2026-05-11 20:34:36,806 DEBUG [backend.app.services.bambu_mqtt] [-] [[SERIAL]] ams_status: 768 (main=3, sub=0)
2026-05-11 20:34:36,806 DEBUG [backend.app.services.bambu_mqtt] [-] [[SERIAL]] Received command response: push_status
2026-05-11 20:34:36,807 DEBUG [backend.app.services.bambu_mqtt] [-] [[SERIAL]] device.extruder.state=33042 (switch_state bits 12-14: 0)
2026-05-11 20:34:36,807 DEBUG [backend.app.services.bambu_mqtt] [-] [[SERIAL]] info.temp direct: 42°C (heater OFF)
2026-05-11 20:34:36,807 DEBUG [backend.app.services.bambu_mqtt] [-] [[SERIAL]] ctc_info keys: ['temp']
2026-05-11 20:34:36,807 DEBUG [backend.app.services.bambu_mqtt] [-] [[SERIAL]] Chamber heating calculated: target=0.0, current=42.0, heating=False, respect_local=False
2026-05-11 20:34:36,807 DEBUG [backend.app.services.bambu_mqtt] [-] [[SERIAL]] Chamber temp updated to: 42.0, target: 0.0, heating: False
2026-05-11 20:34:36,807 DEBUG [backend.app.services.bambu_mqtt] [-] [[SERIAL]] HMS data received: [{'attr': 83887616, 'code': 131184, 'ts_boot': 24977, 'ts_unix': '20260512013405'}, {'attr': 201326848, 'code': 131099, 'ts_boot': 382147, 'ts_unix': '20260512014002'}, {'attr': 83886848, 'code': 131091, 'ts_boot': 413116, 'ts_unix': '20260512014033'}]
2026-05-11 20:34:36,807 DEBUG [backend.app.services.bambu_mqtt] [-] [[SERIAL]] ipcam field: {'agora_service': 'disable', 'brtc_service': 'enable', 'bs_state': 0, 'cap_pic_enable': 'invalid', 'ipcam_dev': '1', 'ipcam_record': 'enable', 'laser_preview_res': 7, 'liveview_preview': True, 'mode_bits': 2, 'resolution': '1080p', 'rtsp_url': 'rtsps://[IP]:322/streaming/live/1', 'timelapse': 'enable', 'tl_external_free_kb': 4030144, 'tl_external_total_kb': 30058880, 'tl_internal_free_kb': 746763, 'tl_internal_total_kb': 962560, 'tl_store_hpd_type': 2, 'tl_store_path_type': 2, 'tutk_server': 'disable'}
2026-05-11 20:34:36,807 DEBUG [backend.app.services.bambu_mqtt] [-] [[SERIAL]] Timelapse detected during print (from ipcam)
2026-05-11 20:34:36,807 DEBUG [backend.app.services.bambu_mqtt] [-] [[SERIAL]] wifi_signal received: -43dBm
2026-05-11 20:34:36,807 DEBUG [backend.app.services.bambu_mqtt] [-] [[SERIAL]] lights_report: [{'mode': 'on', 'node': 'chamber_light'}, {'mode': 'flashing', 'node': 'work_light'}]
2026-05-11 20:34:36,807 DEBUG [backend.app.services.bambu_mqtt] [-] [[SERIAL]] MQTT mapping field: [257, 256]
2026-05-11 20:34:36,808 DEBUG [backend.app.services.bambu_mqtt] [-] [[SERIAL]] gcode_state: RUNNING -> RUNNING, file: /data/Metadata/plate_1.gcode, subtask: Bambutton_P1S_0.2_Standard_withtool
2026-05-11 20:34:37,751 DEBUG [backend.app.services.camera] [-] TLS proxy for [IP]:322 listening on [IP]:36161
2026-05-11 20:34:37,751 INFO [backend.app.services.camera] [-] Capturing camera frame bytes from [IP] using RTSP (model: [PRINTER])