2026-04-30 08:10:24,419 INFO [backend.app.services.print_scheduler] Queue: printer 3 not available — connected=True, state=FINISH, plate_cleared=False
2026-04-30 08:10:54,433 INFO [backend.app.services.print_scheduler] Queue check: found 6 pending items: [(113, 1, None, 59), (106, 2, None, 31), (107, 2, None, 31), (108, 2, None, 31), (115, 3, None, 57), (116, 3, None, 57)]
2026-04-30 08:10:54,433 INFO [backend.app.services.print_scheduler] Queue: printer 1 not available — connected=True, state=FAILED, plate_cleared=False
2026-04-30 08:10:54,433 INFO [backend.app.services.print_scheduler] Queue: printer 2 not available — connected=True, state=FAILED, plate_cleared=False
2026-04-30 08:10:54,434 INFO [backend.app.services.print_scheduler] Queue: printer 3 not available — connected=True, state=FINISH, plate_cleared=False
2026-04-30 08:11:24,448 INFO [backend.app.services.print_scheduler] Queue check: found 6 pending items: [(113, 1, None, 59), (106, 2, None, 31), (107, 2, None, 31), (108, 2, None, 31), (115, 3, None, 57), (116, 3, None, 57)]
2026-04-30 08:11:24,448 INFO [backend.app.services.print_scheduler] Queue: printer 1 not available — connected=True, state=FAILED, plate_cleared=False
2026-04-30 08:11:24,449 INFO [backend.app.services.print_scheduler] Queue: printer 2 not available — connected=True, state=FAILED, plate_cleared=False
2026-04-30 08:11:24,449 INFO [backend.app.services.print_scheduler] Queue: printer 3 not available — connected=True, state=FINISH, plate_cleared=False
2026-04-30 08:11:54,463 INFO [backend.app.services.print_scheduler] Queue check: found 6 pending items: [(113, 1, None, 59), (106, 2, None, 31), (107, 2, None, 31), (108, 2, None, 31), (115, 3, None, 57), (116, 3, None, 57)]
2026-04-30 08:11:54,463 INFO [backend.app.services.print_scheduler] Queue: printer 1 not available — connected=True, state=FAILED, plate_cleared=False
2026-04-30 08:11:54,464 INFO [backend.app.services.print_scheduler] Queue: printer 2 not available — connected=True, state=FAILED, plate_cleared=False
2026-04-30 08:11:54,464 INFO [backend.app.services.print_scheduler] Queue: printer 3 not available — connected=True, state=FINISH, plate_cleared=False
2026-04-30 08:12:24,478 INFO [backend.app.services.print_scheduler] Queue check: found 6 pending items: [(113, 1, None, 59), (106, 2, None, 31), (107, 2, None, 31), (108, 2, None, 31), (115, 3, None, 57), (116, 3, None, 57)]
2026-04-30 08:12:24,479 INFO [backend.app.services.print_scheduler] Queue: printer 1 not available — connected=True, state=FAILED, plate_cleared=False
2026-04-30 08:12:24,479 INFO [backend.app.services.print_scheduler] Queue: printer 2 not available — connected=True, state=FAILED, plate_cleared=False
2026-04-30 08:12:24,480 INFO [backend.app.services.print_scheduler] Queue: printer 3 not available — connected=True, state=FINISH, plate_cleared=False
2026-04-30 08:12:54,494 INFO [backend.app.services.print_scheduler] Queue check: found 6 pending items: [(113, 1, None, 59), (106, 2, None, 31), (107, 2, None, 31), (108, 2, None, 31), (115, 3, None, 57), (116, 3, None, 57)]
2026-04-30 08:12:54,495 INFO [backend.app.services.print_scheduler] Queue: printer 1 not available — connected=True, state=FAILED, plate_cleared=False
2026-04-30 08:12:54,495 INFO [backend.app.services.print_scheduler] Queue: printer 2 not available — connected=True, state=FAILED, plate_cleared=False
2026-04-30 08:12:54,495 INFO [backend.app.services.print_scheduler] Queue: printer 3 not available — connected=True, state=FINISH, plate_cleared=False
2026-04-30 08:13:24,507 INFO [backend.app.services.print_scheduler] Queue check: found 6 pending items: [(113, 1, None, 59), (106, 2, None, 31), (107, 2, None, 31), (108, 2, None, 31), (115, 3, None, 57), (116, 3, None, 57)]
2026-04-30 08:13:24,508 INFO [backend.app.services.print_scheduler] Queue: printer 1 not available — connected=True, state=FAILED, plate_cleared=False
2026-04-30 08:13:24,508 INFO [backend.app.services.print_scheduler] Queue: printer 2 not available — connected=True, state=FAILED, plate_cleared=False
2026-04-30 08:13:24,508 INFO [backend.app.services.print_scheduler] Queue: printer 3 not available — connected=True, state=FINISH, plate_cleared=False
2026-04-30 08:13:54,523 INFO [backend.app.services.print_scheduler] Queue check: found 6 pending items: [(113, 1, None, 59), (106, 2, None, 31), (107, 2, None, 31), (108, 2, None, 31), (115, 3, None, 57), (116, 3, None, 57)]
2026-04-30 08:13:54,523 INFO [backend.app.services.print_scheduler] Queue: printer 1 not available — connected=True, state=FAILED, plate_cleared=False
2026-04-30 08:13:54,524 INFO [backend.app.services.print_scheduler] Queue: printer 2 not available — connected=True, state=FAILED, plate_cleared=False
2026-04-30 08:13:54,524 INFO [backend.app.services.print_scheduler] Queue: printer 3 not available — connected=True, state=FINISH, plate_cleared=False
2026-04-30 08:14:24,540 INFO [backend.app.services.print_scheduler] Queue check: found 6 pending items: [(113, 1, None, 59), (106, 2, None, 31), (107, 2, None, 31), (108, 2, None, 31), (115, 3, None, 57), (116, 3, None, 57)]
2026-04-30 08:14:24,540 INFO [backend.app.services.print_scheduler] Queue: printer 1 not available — connected=True, state=FAILED, plate_cleared=False
2026-04-30 08:14:24,541 INFO [backend.app.services.print_scheduler] Queue: printer 2 not available — connected=True, state=FAILED, plate_cleared=False
2026-04-30 08:14:24,541 INFO [backend.app.services.print_scheduler] Queue: printer 3 not available — connected=True, state=FINISH, plate_cleared=False
2026-04-30 08:14:54,555 INFO [backend.app.services.print_scheduler] Queue check: found 6 pending items: [(113, 1, None, 59), (106, 2, None, 31), (107, 2, None, 31), (108, 2, None, 31), (115, 3, None, 57), (116, 3, None, 57)]
2026-04-30 08:14:54,555 INFO [backend.app.services.print_scheduler] Queue: printer 1 not available — connected=True, state=FAILED, plate_cleared=False
2026-04-30 08:14:54,556 INFO [backend.app.services.print_scheduler] Queue: printer 2 not available — connected=True, state=FAILED, plate_cleared=False
2026-04-30 08:14:54,556 INFO [backend.app.services.print_scheduler] Queue: printer 3 not available — connected=True, state=FINISH, plate_cleared=False
2026-04-30 08:14:58,913 INFO [backend.app.main] Recorded 3 AMS sensor history entries
2026-04-30 08:15:24,570 INFO [backend.app.services.print_scheduler] Queue check: found 6 pending items: [(113, 1, None, 59), (106, 2, None, 31), (107, 2, None, 31), (108, 2, None, 31), (115, 3, None, 57), (116, 3, None, 57)]
2026-04-30 08:15:24,571 INFO [backend.app.services.print_scheduler] Queue: printer 1 not available — connected=True, state=FAILED, plate_cleared=False
2026-04-30 08:15:24,571 INFO [backend.app.services.print_scheduler] Queue: printer 2 not available — connected=True, state=FAILED, plate_cleared=False
2026-04-30 08:15:24,571 INFO [backend.app.services.print_scheduler] Queue: printer 3 not available — connected=True, state=FINISH, plate_cleared=False
2026-04-30 08:15:54,584 INFO [backend.app.services.print_scheduler] Queue check: found 6 pending items: [(113, 1, None, 59), (106, 2, None, 31), (107, 2, None, 31), (108, 2, None, 31), (115, 3, None, 57), (116, 3, None, 57)]
2026-04-30 08:15:54,585 INFO [backend.app.services.print_scheduler] Queue: printer 1 not available — connected=True, state=FAILED, plate_cleared=False
2026-04-30 08:15:54,585 INFO [backend.app.services.print_scheduler] Queue: printer 2 not available — connected=True, state=FAILED, plate_cleared=False
2026-04-30 08:15:54,585 INFO [backend.app.services.print_scheduler] Queue: printer 3 not available — connected=True, state=FINISH, plate_cleared=False
2026-04-30 08:16:24,598 INFO [backend.app.services.print_scheduler] Queue check: found 6 pending items: [(113, 1, None, 59), (106, 2, None, 31), (107, 2, None, 31), (108, 2, None, 31), (115, 3, None, 57), (116, 3, None, 57)]
2026-04-30 08:16:24,598 INFO [backend.app.services.print_scheduler] Queue: printer 1 not available — connected=True, state=FAILED, plate_cleared=False
2026-04-30 08:16:24,599 INFO [backend.app.services.print_scheduler] Queue: printer 2 not available — connected=True, state=FAILED, plate_cleared=False
2026-04-30 08:16:24,599 INFO [backend.app.services.print_scheduler] Queue: printer 3 not available — connected=True, state=FINISH, plate_cleared=False
2026-04-30 08:16:54,613 INFO [backend.app.services.print_scheduler] Queue check: found 6 pending items: [(113, 1, None, 59), (106, 2, None, 31), (107, 2, None, 31), (108, 2, None, 31), (115, 3, None, 57), (116, 3, None, 57)]
2026-04-30 08:16:54,613 INFO [backend.app.services.print_scheduler] Queue: printer 1 not available — connected=True, state=FAILED, plate_cleared=False
2026-04-30 08:16:54,614 INFO [backend.app.services.print_scheduler] Queue: printer 2 not available — connected=True, state=FAILED, plate_cleared=False
2026-04-30 08:16:54,614 INFO [backend.app.services.print_scheduler] Queue: printer 3 not available — connected=True, state=FINISH, plate_cleared=False
2026-04-30 08:17:24,628 INFO [backend.app.services.print_scheduler] Queue check: found 6 pending items: [(113, 1, None, 59), (106, 2, None, 31), (107, 2, None, 31), (108, 2, None, 31), (115, 3, None, 57), (116, 3, None, 57)]
2026-04-30 08:17:24,629 INFO [backend.app.services.print_scheduler] Queue: printer 1 not available — connected=True, state=FAILED, plate_cleared=False
2026-04-30 08:17:24,629 INFO [backend.app.services.print_scheduler] Queue: printer 2 not available — connected=True, state=FAILED, plate_cleared=False
2026-04-30 08:17:24,629 INFO [backend.app.services.print_scheduler] Queue: printer 3 not available — connected=True, state=FINISH, plate_cleared=False
2026-04-30 08:17:54,644 INFO [backend.app.services.print_scheduler] Queue check: found 6 pending items: [(113, 1, None, 59), (106, 2, None, 31), (107, 2, None, 31), (108, 2, None, 31), (115, 3, None, 57), (116, 3, None, 57)]
2026-04-30 08:17:54,645 INFO [backend.app.services.print_scheduler] Queue: printer 1 not available — connected=True, state=FAILED, plate_cleared=False
2026-04-30 08:17:54,645 INFO [backend.app.services.print_scheduler] Queue: printer 2 not available — connected=True, state=FAILED, plate_cleared=False
2026-04-30 08:17:54,645 INFO [backend.app.services.print_scheduler] Queue: printer 3 not available — connected=True, state=FINISH, plate_cleared=False
2026-04-30 08:18:14,386 INFO [backend.app.api.routes.websocket] WebSocket client connecting...
2026-04-30 08:18:14,387 INFO [backend.app.api.routes.websocket] WebSocket client connected
2026-04-30 08:18:14,392 INFO [backend.app.api.routes.websocket] Sent initial status for 3 printers
2026-04-30 08:18:15,070 INFO [backend.app.api.routes.cloud] get_filament_info called with 2 IDs: ['GFL99', 'Pc817a1d']
2026-04-30 08:18:15,392 INFO [backend.app.api.routes.cloud] get_filament_info called with 3 IDs: ['P84fab6d', 'GFL99', 'Pc817a1d']
2026-04-30 08:18:15,795 WARNING [backend.app.api.routes.cloud] Failed to get cloud preset P84fab6d (API ID: P84fab6d): Failed to get setting detail: 400
2026-04-30 08:18:15,806 INFO [backend.app.api.routes.cloud] get_filament_info called with 2 IDs: ['GFL99', 'PFUS1053']
2026-04-30 08:18:15,831 WARNING [backend.app.api.routes.cloud] Failed to get cloud preset Pc817a1d (API ID: Pc817a1d): Failed to get setting detail: 400
2026-04-30 08:18:16,179 WARNING [backend.app.api.routes.cloud] Failed to get cloud preset PFUS1053 (API ID: PFUS1053): Failed to get setting detail: 400
2026-04-30 08:18:16,368 WARNING [backend.app.api.routes.cloud] Failed to get cloud preset Pc817a1d (API ID: Pc817a1d): Failed to get setting detail: 400
2026-04-30 08:18:24,659 INFO [backend.app.services.print_scheduler] Queue check: found 6 pending items: [(113, 1, None, 59), (106, 2, None, 31), (107, 2, None, 31), (108, 2, None, 31), (115, 3, None, 57), (116, 3, None, 57)]
2026-04-30 08:18:24,660 INFO [backend.app.services.print_scheduler] Queue: printer 1 not available — connected=True, state=FAILED, plate_cleared=False
2026-04-30 08:18:24,660 INFO [backend.app.services.print_scheduler] Queue: printer 2 not available — connected=True, state=FAILED, plate_cleared=False
2026-04-30 08:18:24,660 INFO [backend.app.services.print_scheduler] Queue: printer 3 not available — connected=True, state=FINISH, plate_cleared=False
2026-04-30 08:18:30,882 INFO [backend.app.api.routes.camera] Stopped 0 camera stream(s) for printer 2
2026-04-30 08:18:30,886 INFO [backend.app.api.routes.camera] Stopped 0 camera stream(s) for printer 3
2026-04-30 08:18:30,898 INFO [backend.app.api.routes.camera] Stopped 0 camera stream(s) for printer 1
2026-04-30 08:18:41,493 INFO [backend.app.api.routes.websocket] WebSocket client disconnected normally
2026-04-30 08:18:42,000 INFO [backend.app.api.routes.websocket] WebSocket client connecting...
2026-04-30 08:18:42,000 INFO [backend.app.api.routes.websocket] WebSocket client connected
2026-04-30 08:18:42,004 INFO [backend.app.api.routes.websocket] Sent initial status for 3 printers
2026-04-30 08:18:54,674 INFO [backend.app.services.print_scheduler] Queue check: found 6 pending items: [(113, 1, None, 59), (106, 2, None, 31), (107, 2, None, 31), (108, 2, None, 31), (115, 3, None, 57), (116, 3, None, 57)]
2026-04-30 08:18:54,675 INFO [backend.app.services.print_scheduler] Queue: printer 1 not available — connected=True, state=FAILED, plate_cleared=False
2026-04-30 08:18:54,675 INFO [backend.app.services.print_scheduler] Queue: printer 2 not available — connected=True, state=FAILED, plate_cleared=False
2026-04-30 08:18:54,676 INFO [backend.app.services.print_scheduler] Queue: printer 3 not available — connected=True, state=FINISH, plate_cleared=False
2026-04-30 08:19:24,689 INFO [backend.app.services.print_scheduler] Queue check: found 6 pending items: [(113, 1, None, 59), (106, 2, None, 31), (107, 2, None, 31), (108, 2, None, 31), (115, 3, None, 57), (116, 3, None, 57)]
2026-04-30 08:19:24,690 INFO [backend.app.services.print_scheduler] Queue: printer 1 not available — connected=True, state=FAILED, plate_cleared=False
2026-04-30 08:19:24,690 INFO [backend.app.services.print_scheduler] Queue: printer 2 not available — connected=True, state=FAILED, plate_cleared=False
2026-04-30 08:19:24,690 INFO [backend.app.services.print_scheduler] Queue: printer 3 not available — connected=True, state=FINISH, plate_cleared=False
2026-04-30 08:19:34,149 INFO [backend.app.api.routes.camera] Using chamber image protocol for P1P
2026-04-30 08:19:34,151 INFO [backend.app.api.routes.camera] Starting chamber image stream for [IP] (stream_id=2-a67d4bfe, model=P1P)
2026-04-30 08:19:34,156 INFO [backend.app.api.routes.camera] Using chamber image protocol for P1S
2026-04-30 08:19:34,159 INFO [backend.app.api.routes.camera] Using chamber image protocol for P1S
2026-04-30 08:19:34,160 INFO [backend.app.api.routes.camera] Starting chamber image stream for [IP] (stream_id=3-6478477a, model=P1S)
2026-04-30 08:19:34,162 INFO [backend.app.api.routes.camera] Starting chamber image stream for [IP] (stream_id=1-1707758e, model=P1S)
2026-04-30 08:19:34,194 INFO [backend.app.api.routes.cloud] get_filament_info called with 2 IDs: ['GFL99', 'Pc817a1d']
2026-04-30 08:19:35,028 INFO [backend.app.services.camera] Chamber image: connected to [IP]:6000
2026-04-30 08:19:35,054 INFO [backend.app.services.camera] Chamber image: connected to [IP]:6000
2026-04-30 08:19:35,257 INFO [backend.app.api.routes.cloud] get_filament_info called with 2 IDs: ['GFL99', 'PFUS1053']
2026-04-30 08:19:35,258 INFO [backend.app.api.routes.cloud] get_filament_info called with 3 IDs: ['P84fab6d', 'GFL99', 'Pc817a1d']
2026-04-30 08:19:38,924 INFO [backend.app.services.camera] Chamber image: connected to [IP]:6000
2026-04-30 08:19:54,704 INFO [backend.app.services.print_scheduler] Queue check: found 6 pending items: [(113, 1, None, 59), (106, 2, None, 31), (107, 2, None, 31), (108, 2, None, 31), (115, 3, None, 57), (116, 3, None, 57)]
2026-04-30 08:19:54,705 INFO [backend.app.services.print_scheduler] Queue: printer 1 not available — connected=True, state=FAILED, plate_cleared=False
2026-04-30 08:19:54,705 INFO [backend.app.services.print_scheduler] Queue: printer 2 not available — connected=True, state=FAILED, plate_cleared=False
2026-04-30 08:19:54,706 INFO [backend.app.services.print_scheduler] Queue: printer 3 not available — connected=True, state=FINISH, plate_cleared=False
2026-04-30 08:19:58,922 INFO [backend.app.main] Sending temperature alarm for [PRINTER] AMS-A: 37.4°C > 35.0°C
2026-04-30 08:19:58,932 INFO [backend.app.main] Recorded 3 AMS sensor history entries
2026-04-30 08:20:21,099 INFO [backend.app.api.routes.support] Log level changed to DEBUG
2026-04-30 08:20:21,100 INFO [backend.app.api.routes.bug_report] Bug report: enabled debug logging
2026-04-30 08:20:21,100 DEBUG [backend.app.services.bambu_mqtt] [[SERIAL]] Requesting status update (pushall)
2026-04-30 08:20:21,101 DEBUG [backend.app.services.bambu_mqtt] [[SERIAL]] Requesting status update (pushall)
2026-04-30 08:20:21,101 DEBUG [backend.app.services.bambu_mqtt] [[SERIAL]] Requesting status update (pushall)
2026-04-30 08:20:21,575 DEBUG [backend.app.services.bambu_mqtt] [[SERIAL]] Received gcode_state: FAILED, gcode_file: , subtask_name: L017-0503_Emoji_Smile_v2_p1s_v3-11_v3-4_v3-4
2026-04-30 08:20:21,576 DEBUG [backend.app.services.bambu_mqtt] [[SERIAL]] AMS dict fields: {'ams_exist_bits': '1', 'tray_exist_bits': 'f', 'tray_is_bbl_bits': 'f', 'tray_tar': '2', 'tray_now': '2', 'tray_pre': '2', 'tray_read_done_bits': 'f', 'tray_reading_bits': '0', 'version': 324, 'insert_flag': True, 'power_on_flag': False}
2026-04-30 08:20:21,576 DEBUG [backend.app.services.bambu_mqtt] [[SERIAL]] Received gcode_state: FAILED, gcode_file: , subtask_name: L030-0306_Anker_p1p_v3-11
2026-04-30 08:20:21,577 DEBUG [backend.app.services.bambu_mqtt] [[SERIAL]] tray_now updated: 2
2026-04-30 08:20:21,577 DEBUG [backend.app.services.bambu_mqtt] [[SERIAL]] AMS dict fields: {'ams_exist_bits': '1', 'tray_exist_bits': 'f', 'tray_is_bbl_bits': 'f', 'tray_tar': '3', 'tray_now': '3', 'tray_pre': '3', 'tray_read_done_bits': 'f', 'tray_reading_bits': '0', 'version': 84, 'insert_flag': False, 'power_on_flag': False}
2026-04-30 08:20:21,578 DEBUG [backend.app.services.bambu_mqtt] [[SERIAL]] Merged AMS data: 1 new units, 1 total
2026-04-30 08:20:21,578 DEBUG [backend.app.services.bambu_mqtt] [[SERIAL]] tray_now updated: 3
2026-04-30 08:20:21,579 DEBUG [backend.app.services.bambu_mqtt] [[SERIAL]] AMS 0 info=0x1001 -> extruder 0
2026-04-30 08:20:21,579 DEBUG [backend.app.services.bambu_mqtt] [[SERIAL]] Merged AMS data: 1 new units, 1 total
2026-04-30 08:20:21,580 DEBUG [backend.app.services.bambu_mqtt] [[SERIAL]] ams_extruder_map: {'0': 0}
2026-04-30 08:20:21,580 DEBUG [backend.app.services.bambu_mqtt] [[SERIAL]] AMS 0 info=0x1001 -> extruder 0
2026-04-30 08:20:21,581 DEBUG [backend.app.services.bambu_mqtt] [[SERIAL]] ams_status: 768 (main=3, sub=0)
2026-04-30 08:20:21,581 DEBUG [backend.app.services.bambu_mqtt] [[SERIAL]] ams_extruder_map: {'0': 0}
2026-04-30 08:20:21,581 DEBUG [backend.app.services.bambu_mqtt] [[SERIAL]] Received command response: push_status
2026-04-30 08:20:21,582 DEBUG [backend.app.services.bambu_mqtt] [[SERIAL]] ams_status: 768 (main=3, sub=0)
2026-04-30 08:20:21,582 DEBUG [backend.app.services.bambu_mqtt] [[SERIAL]] chamber_temper raw value: 5.0
2026-04-30 08:20:21,583 DEBUG [backend.app.services.bambu_mqtt] [[SERIAL]] Received command response: push_status
2026-04-30 08:20:21,583 DEBUG [backend.app.services.bambu_mqtt] [[SERIAL]] chamber_temper direct value: 5.0°C (heater OFF)
2026-04-30 08:20:21,583 DEBUG [backend.app.services.bambu_mqtt] [[SERIAL]] chamber_temper raw value: 5.0
2026-04-30 08:20:21,584 DEBUG [backend.app.services.bambu_mqtt] [[SERIAL]] Chamber heating calculated: target=0.0, current=5.0, heating=False, respect_local=False
2026-04-30 08:20:21,584 DEBUG [backend.app.services.bambu_mqtt] [[SERIAL]] chamber_temper direct value: 5.0°C (heater OFF)
2026-04-30 08:20:21,585 DEBUG [backend.app.services.bambu_mqtt] [[SERIAL]] Chamber temp updated to: 5.0, target: 0.0, heating: False
2026-04-30 08:20:21,585 DEBUG [backend.app.services.bambu_mqtt] [[SERIAL]] Chamber heating calculated: target=0.0, current=5.0, heating=False, respect_local=False
2026-04-30 08:20:21,586 DEBUG [backend.app.services.bambu_mqtt] [[SERIAL]] HMS data received: [{'attr': 50336000, 'code': 131073, 'action': 0, 'timestamp': 1776774336}]
2026-04-30 08:20:21,586 DEBUG [backend.app.services.bambu_mqtt] [[SERIAL]] Chamber temp updated to: 5.0, target: 0.0, heating: False
2026-04-30 08:20:21,587 DEBUG [backend.app.services.bambu_mqtt] [[SERIAL]] ipcam field: {'ipcam_dev': '1', 'ipcam_record': 'enable', 'timelapse': 'disable', 'resolution': '', 'tutk_server': 'disable', 'mode_bits': 3}
2026-04-30 08:20:21,587 DEBUG [backend.app.services.bambu_mqtt] [[SERIAL]] HMS data received: []
2026-04-30 08:20:21,587 DEBUG [backend.app.services.bambu_mqtt] [[SERIAL]] wifi_signal received: -55dBm
2026-04-30 08:20:21,588 DEBUG [backend.app.services.bambu_mqtt] [[SERIAL]] ipcam field: {'ipcam_dev': '1', 'ipcam_record': 'enable', 'timelapse': 'disable', 'resolution': '', 'tutk_server': 'disable', 'mode_bits': 3}
2026-04-30 08:20:21,588 DEBUG [backend.app.services.bambu_mqtt] [[SERIAL]] lights_report: [{'node': 'chamber_light', 'mode': 'on'}]
2026-04-30 08:20:21,589 DEBUG [backend.app.services.bambu_mqtt] [[SERIAL]] wifi_signal received: -44dBm
2026-04-30 08:20:21,589 DEBUG [backend.app.services.bambu_mqtt] [[SERIAL]] gcode_state: FAILED -> FAILED, file: , subtask: L017-0503_Emoji_Smile_v2_p1s_v3-11_v3-4_v3-4
2026-04-30 08:20:21,589 DEBUG [backend.app.services.bambu_mqtt] [[SERIAL]] lights_report: [{'node': 'chamber_light', 'mode': 'on'}]
2026-04-30 08:20:21,591 DEBUG [backend.app.services.bambu_mqtt] [[SERIAL]] gcode_state: FAILED -> FAILED, file: , subtask: L030-0306_Anker_p1p_v3-11
2026-04-30 08:20:22,927 DEBUG [backend.app.services.bambu_mqtt] [[SERIAL]] Received gcode_state: FINISH, gcode_file: , subtask_name: L007-0304_Emoji_Grin_Hearts_p1s_v3-11
2026-04-30 08:20:22,927 DEBUG [backend.app.services.bambu_mqtt] [[SERIAL]] AMS dict fields: {'ams_exist_bits': '1', 'tray_exist_bits': 'f', 'tray_is_bbl_bits': 'f', 'tray_tar': '255', 'tray_now': '255', 'tray_pre': '255', 'tray_read_done_bits': 'f', 'tray_reading_bits': '0', 'version': 374, 'insert_flag': True, 'power_on_flag': False}
2026-04-30 08:20:22,927 DEBUG [backend.app.services.bambu_mqtt] [[SERIAL]] tray_now updated: 255
2026-04-30 08:20:22,928 DEBUG [backend.app.services.bambu_mqtt] [[SERIAL]] Merged AMS data: 1 new units, 1 total
2026-04-30 08:20:22,928 DEBUG [backend.app.services.bambu_mqtt] [[SERIAL]] AMS 0 info=0x1001 -> extruder 0
2026-04-30 08:20:22,928 DEBUG [backend.app.services.bambu_mqtt] [[SERIAL]] ams_extruder_map: {'0': 0}
2026-04-30 08:20:22,928 DEBUG [backend.app.services.bambu_mqtt] [[SERIAL]] ams_status: 0 (main=0, sub=0)
2026-04-30 08:20:22,929 DEBUG [backend.app.services.bambu_mqtt] [[SERIAL]] Received command response: push_status
2026-04-30 08:20:22,929 DEBUG [backend.app.services.bambu_mqtt] [[SERIAL]] chamber_temper raw value: 5.0
2026-04-30 08:20:22,929 DEBUG [backend.app.services.bambu_mqtt] [[SERIAL]] chamber_temper direct value: 5.0°C (heater OFF)
2026-04-30 08:20:22,930 DEBUG [backend.app.services.bambu_mqtt] [[SERIAL]] Chamber heating calculated: target=0.0, current=5.0, heating=False, respect_local=False
2026-04-30 08:20:22,930 DEBUG [backend.app.services.bambu_mqtt] [[SERIAL]] Chamber temp updated to: 5.0, target: 0.0, heating: False
2026-04-30 08:20:22,930 DEBUG [backend.app.services.bambu_mqtt] [[SERIAL]] HMS data received: []
2026-04-30 08:20:22,931 DEBUG [backend.app.services.bambu_mqtt] [[SERIAL]] ipcam field: {'ipcam_dev': '1', 'ipcam_record': 'enable', 'timelapse': 'disable', 'resolution': '', 'tutk_server': 'disable', 'mode_bits': 3}
2026-04-30 08:20:22,931 DEBUG [backend.app.services.bambu_mqtt] [[SERIAL]] wifi_signal received: -44dBm
2026-04-30 08:20:22,931 DEBUG [backend.app.services.bambu_mqtt] [[SERIAL]] lights_report: [{'node': 'chamber_light', 'mode': 'on'}]
2026-04-30 08:20:22,932 DEBUG [backend.app.services.bambu_mqtt] [[SERIAL]] gcode_state: FINISH -> FINISH, file: , subtask: L007-0304_Emoji_Grin_Hearts_p1s_v3-11
2026-04-30 08:20:23,396 DEBUG [backend.app.services.bambu_mqtt] [[SERIAL]] Received command response: push_status
2026-04-30 08:20:23,397 DEBUG [backend.app.services.bambu_mqtt] [[SERIAL]] Received command response: push_status
2026-04-30 08:20:23,397 DEBUG [backend.app.services.bambu_mqtt] [[SERIAL]] Received command response: push_status
2026-04-30 08:20:23,397 DEBUG [backend.app.services.bambu_mqtt] [[SERIAL]] wifi_signal received: -57dBm
2026-04-30 08:20:23,398 DEBUG [backend.app.services.bambu_mqtt] [[SERIAL]] wifi_signal received: -45dBm
2026-04-30 08:20:23,398 DEBUG [backend.app.services.bambu_mqtt] [[SERIAL]] wifi_signal received: -45dBm
2026-04-30 08:20:24,720 INFO [backend.app.services.print_scheduler] Queue check: found 6 pending items: [(113, 1, None, 59), (106, 2, None, 31), (107, 2, None, 31), (108, 2, None, 31), (115, 3, None, 57), (116, 3, None, 57)]
2026-04-30 08:20:24,720 DEBUG [backend.app.services.print_scheduler] Printer 1: not idle — state=FAILED, plate_cleared=False
2026-04-30 08:20:24,721 DEBUG [backend.app.services.print_scheduler] Printer 2: not idle — state=FAILED, plate_cleared=False
2026-04-30 08:20:24,721 DEBUG [backend.app.services.print_scheduler] Printer 3: not idle — state=FINISH, plate_cleared=False
2026-04-30 08:20:24,721 INFO [backend.app.services.print_scheduler] Queue: printer 1 not available — connected=True, state=FAILED, plate_cleared=False
2026-04-30 08:20:24,721 INFO [backend.app.services.print_scheduler] Queue: printer 2 not available — connected=True, state=FAILED, plate_cleared=False
2026-04-30 08:20:24,722 INFO [backend.app.services.print_scheduler] Queue: printer 3 not available — connected=True, state=FINISH, plate_cleared=False
2026-04-30 08:20:25,412 DEBUG [backend.app.services.bambu_mqtt] [[SERIAL]] Received command response: push_status
2026-04-30 08:20:25,412 DEBUG [backend.app.services.bambu_mqtt] [[SERIAL]] wifi_signal received: -44dBm
2026-04-30 08:20:25,448 DEBUG [backend.app.services.bambu_mqtt] [[SERIAL]] Merged AMS data: 1 new units, 1 total
2026-04-30 08:20:25,448 DEBUG [backend.app.services.bambu_mqtt] [[SERIAL]] AMS 0 info=0x1001 -> extruder 0
2026-04-30 08:20:25,448 DEBUG [backend.app.services.bambu_mqtt] [[SERIAL]] ams_extruder_map: {'0': 0}
2026-04-30 08:20:25,448 DEBUG [backend.app.services.bambu_mqtt] [[SERIAL]] Received command response: push_status
2026-04-30 08:20:27,454 DEBUG [backend.app.services.bambu_mqtt] [[SERIAL]] Received command response: push_status
2026-04-30 08:20:27,454 DEBUG [backend.app.services.bambu_mqtt] [[SERIAL]] wifi_signal received: -43dBm
2026-04-30 08:20:27,499 DEBUG [backend.app.services.bambu_mqtt] [[SERIAL]] Merged AMS data: 1 new units, 1 total
2026-04-30 08:20:27,499 DEBUG [backend.app.services.bambu_mqtt] [[SERIAL]] AMS 0 info=0x1001 -> extruder 0
2026-04-30 08:20:27,499 DEBUG [backend.app.services.bambu_mqtt] [[SERIAL]] ams_extruder_map: {'0': 0}
2026-04-30 08:20:27,500 DEBUG [backend.app.services.bambu_mqtt] [[SERIAL]] Received command response: push_status
2026-04-30 08:20:27,501 DEBUG [backend.app.services.bambu_mqtt] [[SERIAL]] wifi_signal received: -43dBm
2026-04-30 08:20:29,443 DEBUG [backend.app.services.bambu_mqtt] [[SERIAL]] Received command response: push_status
2026-04-30 08:20:29,443 DEBUG [backend.app.services.bambu_mqtt] [[SERIAL]] wifi_signal received: -55dBm
2026-04-30 08:20:31,490 DEBUG [backend.app.services.bambu_mqtt] [[SERIAL]] Received command response: push_status
2026-04-30 08:20:31,490 DEBUG [backend.app.services.bambu_mqtt] [[SERIAL]] wifi_signal received: -58dBm
2026-04-30 08:20:31,578 DEBUG [backend.app.services.bambu_mqtt] [[SERIAL]] Merged AMS data: 1 new units, 1 total
2026-04-30 08:20:31,579 DEBUG [backend.app.services.bambu_mqtt] [[SERIAL]] AMS 0 info=0x1001 -> extruder 0
2026-04-30 08:20:31,579 DEBUG [backend.app.services.bambu_mqtt] [[SERIAL]] ams_extruder_map: {'0': 0}
2026-04-30 08:20:31,579 DEBUG [backend.app.services.bambu_mqtt] [[SERIAL]] Received command response: push_status
2026-04-30 08:20:31,580 DEBUG [backend.app.services.bambu_mqtt] [[SERIAL]] wifi_signal received: -44dBm