2026-05-20 22:28:48,899 INFO [backend.app.services.bambu_mqtt] [-] [[SERIAL]] Request topic subscription accepted. ams_mapping capture enabled for slicer-initiated prints.
2026-05-20 22:30:18,756 WARNING [backend.app.services.bambu_mqtt] [-] [[SERIAL]] Connection stale - no message for 89.9s, forcing reconnect
2026-05-20 22:30:18,756 INFO [backend.app.services.bambu_mqtt] [-] [[SERIAL]] Disconnect callback after stale reconnect (expected), rc=Normal disconnection
2026-05-20 22:30:18,921 INFO [backend.app.services.bambu_mqtt] [-] [[SERIAL]] Request topic subscription accepted. ams_mapping capture enabled for slicer-initiated prints.
2026-05-20 22:31:36,974 WARNING [backend.app.services.bambu_mqtt] [-] [[SERIAL]] Connection stale - no message for 78.1s, forcing reconnect
2026-05-20 22:31:36,974 INFO [backend.app.services.bambu_mqtt] [-] [[SERIAL]] Disconnect callback after stale reconnect (expected), rc=Normal disconnection
2026-05-20 22:31:37,138 INFO [backend.app.services.bambu_mqtt] [-] [[SERIAL]] Request topic subscription accepted. ams_mapping capture enabled for slicer-initiated prints.
2026-05-20 22:32:48,764 WARNING [backend.app.services.bambu_mqtt] [-] [[SERIAL]] Connection stale - no message for 71.6s, forcing reconnect
2026-05-20 22:32:48,765 INFO [backend.app.services.bambu_mqtt] [-] [[SERIAL]] Disconnect callback after stale reconnect (expected), rc=Normal disconnection
2026-05-20 22:32:48,930 INFO [backend.app.services.bambu_mqtt] [-] [[SERIAL]] Request topic subscription accepted. ams_mapping capture enabled for slicer-initiated prints.
2026-05-20 22:34:18,771 WARNING [backend.app.services.bambu_mqtt] [-] [[SERIAL]] Connection stale - no message for 89.8s, forcing reconnect
2026-05-20 22:34:18,772 INFO [backend.app.services.bambu_mqtt] [-] [[SERIAL]] Disconnect callback after stale reconnect (expected), rc=Normal disconnection
2026-05-20 22:34:18,975 INFO [backend.app.services.bambu_mqtt] [-] [[SERIAL]] Request topic subscription accepted. ams_mapping capture enabled for slicer-initiated prints.
2026-05-20 22:35:48,782 WARNING [backend.app.services.bambu_mqtt] [-] [[SERIAL]] Connection stale - no message for 89.8s, forcing reconnect
2026-05-20 22:35:48,782 INFO [backend.app.services.bambu_mqtt] [-] [[SERIAL]] Disconnect callback after stale reconnect (expected), rc=Normal disconnection
2026-05-20 22:35:48,942 INFO [backend.app.services.bambu_mqtt] [-] [[SERIAL]] Request topic subscription accepted. ams_mapping capture enabled for slicer-initiated prints.
2026-05-20 22:37:18,791 WARNING [backend.app.services.bambu_mqtt] [-] [[SERIAL]] Connection stale - no message for 89.8s, forcing reconnect
2026-05-20 22:37:18,791 INFO [backend.app.services.bambu_mqtt] [-] [[SERIAL]] Disconnect callback after stale reconnect (expected), rc=Normal disconnection
2026-05-20 22:37:18,953 INFO [backend.app.services.bambu_mqtt] [-] [[SERIAL]] Request topic subscription accepted. ams_mapping capture enabled for slicer-initiated prints.
2026-05-20 22:38:48,799 WARNING [backend.app.services.bambu_mqtt] [-] [[SERIAL]] Connection stale - no message for 89.8s, forcing reconnect
2026-05-20 22:38:48,799 INFO [backend.app.services.bambu_mqtt] [-] [[SERIAL]] Disconnect callback after stale reconnect (expected), rc=Normal disconnection
2026-05-20 22:38:48,958 INFO [backend.app.services.bambu_mqtt] [-] [[SERIAL]] Request topic subscription accepted. ams_mapping capture enabled for slicer-initiated prints.
2026-05-21 13:46:39,937 INFO [root] [-] Logging to file: /app/logs/bambuddy.log
2026-05-21 13:46:39,938 INFO [root] [-] Bambuddy starting - debug=False, log_level=INFO
2026-05-21 13:46:41,039 INFO [backend.app.services.mqtt_relay] [-] MQTT relay disabled
2026-05-21 13:46:41,862 WARNING [backend.app.services.bambu_mqtt] [-] [[SERIAL]] MQTT disconnected: rc=Unspecified error, flags=DisconnectFlags(is_disconnect_packet_from_server=False)
2026-05-21 13:46:41,862 WARNING [backend.app.services.bambu_mqtt] [-] [[SERIAL]] Disconnected shortly after request topic subscription. Disabling request topic for this printer.
2026-05-21 13:46:42,255 INFO [backend.app.services.bambu_mqtt] [-] [[SERIAL]] Request topic subscription accepted. ams_mapping capture enabled for slicer-initiated prints.
2026-05-21 13:46:43,057 INFO [backend.app.services.background_dispatch] [-] Background dispatch dispatcher started
2026-05-21 13:46:43,057 INFO [backend.app.services.smart_plug_manager] [-] Smart plug scheduler started
2026-05-21 13:46:43,057 INFO [backend.app.services.smart_plug_manager] [-] Smart plug energy snapshot loop started
2026-05-21 13:46:43,060 INFO [backend.app.services.print_scheduler] [-] Print scheduler started
2026-05-21 13:46:43,063 INFO [backend.app.services.notification_service] [-] Notification digest scheduler started
2026-05-21 13:46:43,063 INFO [backend.app.services.github_backup] [-] Starting GitHub backup scheduler
2026-05-21 13:46:43,064 INFO [backend.app.services.local_backup] [-] Starting local backup scheduler
2026-05-21 13:46:43,067 INFO [backend.app.services.obico_detection] [-] Starting Obico detection service
2026-05-21 13:46:43,067 INFO [backend.app.services.library_trash] [-] Starting library trash sweeper
2026-05-21 13:46:43,067 INFO [backend.app.services.archive_purge] [-] Starting archive auto-purge sweeper
2026-05-21 13:46:43,068 INFO [backend.app.main] [-] AMS history recording started
2026-05-21 13:46:43,068 INFO [backend.app.main] [-] Printer runtime tracking started
2026-05-21 13:46:43,068 INFO [backend.app.main] [-] SpoolBuddy watchdog started
2026-05-21 13:46:43,068 INFO [backend.app.main] [-] Camera stream cleanup started
2026-05-21 13:46:43,068 INFO [backend.app.main] [-] Expected prints cleanup started
2026-05-21 13:46:43,068 INFO [backend.app.main] [-] Auth periodic cleanup started
2026-05-21 13:46:43,077 INFO [root] [-] Virtual printer manager synced from database
2026-05-21 13:46:43,706 INFO [backend.app.services.bambu_mqtt] [-] [[SERIAL]] Firmware version: 01.08.02.00
2026-05-21 13:46:44,762 INFO [backend.app.main] [-] [Printer 1] Broadcasting AMS change via WebSocket
2026-05-21 13:46:50,720 INFO [backend.app.services.bambu_mqtt] [-] [[SERIAL]] Probing developer mode via ams_filament_setting (seq=5)
2026-05-21 13:46:50,748 INFO [backend.app.services.bambu_mqtt] [-] [[SERIAL]] Developer mode probe: ENABLED (result='success')
2026-05-21 13:47:58,075 WARNING [backend.app.services.bambu_mqtt] [-] [[SERIAL]] Connection stale - no message for 75.8s, forcing reconnect
2026-05-21 13:47:58,076 INFO [backend.app.services.bambu_mqtt] [-] [[SERIAL]] Disconnect callback after stale reconnect (expected), rc=Normal disconnection
2026-05-21 13:47:58,220 INFO [backend.app.services.bambu_mqtt] [-] [[SERIAL]] Request topic subscription accepted. ams_mapping capture enabled for slicer-initiated prints.
2026-05-21 13:48:43,360 INFO [uvicorn.access] [-] [IP]:46256 - "POST /api/v1/printers/camera/stream-token HTTP/1.1" 401
2026-05-21 13:48:44,376 INFO [uvicorn.access] [-] [IP]:46242 - "POST /api/v1/printers/camera/stream-token HTTP/1.1" 401
2026-05-21 13:49:13,352 INFO [uvicorn.access] [-] [IP]:41114 - "POST /api/v1/auth/login HTTP/1.1" 200
2026-05-21 13:49:13,418 INFO [backend.app.api.routes.websocket] [-] WebSocket client connecting...
2026-05-21 13:49:13,418 INFO [backend.app.api.routes.websocket] [-] WebSocket client connected
2026-05-21 13:49:13,418 WARNING [backend.app.services.bambu_mqtt] [-] [[SERIAL]] Connection stale - no message for 75.2s, forcing reconnect
2026-05-21 13:49:13,419 INFO [backend.app.services.bambu_mqtt] [-] [[SERIAL]] Disconnect callback after stale reconnect (expected), rc=Normal disconnection
2026-05-21 13:49:13,425 INFO [backend.app.api.routes.websocket] [-] Sent initial status for 2 printers
2026-05-21 13:49:13,482 INFO [uvicorn.access] [-] [IP]:41140 - "POST /api/v1/printers/camera/stream-token HTTP/1.1" 200
2026-05-21 13:49:13,580 INFO [backend.app.services.bambu_mqtt] [-] [[SERIAL]] Request topic subscription accepted. ams_mapping capture enabled for slicer-initiated prints.
2026-05-21 13:49:13,747 INFO [backend.app.api.routes.cloud] [94abb82f] get_filament_info called with 1 IDs: ['P30aae37']
2026-05-21 13:49:13,887 WARNING [backend.app.api.routes.cloud] [94abb82f] Failed to get cloud preset P30aae37 (API ID: P30aae37): Failed to get setting detail: 400
2026-05-21 13:49:13,900 INFO [uvicorn.access] [-] [IP]:41140 - "POST /api/v1/cloud/filament-info HTTP/1.1" 200
2026-05-21 13:49:14,267 INFO [backend.app.services.firmware_check] [f414ab8d] Got Bambu Lab build ID: lKH6NenxjmuBxWz8K1bm_
2026-05-21 13:50:28,086 WARNING [backend.app.services.bambu_mqtt] [-] [[SERIAL]] Connection stale - no message for 74.5s, forcing reconnect
2026-05-21 13:50:28,086 INFO [backend.app.services.bambu_mqtt] [-] [[SERIAL]] Disconnect callback after stale reconnect (expected), rc=Normal disconnection
2026-05-21 13:50:28,241 INFO [backend.app.services.bambu_mqtt] [-] [[SERIAL]] Request topic subscription accepted. ams_mapping capture enabled for slicer-initiated prints.
2026-05-21 13:51:53,068 WARNING [backend.app.services.bambu_mqtt] [-] [[SERIAL]] Connection stale - no message for 84.8s, forcing reconnect
2026-05-21 13:51:53,068 INFO [backend.app.services.bambu_mqtt] [-] [[SERIAL]] Disconnect callback after stale reconnect (expected), rc=Normal disconnection
2026-05-21 13:51:53,232 INFO [backend.app.services.bambu_mqtt] [-] [[SERIAL]] Request topic subscription accepted. ams_mapping capture enabled for slicer-initiated prints.
2026-05-21 13:52:58,098 WARNING [backend.app.services.bambu_mqtt] [-] [[SERIAL]] Connection stale - no message for 64.9s, forcing reconnect
2026-05-21 13:52:58,098 INFO [backend.app.services.bambu_mqtt] [-] [[SERIAL]] Disconnect callback after stale reconnect (expected), rc=Normal disconnection
2026-05-21 13:52:58,261 INFO [backend.app.services.bambu_mqtt] [-] [[SERIAL]] Request topic subscription accepted. ams_mapping capture enabled for slicer-initiated prints.
2026-05-21 13:54:28,109 WARNING [backend.app.services.bambu_mqtt] [-] [[SERIAL]] Connection stale - no message for 89.8s, forcing reconnect
2026-05-21 13:54:28,110 INFO [backend.app.services.bambu_mqtt] [-] [[SERIAL]] Disconnect callback after stale reconnect (expected), rc=Normal disconnection
2026-05-21 13:54:28,288 INFO [backend.app.services.bambu_mqtt] [-] [[SERIAL]] Request topic subscription accepted. ams_mapping capture enabled for slicer-initiated prints.
2026-05-21 13:55:58,118 WARNING [backend.app.services.bambu_mqtt] [-] [[SERIAL]] Connection stale - no message for 89.8s, forcing reconnect
2026-05-21 13:55:58,118 INFO [backend.app.services.bambu_mqtt] [-] [[SERIAL]] Disconnect callback after stale reconnect (expected), rc=Normal disconnection
2026-05-21 13:55:58,282 INFO [backend.app.services.bambu_mqtt] [-] [[SERIAL]] Request topic subscription accepted. ams_mapping capture enabled for slicer-initiated prints.
2026-05-21 13:57:28,128 WARNING [backend.app.services.bambu_mqtt] [-] [[SERIAL]] Connection stale - no message for 89.8s, forcing reconnect
2026-05-21 13:57:28,129 INFO [backend.app.services.bambu_mqtt] [-] [[SERIAL]] Disconnect callback after stale reconnect (expected), rc=Normal disconnection
2026-05-21 13:57:28,295 INFO [backend.app.services.bambu_mqtt] [-] [[SERIAL]] Request topic subscription accepted. ams_mapping capture enabled for slicer-initiated prints.
2026-05-21 13:58:58,136 WARNING [backend.app.services.bambu_mqtt] [-] [[SERIAL]] Connection stale - no message for 89.8s, forcing reconnect
2026-05-21 13:58:58,137 INFO [backend.app.services.bambu_mqtt] [-] [[SERIAL]] Disconnect callback after stale reconnect (expected), rc=Normal disconnection
2026-05-21 13:58:58,280 INFO [backend.app.services.bambu_mqtt] [-] [[SERIAL]] Request topic subscription accepted. ams_mapping capture enabled for slicer-initiated prints.
2026-05-21 14:00:28,145 WARNING [backend.app.services.bambu_mqtt] [-] [[SERIAL]] Connection stale - no message for 89.9s, forcing reconnect
2026-05-21 14:00:28,146 INFO [backend.app.services.bambu_mqtt] [-] [[SERIAL]] Disconnect callback after stale reconnect (expected), rc=Normal disconnection
2026-05-21 14:00:28,297 INFO [backend.app.services.bambu_mqtt] [-] [[SERIAL]] Request topic subscription accepted. ams_mapping capture enabled for slicer-initiated prints.
2026-05-21 14:01:53,060 WARNING [backend.app.services.bambu_mqtt] [-] [[SERIAL]] Connection stale - no message for 84.8s, forcing reconnect
2026-05-21 14:01:53,060 INFO [backend.app.services.bambu_mqtt] [-] [[SERIAL]] Disconnect callback after stale reconnect (expected), rc=Normal disconnection
2026-05-21 14:01:53,221 INFO [backend.app.services.bambu_mqtt] [-] [[SERIAL]] Request topic subscription accepted. ams_mapping capture enabled for slicer-initiated prints.
2026-05-21 14:02:58,153 WARNING [backend.app.services.bambu_mqtt] [5336a562] [[SERIAL]] Connection stale - no message for 64.9s, forcing reconnect
2026-05-21 14:02:58,154 INFO [backend.app.services.bambu_mqtt] [-] [[SERIAL]] Disconnect callback after stale reconnect (expected), rc=Normal disconnection
2026-05-21 14:02:58,305 INFO [backend.app.services.bambu_mqtt] [-] [[SERIAL]] Request topic subscription accepted. ams_mapping capture enabled for slicer-initiated prints.
2026-05-21 14:04:28,168 WARNING [backend.app.services.bambu_mqtt] [-] [[SERIAL]] Connection stale - no message for 89.9s, forcing reconnect
2026-05-21 14:04:28,168 INFO [backend.app.services.bambu_mqtt] [-] [[SERIAL]] Disconnect callback after stale reconnect (expected), rc=Normal disconnection
2026-05-21 14:04:28,318 INFO [backend.app.services.bambu_mqtt] [-] [[SERIAL]] Request topic subscription accepted. ams_mapping capture enabled for slicer-initiated prints.
2026-05-21 14:05:58,177 WARNING [backend.app.services.bambu_mqtt] [-] [[SERIAL]] Connection stale - no message for 89.9s, forcing reconnect
2026-05-21 14:05:58,178 INFO [backend.app.services.bambu_mqtt] [-] [[SERIAL]] Disconnect callback after stale reconnect (expected), rc=Normal disconnection
2026-05-21 14:05:58,343 INFO [backend.app.services.bambu_mqtt] [-] [[SERIAL]] Request topic subscription accepted. ams_mapping capture enabled for slicer-initiated prints.
2026-05-21 14:06:58,370 WARNING [backend.app.services.bambu_mqtt] [8acd9ea6] [[SERIAL]] Connection stale - no message for 60.0s, forcing reconnect
2026-05-21 14:06:58,370 INFO [backend.app.services.bambu_mqtt] [-] [[SERIAL]] Disconnect callback after stale reconnect (expected), rc=Normal disconnection
2026-05-21 14:06:58,645 INFO [backend.app.services.bambu_mqtt] [-] [[SERIAL]] Request topic subscription accepted. ams_mapping capture enabled for slicer-initiated prints.
2026-05-21 14:08:28,189 WARNING [backend.app.services.bambu_mqtt] [-] [[SERIAL]] Connection stale - no message for 89.5s, forcing reconnect
2026-05-21 14:08:28,189 INFO [backend.app.services.bambu_mqtt] [-] [[SERIAL]] Disconnect callback after stale reconnect (expected), rc=Normal disconnection
2026-05-21 14:08:28,345 INFO [backend.app.services.bambu_mqtt] [-] [[SERIAL]] Request topic subscription accepted. ams_mapping capture enabled for slicer-initiated prints.
2026-05-21 14:08:34,442 INFO [backend.app.api.routes.support] [944811db] Log level changed to DEBUG
2026-05-21 14:08:34,442 INFO [backend.app.api.routes.bug_report] [944811db] Bug report: enabled debug logging
2026-05-21 14:08:34,442 DEBUG [backend.app.services.bambu_mqtt] [944811db] [[SERIAL]] Requesting status update (pushall)
2026-05-21 14:08:34,442 DEBUG [backend.app.services.bambu_mqtt] [944811db] [[SERIAL]] Requesting status update (pushall)
2026-05-21 14:08:34,443 INFO [uvicorn.access] [-] [IP]:42694 - "POST /api/v1/bug-report/start-logging HTTP/1.1" 200
2026-05-21 14:08:35,506 DEBUG [backend.app.services.bambu_mqtt] [-] [[SERIAL]] Received gcode_state: IDLE, gcode_file: , subtask_name: 
2026-05-21 14:08:35,506 DEBUG [backend.app.services.bambu_mqtt] [-] [[SERIAL]] AMS dict fields: {'ams_exist_bits': '0', 'tray_exist_bits': '0', 'tray_is_bbl_bits': '0', 'tray_tar': '255', 'tray_now': '255', 'tray_pre': '255', 'tray_read_done_bits': '0', 'tray_reading_bits': '0', 'version': 1, 'insert_flag': True, 'power_on_flag': True}
2026-05-21 14:08:35,506 DEBUG [backend.app.services.bambu_mqtt] [-] [[SERIAL]] tray_now updated: 255
2026-05-21 14:08:35,506 DEBUG [backend.app.services.bambu_mqtt] [-] [[SERIAL]] Merged AMS data: 0 new units, 0 total
2026-05-21 14:08:35,506 DEBUG [backend.app.services.bambu_mqtt] [-] [[SERIAL]] ams_status: 0 (main=0, sub=0)
2026-05-21 14:08:35,506 DEBUG [backend.app.services.bambu_mqtt] [-] [[SERIAL]] Received command response: push_status
2026-05-21 14:08:35,506 DEBUG [backend.app.services.bambu_mqtt] [-] [[SERIAL]] chamber_temper raw value: 5.0
2026-05-21 14:08:35,506 DEBUG [backend.app.services.bambu_mqtt] [-] [[SERIAL]] chamber_temper direct value: 5.0°C (heater OFF)
2026-05-21 14:08:35,507 DEBUG [backend.app.services.bambu_mqtt] [-] [[SERIAL]] Chamber heating calculated: target=0.0, current=5.0, heating=False, respect_local=False
2026-05-21 14:08:35,507 DEBUG [backend.app.services.bambu_mqtt] [-] [[SERIAL]] Chamber temp updated to: 5.0, target: 0.0, heating: False
2026-05-21 14:08:35,507 DEBUG [backend.app.services.bambu_mqtt] [-] [[SERIAL]] HMS data received: []
2026-05-21 14:08:35,507 DEBUG [backend.app.services.bambu_mqtt] [-] [[SERIAL]] ipcam field: {'ipcam_dev': '1', 'ipcam_record': 'enable', 'timelapse': 'disable', 'resolution': '', 'tutk_server': 'disable', 'mode_bits': 3}
2026-05-21 14:08:35,507 DEBUG [backend.app.services.bambu_mqtt] [-] [[SERIAL]] wifi_signal received: -56dBm
2026-05-21 14:08:35,507 DEBUG [backend.app.services.bambu_mqtt] [-] [[SERIAL]] lights_report: [{'node': 'chamber_light', 'mode': 'off'}]
2026-05-21 14:08:35,507 DEBUG [backend.app.services.bambu_mqtt] [-] [[SERIAL]] gcode_state: IDLE -> IDLE, file: , subtask: 
2026-05-21 14:08:37,454 DEBUG [backend.app.services.bambu_mqtt] [-] [[SERIAL]] Received command response: push_status
2026-05-21 14:08:37,454 DEBUG [backend.app.services.bambu_mqtt] [-] [[SERIAL]] wifi_signal received: -66dBm
2026-05-21 14:08:39,462 DEBUG [backend.app.services.bambu_mqtt] [-] [[SERIAL]] Received command response: push_status
2026-05-21 14:08:39,462 DEBUG [backend.app.services.bambu_mqtt] [-] [[SERIAL]] wifi_signal received: -64dBm
2026-05-21 14:08:41,469 DEBUG [backend.app.services.bambu_mqtt] [-] [[SERIAL]] Received command response: push_status
2026-05-21 14:08:41,469 DEBUG [backend.app.services.bambu_mqtt] [-] [[SERIAL]] wifi_signal received: -62dBm
2026-05-21 14:08:45,476 DEBUG [backend.app.services.bambu_mqtt] [-] [[SERIAL]] Received command response: push_status
2026-05-21 14:08:45,476 DEBUG [backend.app.services.bambu_mqtt] [-] [[SERIAL]] wifi_signal received: -59dBm
2026-05-21 14:08:47,485 DEBUG [backend.app.services.bambu_mqtt] [-] [[SERIAL]] Received command response: push_status
2026-05-21 14:08:47,485 DEBUG [backend.app.services.bambu_mqtt] [-] [[SERIAL]] wifi_signal received: -53dBm
2026-05-21 14:08:49,493 DEBUG [backend.app.services.bambu_mqtt] [-] [[SERIAL]] Received command response: push_status
2026-05-21 14:08:49,493 DEBUG [backend.app.services.bambu_mqtt] [-] [[SERIAL]] wifi_signal received: -56dBm
2026-05-21 14:08:53,502 DEBUG [backend.app.services.bambu_mqtt] [-] [[SERIAL]] Received command response: push_status
2026-05-21 14:08:53,502 DEBUG [backend.app.services.bambu_mqtt] [-] [[SERIAL]] wifi_signal received: -55dBm
2026-05-21 14:08:55,509 DEBUG [backend.app.services.bambu_mqtt] [-] [[SERIAL]] Received command response: push_status
2026-05-21 14:08:55,509 DEBUG [backend.app.services.bambu_mqtt] [-] [[SERIAL]] wifi_signal received: -56dBm
2026-05-21 14:08:57,517 DEBUG [backend.app.services.bambu_mqtt] [-] [[SERIAL]] Received command response: push_status
2026-05-21 14:08:57,517 DEBUG [backend.app.services.bambu_mqtt] [-] [[SERIAL]] wifi_signal received: -59dBm
2026-05-21 14:08:59,529 DEBUG [backend.app.services.bambu_mqtt] [-] [[SERIAL]] Received command response: push_status
2026-05-21 14:08:59,529 DEBUG [backend.app.services.bambu_mqtt] [-] [[SERIAL]] wifi_signal received: -57dBm
2026-05-21 14:09:07,543 DEBUG [backend.app.services.bambu_mqtt] [-] [[SERIAL]] Received command response: push_status
2026-05-21 14:09:07,543 DEBUG [backend.app.services.bambu_mqtt] [-] [[SERIAL]] wifi_signal received: -61dBm
2026-05-21 14:09:11,551 DEBUG [backend.app.services.bambu_mqtt] [-] [[SERIAL]] Received command response: push_status
2026-05-21 14:09:13,558 DEBUG [backend.app.services.bambu_mqtt] [-] [[SERIAL]] Received command response: push_status
2026-05-21 14:09:13,558 DEBUG [backend.app.services.bambu_mqtt] [-] [[SERIAL]] wifi_signal received: -60dBm
2026-05-21 14:09:15,566 DEBUG [backend.app.services.bambu_mqtt] [-] [[SERIAL]] Received command response: push_status
2026-05-21 14:09:15,566 DEBUG [backend.app.services.bambu_mqtt] [-] [[SERIAL]] wifi_signal received: -59dBm
2026-05-21 14:09:19,574 DEBUG [backend.app.services.bambu_mqtt] [-] [[SERIAL]] Received command response: push_status
2026-05-21 14:09:19,575 DEBUG [backend.app.services.bambu_mqtt] [-] [[SERIAL]] wifi_signal received: -58dBm
2026-05-21 14:09:27,596 DEBUG [backend.app.services.bambu_mqtt] [-] [[SERIAL]] Received command response: push_status
2026-05-21 14:09:27,596 DEBUG [backend.app.services.bambu_mqtt] [-] [[SERIAL]] wifi_signal received: -57dBm
2026-05-21 14:09:29,603 DEBUG [backend.app.services.bambu_mqtt] [-] [[SERIAL]] Received command response: push_status
2026-05-21 14:09:29,603 DEBUG [backend.app.services.bambu_mqtt] [-] [[SERIAL]] wifi_signal received: -58dBm
2026-05-21 14:09:33,613 DEBUG [backend.app.services.bambu_mqtt] [-] [[SERIAL]] Received command response: push_status
2026-05-21 14:09:33,614 DEBUG [backend.app.services.bambu_mqtt] [-] [[SERIAL]] wifi_signal received: -61dBm
2026-05-21 14:09:35,624 DEBUG [backend.app.services.bambu_mqtt] [-] [[SERIAL]] Received command response: push_status
2026-05-21 14:09:35,624 DEBUG [backend.app.services.bambu_mqtt] [-] [[SERIAL]] wifi_signal received: -62dBm
2026-05-21 14:09:37,631 DEBUG [backend.app.services.bambu_mqtt] [-] [[SERIAL]] Received command response: push_status
2026-05-21 14:09:37,632 DEBUG [backend.app.services.bambu_mqtt] [-] [[SERIAL]] wifi_signal received: -59dBm
2026-05-21 14:09:41,639 DEBUG [backend.app.services.bambu_mqtt] [-] [[SERIAL]] Received command response: push_status
2026-05-21 14:09:41,639 DEBUG [backend.app.services.bambu_mqtt] [-] [[SERIAL]] wifi_signal received: -60dBm
2026-05-21 14:09:43,647 DEBUG [backend.app.services.bambu_mqtt] [-] [[SERIAL]] Received command response: push_status
2026-05-21 14:09:43,647 DEBUG [backend.app.services.bambu_mqtt] [-] [[SERIAL]] wifi_signal received: -59dBm
2026-05-21 14:09:47,657 DEBUG [backend.app.services.bambu_mqtt] [-] [[SERIAL]] Received command response: push_status
2026-05-21 14:09:49,662 DEBUG [backend.app.services.bambu_mqtt] [-] [[SERIAL]] Received command response: push_status
2026-05-21 14:09:49,662 DEBUG [backend.app.services.bambu_mqtt] [-] [[SERIAL]] wifi_signal received: -58dBm
2026-05-21 14:09:51,671 DEBUG [backend.app.services.bambu_mqtt] [-] [[SERIAL]] Received command response: push_status
2026-05-21 14:09:51,671 DEBUG [backend.app.services.bambu_mqtt] [-] [[SERIAL]] wifi_signal received: -57dBm
2026-05-21 14:09:55,677 DEBUG [backend.app.services.bambu_mqtt] [-] [[SERIAL]] Received command response: push_status
2026-05-21 14:09:55,678 DEBUG [backend.app.services.bambu_mqtt] [-] [[SERIAL]] wifi_signal received: -59dBm
2026-05-21 14:09:55,781 WARNING [backend.app.services.bambu_mqtt] [8efdf458] [[SERIAL]] Connection stale - no message for 81.3s, forcing reconnect
2026-05-21 14:09:55,782 INFO [backend.app.services.bambu_mqtt] [-] [[SERIAL]] Disconnect callback after stale reconnect (expected), rc=Normal disconnection
2026-05-21 14:09:55,898 DEBUG [backend.app.services.bambu_mqtt] [-] [[SERIAL]] Requesting firmware version info
2026-05-21 14:09:55,899 DEBUG [backend.app.services.bambu_mqtt] [-] [[SERIAL]] Sending K-profile priming request
2026-05-21 14:09:55,940 DEBUG [backend.app.api.routes.printers] [8da604be] API returning ams_mapping: [], ams_extruder_map: {}
2026-05-21 14:09:55,940 DEBUG [backend.app.api.routes.printers] [8da604be] Using tray_now directly as global ID: 255
2026-05-21 14:09:55,952 INFO [backend.app.services.bambu_mqtt] [-] [[SERIAL]] Request topic subscription accepted. ams_mapping capture enabled for slicer-initiated prints.
2026-05-21 14:09:56,028 DEBUG [backend.app.api.routes.printers] [4a0bbf88] API returning ams_mapping: [], ams_extruder_map: {}
2026-05-21 14:09:56,029 DEBUG [backend.app.api.routes.printers] [4a0bbf88] Using tray_now directly as global ID: 255
2026-05-21 14:09:56,148 INFO [backend.app.api.routes.cloud] [734927b9] get_filament_info called with 1 IDs: ['P30aae37']
2026-05-21 14:09:56,303 WARNING [backend.app.api.routes.cloud] [734927b9] Failed to get cloud preset P30aae37 (API ID: P30aae37): Failed to get setting detail: 400
2026-05-21 14:09:56,306 INFO [uvicorn.access] [-] [IP]:53476 - "POST /api/v1/cloud/filament-info HTTP/1.1" 200
2026-05-21 14:09:59,690 DEBUG [backend.app.services.bambu_mqtt] [-] [[SERIAL]] Received command response: push_status
2026-05-21 14:09:59,690 DEBUG [backend.app.services.bambu_mqtt] [-] [[SERIAL]] wifi_signal received: -58dBm
2026-05-21 14:10:00,968 DEBUG [backend.app.services.bambu_mqtt] [54ef5a8d] [[SERIAL]] Requesting status update (pushall)
2026-05-21 14:10:00,969 INFO [uvicorn.access] [-] [IP]:57550 - "POST /api/v1/printers/2/refresh-status HTTP/1.1" 200
2026-05-21 14:10:00,988 DEBUG [backend.app.api.routes.printers] [1206a505] API returning ams_mapping: [], ams_extruder_map: {}
2026-05-21 14:10:00,988 DEBUG [backend.app.api.routes.printers] [1206a505] Using tray_now directly as global ID: 255
2026-05-21 14:10:03,699 DEBUG [backend.app.services.bambu_mqtt] [-] [[SERIAL]] Received command response: push_status
2026-05-21 14:10:03,699 DEBUG [backend.app.services.bambu_mqtt] [-] [[SERIAL]] wifi_signal received: -59dBm
2026-05-21 14:10:05,706 DEBUG [backend.app.services.bambu_mqtt] [-] [[SERIAL]] Received command response: push_status
2026-05-21 14:10:05,706 DEBUG [backend.app.services.bambu_mqtt] [-] [[SERIAL]] wifi_signal received: -61dBm